4.4881 	INFO 	Loaded monitor calibration from ['2023_03_20 18:26']
6.1411 	WARNING 	Couldn't measure a consistent frame rate!
  - Is your graphics card set to sync to vertical blank?
  - Are you running other processes on your computer?

6.1415 	EXP 	Created window1 = Window(allowGUI=False, allowStencil=False, autoLog=True, backendConf=UNKNOWN, backgroundFit=<method-wrapper '__getattribute__' of attributeSetter object at 0x7f7c10c290a0>, backgroundImage=<method-wrapper '__getattribute__' of attributeSetter object at 0x7f7c10c29040>, bitsMode=UNKNOWN, blendMode='avg', bpc=(8, 8, 8), color=array([0, 0, 0]), colorSpace='rgb', depthBits=8, fullscr=<method-wrapper '__getattribute__' of attributeSetter object at 0x7f7c411d9e80>, gamma=None, gammaErrorPolicy='raise', lms=UNKNOWN, monitor=<psychopy.monitors.calibTools.Monitor object at 0x7f7c512241c0>, multiSample=False, name='window1', numSamples=2, pos=[0.0, 0.0], screen=1, size=array([1920, 1080]), stencilBits=0, stereo=False, title='PsychoPy', units='height', useFBO=True, useRetina=False, viewOri=0.0, viewPos=None, viewScale=None, waitBlanking=True, winType='pyglet')
6.1417 	EXP 	window1: mouseVisible = True
6.1417 	EXP 	window1: backgroundImage = None
6.1417 	EXP 	window1: backgroundFit = 'contain'
8.7667 	INFO 	keyboard.Keyboard is using ptb backend.
8.7673 	EXP 	window1: mouseVisible = True
8.8221 	EXP 	Created unnamed TextStim = TextStim(__class__=<class 'psychopy.visual.text.TextStim'>, alignHoriz=method-wrapper(...), alignText='center', alignVert=method-wrapper(...), anchorHoriz='center', anchorVert='center', antialias=True, autoDraw=False, autoLog=True, bold=False, color=array([1., 1., 1.]), colorSpace='rgb', contrast=1.0, depth=0, draggable=False, flipHoriz=False, flipVert=False, font='', fontFiles=[], height=0.2, italic=False, languageStyle='LTR', name='unnamed TextStim', opacity=1.0, ori=0.0, pos=array([0., 0.]), rgb=UNKNOWN, text='Waiting for the scanner triggers ...', units='height', win=Window(...), wrapWidth=1)
8.8227 	EXP 	window1: mouseVisible = True
8.8361 	EXP 	Created unnamed TextStim = TextStim(__class__=<class 'psychopy.visual.text.TextStim'>, alignHoriz=method-wrapper(...), alignText='center', alignVert=method-wrapper(...), anchorHoriz='center', anchorVert='center', antialias=True, autoDraw=False, autoLog=True, bold=False, color=array([1., 1., 1.]), colorSpace='rgb', contrast=1.0, depth=0, draggable=False, flipHoriz=False, flipVert=False, font='', fontFiles=[], height=0.2, italic=False, languageStyle='LTR', name='unnamed TextStim', opacity=1.0, ori=0.0, pos=array([0., 0.]), rgb=UNKNOWN, text='End of the block. \n (Please do not move!)', units='height', win=Window(...), wrapWidth=1)
8.8363 	EXP 	window1: mouseVisible = True
8.8457 	EXP 	Created unnamed TextStim = TextStim(__class__=<class 'psychopy.visual.text.TextStim'>, alignHoriz=method-wrapper(...), alignText='center', alignVert=method-wrapper(...), anchorHoriz='center', anchorVert='center', antialias=True, autoDraw=False, autoLog=True, bold=False, color=array([1., 1., 1.]), colorSpace='rgb', contrast=1.0, depth=0, draggable=False, flipHoriz=False, flipVert=False, font='', fontFiles=[], height=0.2, italic=False, languageStyle='LTR', name='unnamed TextStim', opacity=1.0, ori=0.0, pos=array([0., 0.]), rgb=UNKNOWN, text=str(...), units='height', win=Window(...), wrapWidth=1)
8.8460 	EXP 	window1: mouseVisible = True
8.8513 	EXP 	Created unnamed TextStim = TextStim(__class__=<class 'psychopy.visual.text.TextStim'>, alignHoriz=method-wrapper(...), alignText='center', alignVert=method-wrapper(...), anchorHoriz='center', anchorVert='center', antialias=True, autoDraw=False, autoLog=True, bold=False, color=array([1., 1., 1.]), colorSpace='rgb', contrast=1.0, depth=0, draggable=False, flipHoriz=False, flipVert=False, font='', fontFiles=[], height=0.2, italic=False, languageStyle='LTR', name='unnamed TextStim', opacity=1.0, ori=0.0, pos=array([0., 0.]), rgb=UNKNOWN, text='End of the Experiment!', units='height', win=Window(...), wrapWidth=1)
8.8517 	EXP 	window1: mouseVisible = True
9.0162 	EXP 	Created bg = ImageStim(__class__=<class 'psychopy.visual.image.ImageStim'>, anchor=('center', 'center'), autoLog=True, color=array([1., 1., 1.]), colorSpace='rgb', contrast=1.0, depth=0, draggable=False, flipHoriz=False, flipVert=False, image='./images_fMRI/grey_bg.png', interpolate=True, mask=None, maskParams=None, name='bg', opacity=1.0, ori=0.0, pos=array([0., 0.]), size=array([2., 1.]), texRes=128, units='height', win=Window(...))
9.0164 	EXP 	window1: mouseVisible = True
9.1474 	EXP 	Created ref_white = ImageStim(__class__=<class 'psychopy.visual.image.ImageStim'>, anchor=('center', 'center'), autoLog=True, color=array([1., 1., 1.]), colorSpace='rgb', contrast=1.0, depth=0, draggable=False, flipHoriz=False, flipVert=False, image='./images_fMRI/Ref_white.png', interpolate=True, mask=None, maskParams=None, name='ref_white', opacity=1.0, ori=0.0, pos=array([0., 0.]), size=array([1.43333333, 0.88148148]), texRes=128, units='height', win=Window(...))
9.1476 	EXP 	window1: mouseVisible = True
9.2742 	EXP 	Created ref_yellow = ImageStim(__class__=<class 'psychopy.visual.image.ImageStim'>, anchor=('center', 'center'), autoLog=True, color=array([1., 1., 1.]), colorSpace='rgb', contrast=1.0, depth=0, draggable=False, flipHoriz=False, flipVert=False, image='./images_fMRI/Ref_yellow.png', interpolate=True, mask=None, maskParams=None, name='ref_yellow', opacity=1.0, ori=0.0, pos=array([0., 0.]), size=array([1.43333333, 0.88148148]), texRes=128, units='height', win=Window(...))
9.2743 	EXP 	window1: mouseVisible = True
9.4019 	EXP 	Created cw_white = ImageStim(__class__=<class 'psychopy.visual.image.ImageStim'>, anchor=('center', 'center'), autoLog=True, color=array([1., 1., 1.]), colorSpace='rgb', contrast=1.0, depth=0, draggable=False, flipHoriz=False, flipVert=False, image=str(...), interpolate=True, mask=None, maskParams=None, name='cw_white', opacity=1.0, ori=0.0, pos=array([0., 0.]), size=array([1.43333333, 0.88148148]), texRes=128, units='height', win=Window(...))
9.4021 	EXP 	window1: mouseVisible = True
9.5278 	EXP 	Created cw_yellow = ImageStim(__class__=<class 'psychopy.visual.image.ImageStim'>, anchor=('center', 'center'), autoLog=True, color=array([1., 1., 1.]), colorSpace='rgb', contrast=1.0, depth=0, draggable=False, flipHoriz=False, flipVert=False, image=str(...), interpolate=True, mask=None, maskParams=None, name='cw_yellow', opacity=1.0, ori=0.0, pos=array([0., 0.]), size=array([1.43333333, 0.88148148]), texRes=128, units='height', win=Window(...))
9.5280 	EXP 	window1: mouseVisible = True
9.6570 	EXP 	Created ccw_white = ImageStim(__class__=<class 'psychopy.visual.image.ImageStim'>, anchor=('center', 'center'), autoLog=True, color=array([1., 1., 1.]), colorSpace='rgb', contrast=1.0, depth=0, draggable=False, flipHoriz=False, flipVert=False, image=str(...), interpolate=True, mask=None, maskParams=None, name='ccw_white', opacity=1.0, ori=0.0, pos=array([0., 0.]), size=array([1.43333333, 0.88148148]), texRes=128, units='height', win=Window(...))
9.6571 	EXP 	window1: mouseVisible = True
9.7807 	EXP 	Created ccw_yellow = ImageStim(__class__=<class 'psychopy.visual.image.ImageStim'>, anchor=('center', 'center'), autoLog=True, color=array([1., 1., 1.]), colorSpace='rgb', contrast=1.0, depth=0, draggable=False, flipHoriz=False, flipVert=False, image=str(...), interpolate=True, mask=None, maskParams=None, name='ccw_yellow', opacity=1.0, ori=0.0, pos=array([0., 0.]), size=array([1.43333333, 0.88148148]), texRes=128, units='height', win=Window(...))
9.7809 	EXP 	window1: mouseVisible = True
9.9047 	EXP 	Created v_white = ImageStim(__class__=<class 'psychopy.visual.image.ImageStim'>, anchor=('center', 'center'), autoLog=True, color=array([1., 1., 1.]), colorSpace='rgb', contrast=1.0, depth=0, draggable=False, flipHoriz=False, flipVert=False, image=str(...), interpolate=True, mask=None, maskParams=None, name='v_white', opacity=1.0, ori=0.0, pos=array([0., 0.]), size=array([1.43333333, 0.88148148]), texRes=128, units='height', win=Window(...))
9.9049 	EXP 	window1: mouseVisible = True
10.0268 	EXP 	Created v_yellow = ImageStim(__class__=<class 'psychopy.visual.image.ImageStim'>, anchor=('center', 'center'), autoLog=True, color=array([1., 1., 1.]), colorSpace='rgb', contrast=1.0, depth=0, draggable=False, flipHoriz=False, flipVert=False, image=str(...), interpolate=True, mask=None, maskParams=None, name='v_yellow', opacity=1.0, ori=0.0, pos=array([0., 0.]), size=array([1.43333333, 0.88148148]), texRes=128, units='height', win=Window(...))
10.0268 	INFO 	The block order is ['C', 'M', 'M', 'C', 'M', 'C', 'C', 'C', 'M', 'C', 'M', 'C', 'M', 'M', 'C', 'M', 'C', 'M']
10.0268 	INFO 	The elips tilt degree is 1.5
10.0475 	WARNING 	t of last frame was 3906.54ms (=1/0)
10.0475 	EXP 	unnamed TextStim: height = 0.05
10.0475 	EXP 	unnamed TextStim: height = 0.05
10.0475 	EXP 	unnamed TextStim: height = 0.05
10.0475 	EXP 	unnamed TextStim: height = 0.05
10.0475 	EXP 	unnamed TextStim: height = 0.05
10.0475 	EXP 	unnamed TextStim: height = 0.05
10.0475 	EXP 	unnamed TextStim: height = 0.05
10.0475 	EXP 	unnamed TextStim: text = 'Whenever you are ready\n press a button to start. '
11.3840 	DATA 	Keypress: b
11.8653 	WARNING 	t of last frame was 508.84ms (=1/1)
11.8653 	EXP 	unnamed TextStim: height = 0.05
11.8653 	EXP 	unnamed TextStim: height = 0.05
11.8653 	EXP 	unnamed TextStim: height = 0.05
11.8653 	EXP 	unnamed TextStim: text = 'Waiting for the scanner triggers ...'
11.8655 	EXP 	window1: mouseVisible = False
44.2560 	DATA 	Keypress: lshift
44.2583 	DATA 	Keypress: t
44.2600 	INFO 	Trigger 1 time: 38.11114854799962
46.2593 	DATA 	Keypress: lshift
46.2621 	DATA 	Keypress: t
46.2633 	INFO 	Trigger 2 time: 40.11439955199967
48.2560 	DATA 	Keypress: lshift
48.2578 	DATA 	Keypress: t
48.2584 	INFO 	Trigger 3 time: 42.10957680499996
50.2566 	DATA 	Keypress: lshift
50.2589 	DATA 	Keypress: t
50.2596 	INFO 	Trigger 4 time: 44.11077997200118
52.2557 	DATA 	Keypress: lshift
52.2577 	DATA 	Keypress: t
52.2583 	INFO 	Trigger 5 time: 46.109407289000956
52.2584 	INFO 	Start of the control block 1 at 46.10956350000197
52.2762 	WARNING 	t of last frame was 40410.91ms (=1/0)
54.2554 	DATA 	Keypress: lshift
54.2570 	DATA 	Keypress: t
54.2773 	INFO 	Trial c_std_ccw at 48.1284620410006
54.2836 	WARNING 	t of last frame was 2007.44ms (=1/0)
55.2874 	WARNING 	Multiple dropped frames have occurred - I'll stop bothering you about them!
56.2737 	INFO 	Trial c_std_cw at 50.124888587000896
56.2750 	DATA 	Keypress: lshift
56.2765 	DATA 	Keypress: t
58.3039 	INFO 	Trial c_dev_ccw at 52.155031510999834
58.3054 	DATA 	Keypress: lshift
58.3071 	DATA 	Keypress: t
58.8327 	INFO 	Key b was pressed with a reaction time of 0.5170491809985833 seconds!
59.3197 	DATA 	Keypress: b
60.2856 	INFO 	Trial c_std_cw at 54.13678885400077
60.2871 	DATA 	Keypress: lshift
60.2885 	DATA 	Keypress: t
62.3542 	INFO 	Trial c_std_ccw at 56.205335773000115
62.3570 	DATA 	Keypress: lshift
62.3587 	DATA 	Keypress: t
64.3652 	INFO 	Trial c_std_cw at 58.21630593000009
64.3680 	DATA 	Keypress: lshift
64.3694 	DATA 	Keypress: t
66.3951 	INFO 	Trial c_std_cw at 60.24623057700228
66.3982 	DATA 	Keypress: lshift
66.3997 	DATA 	Keypress: t
68.3656 	INFO 	Trial c_dev_v at 62.216760343002534
68.3687 	DATA 	Keypress: lshift
68.3701 	DATA 	Keypress: t
68.8127 	INFO 	Key b was pressed with a reaction time of 0.4344561670004623 seconds!
69.3806 	DATA 	Keypress: b
70.3882 	INFO 	Trial c_std_cw at 64.23939997100024
70.3916 	DATA 	Keypress: lshift
70.3944 	DATA 	Keypress: t
72.4306 	INFO 	Trial c_std_v at 66.28176157000053
72.4320 	DATA 	Keypress: lshift
72.4333 	DATA 	Keypress: t
74.4421 	INFO 	Trial c_std_ccw at 68.29323322699929
74.4453 	DATA 	Keypress: lshift
74.4468 	DATA 	Keypress: t
76.4627 	INFO 	Trial c_std_v at 70.31386439600101
76.4659 	DATA 	Keypress: lshift
76.4675 	DATA 	Keypress: t
78.4938 	INFO 	Trial c_dev_v at 72.3449317880004
78.4970 	DATA 	Keypress: lshift
78.4986 	DATA 	Keypress: t
78.9837 	INFO 	Key b was pressed with a reaction time of 0.479344505998597 seconds!
79.5067 	DATA 	Keypress: b
80.4844 	INFO 	Trial c_std_v at 74.33550837499934
80.4859 	DATA 	Keypress: lshift
80.4883 	DATA 	Keypress: t
82.4378 	INFO 	Trial c_std_ccw at 76.28896524599986
82.4392 	DATA 	Keypress: lshift
82.4405 	DATA 	Keypress: t
84.4274 	INFO 	Trial c_dev_cw at 78.27859828900182
84.4306 	DATA 	Keypress: lshift
84.4321 	DATA 	Keypress: t
84.9638 	INFO 	Key b was pressed with a reaction time of 0.5250757079993491 seconds!
85.4411 	DATA 	Keypress: b
86.4787 	INFO 	Trial c_std_ccw at 80.3298321000002
86.4804 	DATA 	Keypress: lshift
86.4815 	DATA 	Keypress: t
88.4771 	INFO 	Trial c_std_v at 82.32830023299903
88.4802 	DATA 	Keypress: lshift
88.4818 	DATA 	Keypress: t
90.4688 	INFO 	End of the control block 1 at 84.31992934500158
90.4788 	DATA 	Keypress: lshift
90.4802 	DATA 	Keypress: t
90.4842 	EXP 	unnamed TextStim: height = 0.05
90.4842 	EXP 	unnamed TextStim: height = 0.05
90.4842 	EXP 	unnamed TextStim: height = 0.05
90.4842 	EXP 	unnamed TextStim: text = 'End of the block. \n (Please do not move!)'
92.2667 	DATA 	Keypress: lshift
92.2680 	DATA 	Keypress: t
94.2654 	DATA 	Keypress: lshift
94.2669 	DATA 	Keypress: t
96.2656 	DATA 	Keypress: lshift
96.2672 	DATA 	Keypress: t
98.2624 	DATA 	Keypress: lshift
98.2637 	DATA 	Keypress: t
100.2609 	DATA 	Keypress: lshift
100.2622 	DATA 	Keypress: t
100.4844 	INFO 	Start of the main block 2 at 94.33556946200042
102.2587 	DATA 	Keypress: lshift
102.2601 	DATA 	Keypress: t
102.4919 	INFO 	Trial m_std_cw at 96.34306541499973
104.5386 	INFO 	Trial m_std_ccw at 98.38974960700216
104.5401 	DATA 	Keypress: lshift
104.5417 	DATA 	Keypress: t
106.4676 	INFO 	Trial m_std_ccw at 100.31875630700233
107.4742 	DATA 	Keypress: lshift
107.4756 	DATA 	Keypress: t
108.5431 	INFO 	Trial m_dev at 102.3942747450019
108.5462 	DATA 	Keypress: lshift
108.5484 	DATA 	Keypress: t
109.2888 	INFO 	Key b was pressed with a reaction time of 0.7343712709989632 seconds!
109.5584 	DATA 	Keypress: b
110.5044 	INFO 	Trial m_std_ccw at 104.35553525100113
110.5061 	DATA 	Keypress: lshift
110.5075 	DATA 	Keypress: t
112.4439 	INFO 	Trial m_std_ccw at 106.29497171500043
113.4532 	DATA 	Keypress: lshift
113.4546 	DATA 	Keypress: t
114.3607 	INFO 	Trial m_std_ccw at 108.21188599400193
114.3622 	DATA 	Keypress: lshift
114.3635 	DATA 	Keypress: t
116.4191 	INFO 	Trial m_std_cw at 110.27026944799945
117.4283 	DATA 	Keypress: lshift
117.4296 	DATA 	Keypress: t
118.4973 	INFO 	Trial m_std_ccw at 112.34841832500024
118.5007 	DATA 	Keypress: lshift
118.5021 	DATA 	Keypress: t
120.4282 	INFO 	Trial m_dev at 114.27935157600223
120.4311 	DATA 	Keypress: lshift
120.4325 	DATA 	Keypress: t
121.0057 	INFO 	Key b was pressed with a reaction time of 0.5667246240009263 seconds!
121.4416 	DATA 	Keypress: b
122.4890 	INFO 	Trial m_std_cw at 116.34012794299997
122.4920 	DATA 	Keypress: lshift
122.4953 	DATA 	Keypress: t
124.5818 	INFO 	Trial m_std_cw at 118.4329862049999
124.5832 	DATA 	Keypress: lshift
124.5845 	DATA 	Keypress: t
126.5205 	INFO 	Trial m_dev at 120.37164123299954
126.5219 	DATA 	Keypress: lshift
126.5232 	DATA 	Keypress: t
128.4804 	INFO 	Trial m_std_cw at 122.33159692300251
128.4820 	DATA 	Keypress: lshift
128.4834 	DATA 	Keypress: t
130.4397 	INFO 	Trial m_std_ccw at 124.29089826999916
130.4412 	DATA 	Keypress: lshift
130.4427 	DATA 	Keypress: t
132.4993 	INFO 	Trial m_dev at 126.3504377720019
132.5023 	DATA 	Keypress: lshift
132.5038 	DATA 	Keypress: t
133.1658 	INFO 	Key b was pressed with a reaction time of 0.655989810002211 seconds!
133.5121 	DATA 	Keypress: b
134.4698 	INFO 	Trial m_std_cw at 128.32093580500077
134.4716 	DATA 	Keypress: lshift
134.4729 	DATA 	Keypress: t
136.5589 	INFO 	Trial m_std_cw at 130.4100883179999
137.5687 	DATA 	Keypress: lshift
137.5701 	DATA 	Keypress: t
138.6577 	INFO 	End of the main block 2 at 132.5088427280025
138.6620 	DATA 	Keypress: lshift
138.6634 	DATA 	Keypress: t
140.2708 	DATA 	Keypress: lshift
140.2727 	DATA 	Keypress: t
142.2687 	DATA 	Keypress: lshift
142.2706 	DATA 	Keypress: t
144.2676 	DATA 	Keypress: lshift
144.2692 	DATA 	Keypress: t
146.2603 	DATA 	Keypress: lshift
146.2617 	DATA 	Keypress: t
148.2609 	DATA 	Keypress: lshift
148.2621 	DATA 	Keypress: t
148.6681 	INFO 	Start of the main block 3 at 142.51925451200077
150.2624 	DATA 	Keypress: lshift
150.2637 	DATA 	Keypress: t
150.6751 	INFO 	Trial m_std_ccw at 144.52620351600126
152.6117 	INFO 	Trial m_std_cw at 146.46283742300147
152.6129 	DATA 	Keypress: lshift
152.6143 	DATA 	Keypress: t
154.5910 	INFO 	Trial m_std_ccw at 148.44211161299972
154.5923 	DATA 	Keypress: lshift
154.5935 	DATA 	Keypress: t
156.5997 	INFO 	Trial m_dev at 150.4508109189992
157.4457 	INFO 	Key b was pressed with a reaction time of 0.8387948800009326 seconds!
157.6081 	DATA 	Keypress: lshift
157.6094 	DATA 	Keypress: t
157.6113 	DATA 	Keypress: b
158.5469 	INFO 	Trial m_std_ccw at 152.39809207399958
158.5486 	DATA 	Keypress: lshift
158.5502 	DATA 	Keypress: t
160.6163 	INFO 	Trial m_std_cw at 154.4674746870005
161.6234 	DATA 	Keypress: lshift
161.6263 	DATA 	Keypress: t
162.6926 	INFO 	Trial m_std_cw at 156.54367926600025
162.6959 	DATA 	Keypress: lshift
162.6975 	DATA 	Keypress: t
164.7337 	INFO 	Trial m_std_ccw at 158.58484024100107
164.7368 	DATA 	Keypress: lshift
164.7381 	DATA 	Keypress: t
166.8445 	INFO 	Trial m_dev at 160.69566317000135
166.8475 	DATA 	Keypress: lshift
166.8505 	DATA 	Keypress: t
167.4597 	INFO 	Key b was pressed with a reaction time of 0.6027803270008008 seconds!
167.8613 	DATA 	Keypress: b
168.7870 	INFO 	Trial m_std_cw at 162.63811591400008
168.7889 	DATA 	Keypress: lshift
168.7904 	DATA 	Keypress: t
170.8885 	INFO 	Trial m_std_ccw at 164.73965714800215
170.8915 	DATA 	Keypress: lshift
170.8930 	DATA 	Keypress: t
172.7996 	INFO 	Trial m_dev at 166.65078153099967
172.8025 	DATA 	Keypress: lshift
172.8039 	DATA 	Keypress: t
173.5918 	INFO 	Key b was pressed with a reaction time of 0.7819652420002967 seconds!
173.8120 	DATA 	Keypress: b
174.8799 	INFO 	Trial m_std_cw at 168.73101082799985
174.8817 	DATA 	Keypress: lshift
174.8833 	DATA 	Keypress: t
176.7889 	INFO 	Trial m_std_cw at 170.64009518500097
176.7931 	DATA 	Keypress: lshift
176.7948 	DATA 	Keypress: t
178.8706 	INFO 	Trial m_std_cw at 172.7218011900004
178.8718 	DATA 	Keypress: lshift
178.8731 	DATA 	Keypress: t
180.7897 	INFO 	Trial m_dev at 174.64084546600134
180.7935 	DATA 	Keypress: lshift
180.7949 	DATA 	Keypress: t
182.9009 	INFO 	Trial m_std_ccw at 176.75206724000236
182.9021 	DATA 	Keypress: lshift
182.9033 	DATA 	Keypress: t
183.6678 	INFO 	Key b was pressed with a reaction time of 0.75800025299759 seconds!
183.9134 	DATA 	Keypress: b
184.9098 	INFO 	Trial m_std_ccw at 178.7609489960014
184.9115 	DATA 	Keypress: lshift
184.9141 	DATA 	Keypress: t
186.8494 	INFO 	End of the main block 3 at 180.70057890799944
186.8533 	DATA 	Keypress: lshift
186.8549 	DATA 	Keypress: t
188.2596 	DATA 	Keypress: lshift
188.2610 	DATA 	Keypress: t
190.2647 	DATA 	Keypress: lshift
190.2662 	DATA 	Keypress: t
192.2608 	DATA 	Keypress: lshift
192.2621 	DATA 	Keypress: t
194.2666 	DATA 	Keypress: lshift
194.2683 	DATA 	Keypress: t
196.2613 	DATA 	Keypress: lshift
196.2625 	DATA 	Keypress: t
196.8608 	INFO 	Start of the control block 4 at 190.7119725449993
198.2619 	DATA 	Keypress: lshift
198.2630 	DATA 	Keypress: t
198.8682 	INFO 	Trial c_std_cw at 192.7193166390025
200.9237 	INFO 	Trial c_std_cw at 194.77486384400254
200.9250 	DATA 	Keypress: lshift
200.9264 	DATA 	Keypress: t
202.9622 	INFO 	Trial c_dev_v at 196.81338939000125
202.9637 	DATA 	Keypress: lshift
202.9650 	DATA 	Keypress: t
203.4817 	INFO 	Key b was pressed with a reaction time of 0.5090927259989257 seconds!
203.9765 	DATA 	Keypress: b
204.8726 	INFO 	Trial c_std_v at 198.7237825910015
204.8746 	DATA 	Keypress: lshift
204.8775 	DATA 	Keypress: t
206.7839 	INFO 	Trial c_std_ccw at 200.6350357449992
206.7868 	DATA 	Keypress: lshift
206.7882 	DATA 	Keypress: t
208.7462 	INFO 	Trial c_std_v at 202.59730919200229
208.7489 	DATA 	Keypress: lshift
208.7503 	DATA 	Keypress: t
210.7259 	INFO 	Trial c_dev_cw at 204.5770257940021
210.7289 	DATA 	Keypress: lshift
210.7303 	DATA 	Keypress: t
211.2168 	INFO 	Key b was pressed with a reaction time of 0.4796711309973034 seconds!
211.7393 	DATA 	Keypress: b
212.8371 	INFO 	Trial c_std_cw at 206.68828122700143
212.8388 	DATA 	Keypress: lshift
212.8404 	DATA 	Keypress: t
214.8482 	INFO 	Trial c_std_v at 208.6993091330005
214.8495 	DATA 	Keypress: lshift
214.8510 	DATA 	Keypress: t
216.7870 	INFO 	Trial c_std_ccw at 210.63811929200165
216.7883 	DATA 	Keypress: lshift
216.7896 	DATA 	Keypress: t
218.8561 	INFO 	Trial c_dev_v at 212.7072323780012
218.8595 	DATA 	Keypress: lshift
218.8610 	DATA 	Keypress: t
219.3377 	INFO 	Key b was pressed with a reaction time of 0.47102696300134994 seconds!
219.8693 	DATA 	Keypress: b
220.8667 	INFO 	Trial c_std_cw at 214.7178581320004
220.8696 	DATA 	Keypress: lshift
220.8711 	DATA 	Keypress: t
222.8170 	INFO 	Trial c_std_cw at 216.66813887700118
222.8199 	DATA 	Keypress: lshift
222.8213 	DATA 	Keypress: t
224.9272 	INFO 	Trial c_std_ccw at 218.7783851230015
224.9301 	DATA 	Keypress: lshift
224.9317 	DATA 	Keypress: t
226.9380 	INFO 	Trial c_std_ccw at 220.78912872
226.9412 	DATA 	Keypress: lshift
226.9428 	DATA 	Keypress: t
228.8494 	INFO 	Trial c_dev_ccw at 222.70050645000083
228.8523 	DATA 	Keypress: lshift
228.8537 	DATA 	Keypress: t
229.3018 	INFO 	Key b was pressed with a reaction time of 0.44097977499768604 seconds!
229.8631 	DATA 	Keypress: b
230.9308 	INFO 	Trial c_std_ccw at 224.78195414199945
230.9325 	DATA 	Keypress: lshift
230.9339 	DATA 	Keypress: t
232.9400 	INFO 	Trial c_std_v at 226.791168224001
233.9476 	DATA 	Keypress: lshift
233.9490 	DATA 	Keypress: t
235.0465 	INFO 	End of the control block 4 at 228.89767212600054
235.0504 	DATA 	Keypress: lshift
235.0518 	DATA 	Keypress: t
236.2620 	DATA 	Keypress: lshift
236.2638 	DATA 	Keypress: t
238.2601 	DATA 	Keypress: lshift
238.2616 	DATA 	Keypress: t
240.2601 	DATA 	Keypress: lshift
240.2616 	DATA 	Keypress: t
242.2636 	DATA 	Keypress: lshift
242.2648 	DATA 	Keypress: t
244.2669 	DATA 	Keypress: lshift
244.2682 	DATA 	Keypress: t
245.0569 	INFO 	Start of the main block 5 at 238.90800786600084
246.2612 	DATA 	Keypress: lshift
246.2627 	DATA 	Keypress: t
247.0643 	INFO 	Trial m_std_ccw at 240.9154391330012
249.1699 	INFO 	Trial m_std_ccw at 243.021056769001
249.1712 	DATA 	Keypress: lshift
249.1728 	DATA 	Keypress: t
251.1791 	INFO 	Trial m_dev at 245.03029929600234
251.1805 	DATA 	Keypress: lshift
251.1821 	DATA 	Keypress: t
253.2179 	INFO 	Trial m_std_ccw at 247.0690975639991
253.2191 	DATA 	Keypress: lshift
253.2204 	DATA 	Keypress: t
255.1763 	INFO 	Trial m_std_ccw at 249.02746555200065
256.1841 	DATA 	Keypress: lshift
256.1854 	DATA 	Keypress: t
257.1532 	INFO 	Trial m_dev at 251.00432456400085
257.1563 	DATA 	Keypress: lshift
257.1578 	DATA 	Keypress: t
257.7897 	INFO 	Key b was pressed with a reaction time of 0.6263719910020882 seconds!
258.1657 	DATA 	Keypress: b
259.1534 	INFO 	Trial m_std_cw at 253.00452890100132
259.1551 	DATA 	Keypress: lshift
259.1567 	DATA 	Keypress: t
261.1760 	INFO 	Trial m_std_ccw at 255.02715350500148
261.1773 	DATA 	Keypress: lshift
261.1787 	DATA 	Keypress: t
262.0016 	INFO 	Key b was pressed with a reaction time of 0.8169625680020545 seconds!
262.1884 	DATA 	Keypress: b
263.2447 	INFO 	Trial m_dev at 257.0958303360021
263.2461 	DATA 	Keypress: lshift
263.2474 	DATA 	Keypress: t
265.2333 	INFO 	Trial m_std_ccw at 259.0844345180012
265.2362 	DATA 	Keypress: lshift
265.2379 	DATA 	Keypress: t
267.2542 	INFO 	Trial m_std_cw at 261.1053169129991
268.2657 	DATA 	Keypress: lshift
268.2669 	DATA 	Keypress: t
268.2677 	DATA 	Keypress: lshift
268.2686 	DATA 	Keypress: t
269.2609 	INFO 	Trial m_dev at 263.11200792399904
270.2686 	DATA 	Keypress: lshift
270.2700 	DATA 	Keypress: t
270.3377 	INFO 	Key b was pressed with a reaction time of 1.0701508650017786 seconds!
271.3176 	INFO 	Trial m_std_cw at 265.1687714969994
271.3218 	DATA 	Keypress: b
272.3308 	DATA 	Keypress: lshift
272.3322 	DATA 	Keypress: t
273.3492 	INFO 	Trial m_std_cw at 267.2004013980004
274.3600 	DATA 	Keypress: lshift
274.3614 	DATA 	Keypress: t
275.3568 	INFO 	Trial m_std_cw at 269.20795001100123
276.3671 	DATA 	Keypress: lshift
276.3686 	DATA 	Keypress: t
277.3645 	INFO 	Trial m_std_cw at 271.21565647900206
279.3114 	INFO 	Trial m_std_cw at 273.16251671899954
279.3127 	DATA 	Keypress: lshift
279.3141 	DATA 	Keypress: t
280.3235 	DATA 	Keypress: lshift
280.3252 	DATA 	Keypress: t
281.3104 	INFO 	Trial m_std_ccw at 275.16153354900234
281.9698 	INFO 	Key b was pressed with a reaction time of 0.6510315850027837 seconds!
282.3206 	DATA 	Keypress: b
282.3217 	DATA 	Keypress: lshift
282.3229 	DATA 	Keypress: t
283.2188 	INFO 	End of the main block 5 at 277.06994425599987
284.2716 	DATA 	Keypress: lshift
284.2736 	DATA 	Keypress: t
286.2718 	DATA 	Keypress: lshift
286.2735 	DATA 	Keypress: t
288.2627 	DATA 	Keypress: lshift
288.2640 	DATA 	Keypress: t
290.2705 	DATA 	Keypress: lshift
290.2722 	DATA 	Keypress: t
292.2686 	DATA 	Keypress: lshift
292.2703 	DATA 	Keypress: t
293.2243 	INFO 	Start of the control block 6 at 287.0754146090003
294.2676 	DATA 	Keypress: lshift
294.2692 	DATA 	Keypress: t
295.2322 	INFO 	Trial c_std_v at 289.08330616400053
297.1687 	INFO 	Trial c_std_ccw at 291.019843869999
297.1700 	DATA 	Keypress: lshift
297.1713 	DATA 	Keypress: t
299.1774 	INFO 	Trial c_std_v at 293.02854607500194
300.1844 	DATA 	Keypress: lshift
300.1857 	DATA 	Keypress: t
301.1834 	INFO 	Trial c_dev_v at 295.0345313910002
301.1866 	DATA 	Keypress: lshift
301.1881 	DATA 	Keypress: t
301.6618 	INFO 	Key b was pressed with a reaction time of 0.46645138500025496 seconds!
302.1977 	DATA 	Keypress: b
303.1554 	INFO 	Trial c_std_cw at 297.00652640800035
303.1589 	DATA 	Keypress: lshift
303.1606 	DATA 	Keypress: t
305.1687 	INFO 	Trial c_std_cw at 299.0198356910005
305.1717 	DATA 	Keypress: lshift
305.1744 	DATA 	Keypress: t
307.1812 	INFO 	Trial c_dev_ccw at 301.03238303200123
307.1826 	DATA 	Keypress: lshift
307.1841 	DATA 	Keypress: t
307.7307 	INFO 	Key b was pressed with a reaction time of 0.5397564660015632 seconds!
308.1950 	DATA 	Keypress: b
309.2910 	INFO 	Trial c_std_cw at 303.1421353290025
309.2923 	DATA 	Keypress: lshift
309.2936 	DATA 	Keypress: t
310.3016 	DATA 	Keypress: lshift
310.3030 	DATA 	Keypress: t
311.1988 	INFO 	Trial c_std_cw at 305.04996376599956
313.2874 	INFO 	Trial c_std_v at 307.13859162600056
313.2889 	DATA 	Keypress: lshift
313.2910 	DATA 	Keypress: t
314.2993 	DATA 	Keypress: lshift
314.3006 	DATA 	Keypress: t
315.2183 	INFO 	Trial c_dev_cw at 309.06943332399896
315.7538 	INFO 	Key b was pressed with a reaction time of 0.526123703999474 seconds!
316.2295 	DATA 	Keypress: b
317.2777 	INFO 	Trial c_std_cw at 311.1288504210024
318.2865 	DATA 	Keypress: lshift
318.2880 	DATA 	Keypress: t
318.2889 	DATA 	Keypress: lshift
318.2911 	DATA 	Keypress: t
319.3240 	INFO 	Trial c_std_ccw at 313.17510644399954
320.3341 	DATA 	Keypress: lshift
320.3354 	DATA 	Keypress: t
321.4014 	INFO 	Trial c_std_ccw at 315.25255138300054
322.4111 	DATA 	Keypress: lshift
322.4127 	DATA 	Keypress: t
323.4682 	INFO 	Trial c_dev_v at 317.3193127560007
324.0398 	INFO 	Key b was pressed with a reaction time of 0.5636363819976395 seconds!
324.4798 	DATA 	Keypress: b
324.4804 	DATA 	Keypress: lshift
324.4817 	DATA 	Keypress: t
325.3962 	INFO 	Trial c_std_v at 319.24734401500245
326.4050 	DATA 	Keypress: lshift
326.4069 	DATA 	Keypress: t
327.3521 	INFO 	Trial c_std_ccw at 321.2032837080005
328.3617 	DATA 	Keypress: lshift
328.3631 	DATA 	Keypress: t
329.4407 	INFO 	Trial c_std_ccw at 323.2918405269993
331.3897 	INFO 	End of the control block 6 at 325.24086373799946
331.3920 	DATA 	Keypress: lshift
331.3933 	DATA 	Keypress: t
332.2655 	DATA 	Keypress: lshift
332.2668 	DATA 	Keypress: t
334.2706 	DATA 	Keypress: lshift
334.2724 	DATA 	Keypress: t
336.2654 	DATA 	Keypress: lshift
336.2667 	DATA 	Keypress: t
338.2706 	DATA 	Keypress: lshift
338.2724 	DATA 	Keypress: t
340.2631 	DATA 	Keypress: lshift
340.2645 	DATA 	Keypress: t
341.3992 	INFO 	Start of the control block 7 at 335.25038015099926
342.2667 	DATA 	Keypress: lshift
342.2681 	DATA 	Keypress: t
343.4062 	INFO 	Trial c_std_ccw at 337.25733988499996
344.4124 	DATA 	Keypress: lshift
344.4139 	DATA 	Keypress: t
345.3115 	INFO 	Trial c_std_cw at 339.16266395300045
347.4216 	INFO 	Trial c_std_ccw at 341.27274388300066
347.4230 	DATA 	Keypress: lshift
347.4243 	DATA 	Keypress: t
348.4332 	DATA 	Keypress: lshift
348.4346 	DATA 	Keypress: t
349.3503 	INFO 	Trial c_dev_v at 343.20144472000175
349.8448 	INFO 	Key b was pressed with a reaction time of 0.4868076419988938 seconds!
350.3619 	DATA 	Keypress: b
350.3626 	DATA 	Keypress: lshift
350.3636 	DATA 	Keypress: t
351.3580 	INFO 	Trial c_std_ccw at 345.2091670760019
352.3681 	DATA 	Keypress: lshift
352.3697 	DATA 	Keypress: t
353.3651 	INFO 	Trial c_std_v at 347.2162703560025
354.3761 	DATA 	Keypress: lshift
354.3774 	DATA 	Keypress: t
355.2950 	INFO 	Trial c_std_v at 349.1461267480008
356.3043 	DATA 	Keypress: lshift
356.3059 	DATA 	Keypress: t
357.3831 	INFO 	Trial c_dev_ccw at 351.2342868029991
357.8787 	INFO 	Key b was pressed with a reaction time of 0.48592370199912693 seconds!
359.3028 	INFO 	Trial c_std_v at 353.1539098350004
359.3049 	DATA 	Keypress: b
359.3062 	DATA 	Keypress: lshift
359.3072 	DATA 	Keypress: t
360.3141 	DATA 	Keypress: lshift
360.3156 	DATA 	Keypress: t
361.2129 	INFO 	Trial c_std_ccw at 355.0640981260003
363.3020 	INFO 	Trial c_dev_cw at 357.15319782000006
363.3033 	DATA 	Keypress: lshift
363.3050 	DATA 	Keypress: t
363.8068 	INFO 	Key b was pressed with a reaction time of 0.4949410160006664 seconds!
364.3157 	DATA 	Keypress: b
364.3171 	DATA 	Keypress: lshift
364.3193 	DATA 	Keypress: t
365.3919 	INFO 	Trial c_std_cw at 359.2430414070004
366.4016 	DATA 	Keypress: lshift
366.4031 	DATA 	Keypress: t
367.3887 	INFO 	Trial c_std_ccw at 361.23985653600175
368.3983 	DATA 	Keypress: lshift
368.3999 	DATA 	Keypress: t
369.3954 	INFO 	Trial c_dev_v at 363.2465763780019
369.9459 	INFO 	Key b was pressed with a reaction time of 0.5420346270002483 seconds!
370.4060 	DATA 	Keypress: b
370.4072 	DATA 	Keypress: lshift
370.4085 	DATA 	Keypress: t
371.5039 	INFO 	Trial c_std_cw at 365.3550084920025
372.5128 	DATA 	Keypress: lshift
372.5141 	DATA 	Keypress: t
373.5115 	INFO 	Trial c_std_cw at 367.36266895000153
374.5213 	DATA 	Keypress: lshift
374.5234 	DATA 	Keypress: t
375.6103 	INFO 	Trial c_std_v at 369.4614235580011
377.6289 	INFO 	Trial c_std_cw at 371.480025967001
377.6302 	DATA 	Keypress: lshift
377.6316 	DATA 	Keypress: t
378.6407 	DATA 	Keypress: lshift
378.6422 	DATA 	Keypress: t
379.5577 	INFO 	End of the control block 7 at 373.4088831580011
380.2688 	DATA 	Keypress: lshift
380.2705 	DATA 	Keypress: t
382.2608 	DATA 	Keypress: lshift
382.2622 	DATA 	Keypress: t
384.2676 	DATA 	Keypress: lshift
384.2691 	DATA 	Keypress: t
386.2695 	DATA 	Keypress: lshift
386.2713 	DATA 	Keypress: t
388.2621 	DATA 	Keypress: lshift
388.2635 	DATA 	Keypress: t
389.5651 	INFO 	Start of the control block 8 at 383.41620248000254
390.2675 	DATA 	Keypress: lshift
390.2690 	DATA 	Keypress: t
391.5720 	INFO 	Trial c_std_cw at 385.4231732590015
392.5784 	DATA 	Keypress: lshift
392.5799 	DATA 	Keypress: t
393.5974 	INFO 	Trial c_std_cw at 387.4485453920024
395.5657 	INFO 	Trial c_dev_cw at 389.4168061970013
395.5668 	DATA 	Keypress: lshift
395.5681 	DATA 	Keypress: t
396.0859 	INFO 	Key b was pressed with a reaction time of 0.5109712749981554 seconds!
396.5789 	DATA 	Keypress: b
396.5794 	DATA 	Keypress: lshift
396.5805 	DATA 	Keypress: t
397.5050 	INFO 	Trial c_std_v at 391.3561493180023
398.5167 	DATA 	Keypress: lshift
398.5184 	DATA 	Keypress: t
399.5537 	INFO 	Trial c_std_cw at 393.4048262870019
400.5633 	DATA 	Keypress: lshift
400.5647 	DATA 	Keypress: t
401.5603 	INFO 	Trial c_dev_ccw at 395.4114210530024
402.1268 	INFO 	Key b was pressed with a reaction time of 0.5584296510023705 seconds!
402.5726 	DATA 	Keypress: b
402.5739 	DATA 	Keypress: lshift
402.5759 	DATA 	Keypress: t
403.6184 	INFO 	Trial c_std_ccw at 397.4695845950009
404.6289 	DATA 	Keypress: lshift
404.6301 	DATA 	Keypress: t
405.6063 	INFO 	Trial c_std_v at 399.4574486740021
406.6160 	DATA 	Keypress: lshift
406.6174 	DATA 	Keypress: t
407.5633 	INFO 	Trial c_std_v at 401.4144085420012
408.5731 	DATA 	Keypress: lshift
408.5746 	DATA 	Keypress: t
409.5700 	INFO 	Trial c_std_ccw at 403.4211982710003
410.5801 	DATA 	Keypress: lshift
410.5815 	DATA 	Keypress: t
411.5373 	INFO 	Trial c_dev_v at 405.3884571870003
411.9588 	INFO 	Key b was pressed with a reaction time of 0.41388646099949256 seconds!
412.5490 	DATA 	Keypress: b
412.5497 	DATA 	Keypress: lshift
412.5508 	DATA 	Keypress: t
413.6050 	INFO 	Trial c_std_ccw at 407.45615778200226
414.6139 	DATA 	Keypress: lshift
414.6153 	DATA 	Keypress: t
415.5311 	INFO 	Trial c_std_v at 409.3822706650026
416.5404 	DATA 	Keypress: lshift
416.5418 	DATA 	Keypress: t
417.4776 	INFO 	Trial c_dev_v at 411.3287861909994
417.9678 	INFO 	Key b was pressed with a reaction time of 0.4833107790000213 seconds!
418.4896 	DATA 	Keypress: b
418.4910 	DATA 	Keypress: lshift
418.4922 	DATA 	Keypress: t
419.4345 	INFO 	Trial c_std_cw at 413.28568537400133
420.4442 	DATA 	Keypress: lshift
420.4457 	DATA 	Keypress: t
421.5115 	INFO 	Trial c_std_ccw at 415.36265145200014
422.5209 	DATA 	Keypress: lshift
422.5229 	DATA 	Keypress: t
423.5583 	INFO 	Trial c_std_cw at 417.4094887530009
424.5679 	DATA 	Keypress: lshift
424.5697 	DATA 	Keypress: t
425.6467 	INFO 	Trial c_std_ccw at 419.4978844270008
426.6566 	DATA 	Keypress: lshift
426.6581 	DATA 	Keypress: t
427.7051 	INFO 	End of the control block 8 at 421.5562976040019
428.2600 	DATA 	Keypress: lshift
428.2615 	DATA 	Keypress: t
430.2675 	DATA 	Keypress: lshift
430.2689 	DATA 	Keypress: t
432.2663 	DATA 	Keypress: lshift
432.2679 	DATA 	Keypress: t
434.2668 	DATA 	Keypress: lshift
434.2684 	DATA 	Keypress: t
436.2610 	DATA 	Keypress: lshift
436.2738 	DATA 	Keypress: t
437.7127 	INFO 	Start of the main block 9 at 431.56387953100057
438.2654 	DATA 	Keypress: lshift
438.2668 	DATA 	Keypress: t
439.7198 	INFO 	Trial m_std_cw at 433.5709185910018
440.7259 	DATA 	Keypress: lshift
440.7273 	DATA 	Keypress: t
441.6950 	INFO 	Trial m_std_cw at 435.5461045890006
442.7047 	DATA 	Keypress: lshift
442.7060 	DATA 	Keypress: t
443.7136 	INFO 	Trial m_std_cw at 437.56474651900135
445.7620 	INFO 	Trial m_dev at 439.61318291800126
445.7633 	DATA 	Keypress: lshift
445.7646 	DATA 	Keypress: t
446.4068 	INFO 	Key b was pressed with a reaction time of 0.6348153129983984 seconds!
446.7749 	DATA 	Keypress: lshift
446.7764 	DATA 	Keypress: t
446.7781 	DATA 	Keypress: b
447.7020 	INFO 	Trial m_std_cw at 441.5531716229998
448.7112 	DATA 	Keypress: lshift
448.7129 	DATA 	Keypress: t
449.6485 	INFO 	Trial m_std_ccw at 443.4996101470024
450.5848 	INFO 	Key b was pressed with a reaction time of 0.9270971869991627 seconds!
450.6588 	DATA 	Keypress: lshift
450.6600 	DATA 	Keypress: t
450.6637 	DATA 	Keypress: b
451.7378 	INFO 	Trial m_dev at 445.5889208869994
452.7467 	DATA 	Keypress: lshift
452.7480 	DATA 	Keypress: t
453.7438 	INFO 	Trial m_std_ccw at 447.5949301670007
454.7534 	DATA 	Keypress: lshift
454.7559 	DATA 	Keypress: t
455.8207 	INFO 	Trial m_std_ccw at 449.6718497559996
456.8312 	DATA 	Keypress: lshift
456.8325 	DATA 	Keypress: t
457.7801 	INFO 	Trial m_std_cw at 451.631279393001
458.7902 	DATA 	Keypress: lshift
458.7915 	DATA 	Keypress: t
459.8890 	INFO 	Trial m_std_ccw at 453.74011023300045
460.5298 	INFO 	Key b was pressed with a reaction time of 0.6322580200030643 seconds!
461.8176 	INFO 	Trial m_dev at 455.66875679000077
461.8190 	DATA 	Keypress: lshift
461.8203 	DATA 	Keypress: t
461.8228 	DATA 	Keypress: b
462.8306 	DATA 	Keypress: lshift
462.8321 	DATA 	Keypress: t
463.8794 	INFO 	Trial m_std_ccw at 457.7306013180023
464.8893 	DATA 	Keypress: lshift
464.8907 	DATA 	Keypress: t
465.8780 	INFO 	Trial m_std_cw at 459.729176877001
467.9470 	INFO 	Trial m_dev at 461.7981170359999
467.9481 	DATA 	Keypress: lshift
467.9494 	DATA 	Keypress: t
468.9574 	DATA 	Keypress: lshift
468.9590 	DATA 	Keypress: t
469.9864 	INFO 	Trial m_std_ccw at 463.83755531299903
470.7620 	INFO 	Key b was pressed with a reaction time of 0.7668288489985571 seconds!
470.9963 	DATA 	Keypress: lshift
470.9976 	DATA 	Keypress: t
470.9996 	DATA 	Keypress: b
471.8952 	INFO 	Trial m_std_ccw at 465.74632358000235
472.9042 	DATA 	Keypress: lshift
472.9063 	DATA 	Keypress: t
473.8615 	INFO 	Trial m_std_cw at 467.7126066870005
474.8708 	DATA 	Keypress: lshift
474.8722 	DATA 	Keypress: t
475.8697 	INFO 	End of the main block 9 at 469.7208362700003
476.2715 	DATA 	Keypress: lshift
476.2730 	DATA 	Keypress: t
478.2695 	DATA 	Keypress: lshift
478.2711 	DATA 	Keypress: t
480.2612 	DATA 	Keypress: lshift
480.2626 	DATA 	Keypress: t
482.2644 	DATA 	Keypress: lshift
482.2657 	DATA 	Keypress: t
484.2608 	DATA 	Keypress: lshift
484.2628 	DATA 	Keypress: t
485.8782 	INFO 	Start of the control block 10 at 479.72936298700006
486.2614 	DATA 	Keypress: lshift
486.2630 	DATA 	Keypress: t
487.8862 	INFO 	Trial c_std_v at 481.73735091100025
488.8924 	DATA 	Keypress: lshift
488.8937 	DATA 	Keypress: t
489.9813 	INFO 	Trial c_std_v at 483.8325001740013
490.9919 	DATA 	Keypress: lshift
490.9932 	DATA 	Keypress: t
491.9808 	INFO 	Trial c_std_v at 485.83194300800096
492.9907 	DATA 	Keypress: lshift
492.9921 	DATA 	Keypress: t
493.9996 	INFO 	Trial c_std_cw at 487.85076758300056
495.0092 	DATA 	Keypress: lshift
495.0106 	DATA 	Keypress: t
496.0778 	INFO 	Trial c_dev_ccw at 489.92894847900243
496.6949 	INFO 	Key b was pressed with a reaction time of 0.607207996003126 seconds!
498.0177 	INFO 	Trial c_std_ccw at 491.86887596200177
498.0190 	DATA 	Keypress: lshift
498.0218 	DATA 	Keypress: t
498.0241 	DATA 	Keypress: b
499.0319 	DATA 	Keypress: lshift
499.0333 	DATA 	Keypress: t
499.9507 	INFO 	Trial c_std_cw at 493.8018224949992
500.9604 	DATA 	Keypress: lshift
500.9618 	DATA 	Keypress: t
501.8993 	INFO 	Trial c_std_cw at 495.75045283000145
503.9274 	INFO 	Trial c_std_ccw at 497.77858024700254
503.9289 	DATA 	Keypress: lshift
503.9302 	DATA 	Keypress: t
504.9393 	DATA 	Keypress: lshift
504.9408 	DATA 	Keypress: t
505.8463 	INFO 	Trial c_dev_v at 499.69746114100053
506.2760 	INFO 	Key b was pressed with a reaction time of 0.42126419600026566 seconds!
506.8577 	DATA 	Keypress: lshift
506.8593 	DATA 	Keypress: t
506.8608 	DATA 	Keypress: b
507.7848 	INFO 	Trial c_std_cw at 501.63591840200024
508.7939 	DATA 	Keypress: lshift
508.7954 	DATA 	Keypress: t
509.8612 	INFO 	Trial c_std_ccw at 503.71233034300167
510.8710 	DATA 	Keypress: lshift
510.8723 	DATA 	Keypress: t
511.9497 	INFO 	Trial c_dev_v at 505.8008796540016
512.4488 	INFO 	Key b was pressed with a reaction time of 0.49093593300131033 seconds!
513.9380 	INFO 	Trial c_std_v at 507.7891138900013
513.9392 	DATA 	Keypress: lshift
513.9406 	DATA 	Keypress: t
513.9427 	DATA 	Keypress: b
514.9515 	DATA 	Keypress: lshift
514.9531 	DATA 	Keypress: t
515.8601 	INFO 	Trial c_std_ccw at 509.71125586199923
517.9593 	INFO 	Trial c_dev_cw at 511.81050109600255
517.9607 	DATA 	Keypress: lshift
517.9622 	DATA 	Keypress: t
518.5057 	INFO 	Key b was pressed with a reaction time of 0.5361898409973946 seconds!
518.9723 	DATA 	Keypress: lshift
518.9738 	DATA 	Keypress: t
518.9756 	DATA 	Keypress: b
519.8897 	INFO 	Trial c_std_ccw at 513.740806869002
520.8993 	DATA 	Keypress: lshift
520.9008 	DATA 	Keypress: t
521.9567 	INFO 	Trial c_std_cw at 515.8078544630007
522.9663 	DATA 	Keypress: lshift
522.9678 	DATA 	Keypress: t
524.0438 	INFO 	End of the control block 10 at 517.8949312020013
524.2699 	DATA 	Keypress: lshift
524.2717 	DATA 	Keypress: t
526.2675 	DATA 	Keypress: lshift
526.2690 	DATA 	Keypress: t
528.2684 	DATA 	Keypress: lshift
528.2698 	DATA 	Keypress: t
530.2716 	DATA 	Keypress: lshift
530.2732 	DATA 	Keypress: t
532.2698 	DATA 	Keypress: lshift
532.2716 	DATA 	Keypress: t
534.0507 	INFO 	Start of the main block 11 at 527.9018932020008
534.2628 	DATA 	Keypress: lshift
534.2640 	DATA 	Keypress: t
536.0581 	INFO 	Trial m_std_ccw at 529.9092461879991
537.0643 	DATA 	Keypress: lshift
537.0657 	DATA 	Keypress: t
538.1332 	INFO 	Trial m_std_ccw at 531.9843874180006
540.0625 	INFO 	Trial m_dev at 533.9136553790013
540.0640 	DATA 	Keypress: lshift
540.0653 	DATA 	Keypress: t
540.7438 	INFO 	Key b was pressed with a reaction time of 0.6717382850001741 seconds!
541.0749 	DATA 	Keypress: lshift
541.0765 	DATA 	Keypress: t
541.0781 	DATA 	Keypress: b
542.1321 	INFO 	Trial m_std_cw at 535.9832429660019
543.1414 	DATA 	Keypress: lshift
543.1428 	DATA 	Keypress: t
544.0786 	INFO 	Trial m_std_cw at 537.9297576630015
545.0891 	DATA 	Keypress: lshift
545.0906 	DATA 	Keypress: t
546.0060 	INFO 	Trial m_std_ccw at 539.857190884999
546.6749 	INFO 	Key b was pressed with a reaction time of 0.6622653980011819 seconds!
547.0154 	DATA 	Keypress: lshift
547.0169 	DATA 	Keypress: t
547.0186 	DATA 	Keypress: b
548.1127 	INFO 	Trial m_dev at 541.9638655080016
549.1230 	DATA 	Keypress: lshift
549.1245 	DATA 	Keypress: t
550.0194 	INFO 	Trial m_std_cw at 543.8705890849997
551.0284 	DATA 	Keypress: lshift
551.0298 	DATA 	Keypress: t
551.9558 	INFO 	Trial m_std_ccw at 545.8069122670022
552.7228 	INFO 	Key b was pressed with a reaction time of 0.7604460000002291 seconds!
552.9650 	DATA 	Keypress: lshift
552.9664 	DATA 	Keypress: t
552.9680 	DATA 	Keypress: b
553.9624 	INFO 	Trial m_std_ccw at 547.8135489020024
554.9726 	DATA 	Keypress: lshift
554.9741 	DATA 	Keypress: t
555.8796 	INFO 	Trial m_dev at 549.7307540130023
556.8899 	DATA 	Keypress: lshift
556.8912 	DATA 	Keypress: t
557.8170 	INFO 	Trial m_std_cw at 551.668104094002
558.8255 	DATA 	Keypress: lshift
558.8269 	DATA 	Keypress: t
559.7729 	INFO 	Trial m_std_cw at 553.6240652000015
560.7826 	DATA 	Keypress: lshift
560.7843 	DATA 	Keypress: t
561.7801 	INFO 	Trial m_dev at 555.6312036990021
562.7892 	DATA 	Keypress: lshift
562.7904 	DATA 	Keypress: t
563.8580 	INFO 	Trial m_std_ccw at 557.709176589
564.5928 	INFO 	Key b was pressed with a reaction time of 0.7259847210007138 seconds!
564.8679 	DATA 	Keypress: lshift
564.8691 	DATA 	Keypress: t
564.8714 	DATA 	Keypress: b
565.9468 	INFO 	Trial m_std_cw at 559.7979861300009
566.9570 	DATA 	Keypress: lshift
566.9585 	DATA 	Keypress: t
568.0039 	INFO 	Trial m_std_cw at 561.855045938999
569.0130 	DATA 	Keypress: lshift
569.0144 	DATA 	Keypress: t
570.0900 	INFO 	Trial m_std_ccw at 563.9411672919996
571.0997 	DATA 	Keypress: lshift
571.1012 	DATA 	Keypress: t
572.1884 	INFO 	End of the main block 11 at 566.0395878540003
572.2616 	DATA 	Keypress: lshift
572.2628 	DATA 	Keypress: t
574.2644 	DATA 	Keypress: lshift
574.2656 	DATA 	Keypress: t
576.2665 	DATA 	Keypress: lshift
576.2680 	DATA 	Keypress: t
578.2682 	DATA 	Keypress: lshift
578.2696 	DATA 	Keypress: t
580.2706 	DATA 	Keypress: lshift
580.2723 	DATA 	Keypress: t
582.1970 	INFO 	Start of the control block 12 at 576.0481632230003
582.2696 	DATA 	Keypress: lshift
582.2711 	DATA 	Keypress: t
584.2048 	INFO 	Trial c_std_cw at 578.0559655079996
585.2112 	DATA 	Keypress: lshift
585.2125 	DATA 	Keypress: t
586.2299 	INFO 	Trial c_std_cw at 580.0810640439995
588.1884 	INFO 	Trial c_dev_v at 582.0395163460016
588.1897 	DATA 	Keypress: lshift
588.1911 	DATA 	Keypress: t
588.6748 	INFO 	Key b was pressed with a reaction time of 0.47589500500180293 seconds!
589.2020 	DATA 	Keypress: lshift
589.2038 	DATA 	Keypress: t
589.2062 	DATA 	Keypress: b
590.1789 	INFO 	Trial c_std_cw at 584.0300801529993
591.1890 	DATA 	Keypress: lshift
591.1905 	DATA 	Keypress: t
592.1453 	INFO 	Trial c_std_ccw at 585.9964999440017
593.1568 	DATA 	Keypress: lshift
593.1582 	DATA 	Keypress: t
594.1941 	INFO 	Trial c_std_ccw at 588.0452605220016
595.2037 	DATA 	Keypress: lshift
595.2050 	DATA 	Keypress: t
596.2027 	INFO 	Trial c_std_v at 590.0537946250006
597.2139 	DATA 	Keypress: lshift
597.2152 	DATA 	Keypress: t
598.2329 	INFO 	Trial c_std_v at 592.0840112100013
600.2914 	INFO 	Trial c_dev_cw at 594.1425099869994
600.2927 	DATA 	Keypress: lshift
600.2941 	DATA 	Keypress: t
600.2953 	DATA 	Keypress: lshift
600.2965 	DATA 	Keypress: t
600.7619 	INFO 	Key b was pressed with a reaction time of 0.4589651900023455 seconds!
601.3052 	DATA 	Keypress: b
602.2029 	INFO 	Trial c_std_cw at 596.0540709560009
603.2124 	DATA 	Keypress: lshift
603.2139 	DATA 	Keypress: t
604.2499 	INFO 	Trial c_std_cw at 598.1010439460006
605.2594 	DATA 	Keypress: lshift
605.2609 	DATA 	Keypress: t
606.1868 	INFO 	Trial c_dev_ccw at 600.0379729359993
606.6069 	INFO 	Key b was pressed with a reaction time of 0.413055795001128 seconds!
607.1965 	DATA 	Keypress: lshift
607.1980 	DATA 	Keypress: t
607.1995 	DATA 	Keypress: b
608.1739 	INFO 	Trial c_std_v at 602.025025930001
609.1834 	DATA 	Keypress: lshift
609.1849 	DATA 	Keypress: t
610.1807 	INFO 	Trial c_std_ccw at 604.0318640049991
611.1901 	DATA 	Keypress: lshift
611.1917 	DATA 	Keypress: t
612.1472 	INFO 	Trial c_dev_v at 605.9983824289993
612.6019 	INFO 	Key b was pressed with a reaction time of 0.44587010699979146 seconds!
613.1586 	DATA 	Keypress: lshift
613.1602 	DATA 	Keypress: t
613.1623 	DATA 	Keypress: b
614.2561 	INFO 	Trial c_std_ccw at 608.1072199570008
615.2647 	DATA 	Keypress: lshift
615.2662 	DATA 	Keypress: t
616.2219 	INFO 	Trial c_std_v at 610.073077219
617.2314 	DATA 	Keypress: lshift
617.2328 	DATA 	Keypress: t
618.2681 	INFO 	Trial c_std_ccw at 612.1192899279995
618.2697 	DATA 	Keypress: lshift
618.2710 	DATA 	Keypress: t
620.3467 	INFO 	End of the control block 12 at 614.1978130460011
620.3657 	DATA 	Keypress: lshift
620.3674 	DATA 	Keypress: t
622.2654 	DATA 	Keypress: lshift
622.2667 	DATA 	Keypress: t
624.2654 	DATA 	Keypress: lshift
624.2667 	DATA 	Keypress: t
626.2620 	DATA 	Keypress: lshift
626.2634 	DATA 	Keypress: t
628.2715 	DATA 	Keypress: lshift
628.2732 	DATA 	Keypress: t
630.2592 	DATA 	Keypress: lshift
630.2609 	DATA 	Keypress: t
630.3540 	INFO 	Start of the main block 13 at 624.2051219560017
632.2598 	DATA 	Keypress: lshift
632.2614 	DATA 	Keypress: t
632.3625 	INFO 	Trial m_std_cw at 626.2136762549999
634.3697 	INFO 	Trial m_std_cw at 628.2208856200014
634.3711 	DATA 	Keypress: lshift
634.3725 	DATA 	Keypress: t
636.3782 	INFO 	Trial m_dev at 630.2293433880004
636.3798 	DATA 	Keypress: lshift
636.3811 	DATA 	Keypress: t
638.4178 	INFO 	Trial m_std_cw at 632.2689479790024
639.4248 	DATA 	Keypress: lshift
639.4262 	DATA 	Keypress: t
640.3837 	INFO 	Trial m_std_cw at 634.2348987370024
640.3869 	DATA 	Keypress: lshift
640.3883 	DATA 	Keypress: t
642.3947 	INFO 	Trial m_dev at 636.245891417002
642.3959 	DATA 	Keypress: lshift
642.3973 	DATA 	Keypress: t
644.4657 	INFO 	Trial m_std_cw at 638.3168297709999
644.4670 	DATA 	Keypress: lshift
644.4685 	DATA 	Keypress: t
646.4149 	INFO 	Trial m_std_ccw at 640.2660103020025
647.0779 	INFO 	Key b was pressed with a reaction time of 0.6553473970016057 seconds!
647.4234 	DATA 	Keypress: lshift
647.4248 	DATA 	Keypress: t
647.4277 	DATA 	Keypress: b
648.4026 	INFO 	Trial m_std_ccw at 642.2537775950004
648.4040 	DATA 	Keypress: lshift
648.4051 	DATA 	Keypress: t
650.5109 	INFO 	Trial m_std_ccw at 644.362030622
650.5142 	DATA 	Keypress: lshift
650.5157 	DATA 	Keypress: t
652.5418 	INFO 	Trial m_dev at 646.3930018430001
652.5451 	DATA 	Keypress: lshift
652.5464 	DATA 	Keypress: t
653.6500 	INFO 	Key b was pressed with a reaction time of 1.0969256759999553 seconds!
654.5531 	INFO 	Trial m_std_ccw at 648.4042059179992
654.5553 	DATA 	Keypress: b
654.5565 	DATA 	Keypress: lshift
654.5576 	DATA 	Keypress: t
655.3029 	INFO 	Key b was pressed with a reaction time of 0.7397594280009798 seconds!
655.5656 	DATA 	Keypress: b
656.4631 	INFO 	Trial m_std_ccw at 650.3142531890007
656.4649 	DATA 	Keypress: lshift
656.4664 	DATA 	Keypress: t
658.4320 	INFO 	Trial m_std_ccw at 652.2831048539992
658.4353 	DATA 	Keypress: lshift
658.4368 	DATA 	Keypress: t
660.4831 	INFO 	Trial m_std_cw at 654.3342446540009
660.4844 	DATA 	Keypress: lshift
660.4862 	DATA 	Keypress: t
662.5530 	INFO 	Trial m_dev at 656.4041577320022
662.5561 	DATA 	Keypress: lshift
662.5574 	DATA 	Keypress: t
664.5337 	INFO 	Trial m_std_ccw at 658.3848105840007
664.5351 	DATA 	Keypress: lshift
664.5366 	DATA 	Keypress: t
665.2428 	INFO 	Key b was pressed with a reaction time of 0.699910273997375 seconds!
665.5464 	DATA 	Keypress: b
666.4830 	INFO 	Trial m_std_cw at 660.3341330010007
666.4846 	DATA 	Keypress: lshift
666.4866 	DATA 	Keypress: t
668.5351 	INFO 	End of the main block 13 at 662.386258802002
668.5371 	DATA 	Keypress: lshift
668.5382 	DATA 	Keypress: t
670.2725 	DATA 	Keypress: lshift
670.2743 	DATA 	Keypress: t
672.2638 	DATA 	Keypress: lshift
672.2651 	DATA 	Keypress: t
674.2678 	DATA 	Keypress: lshift
674.2690 	DATA 	Keypress: t
676.2664 	DATA 	Keypress: lshift
676.2679 	DATA 	Keypress: t
678.2637 	DATA 	Keypress: lshift
678.2649 	DATA 	Keypress: t
678.5439 	INFO 	Start of the main block 14 at 672.3950173190024
680.2725 	DATA 	Keypress: lshift
680.2739 	DATA 	Keypress: t
680.5518 	INFO 	Trial m_std_ccw at 674.4029517410017
682.5580 	INFO 	Trial m_std_ccw at 676.4091416190022
682.5593 	DATA 	Keypress: lshift
682.5607 	DATA 	Keypress: t
684.6466 	INFO 	Trial m_dev at 678.4977042610008
684.6480 	DATA 	Keypress: lshift
684.6494 	DATA 	Keypress: t
685.6510 	INFO 	Key b was pressed with a reaction time of 0.9931407339972793 seconds!
685.6613 	DATA 	Keypress: b
686.6579 	INFO 	Trial m_std_cw at 680.5090437979998
686.6595 	DATA 	Keypress: lshift
686.6607 	DATA 	Keypress: t
688.5860 	INFO 	Trial m_std_cw at 682.4371723680015
688.5889 	DATA 	Keypress: lshift
688.5903 	DATA 	Keypress: t
690.6361 	INFO 	Trial m_std_cw at 684.48725251
690.6389 	DATA 	Keypress: lshift
690.6404 	DATA 	Keypress: t
692.7364 	INFO 	Trial m_dev at 686.5875156080001
692.7393 	DATA 	Keypress: lshift
692.7407 	DATA 	Keypress: t
694.6561 	INFO 	Trial m_std_cw at 688.5072454290021
694.6590 	DATA 	Keypress: lshift
694.6604 	DATA 	Keypress: t
696.6660 	INFO 	Trial m_std_ccw at 690.5171582670009
696.6692 	DATA 	Keypress: lshift
696.6707 	DATA 	Keypress: t
697.4599 	INFO 	Key b was pressed with a reaction time of 0.7827663489988481 seconds!
697.6798 	DATA 	Keypress: b
698.6772 	INFO 	Trial m_std_cw at 692.5283619250004
698.6802 	DATA 	Keypress: lshift
698.6816 	DATA 	Keypress: t
700.6477 	INFO 	Trial m_std_ccw at 694.4988193360005
700.6507 	DATA 	Keypress: lshift
700.6525 	DATA 	Keypress: t
701.3938 	INFO 	Key b was pressed with a reaction time of 0.7347955710029055 seconds!
701.6630 	DATA 	Keypress: b
702.6591 	INFO 	Trial m_dev at 696.510229956999
702.6607 	DATA 	Keypress: lshift
702.6619 	DATA 	Keypress: t
704.6282 	INFO 	Trial m_std_cw at 698.4793765239992
704.6311 	DATA 	Keypress: lshift
704.6324 	DATA 	Keypress: t
706.5588 	INFO 	Trial m_std_cw at 700.4099859230009
706.5600 	DATA 	Keypress: lshift
706.5615 	DATA 	Keypress: t
708.5685 	INFO 	Trial m_dev at 702.4195712729997
708.5702 	DATA 	Keypress: lshift
708.5718 	DATA 	Keypress: t
710.6582 	INFO 	Trial m_std_ccw at 704.5093378320016
710.6611 	DATA 	Keypress: lshift
710.6625 	DATA 	Keypress: t
712.6987 	INFO 	Trial m_std_ccw at 706.5498765770026
712.6999 	DATA 	Keypress: lshift
712.7015 	DATA 	Keypress: t
714.6774 	INFO 	Trial m_std_ccw at 708.5285955969994
715.6849 	DATA 	Keypress: lshift
715.6863 	DATA 	Keypress: t
716.7238 	INFO 	End of the main block 14 at 710.5749769729991
716.7279 	DATA 	Keypress: lshift
716.7300 	DATA 	Keypress: t
718.2675 	DATA 	Keypress: lshift
718.2687 	DATA 	Keypress: t
720.2687 	DATA 	Keypress: lshift
720.2698 	DATA 	Keypress: t
722.2722 	DATA 	Keypress: lshift
722.2737 	DATA 	Keypress: t
724.2706 	DATA 	Keypress: lshift
724.2721 	DATA 	Keypress: t
726.2654 	DATA 	Keypress: lshift
726.2669 	DATA 	Keypress: t
726.7359 	INFO 	Start of the control block 15 at 720.5870864419994
728.2674 	DATA 	Keypress: lshift
728.2689 	DATA 	Keypress: t
728.7432 	INFO 	Trial c_std_ccw at 722.5943848370007
730.8487 	INFO 	Trial c_std_v at 724.6998745660021
730.8501 	DATA 	Keypress: lshift
730.8513 	DATA 	Keypress: t
732.9393 	INFO 	Trial c_std_ccw at 726.7905032519993
732.9408 	DATA 	Keypress: lshift
732.9421 	DATA 	Keypress: t
734.9779 	INFO 	Trial c_std_cw at 728.8290234490014
735.9863 	DATA 	Keypress: lshift
735.9878 	DATA 	Keypress: t
736.8853 	INFO 	Trial c_dev_v at 730.7364854549996
736.8890 	DATA 	Keypress: lshift
736.8911 	DATA 	Keypress: t
737.3848 	INFO 	Key b was pressed with a reaction time of 0.48600495099890395 seconds!
737.9029 	DATA 	Keypress: b
738.8289 	INFO 	Trial c_std_ccw at 732.6800563270008
738.8320 	DATA 	Keypress: lshift
738.8334 	DATA 	Keypress: t
740.8097 	INFO 	Trial c_std_v at 734.6608693050002
740.8110 	DATA 	Keypress: lshift
740.8122 	DATA 	Keypress: t
742.9081 	INFO 	Trial c_dev_v at 736.7592096320004
742.9095 	DATA 	Keypress: lshift
742.9109 	DATA 	Keypress: t
743.3879 	INFO 	Key b was pressed with a reaction time of 0.47125800600042567 seconds!
743.9207 	DATA 	Keypress: b
744.8267 	INFO 	Trial c_std_ccw at 738.6778826469999
744.8283 	DATA 	Keypress: lshift
744.8296 	DATA 	Keypress: t
746.8650 	INFO 	Trial c_std_cw at 740.7161097839999
747.8751 	DATA 	Keypress: lshift
747.8765 	DATA 	Keypress: t
748.9741 	INFO 	Trial c_dev_ccw at 742.8252130569999
748.9772 	DATA 	Keypress: lshift
748.9788 	DATA 	Keypress: t
749.5590 	INFO 	Key b was pressed with a reaction time of 0.5738445839997439 seconds!
749.9887 	DATA 	Keypress: b
751.0552 	INFO 	Trial c_std_cw at 744.9063952069992
751.0584 	DATA 	Keypress: lshift
751.0599 	DATA 	Keypress: t
753.0858 	INFO 	Trial c_std_cw at 746.9369082170015
753.0889 	DATA 	Keypress: lshift
753.0903 	DATA 	Keypress: t
754.9962 	INFO 	Trial c_std_v at 748.8473464039998
754.9990 	DATA 	Keypress: lshift
755.0011 	DATA 	Keypress: t
757.0079 	INFO 	Trial c_std_cw at 750.8590521670012
757.0091 	DATA 	Keypress: lshift
757.0106 	DATA 	Keypress: t
758.9971 	INFO 	Trial c_dev_cw at 752.8482514259995
758.9998 	DATA 	Keypress: lshift
759.0017 	DATA 	Keypress: t
759.5250 	INFO 	Key b was pressed with a reaction time of 0.516153631000634 seconds!
760.0126 	DATA 	Keypress: b
760.9790 	INFO 	Trial c_std_v at 754.8301317389996
760.9808 	DATA 	Keypress: lshift
760.9824 	DATA 	Keypress: t
762.9080 	INFO 	Trial c_std_ccw at 756.7591082090003
762.9110 	DATA 	Keypress: lshift
762.9124 	DATA 	Keypress: t
764.9181 	INFO 	End of the control block 15 at 758.769228961999
764.9214 	DATA 	Keypress: lshift
764.9230 	DATA 	Keypress: t
766.2715 	DATA 	Keypress: lshift
766.2728 	DATA 	Keypress: t
768.2650 	DATA 	Keypress: lshift
768.2662 	DATA 	Keypress: t
770.2657 	DATA 	Keypress: lshift
770.2674 	DATA 	Keypress: t
772.2666 	DATA 	Keypress: lshift
772.2678 	DATA 	Keypress: t
774.2715 	DATA 	Keypress: lshift
774.2732 	DATA 	Keypress: t
774.9280 	INFO 	Start of the main block 16 at 768.7791517820006
776.2711 	DATA 	Keypress: lshift
776.2722 	DATA 	Keypress: t
776.9351 	INFO 	Trial m_std_ccw at 770.7862743320002
778.9807 	INFO 	Trial m_std_ccw at 772.8318504910021
778.9820 	DATA 	Keypress: lshift
778.9834 	DATA 	Keypress: t
780.8893 	INFO 	Trial m_dev at 774.7404633410006
780.8907 	DATA 	Keypress: lshift
780.8920 	DATA 	Keypress: t
782.8079 	INFO 	Trial m_std_cw at 776.659084785002
782.8091 	DATA 	Keypress: lshift
782.8105 	DATA 	Keypress: t
784.8379 	INFO 	Trial m_std_cw at 778.6890171750019
784.8393 	DATA 	Keypress: lshift
784.8406 	DATA 	Keypress: t
786.9371 	INFO 	Trial m_dev at 780.7882048819993
786.9399 	DATA 	Keypress: lshift
786.9416 	DATA 	Keypress: t
788.9072 	INFO 	Trial m_std_cw at 782.7583449110025
788.9106 	DATA 	Keypress: lshift
788.9120 	DATA 	Keypress: t
790.9578 	INFO 	Trial m_std_ccw at 784.8089607990005
790.9592 	DATA 	Keypress: lshift
790.9605 	DATA 	Keypress: t
791.6111 	INFO 	Key b was pressed with a reaction time of 0.6446655719992123 seconds!
791.9702 	DATA 	Keypress: b
793.0564 	INFO 	Trial m_dev at 786.9075806229994
793.0580 	DATA 	Keypress: lshift
793.0610 	DATA 	Keypress: t
794.9684 	INFO 	Trial m_std_ccw at 788.8195073930001
794.9699 	DATA 	Keypress: lshift
794.9712 	DATA 	Keypress: t
797.0778 	INFO 	Trial m_std_ccw at 790.9289118740016
797.0805 	DATA 	Keypress: lshift
797.0819 	DATA 	Keypress: t
797.8921 	INFO 	Key b was pressed with a reaction time of 0.8046032780002861 seconds!
798.0897 	DATA 	Keypress: b
799.0675 	INFO 	Trial m_dev at 792.9186717760022
799.0692 	DATA 	Keypress: lshift
799.0706 	DATA 	Keypress: t
801.0761 	INFO 	Trial m_std_ccw at 794.9272203770015
801.0791 	DATA 	Keypress: lshift
801.0806 	DATA 	Keypress: t
803.0259 	INFO 	Trial m_std_cw at 796.8770673969993
803.0289 	DATA 	Keypress: lshift
803.0303 	DATA 	Keypress: t
804.9962 	INFO 	Trial m_std_cw at 798.847365337002
804.9993 	DATA 	Keypress: lshift
805.0011 	DATA 	Keypress: t
806.9177 	INFO 	Trial m_std_cw at 800.7689007740009
806.9204 	DATA 	Keypress: lshift
806.9219 	DATA 	Keypress: t
808.9287 	INFO 	Trial m_std_cw at 802.7798306010009
808.9299 	DATA 	Keypress: lshift
808.9312 	DATA 	Keypress: t
810.9970 	INFO 	Trial m_std_ccw at 804.8481784860014
810.9993 	DATA 	Keypress: lshift
811.0006 	DATA 	Keypress: t
811.6388 	INFO 	Key b was pressed with a reaction time of 0.631365111003106 seconds!
812.0113 	DATA 	Keypress: b
813.1076 	INFO 	End of the main block 16 at 806.9587687530002
813.1098 	DATA 	Keypress: lshift
813.1112 	DATA 	Keypress: t
814.2683 	DATA 	Keypress: lshift
814.2696 	DATA 	Keypress: t
816.2696 	DATA 	Keypress: lshift
816.2708 	DATA 	Keypress: t
818.2694 	DATA 	Keypress: lshift
818.2709 	DATA 	Keypress: t
820.2694 	DATA 	Keypress: lshift
820.2707 	DATA 	Keypress: t
822.2738 	DATA 	Keypress: lshift
822.2756 	DATA 	Keypress: t
823.1160 	INFO 	Start of the control block 17 at 816.9671416769997
824.2698 	DATA 	Keypress: lshift
824.2713 	DATA 	Keypress: t
825.1234 	INFO 	Trial c_std_ccw at 818.974536488
827.0491 	INFO 	Trial c_std_v at 820.9002067180008
827.0508 	DATA 	Keypress: lshift
827.0524 	DATA 	Keypress: t
829.0793 	INFO 	Trial c_dev_v at 822.9305024509995
829.0808 	DATA 	Keypress: lshift
829.0822 	DATA 	Keypress: t
829.6719 	INFO 	Key b was pressed with a reaction time of 0.5822806369978935 seconds!
830.0934 	DATA 	Keypress: b
831.0597 	INFO 	Trial c_std_ccw at 824.9108340240018
831.0612 	DATA 	Keypress: lshift
831.0626 	DATA 	Keypress: t
833.1381 	INFO 	Trial c_std_cw at 826.9892122429992
833.1408 	DATA 	Keypress: lshift
833.1422 	DATA 	Keypress: t
835.1492 	INFO 	Trial c_dev_ccw at 829.0003479980005
835.1524 	DATA 	Keypress: lshift
835.1540 	DATA 	Keypress: t
835.7040 	INFO 	Key b was pressed with a reaction time of 0.5425521640027 seconds!
836.1641 	DATA 	Keypress: b
837.1415 	INFO 	Trial c_std_cw at 830.9926636970013
837.1448 	DATA 	Keypress: lshift
837.1463 	DATA 	Keypress: t
839.1621 	INFO 	Trial c_std_cw at 833.0132393090025
839.1651 	DATA 	Keypress: lshift
839.1667 	DATA 	Keypress: t
841.1024 	INFO 	Trial c_std_cw at 834.9535188910013
841.1038 	DATA 	Keypress: lshift
841.1052 	DATA 	Keypress: t
843.1410 	INFO 	Trial c_dev_cw at 836.9921911660022
843.7038 	INFO 	Key b was pressed with a reaction time of 0.5545967129983183 seconds!
844.1508 	DATA 	Keypress: lshift
844.1521 	DATA 	Keypress: t
844.1541 	DATA 	Keypress: b
845.1292 	INFO 	Trial c_std_v at 838.9804010070002
845.1309 	DATA 	Keypress: lshift
845.1331 	DATA 	Keypress: t
847.2197 	INFO 	Trial c_std_ccw at 841.070826170002
847.2210 	DATA 	Keypress: lshift
847.2222 	DATA 	Keypress: t
849.2481 	INFO 	Trial c_std_ccw at 843.099222361001
849.2508 	DATA 	Keypress: lshift
849.2522 	DATA 	Keypress: t
851.2883 	INFO 	Trial c_std_ccw at 845.1394999120021
852.2959 	DATA 	Keypress: lshift
852.2972 	DATA 	Keypress: t
852.2986 	DATA 	Keypress: lshift
852.3000 	DATA 	Keypress: t
853.2948 	INFO 	Trial c_dev_v at 847.1459440100007
853.7810 	INFO 	Key b was pressed with a reaction time of 0.4792249999991327 seconds!
854.3037 	DATA 	Keypress: b
854.3048 	DATA 	Keypress: lshift
854.3060 	DATA 	Keypress: t
855.3318 	INFO 	Trial c_std_v at 849.1829931810025
856.3410 	DATA 	Keypress: lshift
856.3425 	DATA 	Keypress: t
857.3080 	INFO 	Trial c_std_v at 851.1591511789993
858.3181 	DATA 	Keypress: lshift
858.3194 	DATA 	Keypress: t
859.3069 	INFO 	Trial c_std_cw at 853.1580357519997
860.3168 	DATA 	Keypress: lshift
860.3181 	DATA 	Keypress: t
861.2858 	INFO 	End of the control block 17 at 855.1369055989999
862.2660 	DATA 	Keypress: lshift
862.2677 	DATA 	Keypress: t
864.2738 	DATA 	Keypress: lshift
864.2754 	DATA 	Keypress: t
866.2739 	DATA 	Keypress: lshift
866.2752 	DATA 	Keypress: t
868.2637 	DATA 	Keypress: lshift
868.2656 	DATA 	Keypress: t
870.2745 	DATA 	Keypress: lshift
870.2761 	DATA 	Keypress: t
871.2933 	INFO 	Start of the main block 18 at 865.1444624180003
872.2725 	DATA 	Keypress: lshift
872.2740 	DATA 	Keypress: t
873.3000 	INFO 	Trial m_std_ccw at 867.1511967040024
874.3076 	DATA 	Keypress: lshift
874.3091 	DATA 	Keypress: t
875.2866 	INFO 	Trial m_std_cw at 869.1377204349992
876.2960 	DATA 	Keypress: lshift
876.2977 	DATA 	Keypress: t
877.3250 	INFO 	Trial m_dev at 871.1761073529997
878.3347 	DATA 	Keypress: lshift
878.3360 	DATA 	Keypress: t
879.3134 	INFO 	Trial m_std_cw at 873.1645905290025
880.3229 	DATA 	Keypress: lshift
880.3243 	DATA 	Keypress: t
881.3418 	INFO 	Trial m_std_ccw at 875.1929131220022
882.0460 	INFO 	Key b was pressed with a reaction time of 0.6950831360009033 seconds!
882.3531 	DATA 	Keypress: b
882.3542 	DATA 	Keypress: lshift
882.3555 	DATA 	Keypress: t
883.3710 	INFO 	Trial m_dev at 877.2221404180018
884.3795 	DATA 	Keypress: lshift
884.3810 	DATA 	Keypress: t
885.3269 	INFO 	Trial m_std_cw at 879.1780976640002
886.3363 	DATA 	Keypress: lshift
886.3377 	DATA 	Keypress: t
887.3837 	INFO 	Trial m_std_cw at 881.2348779439999
888.3940 	DATA 	Keypress: lshift
888.3954 	DATA 	Keypress: t
889.3711 	INFO 	Trial m_std_ccw at 883.2222099810024
890.0389 	INFO 	Key b was pressed with a reaction time of 0.6612074599979678 seconds!
890.3817 	DATA 	Keypress: b
890.3828 	DATA 	Keypress: lshift
890.3842 	DATA 	Keypress: t
891.4078 	INFO 	Trial m_std_ccw at 885.258909578999
892.4178 	DATA 	Keypress: lshift
892.4193 	DATA 	Keypress: t
893.3842 	INFO 	Trial m_dev at 887.2353359709996
894.3936 	DATA 	Keypress: lshift
894.3950 	DATA 	Keypress: t
895.4327 	INFO 	Trial m_std_cw at 889.2838058880006
896.4421 	DATA 	Keypress: lshift
896.4435 	DATA 	Keypress: t
897.4612 	INFO 	Trial m_std_ccw at 891.3123122830002
898.4709 	DATA 	Keypress: lshift
898.4723 	DATA 	Keypress: t
899.4898 	INFO 	Trial m_std_cw at 893.3409556480001
900.1260 	INFO 	Key b was pressed with a reaction time of 0.6274629889994685 seconds!
900.5007 	DATA 	Keypress: b
900.5018 	DATA 	Keypress: lshift
900.5030 	DATA 	Keypress: t
901.4586 	INFO 	Trial m_std_cw at 895.3097179979995
902.4684 	DATA 	Keypress: lshift
902.4699 	DATA 	Keypress: t
903.4754 	INFO 	Trial m_dev at 897.3265730200001
904.4842 	DATA 	Keypress: lshift
904.4855 	DATA 	Keypress: t
905.4515 	INFO 	Trial m_std_ccw at 899.3026412500003
906.4610 	DATA 	Keypress: lshift
906.4630 	DATA 	Keypress: t
906.6170 	INFO 	Key b was pressed with a reaction time of 1.15873134299909 seconds!
907.4383 	INFO 	Trial m_std_ccw at 901.2894654129996
907.4423 	DATA 	Keypress: b
908.4500 	DATA 	Keypress: lshift
908.4513 	DATA 	Keypress: t
909.4381 	INFO 	End of the main block 18 at 903.2892059780024
910.2705 	DATA 	Keypress: lshift
910.2717 	DATA 	Keypress: t
912.2709 	DATA 	Keypress: lshift
912.2721 	DATA 	Keypress: t
914.2755 	DATA 	Keypress: lshift
914.2773 	DATA 	Keypress: t
916.2660 	DATA 	Keypress: lshift
916.2671 	DATA 	Keypress: t
918.2694 	DATA 	Keypress: lshift
918.2708 	DATA 	Keypress: t
919.4535 	EXP 	unnamed TextStim: height = 0.05
919.4535 	EXP 	unnamed TextStim: height = 0.05
919.4535 	EXP 	unnamed TextStim: height = 0.05
919.4535 	EXP 	unnamed TextStim: text = 'End of the Experiment!'
920.2742 	DATA 	Keypress: lshift
920.2756 	DATA 	Keypress: t
921.7370 	EXP 	window1: mouseVisible = True
