20.7970 	WARNING 	User requested fullscreen with size [1920 1080], but screen is actually [1440, 900]. Using actual size
22.5737 	WARNING 	Couldn't measure a consistent frame rate!
  - Is your graphics card set to sync to vertical blank?
  - Are you running other processes on your computer?

22.5747 	EXP 	Created window1 = Window(allowGUI=True, allowStencil=False, autoLog=True, backendConf=UNKNOWN, backgroundFit=<method-wrapper '__getattribute__' of attributeSetter object at 0x7fa78326ee20>, backgroundImage=<method-wrapper '__getattribute__' of attributeSetter object at 0x7fa78326edc0>, bitsMode=UNKNOWN, blendMode='avg', bpc=(8, 8, 8), color=array([0, 0, 0]), colorSpace='rgb', depthBits=8, fullscr=<method-wrapper '__getattribute__' of attributeSetter object at 0x7fa78326ec10>, gamma=None, gammaErrorPolicy='raise', lms=UNKNOWN, monitor=<psychopy.monitors.calibTools.Monitor object at 0x7fa7a08fa580>, multiSample=False, name='window1', numSamples=2, pos=[360.0, 225.0], screen=0, size=array([2880, 1800]), stencilBits=0, stereo=False, title='PsychoPy', units='height', useFBO=True, useRetina=True, viewOri=0.0, viewPos=None, viewScale=None, waitBlanking=True, winType='pyglet')
22.5751 	EXP 	window1: mouseVisible = True
22.5755 	EXP 	window1: mouseVisible = True
22.7481 	EXP 	Created unnamed ImageStim = ImageStim(__class__=<class 'psychopy.visual.image.ImageStim'>, anchor=('center', 'center'), autoLog=True, color=array([1., 1., 1.]), colorSpace='rgb', contrast=1.0, depth=0, draggable=False, flipHoriz=False, flipVert=False, image='./images_eeg/grey_bg.png', interpolate=False, mask=None, maskParams=None, name='unnamed ImageStim', opacity=1.0, ori=0.0, pos=array([0., 0.]), size=array([1.72      , 1.05777778]), texRes=128, units='height', win=Window(...))
22.7481 	EXP 	window1: backgroundImage = './images_eeg/grey_bg.png'
22.7481 	EXP 	window1: backgroundFit = 'none'
22.7562 	EXP 	window1: Attempting to measure frame rate of screen (0) ...
22.7562 	EXP 	window1: recordFrameIntervals = False
22.9020 	EXP 	window1: recordFrameIntervals = True
23.0847 	EXP 	Screen (0) actual frame rate measured at 60.01Hz
23.0848 	EXP 	window1: recordFrameIntervals = True
23.0872 	EXP 	window1: mouseVisible = False
25.7371 	WARNING 	keyboard.Keyboard already using '' backend. Can not switch to 'psychotoolbox'
25.7379 	EXP 	VDT: status = STARTED
25.7386 	EXP 	window1: mouseVisible = True
25.8644 	EXP 	Created Vertical = ImageStim(__class__=<class 'psychopy.visual.image.ImageStim'>, anchor=('center', 'center'), autoLog=True, color=array([1., 1., 1.]), colorSpace='rgb', contrast=1.0, depth=0.0, draggable=False, flipHoriz=False, flipVert=False, image='./images_eeg/Ref_yellow.png', interpolate=True, mask=None, maskParams=None, name='Vertical', opacity=1.0, ori=0.0, pos=array([0., 0.]), size=array([1.72      , 1.05777778]), texRes=128.0, units='height', win=Window(...))
25.8646 	EXP 	window1: mouseVisible = True
25.9818 	EXP 	Created PresentedLine1 = ImageStim(__class__=<class 'psychopy.visual.image.ImageStim'>, anchor=('center', 'center'), autoLog=True, color=array([1., 1., 1.]), colorSpace='rgb', contrast=1.0, depth=0.0, draggable=False, flipHoriz=False, flipVert=False, image='./images_eeg/grey_bg.png', interpolate=True, mask=None, maskParams=None, name='PresentedLine1', opacity=1.0, ori=0.0, pos=array([0., 0.]), size=array([1.72      , 1.05777778]), texRes=128.0, units='height', win=Window(...))
25.9819 	EXP 	window1: mouseVisible = True
26.0935 	EXP 	Created FixDot2 = ImageStim(__class__=<class 'psychopy.visual.image.ImageStim'>, anchor=('center', 'center'), autoLog=True, color=array([1., 1., 1.]), colorSpace='rgb', contrast=1.0, depth=-0.0, draggable=False, flipHoriz=False, flipVert=False, image='./images_eeg/grey_bg.png', interpolate=True, mask=None, maskParams=None, name='FixDot2', opacity=1.0, ori=0.0, pos=array([0., 0.]), size=array([1.72      , 1.05777778]), texRes=128.0, units='height', win=Window(...))
0.0263 	EXP 	Vertical: autoDraw = True
2.8866 	WARNING 	t of last frame was 42.53ms (=1/23)
2.8984 	DATA 	Keypress: space
2.9118 	WARNING 	t of last frame was 25.24ms (=1/39)
6.0776 	EXP 	Imported loopTemplate18.xlsx as conditions, 18 conditions, 1 params
6.0803 	EXP 	Created sequence: sequential, trialTypes=18, nReps=1, seed=None
6.0807 	EXP 	New trial (rep=0, index=0): {'image': './images_eeg/Sphere_CCW-3_BG-grey_stim-white.png'}
6.1273 	DATA 	Keypress: s
6.1358 	WARNING 	t of last frame was 76.87ms (=1/13)
6.1358 	EXP 	Vertical: autoDraw = False
6.1358 	EXP 	PresentedLine1: image = './images_eeg/Sphere_CCW-3_BG-grey_stim-white.png'
6.1358 	EXP 	PresentedLine1: autoDraw = True
6.8262 	EXP 	FixDot2: autoDraw = True
6.9012 	EXP 	PresentedLine1: autoDraw = False
7.0240 	EXP 	New trial (rep=0, index=1): {'image': './images_eeg/Sphere_CW-3_BG-grey_stim-white.png'}
7.0803 	WARNING 	t of last frame was 58.67ms (=1/17)
7.0803 	EXP 	Vertical: autoDraw = False
7.0803 	EXP 	PresentedLine1: autoDraw = False
7.0803 	EXP 	FixDot2: autoDraw = False
7.0803 	EXP 	PresentedLine1: image = './images_eeg/Sphere_CW-3_BG-grey_stim-white.png'
7.0803 	EXP 	PresentedLine1: autoDraw = True
7.8287 	EXP 	FixDot2: autoDraw = True
7.8449 	EXP 	PresentedLine1: autoDraw = False
8.0786 	EXP 	New trial (rep=0, index=2): {'image': './images_eeg/Sphere_CW-3_BG-grey_stim-white.png'}
8.1350 	WARNING 	Multiple dropped frames have occurred - I'll stop bothering you about them!
8.1342 	EXP 	Vertical: autoDraw = False
8.1342 	EXP 	PresentedLine1: autoDraw = False
8.1342 	EXP 	FixDot2: autoDraw = False
8.1342 	EXP 	PresentedLine1: image = './images_eeg/Sphere_CW-3_BG-grey_stim-white.png'
8.1342 	EXP 	PresentedLine1: autoDraw = True
8.8308 	EXP 	FixDot2: autoDraw = True
8.8862 	EXP 	PresentedLine1: autoDraw = False
8.9946 	EXP 	New trial (rep=0, index=3): {'image': './images_eeg/Sphere_Ref_BG-grey_stim-yellow.png'}
9.0502 	EXP 	Vertical: autoDraw = False
9.0502 	EXP 	PresentedLine1: autoDraw = False
9.0502 	EXP 	FixDot2: autoDraw = False
9.0502 	EXP 	PresentedLine1: image = './images_eeg/Sphere_Ref_BG-grey_stim-yellow.png'
9.0652 	EXP 	PresentedLine1: autoDraw = True
9.8254 	EXP 	PresentedLine1: autoDraw = False
9.8254 	EXP 	FixDot2: autoDraw = True
10.0126 	EXP 	New trial (rep=0, index=4): {'image': './images_eeg/Sphere_CCW-3_BG-grey_stim-white.png'}
10.0648 	EXP 	Vertical: autoDraw = False
10.0648 	EXP 	PresentedLine1: autoDraw = False
10.0648 	EXP 	FixDot2: autoDraw = False
10.0648 	EXP 	PresentedLine1: image = './images_eeg/Sphere_CCW-3_BG-grey_stim-white.png'
10.0791 	EXP 	PresentedLine1: autoDraw = True
10.8308 	EXP 	FixDot2: autoDraw = True
10.8465 	EXP 	PresentedLine1: autoDraw = False
11.0333 	EXP 	New trial (rep=0, index=5): {'image': './images_eeg/Sphere_Ref_BG-grey_stim-white.png'}
11.0871 	EXP 	Vertical: autoDraw = False
11.0871 	EXP 	PresentedLine1: autoDraw = False
11.0871 	EXP 	FixDot2: autoDraw = False
11.0871 	EXP 	PresentedLine1: image = './images_eeg/Sphere_Ref_BG-grey_stim-white.png'
11.0871 	EXP 	PresentedLine1: autoDraw = True
11.8310 	EXP 	FixDot2: autoDraw = True
11.8470 	EXP 	PresentedLine1: autoDraw = False
11.9993 	EXP 	New trial (rep=0, index=6): {'image': './images_eeg/Sphere_CW-3_BG-grey_stim-white.png'}
12.0465 	EXP 	Vertical: autoDraw = False
12.0465 	EXP 	PresentedLine1: autoDraw = False
12.0465 	EXP 	FixDot2: autoDraw = False
12.0465 	EXP 	PresentedLine1: image = './images_eeg/Sphere_CW-3_BG-grey_stim-white.png'
12.0611 	EXP 	PresentedLine1: autoDraw = True
12.8088 	EXP 	PresentedLine1: autoDraw = False
12.8250 	EXP 	FixDot2: autoDraw = True
13.0753 	EXP 	FixDot2: autoDraw = False
13.0919 	EXP 	New trial (rep=0, index=7): {'image': './images_eeg/Sphere_CCW-3_BG-grey_stim-white.png'}
13.1475 	EXP 	Vertical: autoDraw = False
13.1475 	EXP 	PresentedLine1: autoDraw = False
13.1475 	EXP 	FixDot2: autoDraw = False
13.1475 	EXP 	PresentedLine1: image = './images_eeg/Sphere_CCW-3_BG-grey_stim-white.png'
13.1475 	EXP 	PresentedLine1: autoDraw = True
13.8281 	EXP 	FixDot2: autoDraw = True
13.9032 	EXP 	PresentedLine1: autoDraw = False
14.0789 	EXP 	New trial (rep=0, index=8): {'image': './images_eeg/Sphere_CW-3_BG-grey_stim-white.png'}
14.1378 	EXP 	Vertical: autoDraw = False
14.1378 	EXP 	PresentedLine1: autoDraw = False
14.1378 	EXP 	FixDot2: autoDraw = False
14.1378 	EXP 	PresentedLine1: image = './images_eeg/Sphere_CW-3_BG-grey_stim-white.png'
14.1378 	EXP 	PresentedLine1: autoDraw = True
14.8311 	EXP 	FixDot2: autoDraw = True
14.8897 	EXP 	PresentedLine1: autoDraw = False
14.9797 	EXP 	New trial (rep=0, index=9): {'image': './images_eeg/Sphere_CW-3_BG-grey_stim-yellow.png'}
15.0349 	EXP 	Vertical: autoDraw = False
15.0349 	EXP 	PresentedLine1: autoDraw = False
15.0349 	EXP 	FixDot2: autoDraw = False
15.0349 	EXP 	PresentedLine1: image = './images_eeg/Sphere_CW-3_BG-grey_stim-yellow.png'
15.0618 	EXP 	PresentedLine1: autoDraw = True
15.8269 	EXP 	PresentedLine1: autoDraw = False
15.8269 	EXP 	FixDot2: autoDraw = True
16.0130 	EXP 	New trial (rep=0, index=10): {'image': './images_eeg/Sphere_CCW-3_BG-grey_stim-white.png'}
16.0697 	EXP 	Vertical: autoDraw = False
16.0697 	EXP 	PresentedLine1: autoDraw = False
16.0697 	EXP 	FixDot2: autoDraw = False
16.0697 	EXP 	PresentedLine1: image = './images_eeg/Sphere_CCW-3_BG-grey_stim-white.png'
16.0697 	EXP 	PresentedLine1: autoDraw = True
16.8261 	EXP 	PresentedLine1: autoDraw = False
16.8261 	EXP 	FixDot2: autoDraw = True
17.0282 	EXP 	New trial (rep=0, index=11): {'image': './images_eeg/Sphere_CW-3_BG-grey_stim-white.png'}
17.0837 	EXP 	Vertical: autoDraw = False
17.0837 	EXP 	PresentedLine1: autoDraw = False
17.0837 	EXP 	FixDot2: autoDraw = False
17.0837 	EXP 	PresentedLine1: image = './images_eeg/Sphere_CW-3_BG-grey_stim-white.png'
17.0837 	EXP 	PresentedLine1: autoDraw = True
17.8319 	EXP 	FixDot2: autoDraw = True
17.8476 	EXP 	PresentedLine1: autoDraw = False
18.0618 	EXP 	New trial (rep=0, index=12): {'image': './images_eeg/Sphere_Ref_BG-grey_stim-yellow.png'}
18.1177 	EXP 	Vertical: autoDraw = False
18.1177 	EXP 	PresentedLine1: autoDraw = False
18.1177 	EXP 	FixDot2: autoDraw = False
18.1177 	EXP 	PresentedLine1: image = './images_eeg/Sphere_Ref_BG-grey_stim-yellow.png'
18.1177 	EXP 	PresentedLine1: autoDraw = True
18.8305 	EXP 	FixDot2: autoDraw = True
18.8875 	EXP 	PresentedLine1: autoDraw = False
19.0170 	EXP 	New trial (rep=0, index=13): {'image': './images_eeg/Sphere_CCW-3_BG-grey_stim-white.png'}
19.0691 	EXP 	Vertical: autoDraw = False
19.0691 	EXP 	PresentedLine1: autoDraw = False
19.0691 	EXP 	FixDot2: autoDraw = False
19.0691 	EXP 	PresentedLine1: image = './images_eeg/Sphere_CCW-3_BG-grey_stim-white.png'
19.0691 	EXP 	PresentedLine1: autoDraw = True
19.8265 	EXP 	PresentedLine1: autoDraw = False
19.8265 	EXP 	FixDot2: autoDraw = True
19.9930 	EXP 	New trial (rep=0, index=14): {'image': './images_eeg/Sphere_Ref_BG-grey_stim-white.png'}
20.0358 	EXP 	Vertical: autoDraw = False
20.0358 	EXP 	PresentedLine1: autoDraw = False
20.0358 	EXP 	FixDot2: autoDraw = False
20.0358 	EXP 	PresentedLine1: image = './images_eeg/Sphere_Ref_BG-grey_stim-white.png'
20.0655 	EXP 	PresentedLine1: autoDraw = True
20.8264 	EXP 	PresentedLine1: autoDraw = False
20.8264 	EXP 	FixDot2: autoDraw = True
20.9979 	EXP 	New trial (rep=0, index=15): {'image': './images_eeg/Sphere_CCW-3_BG-grey_stim-yellow.png'}
21.0476 	EXP 	Vertical: autoDraw = False
21.0476 	EXP 	PresentedLine1: autoDraw = False
21.0476 	EXP 	FixDot2: autoDraw = False
21.0476 	EXP 	PresentedLine1: image = './images_eeg/Sphere_CCW-3_BG-grey_stim-yellow.png'
21.0628 	EXP 	PresentedLine1: autoDraw = True
21.8269 	EXP 	PresentedLine1: autoDraw = False
21.8269 	EXP 	FixDot2: autoDraw = True
22.0900 	EXP 	FixDot2: autoDraw = False
22.0928 	EXP 	New trial (rep=0, index=16): {'image': './images_eeg/Sphere_CW-3_BG-grey_stim-white.png'}
22.1507 	EXP 	Vertical: autoDraw = False
22.1507 	EXP 	PresentedLine1: autoDraw = False
22.1507 	EXP 	FixDot2: autoDraw = False
22.1507 	EXP 	PresentedLine1: image = './images_eeg/Sphere_CW-3_BG-grey_stim-white.png'
22.1507 	EXP 	PresentedLine1: autoDraw = True
22.8303 	EXP 	FixDot2: autoDraw = True
22.9051 	EXP 	PresentedLine1: autoDraw = False
22.9780 	EXP 	New trial (rep=0, index=17): {'image': './images_eeg/Sphere_CCW-3_BG-grey_stim-white.png'}
23.0350 	EXP 	Vertical: autoDraw = False
23.0350 	EXP 	PresentedLine1: autoDraw = False
23.0350 	EXP 	FixDot2: autoDraw = False
23.0350 	EXP 	PresentedLine1: image = './images_eeg/Sphere_CCW-3_BG-grey_stim-white.png'
23.0617 	EXP 	PresentedLine1: autoDraw = True
23.8266 	EXP 	PresentedLine1: autoDraw = False
23.8266 	EXP 	FixDot2: autoDraw = True
24.0570 	EXP 	Vertical: autoDraw = False
24.0570 	EXP 	PresentedLine1: autoDraw = False
24.0570 	EXP 	FixDot2: autoDraw = False
24.0584 	EXP 	VDT: status = STOPPED
31.0821 	EXP 	window1: mouseVisible = True
