2.2262 	INFO 	Loaded monitor calibration from ['2023_03_20 18:26']
3.8080 	WARNING 	Couldn't measure a consistent frame rate!
  - Is your graphics card set to sync to vertical blank?
  - Are you running other processes on your computer?

3.8084 	EXP 	Created window1 = Window(allowGUI=False, allowStencil=False, autoLog=True, backendConf=UNKNOWN, backgroundFit=<method-wrapper '__getattribute__' of attributeSetter object at 0x7f8a517f6130>, backgroundImage=<method-wrapper '__getattribute__' of attributeSetter object at 0x7f8a517f60d0>, bitsMode=UNKNOWN, blendMode='avg', bpc=(8, 8, 8), color=array([0, 0, 0]), colorSpace='rgb', depthBits=8, fullscr=<method-wrapper '__getattribute__' of attributeSetter object at 0x7f8a517e9f10>, gamma=None, gammaErrorPolicy='raise', lms=UNKNOWN, monitor=<psychopy.monitors.calibTools.Monitor object at 0x7f8a61664250>, multiSample=False, name='window1', numSamples=2, pos=[0.0, 0.0], screen=1, size=array([1920, 1080]), stencilBits=0, stereo=False, title='PsychoPy', units='height', useFBO=True, useRetina=False, viewOri=0.0, viewPos=None, viewScale=None, waitBlanking=True, winType='pyglet')
3.8086 	EXP 	window1: mouseVisible = True
3.8086 	EXP 	window1: backgroundImage = None
3.8086 	EXP 	window1: backgroundFit = 'contain'
5.9186 	INFO 	keyboard.Keyboard is using ptb backend.
5.9192 	EXP 	window1: mouseVisible = True
5.9588 	EXP 	Created unnamed TextStim = TextStim(__class__=<class 'psychopy.visual.text.TextStim'>, alignHoriz=method-wrapper(...), alignText='center', alignVert=method-wrapper(...), anchorHoriz='center', anchorVert='center', antialias=True, autoDraw=False, autoLog=True, bold=False, color=array([1., 1., 1.]), colorSpace='rgb', contrast=1.0, depth=0, draggable=False, flipHoriz=False, flipVert=False, font='', fontFiles=[], height=0.2, italic=False, languageStyle='LTR', name='unnamed TextStim', opacity=1.0, ori=0.0, pos=array([0., 0.]), rgb=UNKNOWN, text='Waiting for the scanner triggers ...', units='height', win=Window(...), wrapWidth=1)
5.9593 	EXP 	window1: mouseVisible = True
5.9719 	EXP 	Created unnamed TextStim = TextStim(__class__=<class 'psychopy.visual.text.TextStim'>, alignHoriz=method-wrapper(...), alignText='center', alignVert=method-wrapper(...), anchorHoriz='center', anchorVert='center', antialias=True, autoDraw=False, autoLog=True, bold=False, color=array([1., 1., 1.]), colorSpace='rgb', contrast=1.0, depth=0, draggable=False, flipHoriz=False, flipVert=False, font='', fontFiles=[], height=0.2, italic=False, languageStyle='LTR', name='unnamed TextStim', opacity=1.0, ori=0.0, pos=array([0., 0.]), rgb=UNKNOWN, text='End of the block. \n (Please do not move!)', units='height', win=Window(...), wrapWidth=1)
5.9721 	EXP 	window1: mouseVisible = True
5.9809 	EXP 	Created unnamed TextStim = TextStim(__class__=<class 'psychopy.visual.text.TextStim'>, alignHoriz=method-wrapper(...), alignText='center', alignVert=method-wrapper(...), anchorHoriz='center', anchorVert='center', antialias=True, autoDraw=False, autoLog=True, bold=False, color=array([1., 1., 1.]), colorSpace='rgb', contrast=1.0, depth=0, draggable=False, flipHoriz=False, flipVert=False, font='', fontFiles=[], height=0.2, italic=False, languageStyle='LTR', name='unnamed TextStim', opacity=1.0, ori=0.0, pos=array([0., 0.]), rgb=UNKNOWN, text=str(...), units='height', win=Window(...), wrapWidth=1)
5.9812 	EXP 	window1: mouseVisible = True
5.9860 	EXP 	Created unnamed TextStim = TextStim(__class__=<class 'psychopy.visual.text.TextStim'>, alignHoriz=method-wrapper(...), alignText='center', alignVert=method-wrapper(...), anchorHoriz='center', anchorVert='center', antialias=True, autoDraw=False, autoLog=True, bold=False, color=array([1., 1., 1.]), colorSpace='rgb', contrast=1.0, depth=0, draggable=False, flipHoriz=False, flipVert=False, font='', fontFiles=[], height=0.2, italic=False, languageStyle='LTR', name='unnamed TextStim', opacity=1.0, ori=0.0, pos=array([0., 0.]), rgb=UNKNOWN, text='End of the Experiment!', units='height', win=Window(...), wrapWidth=1)
5.9862 	EXP 	window1: mouseVisible = True
6.1248 	EXP 	Created bg = ImageStim(__class__=<class 'psychopy.visual.image.ImageStim'>, anchor=('center', 'center'), autoLog=True, color=array([1., 1., 1.]), colorSpace='rgb', contrast=1.0, depth=0, draggable=False, flipHoriz=False, flipVert=False, image='./images_fMRI/grey_bg.png', interpolate=True, mask=None, maskParams=None, name='bg', opacity=1.0, ori=0.0, pos=array([0., 0.]), size=array([2., 1.]), texRes=128, units='height', win=Window(...))
6.1250 	EXP 	window1: mouseVisible = True
6.2471 	EXP 	Created ref_white = ImageStim(__class__=<class 'psychopy.visual.image.ImageStim'>, anchor=('center', 'center'), autoLog=True, color=array([1., 1., 1.]), colorSpace='rgb', contrast=1.0, depth=0, draggable=False, flipHoriz=False, flipVert=False, image='./images_fMRI/Ref_white.png', interpolate=True, mask=None, maskParams=None, name='ref_white', opacity=1.0, ori=0.0, pos=array([0., 0.]), size=array([1.43333333, 0.88148148]), texRes=128, units='height', win=Window(...))
6.2472 	EXP 	window1: mouseVisible = True
6.3671 	EXP 	Created ref_yellow = ImageStim(__class__=<class 'psychopy.visual.image.ImageStim'>, anchor=('center', 'center'), autoLog=True, color=array([1., 1., 1.]), colorSpace='rgb', contrast=1.0, depth=0, draggable=False, flipHoriz=False, flipVert=False, image='./images_fMRI/Ref_yellow.png', interpolate=True, mask=None, maskParams=None, name='ref_yellow', opacity=1.0, ori=0.0, pos=array([0., 0.]), size=array([1.43333333, 0.88148148]), texRes=128, units='height', win=Window(...))
6.3672 	EXP 	window1: mouseVisible = True
6.4952 	EXP 	Created cw_white = ImageStim(__class__=<class 'psychopy.visual.image.ImageStim'>, anchor=('center', 'center'), autoLog=True, color=array([1., 1., 1.]), colorSpace='rgb', contrast=1.0, depth=0, draggable=False, flipHoriz=False, flipVert=False, image=str(...), interpolate=True, mask=None, maskParams=None, name='cw_white', opacity=1.0, ori=0.0, pos=array([0., 0.]), size=array([1.43333333, 0.88148148]), texRes=128, units='height', win=Window(...))
6.4954 	EXP 	window1: mouseVisible = True
6.6202 	EXP 	Created cw_yellow = ImageStim(__class__=<class 'psychopy.visual.image.ImageStim'>, anchor=('center', 'center'), autoLog=True, color=array([1., 1., 1.]), colorSpace='rgb', contrast=1.0, depth=0, draggable=False, flipHoriz=False, flipVert=False, image=str(...), interpolate=True, mask=None, maskParams=None, name='cw_yellow', opacity=1.0, ori=0.0, pos=array([0., 0.]), size=array([1.43333333, 0.88148148]), texRes=128, units='height', win=Window(...))
6.6204 	EXP 	window1: mouseVisible = True
6.7372 	EXP 	Created ccw_white = ImageStim(__class__=<class 'psychopy.visual.image.ImageStim'>, anchor=('center', 'center'), autoLog=True, color=array([1., 1., 1.]), colorSpace='rgb', contrast=1.0, depth=0, draggable=False, flipHoriz=False, flipVert=False, image=str(...), interpolate=True, mask=None, maskParams=None, name='ccw_white', opacity=1.0, ori=0.0, pos=array([0., 0.]), size=array([1.43333333, 0.88148148]), texRes=128, units='height', win=Window(...))
6.7373 	EXP 	window1: mouseVisible = True
6.8626 	EXP 	Created ccw_yellow = ImageStim(__class__=<class 'psychopy.visual.image.ImageStim'>, anchor=('center', 'center'), autoLog=True, color=array([1., 1., 1.]), colorSpace='rgb', contrast=1.0, depth=0, draggable=False, flipHoriz=False, flipVert=False, image=str(...), interpolate=True, mask=None, maskParams=None, name='ccw_yellow', opacity=1.0, ori=0.0, pos=array([0., 0.]), size=array([1.43333333, 0.88148148]), texRes=128, units='height', win=Window(...))
6.8628 	EXP 	window1: mouseVisible = True
6.9857 	EXP 	Created v_white = ImageStim(__class__=<class 'psychopy.visual.image.ImageStim'>, anchor=('center', 'center'), autoLog=True, color=array([1., 1., 1.]), colorSpace='rgb', contrast=1.0, depth=0, draggable=False, flipHoriz=False, flipVert=False, image=str(...), interpolate=True, mask=None, maskParams=None, name='v_white', opacity=1.0, ori=0.0, pos=array([0., 0.]), size=array([1.43333333, 0.88148148]), texRes=128, units='height', win=Window(...))
6.9858 	EXP 	window1: mouseVisible = True
7.1068 	EXP 	Created v_yellow = ImageStim(__class__=<class 'psychopy.visual.image.ImageStim'>, anchor=('center', 'center'), autoLog=True, color=array([1., 1., 1.]), colorSpace='rgb', contrast=1.0, depth=0, draggable=False, flipHoriz=False, flipVert=False, image=str(...), interpolate=True, mask=None, maskParams=None, name='v_yellow', opacity=1.0, ori=0.0, pos=array([0., 0.]), size=array([1.43333333, 0.88148148]), texRes=128, units='height', win=Window(...))
7.1068 	INFO 	The block order is ['C', 'C', 'C', 'M', 'M', 'C', 'M', 'M', 'M', 'M', 'M', 'C', 'M', 'C', 'M', 'C', 'C', 'C']
7.1068 	INFO 	The elips tilt degree is 3
7.1261 	WARNING 	t of last frame was 3318.36ms (=1/0)
7.1261 	EXP 	unnamed TextStim: height = 0.05
7.1261 	EXP 	unnamed TextStim: height = 0.05
7.1261 	EXP 	unnamed TextStim: height = 0.05
7.1261 	EXP 	unnamed TextStim: height = 0.05
7.1261 	EXP 	unnamed TextStim: height = 0.05
7.1261 	EXP 	unnamed TextStim: height = 0.05
7.1261 	EXP 	unnamed TextStim: height = 0.05
7.1261 	EXP 	unnamed TextStim: text = 'Whenever you are ready\n press a button to start. '
9.8745 	DATA 	Keypress: b
10.3602 	WARNING 	t of last frame was 509.18ms (=1/1)
10.3602 	EXP 	unnamed TextStim: height = 0.05
10.3602 	EXP 	unnamed TextStim: height = 0.05
10.3602 	EXP 	unnamed TextStim: height = 0.05
10.3602 	EXP 	unnamed TextStim: text = 'Waiting for the scanner triggers ...'
10.3604 	EXP 	window1: mouseVisible = False
29.0229 	DATA 	Keypress: lshift
29.0254 	DATA 	Keypress: t
29.0271 	INFO 	Trigger 1 time: 25.212119397998322
31.0271 	DATA 	Keypress: lshift
31.0285 	DATA 	Keypress: t
31.0297 	INFO 	Trigger 2 time: 27.214648141001817
33.0237 	DATA 	Keypress: lshift
33.0266 	DATA 	Keypress: t
33.0280 	INFO 	Trigger 3 time: 29.2129416569951
35.0237 	DATA 	Keypress: lshift
35.0272 	DATA 	Keypress: t
35.0286 	INFO 	Trigger 4 time: 31.21361496800091
37.0237 	DATA 	Keypress: lshift
37.0256 	DATA 	Keypress: t
37.0267 	INFO 	Trigger 5 time: 33.211672459998226
37.0268 	INFO 	Start of the control block 1 at 33.21182533400133
37.0418 	WARNING 	t of last frame was 26681.57ms (=1/0)
39.0233 	DATA 	Keypress: lshift
39.0246 	DATA 	Keypress: t
39.0430 	INFO 	Trial c_std_cw at 35.22799286499503
39.0493 	WARNING 	t of last frame was 2007.47ms (=1/0)
40.0540 	WARNING 	Multiple dropped frames have occurred - I'll stop bothering you about them!
41.0394 	INFO 	Trial c_std_v at 37.22436561300128
41.0409 	DATA 	Keypress: lshift
41.0422 	DATA 	Keypress: t
43.0189 	INFO 	Trial c_std_ccw at 39.203859481996915
44.0267 	DATA 	Keypress: lshift
44.0283 	DATA 	Keypress: t
45.0355 	INFO 	Trial c_dev_v at 41.22046380300162
45.0386 	DATA 	Keypress: lshift
45.0400 	DATA 	Keypress: t
45.3686 	INFO 	Key b was pressed with a reaction time of 0.321410131000448 seconds!
46.0508 	DATA 	Keypress: b
47.1472 	INFO 	Trial c_std_v at 43.3322005519949
47.1491 	DATA 	Keypress: lshift
47.1505 	DATA 	Keypress: t
49.1564 	INFO 	Trial c_std_ccw at 45.3413631709991
50.1653 	DATA 	Keypress: lshift
50.1668 	DATA 	Keypress: t
51.1428 	INFO 	Trial c_dev_cw at 47.327767365997715
51.1447 	DATA 	Keypress: lshift
51.1470 	DATA 	Keypress: t
51.5276 	INFO 	Key b was pressed with a reaction time of 0.3741301089976332 seconds!
52.1571 	DATA 	Keypress: b
53.1335 	INFO 	Trial c_std_v at 49.31847846799792
53.1364 	DATA 	Keypress: lshift
53.1387 	DATA 	Keypress: t
55.2146 	INFO 	Trial c_std_ccw at 51.399586508996435
55.2159 	DATA 	Keypress: lshift
55.2173 	DATA 	Keypress: t
57.2238 	INFO 	Trial c_std_ccw at 53.40879207800026
57.2251 	DATA 	Keypress: lshift
57.2264 	DATA 	Keypress: t
59.2530 	INFO 	Trial c_dev_v at 55.43801350099966
59.2564 	DATA 	Keypress: lshift
59.2578 	DATA 	Keypress: t
59.5976 	INFO 	Key b was pressed with a reaction time of 0.33410451699455734 seconds!
60.2661 	DATA 	Keypress: b
61.2736 	INFO 	Trial c_std_cw at 57.4585488599987
61.2764 	DATA 	Keypress: lshift
61.2780 	DATA 	Keypress: t
63.3043 	INFO 	Trial c_std_v at 59.489234145999944
63.3072 	DATA 	Keypress: lshift
63.3087 	DATA 	Keypress: t
65.3443 	INFO 	Trial c_dev_ccw at 61.52932950499962
65.3475 	DATA 	Keypress: lshift
65.3490 	DATA 	Keypress: t
65.7045 	INFO 	Key b was pressed with a reaction time of 0.3497634110026411 seconds!
66.3572 	DATA 	Keypress: b
67.3448 	INFO 	Trial c_std_cw at 63.52974303800147
67.3469 	DATA 	Keypress: lshift
67.3484 	DATA 	Keypress: t
69.2843 	INFO 	Trial c_std_ccw at 65.46932472199842
69.2879 	DATA 	Keypress: lshift
69.2894 	DATA 	Keypress: t
71.2960 	INFO 	Trial c_std_cw at 67.480976740997
71.2973 	DATA 	Keypress: lshift
71.2987 	DATA 	Keypress: t
73.3046 	INFO 	Trial c_std_cw at 69.48959212599584
73.3058 	DATA 	Keypress: lshift
73.3072 	DATA 	Keypress: t
75.2134 	INFO 	End of the control block 1 at 71.3983750490006
75.2240 	EXP 	unnamed TextStim: height = 0.05
75.2240 	EXP 	unnamed TextStim: height = 0.05
75.2240 	EXP 	unnamed TextStim: height = 0.05
75.2240 	EXP 	unnamed TextStim: text = 'End of the block. \n (Please do not move!)'
75.2357 	DATA 	Keypress: lshift
75.2377 	DATA 	Keypress: t
77.0353 	DATA 	Keypress: lshift
77.0371 	DATA 	Keypress: t
79.0325 	DATA 	Keypress: lshift
79.0340 	DATA 	Keypress: t
81.0326 	DATA 	Keypress: lshift
81.0342 	DATA 	Keypress: t
83.0253 	DATA 	Keypress: lshift
83.0387 	DATA 	Keypress: t
85.0266 	DATA 	Keypress: lshift
85.0280 	DATA 	Keypress: t
85.2242 	INFO 	Start of the control block 2 at 81.40914450900164
87.0314 	DATA 	Keypress: lshift
87.0330 	DATA 	Keypress: t
87.2312 	INFO 	Trial c_std_ccw at 83.41620690399577
89.1968 	INFO 	Trial c_std_cw at 85.38173714000004
89.1981 	DATA 	Keypress: lshift
89.1993 	DATA 	Keypress: t
91.1751 	INFO 	Trial c_std_cw at 87.36010731299757
91.1767 	DATA 	Keypress: lshift
91.1782 	DATA 	Keypress: t
93.2346 	INFO 	Trial c_std_v at 89.41956356399896
93.2359 	DATA 	Keypress: lshift
93.2372 	DATA 	Keypress: t
95.2442 	INFO 	Trial c_std_v at 91.42913925599714
95.2457 	DATA 	Keypress: lshift
95.2470 	DATA 	Keypress: t
97.2333 	INFO 	Trial c_dev_ccw at 93.418325052
97.2364 	DATA 	Keypress: lshift
97.2379 	DATA 	Keypress: t
97.5796 	INFO 	Key b was pressed with a reaction time of 0.3358507829980226 seconds!
98.2459 	DATA 	Keypress: b
99.2738 	INFO 	Trial c_std_ccw at 95.45873515599669
99.2758 	DATA 	Keypress: lshift
99.2775 	DATA 	Keypress: t
101.2344 	INFO 	Trial c_std_cw at 97.41935061600088
101.2359 	DATA 	Keypress: lshift
101.2374 	DATA 	Keypress: t
103.1937 	INFO 	Trial c_dev_v at 99.37870854399807
103.5636 	INFO 	Key b was pressed with a reaction time of 0.3629933609990985 seconds!
104.2017 	DATA 	Keypress: lshift
104.2032 	DATA 	Keypress: t
104.2054 	DATA 	Keypress: b
105.1707 	INFO 	Trial c_std_ccw at 101.35564183999668
105.1720 	DATA 	Keypress: lshift
105.1735 	DATA 	Keypress: t
107.2110 	INFO 	Trial c_std_cw at 103.3959657489977
107.2139 	DATA 	Keypress: lshift
107.2152 	DATA 	Keypress: t
109.2708 	INFO 	Trial c_dev_v at 105.45574657099496
109.2737 	DATA 	Keypress: lshift
109.2765 	DATA 	Keypress: t
109.6087 	INFO 	Key b was pressed with a reaction time of 0.3260508999956073 seconds!
110.2862 	DATA 	Keypress: b
111.3627 	INFO 	Trial c_std_cw at 107.54765870700066
111.3642 	DATA 	Keypress: lshift
111.3655 	DATA 	Keypress: t
113.4213 	INFO 	Trial c_std_ccw at 109.60625035799603
113.4243 	DATA 	Keypress: lshift
113.4257 	DATA 	Keypress: t
115.3511 	INFO 	Trial c_std_v at 111.53608906199952
115.3557 	DATA 	Keypress: lshift
115.3574 	DATA 	Keypress: t
117.3641 	INFO 	Trial c_dev_cw at 113.54912685399904
117.3671 	DATA 	Keypress: lshift
117.3687 	DATA 	Keypress: t
117.7806 	INFO 	Key b was pressed with a reaction time of 0.4053245320028509 seconds!
118.3776 	DATA 	Keypress: b
119.3253 	INFO 	Trial c_std_ccw at 115.51025703999767
119.3272 	DATA 	Keypress: lshift
119.3285 	DATA 	Keypress: t
121.3736 	INFO 	Trial c_std_v at 117.55860174400004
121.3765 	DATA 	Keypress: lshift
121.3780 	DATA 	Keypress: t
123.4038 	INFO 	End of the control block 2 at 119.58875549399818
123.4073 	DATA 	Keypress: lshift
123.4089 	DATA 	Keypress: t
125.0368 	DATA 	Keypress: lshift
125.0384 	DATA 	Keypress: t
127.0315 	DATA 	Keypress: lshift
127.0329 	DATA 	Keypress: t
129.0286 	DATA 	Keypress: lshift
129.0299 	DATA 	Keypress: t
131.0324 	DATA 	Keypress: lshift
131.0338 	DATA 	Keypress: t
133.0348 	DATA 	Keypress: lshift
133.0363 	DATA 	Keypress: t
133.4135 	INFO 	Start of the control block 3 at 129.59843125000043
135.0326 	DATA 	Keypress: lshift
135.0342 	DATA 	Keypress: t
135.4205 	INFO 	Trial c_std_ccw at 131.60550509599852
137.5261 	INFO 	Trial c_std_cw at 133.71110292799858
137.5275 	DATA 	Keypress: lshift
137.5290 	DATA 	Keypress: t
139.4659 	INFO 	Trial c_std_v at 135.65090742200118
139.4673 	DATA 	Keypress: lshift
139.4685 	DATA 	Keypress: t
141.4246 	INFO 	Trial c_std_ccw at 137.60955960099818
141.4259 	DATA 	Keypress: lshift
141.4274 	DATA 	Keypress: t
143.5044 	INFO 	Trial c_dev_v at 139.68936247999955
143.5058 	DATA 	Keypress: lshift
143.5071 	DATA 	Keypress: t
143.7717 	INFO 	Key b was pressed with a reaction time of 0.25769847499759635 seconds!
144.5160 	DATA 	Keypress: b
145.4640 	INFO 	Trial c_std_ccw at 141.64902010399965
145.4670 	DATA 	Keypress: lshift
145.4686 	DATA 	Keypress: t
147.3749 	INFO 	Trial c_std_ccw at 143.55988014399918
147.3780 	DATA 	Keypress: lshift
147.3795 	DATA 	Keypress: t
149.3950 	INFO 	Trial c_std_ccw at 145.57993503499893
149.3980 	DATA 	Keypress: lshift
149.3995 	DATA 	Keypress: t
151.4561 	INFO 	Trial c_dev_ccw at 147.64104718699673
151.4573 	DATA 	Keypress: lshift
151.4587 	DATA 	Keypress: t
151.7557 	INFO 	Key b was pressed with a reaction time of 0.28965550100110704 seconds!
152.4706 	DATA 	Keypress: b
153.4561 	INFO 	Trial c_std_v at 149.6410950970021
153.4592 	DATA 	Keypress: lshift
153.4606 	DATA 	Keypress: t
155.4264 	INFO 	Trial c_std_cw at 151.61135550699692
155.4293 	DATA 	Keypress: lshift
155.4310 	DATA 	Keypress: t
157.4373 	INFO 	Trial c_std_cw at 153.62227923899627
157.4387 	DATA 	Keypress: lshift
157.4401 	DATA 	Keypress: t
159.4366 	INFO 	Trial c_dev_cw at 155.62154251700122
159.7856 	INFO 	Key b was pressed with a reaction time of 0.34320539500185987 seconds!
160.4435 	DATA 	Keypress: lshift
160.4450 	DATA 	Keypress: t
160.4469 	DATA 	Keypress: b
161.4925 	INFO 	Trial c_std_v at 157.67743339300068
161.4941 	DATA 	Keypress: lshift
161.4957 	DATA 	Keypress: t
163.5119 	INFO 	Trial c_std_cw at 159.69684434199735
163.5131 	DATA 	Keypress: lshift
163.5144 	DATA 	Keypress: t
165.4213 	INFO 	Trial c_dev_v at 161.60632974399778
165.4246 	DATA 	Keypress: lshift
165.4259 	DATA 	Keypress: t
165.7847 	INFO 	Key b was pressed with a reaction time of 0.35241506199963624 seconds!
166.4347 	DATA 	Keypress: b
167.4323 	INFO 	Trial c_std_cw at 163.61727562199667
167.4339 	DATA 	Keypress: lshift
167.4353 	DATA 	Keypress: t
169.5406 	INFO 	Trial c_std_v at 165.72558319199743
169.5434 	DATA 	Keypress: lshift
169.5449 	DATA 	Keypress: t
171.5910 	INFO 	End of the control block 3 at 167.77595016399573
171.5945 	DATA 	Keypress: lshift
171.5961 	DATA 	Keypress: t
173.0346 	DATA 	Keypress: lshift
173.0366 	DATA 	Keypress: t
175.0259 	DATA 	Keypress: lshift
175.0271 	DATA 	Keypress: t
177.0260 	DATA 	Keypress: lshift
177.0275 	DATA 	Keypress: t
179.0257 	DATA 	Keypress: lshift
179.0270 	DATA 	Keypress: t
181.0355 	DATA 	Keypress: lshift
181.0369 	DATA 	Keypress: t
181.5999 	INFO 	Start of the main block 4 at 177.78490135700122
183.0289 	DATA 	Keypress: lshift
183.0302 	DATA 	Keypress: t
183.6067 	INFO 	Trial m_std_cw at 179.79172085400205
185.6926 	INFO 	Trial m_std_ccw at 181.87761006200162
185.6940 	DATA 	Keypress: lshift
185.6953 	DATA 	Keypress: t
186.3626 	INFO 	Key b was pressed with a reaction time of 0.6610034449986415 seconds!
186.7076 	DATA 	Keypress: b
187.6017 	INFO 	Trial m_std_cw at 183.78663527900062
187.6048 	DATA 	Keypress: lshift
187.6069 	DATA 	Keypress: t
189.6437 	INFO 	Trial m_dev at 185.82872026300174
189.6450 	DATA 	Keypress: lshift
189.6462 	DATA 	Keypress: t
190.1977 	INFO 	Key b was pressed with a reaction time of 0.5452679919981165 seconds!
190.6569 	DATA 	Keypress: b
191.6325 	INFO 	Trial m_std_cw at 187.81749310599844
191.6341 	DATA 	Keypress: lshift
191.6370 	DATA 	Keypress: t
193.6669 	INFO 	Trial m_std_cw at 189.85183480499836
193.6700 	DATA 	Keypress: lshift
193.6716 	DATA 	Keypress: t
195.6581 	INFO 	Trial m_dev at 191.8431290649969
195.6596 	DATA 	Keypress: lshift
195.6611 	DATA 	Keypress: t
196.0928 	INFO 	Key b was pressed with a reaction time of 0.42587403600191465 seconds!
196.6709 	DATA 	Keypress: b
197.7369 	INFO 	Trial m_std_cw at 193.92188971400174
197.7400 	DATA 	Keypress: lshift
197.7413 	DATA 	Keypress: t
199.7872 	INFO 	Trial m_std_ccw at 195.9722032349964
199.7902 	DATA 	Keypress: lshift
199.7917 	DATA 	Keypress: t
200.6528 	INFO 	Key b was pressed with a reaction time of 0.8552955120030674 seconds!
200.8001 	DATA 	Keypress: b
201.8376 	INFO 	Trial m_std_cw at 198.02256072199816
201.8403 	DATA 	Keypress: lshift
201.8420 	DATA 	Keypress: t
203.8082 	INFO 	Trial m_dev at 199.99319584600016
203.8112 	DATA 	Keypress: lshift
203.8127 	DATA 	Keypress: t
204.2797 	INFO 	Key b was pressed with a reaction time of 0.4605734080032562 seconds!
204.8216 	DATA 	Keypress: b
205.7491 	INFO 	Trial m_std_ccw at 201.93411051899602
205.7512 	DATA 	Keypress: lshift
205.7538 	DATA 	Keypress: t
207.7223 	INFO 	Trial m_std_ccw at 203.9072974859955
207.7238 	DATA 	Keypress: lshift
207.7253 	DATA 	Keypress: t
209.7012 	INFO 	Trial m_dev at 205.88617868800065
209.7028 	DATA 	Keypress: lshift
209.7042 	DATA 	Keypress: t
210.1588 	INFO 	Key b was pressed with a reaction time of 0.44888582899875473 seconds!
210.7136 	DATA 	Keypress: b
211.7299 	INFO 	Trial m_std_cw at 207.91488201299944
211.7317 	DATA 	Keypress: lshift
211.7331 	DATA 	Keypress: t
213.8010 	INFO 	Trial m_std_ccw at 209.98603054099658
213.8041 	DATA 	Keypress: lshift
213.8056 	DATA 	Keypress: t
214.2938 	INFO 	Key b was pressed with a reaction time of 0.4817797809955664 seconds!
214.8144 	DATA 	Keypress: b
215.7320 	INFO 	Trial m_std_ccw at 211.91698244299914
215.7338 	DATA 	Keypress: lshift
215.7363 	DATA 	Keypress: t
216.7077 	INFO 	Key b was pressed with a reaction time of 0.9631482029944891 seconds!
216.7485 	DATA 	Keypress: b
217.6846 	INFO 	Trial m_std_ccw at 213.86955785699683
217.6879 	DATA 	Keypress: lshift
217.6895 	DATA 	Keypress: t
218.5956 	INFO 	Key b was pressed with a reaction time of 0.8998378799951752 seconds!
218.6996 	DATA 	Keypress: b
219.7958 	INFO 	End of the main block 4 at 215.98078695400181
219.8001 	DATA 	Keypress: lshift
219.8018 	DATA 	Keypress: t
221.0278 	DATA 	Keypress: lshift
221.0291 	DATA 	Keypress: t
223.0313 	DATA 	Keypress: lshift
223.0328 	DATA 	Keypress: t
225.0336 	DATA 	Keypress: lshift
225.0354 	DATA 	Keypress: t
227.0344 	DATA 	Keypress: lshift
227.0363 	DATA 	Keypress: t
229.0293 	DATA 	Keypress: lshift
229.0306 	DATA 	Keypress: t
229.8061 	INFO 	Start of the main block 5 at 225.99109355499968
231.0314 	DATA 	Keypress: lshift
231.0326 	DATA 	Keypress: t
231.8132 	INFO 	Trial m_std_cw at 227.9981602389962
233.7985 	INFO 	Trial m_std_cw at 229.9835171529994
233.7998 	DATA 	Keypress: lshift
233.8012 	DATA 	Keypress: t
235.8769 	INFO 	Trial m_std_cw at 232.0618659469983
235.8784 	DATA 	Keypress: lshift
235.8799 	DATA 	Keypress: t
237.8161 	INFO 	Trial m_std_cw at 234.00107128999662
237.8176 	DATA 	Keypress: lshift
237.8189 	DATA 	Keypress: t
239.7250 	INFO 	Trial m_dev at 235.91001443300047
239.7263 	DATA 	Keypress: lshift
239.7277 	DATA 	Keypress: t
240.1297 	INFO 	Key b was pressed with a reaction time of 0.39497152200056007 seconds!
240.7370 	DATA 	Keypress: b
241.7447 	INFO 	Trial m_std_ccw at 237.9297273839984
241.7479 	DATA 	Keypress: lshift
241.7494 	DATA 	Keypress: t
243.7455 	INFO 	Trial m_std_cw at 239.9304773440017
243.7487 	DATA 	Keypress: lshift
243.7502 	DATA 	Keypress: t
245.8263 	INFO 	Trial m_std_ccw at 242.0112939449973
245.8293 	DATA 	Keypress: lshift
245.8308 	DATA 	Keypress: t
246.4966 	INFO 	Key b was pressed with a reaction time of 0.6600323140010005 seconds!
246.8387 	DATA 	Keypress: b
247.8366 	INFO 	Trial m_dev at 244.02160355999513
247.8381 	DATA 	Keypress: lshift
247.8396 	DATA 	Keypress: t
248.7117 	INFO 	Key b was pressed with a reaction time of 0.8640787879994605 seconds!
248.8512 	DATA 	Keypress: b
249.8177 	INFO 	Trial m_std_cw at 246.0026470149969
249.8203 	DATA 	Keypress: lshift
249.8218 	DATA 	Keypress: t
251.8103 	INFO 	Trial m_std_ccw at 247.99526188099844
251.8133 	DATA 	Keypress: lshift
251.8148 	DATA 	Keypress: t
252.5956 	INFO 	Key b was pressed with a reaction time of 0.7747695590005605 seconds!
252.8233 	DATA 	Keypress: b
253.7509 	INFO 	Trial m_dev at 249.93584777499927
253.7544 	DATA 	Keypress: lshift
253.7561 	DATA 	Keypress: t
254.3797 	INFO 	Key b was pressed with a reaction time of 0.6174924919978366 seconds!
254.7660 	DATA 	Keypress: b
255.8622 	INFO 	Trial m_std_ccw at 252.04721576700103
255.8639 	DATA 	Keypress: lshift
255.8654 	DATA 	Keypress: t
256.5447 	INFO 	Key b was pressed with a reaction time of 0.6738762899985886 seconds!
256.8743 	DATA 	Keypress: b
257.9108 	INFO 	Trial m_std_ccw at 254.09579449999728
257.9126 	DATA 	Keypress: lshift
257.9137 	DATA 	Keypress: t
259.9490 	INFO 	Trial m_std_cw at 256.13395132499863
259.9531 	DATA 	Keypress: lshift
259.9548 	DATA 	Keypress: t
260.4287 	INFO 	Key b was pressed with a reaction time of 0.4667404190040543 seconds!
260.9639 	DATA 	Keypress: b
261.9820 	INFO 	Trial m_dev at 258.16697567999654
261.9849 	DATA 	Keypress: lshift
261.9871 	DATA 	Keypress: t
262.4907 	INFO 	Key b was pressed with a reaction time of 0.49670994299958693 seconds!
262.9976 	DATA 	Keypress: b
263.9540 	INFO 	Trial m_std_ccw at 260.1389604590004
263.9558 	DATA 	Keypress: lshift
263.9575 	DATA 	Keypress: t
265.9636 	INFO 	Trial m_std_ccw at 262.1485709109984
265.9666 	DATA 	Keypress: lshift
265.9690 	DATA 	Keypress: t
266.4967 	INFO 	Key b was pressed with a reaction time of 0.5216000279979198 seconds!
266.9791 	DATA 	Keypress: b
267.9951 	INFO 	End of the main block 5 at 264.18012431399984
267.9974 	DATA 	Keypress: lshift
267.9988 	DATA 	Keypress: t
269.0271 	DATA 	Keypress: lshift
269.0283 	DATA 	Keypress: t
271.0335 	DATA 	Keypress: lshift
271.0351 	DATA 	Keypress: t
273.0341 	DATA 	Keypress: lshift
273.0360 	DATA 	Keypress: t
275.0303 	DATA 	Keypress: lshift
275.0317 	DATA 	Keypress: t
277.0263 	DATA 	Keypress: lshift
277.0396 	DATA 	Keypress: t
278.0028 	INFO 	Start of the control block 6 at 274.1877440600001
279.0303 	DATA 	Keypress: lshift
279.0317 	DATA 	Keypress: t
280.0096 	INFO 	Trial c_std_ccw at 276.1946209669986
281.9246 	INFO 	Trial c_std_ccw at 278.10960735499975
281.9259 	DATA 	Keypress: lshift
281.9272 	DATA 	Keypress: t
284.0031 	INFO 	Trial c_dev_v at 280.18809515199973
284.0049 	DATA 	Keypress: lshift
284.0061 	DATA 	Keypress: t
284.3487 	INFO 	Key b was pressed with a reaction time of 0.33596483300061664 seconds!
285.0167 	DATA 	Keypress: b
285.9328 	INFO 	Trial c_std_cw at 282.1177666529984
285.9347 	DATA 	Keypress: lshift
285.9362 	DATA 	Keypress: t
287.8850 	INFO 	Trial c_std_cw at 284.0699547330005
287.8866 	DATA 	Keypress: lshift
287.8880 	DATA 	Keypress: t
289.9546 	INFO 	Trial c_std_v at 286.13960170299833
289.9575 	DATA 	Keypress: lshift
289.9590 	DATA 	Keypress: t
291.8949 	INFO 	Trial c_dev_ccw at 288.0799168809972
291.8977 	DATA 	Keypress: lshift
291.8992 	DATA 	Keypress: t
292.2687 	INFO 	Key b was pressed with a reaction time of 0.3629944490021444 seconds!
292.9080 	DATA 	Keypress: b
293.8858 	INFO 	Trial c_std_ccw at 290.07076426699496
293.8874 	DATA 	Keypress: lshift
293.8890 	DATA 	Keypress: t
295.9647 	INFO 	Trial c_std_cw at 292.14967523700034
295.9675 	DATA 	Keypress: lshift
295.9692 	DATA 	Keypress: t
297.9053 	INFO 	Trial c_dev_cw at 294.09031531399523
297.9067 	DATA 	Keypress: lshift
297.9081 	DATA 	Keypress: t
298.3037 	INFO 	Key b was pressed with a reaction time of 0.3887154659969383 seconds!
298.9173 	DATA 	Keypress: b
299.9351 	INFO 	Trial c_std_v at 296.1200482810018
299.9381 	DATA 	Keypress: lshift
299.9397 	DATA 	Keypress: t
302.0363 	INFO 	Trial c_std_cw at 298.221256953002
302.0396 	DATA 	Keypress: lshift
302.0410 	DATA 	Keypress: t
303.0489 	DATA 	Keypress: lshift
303.0504 	DATA 	Keypress: t
304.0477 	INFO 	Trial c_dev_v at 300.2326525019962
304.3497 	INFO 	Key b was pressed with a reaction time of 0.29389875500055496 seconds!
305.0598 	DATA 	Keypress: b
305.0610 	DATA 	Keypress: lshift
305.0621 	DATA 	Keypress: t
306.1359 	INFO 	Trial c_std_v at 302.32087134599715
307.1446 	DATA 	Keypress: lshift
307.1461 	DATA 	Keypress: t
308.2018 	INFO 	Trial c_std_ccw at 304.3868327759992
309.2119 	DATA 	Keypress: lshift
309.2135 	DATA 	Keypress: t
310.1392 	INFO 	Trial c_std_ccw at 306.3241404329965
311.1482 	DATA 	Keypress: lshift
311.1498 	DATA 	Keypress: t
312.0857 	INFO 	Trial c_std_cw at 308.27063535100024
313.0951 	DATA 	Keypress: lshift
313.0966 	DATA 	Keypress: t
314.1621 	INFO 	Trial c_std_v at 310.3470704459978
315.1714 	DATA 	Keypress: lshift
315.1731 	DATA 	Keypress: t
316.1688 	INFO 	End of the control block 6 at 312.35382391099847
317.0283 	DATA 	Keypress: lshift
317.0296 	DATA 	Keypress: t
319.0335 	DATA 	Keypress: lshift
319.0353 	DATA 	Keypress: t
321.0293 	DATA 	Keypress: lshift
321.0305 	DATA 	Keypress: t
323.0325 	DATA 	Keypress: lshift
323.0342 	DATA 	Keypress: t
325.0349 	DATA 	Keypress: lshift
325.0364 	DATA 	Keypress: t
326.1763 	INFO 	Start of the main block 7 at 322.3612773519999
327.0293 	DATA 	Keypress: lshift
327.0306 	DATA 	Keypress: t
328.1832 	INFO 	Trial m_std_ccw at 324.36819917200046
329.1900 	DATA 	Keypress: lshift
329.1914 	DATA 	Keypress: t
330.1791 	INFO 	Trial m_std_ccw at 326.3640770639977
331.1889 	DATA 	Keypress: lshift
331.1902 	DATA 	Keypress: t
332.2478 	INFO 	Trial m_std_cw at 328.43275204399833
333.2577 	DATA 	Keypress: lshift
333.2593 	DATA 	Keypress: t
334.1966 	INFO 	Trial m_std_ccw at 330.38163345499925
334.6777 	INFO 	Key b was pressed with a reaction time of 0.4724545549979666 seconds!
335.2078 	DATA 	Keypress: b
335.2091 	DATA 	Keypress: lshift
335.2103 	DATA 	Keypress: t
336.2453 	INFO 	Trial m_std_ccw at 332.43031262300065
336.7788 	INFO 	Key b was pressed with a reaction time of 0.5263877690013032 seconds!
337.2570 	DATA 	Keypress: b
337.2578 	DATA 	Keypress: lshift
337.2588 	DATA 	Keypress: t
338.1725 	INFO 	Trial m_std_cw at 334.3574366649991
339.1823 	DATA 	Keypress: lshift
339.1838 	DATA 	Keypress: t
340.1894 	INFO 	Trial m_dev at 336.3743547799968
340.5788 	INFO 	Key b was pressed with a reaction time of 0.3802273180044722 seconds!
341.2010 	DATA 	Keypress: b
341.2021 	DATA 	Keypress: lshift
341.2033 	DATA 	Keypress: t
342.1587 	INFO 	Trial m_std_ccw at 338.3436438200006
343.1688 	DATA 	Keypress: lshift
343.1702 	DATA 	Keypress: t
344.1357 	INFO 	Trial m_std_cw at 340.3206998140013
345.1443 	DATA 	Keypress: lshift
345.1458 	DATA 	Keypress: t
346.1017 	INFO 	Trial m_dev at 342.2867140620001
347.1118 	DATA 	Keypress: lshift
347.1131 	DATA 	Keypress: t
348.1688 	INFO 	Trial m_std_ccw at 344.35380274600175
348.7448 	INFO 	Key b was pressed with a reaction time of 0.569849877996603 seconds!
349.1786 	DATA 	Keypress: b
349.1792 	DATA 	Keypress: lshift
349.1803 	DATA 	Keypress: t
350.2050 	INFO 	Trial m_std_cw at 346.38997959900007
351.2140 	DATA 	Keypress: lshift
351.2156 	DATA 	Keypress: t
352.2711 	INFO 	Trial m_dev at 348.4560929299987
352.9747 	INFO 	Key b was pressed with a reaction time of 0.6950751339973067 seconds!
353.2816 	DATA 	Keypress: b
353.2827 	DATA 	Keypress: lshift
353.2854 	DATA 	Keypress: t
354.3197 	INFO 	Trial m_std_cw at 350.50468053999793
355.3289 	DATA 	Keypress: lshift
355.3306 	DATA 	Keypress: t
356.4160 	INFO 	Trial m_std_cw at 352.60098985699733
357.4263 	DATA 	Keypress: lshift
357.4276 	DATA 	Keypress: t
358.3351 	INFO 	Trial m_dev at 354.52010787199833
358.9767 	INFO 	Key b was pressed with a reaction time of 0.6331724030023906 seconds!
360.2835 	INFO 	Trial m_std_cw at 356.46852987299644
360.2864 	DATA 	Keypress: b
360.2877 	DATA 	Keypress: lshift
360.2889 	DATA 	Keypress: t
361.2961 	DATA 	Keypress: lshift
361.2975 	DATA 	Keypress: t
362.3747 	INFO 	Trial m_std_ccw at 358.55972019099863
363.3856 	DATA 	Keypress: lshift
363.3870 	DATA 	Keypress: t
364.3217 	INFO 	End of the main block 7 at 360.50670315200114
365.0354 	DATA 	Keypress: lshift
365.0369 	DATA 	Keypress: t
367.0293 	DATA 	Keypress: lshift
367.0308 	DATA 	Keypress: t
369.0367 	DATA 	Keypress: lshift
369.0382 	DATA 	Keypress: t
371.0286 	DATA 	Keypress: lshift
371.0298 	DATA 	Keypress: t
373.0316 	DATA 	Keypress: lshift
373.0329 	DATA 	Keypress: t
374.3292 	INFO 	Start of the main block 8 at 370.5142259829954
375.0279 	DATA 	Keypress: lshift
375.0407 	DATA 	Keypress: t
376.3359 	INFO 	Trial m_std_ccw at 372.5208902769955
377.3422 	DATA 	Keypress: lshift
377.3436 	DATA 	Keypress: t
378.2711 	INFO 	Trial m_std_cw at 374.45611938100046
380.3400 	INFO 	Trial m_std_cw at 376.5249432369965
380.3411 	DATA 	Keypress: lshift
380.3426 	DATA 	Keypress: t
381.3512 	DATA 	Keypress: lshift
381.3527 	DATA 	Keypress: t
382.2687 	INFO 	Trial m_dev at 378.4536837830019
382.7768 	INFO 	Key b was pressed with a reaction time of 0.5003671399972518 seconds!
383.2804 	DATA 	Keypress: b
383.2811 	DATA 	Keypress: lshift
383.2821 	DATA 	Keypress: t
384.1765 	INFO 	Trial m_std_ccw at 380.3614826569974
385.1398 	INFO 	Key b was pressed with a reaction time of 0.9562935039939475 seconds!
385.1870 	DATA 	Keypress: lshift
385.1888 	DATA 	Keypress: t
385.1916 	DATA 	Keypress: b
386.2835 	INFO 	Trial m_std_ccw at 382.46843824599637
387.2934 	DATA 	Keypress: lshift
387.2949 	DATA 	Keypress: t
388.3707 	INFO 	Trial m_dev at 384.55568472799496
388.8708 	INFO 	Key b was pressed with a reaction time of 0.4934370670016506 seconds!
389.3811 	DATA 	Keypress: b
389.3820 	DATA 	Keypress: lshift
389.3830 	DATA 	Keypress: t
390.3774 	INFO 	Trial m_std_ccw at 386.56236548299785
391.3862 	DATA 	Keypress: lshift
391.3879 	DATA 	Keypress: t
392.4530 	INFO 	Trial m_std_cw at 388.6379644499975
393.3458 	INFO 	Key b was pressed with a reaction time of 0.8844919699986349 seconds!
393.4623 	DATA 	Keypress: lshift
393.4637 	DATA 	Keypress: t
393.4661 	DATA 	Keypress: b
394.3813 	INFO 	Trial m_std_cw at 390.56628393499705
395.3918 	DATA 	Keypress: lshift
395.3933 	DATA 	Keypress: t
396.2891 	INFO 	Trial m_std_ccw at 392.47409713100205
396.8019 	INFO 	Key b was pressed with a reaction time of 0.5058480420047999 seconds!
397.3007 	DATA 	Keypress: b
397.3017 	DATA 	Keypress: lshift
397.3048 	DATA 	Keypress: t
398.3760 	INFO 	Trial m_dev at 394.56101380100154
398.9578 	INFO 	Key b was pressed with a reaction time of 0.575653414001863 seconds!
399.3862 	DATA 	Keypress: b
399.3874 	DATA 	Keypress: lshift
399.3887 	DATA 	Keypress: t
400.3222 	INFO 	Trial m_std_cw at 396.5071606999991
401.3316 	DATA 	Keypress: lshift
401.3339 	DATA 	Keypress: t
402.3289 	INFO 	Trial m_std_cw at 398.51383648099727
403.3387 	DATA 	Keypress: lshift
403.3401 	DATA 	Keypress: t
404.2676 	INFO 	Trial m_dev at 400.45257709699945
404.6737 	INFO 	Key b was pressed with a reaction time of 0.39781410500290804 seconds!
405.2780 	DATA 	Keypress: b
405.2791 	DATA 	Keypress: lshift
405.2803 	DATA 	Keypress: t
406.3760 	INFO 	Trial m_std_ccw at 402.5609404269999
407.2688 	INFO 	Key b was pressed with a reaction time of 0.8866341009997996 seconds!
407.3853 	DATA 	Keypress: lshift
407.3868 	DATA 	Keypress: t
407.3882 	DATA 	Keypress: b
408.4022 	INFO 	Trial m_std_ccw at 404.5871397840019
408.9358 	INFO 	Key b was pressed with a reaction time of 0.5275912970028003 seconds!
409.4123 	DATA 	Keypress: b
409.4131 	DATA 	Keypress: lshift
409.4141 	DATA 	Keypress: t
410.4782 	INFO 	Trial m_std_cw at 406.6631452849979
411.0357 	INFO 	Key b was pressed with a reaction time of 0.5505204779983615 seconds!
411.4864 	DATA 	Keypress: lshift
411.4877 	DATA 	Keypress: t
411.4915 	DATA 	Keypress: b
412.4652 	INFO 	End of the main block 8 at 408.650176465002
413.0375 	DATA 	Keypress: lshift
413.0393 	DATA 	Keypress: t
415.0365 	DATA 	Keypress: lshift
415.0381 	DATA 	Keypress: t
417.0324 	DATA 	Keypress: lshift
417.0337 	DATA 	Keypress: t
419.0332 	DATA 	Keypress: lshift
419.0345 	DATA 	Keypress: t
421.0375 	DATA 	Keypress: lshift
421.0391 	DATA 	Keypress: t
422.4712 	INFO 	Start of the main block 9 at 418.65616664499976
423.0288 	DATA 	Keypress: lshift
423.0301 	DATA 	Keypress: t
424.4788 	INFO 	Trial m_std_ccw at 420.66375838199747
425.4850 	DATA 	Keypress: lshift
425.4864 	DATA 	Keypress: t
426.4341 	INFO 	Trial m_std_cw at 422.61912139500055
427.4441 	DATA 	Keypress: lshift
427.4454 	DATA 	Keypress: t
428.4629 	INFO 	Trial m_dev at 424.6479211229962
428.9068 	INFO 	Key b was pressed with a reaction time of 0.4347125439962838 seconds!
430.4521 	INFO 	Trial m_std_ccw at 426.6371117769959
430.4545 	DATA 	Keypress: b
430.4557 	DATA 	Keypress: lshift
430.4569 	DATA 	Keypress: t
431.4648 	DATA 	Keypress: lshift
431.4669 	DATA 	Keypress: t
432.4632 	INFO 	Trial m_std_ccw at 428.6482120090004
433.4734 	DATA 	Keypress: lshift
433.4747 	DATA 	Keypress: t
434.4323 	INFO 	Trial m_std_ccw at 430.61725239899533
435.4420 	DATA 	Keypress: lshift
435.4435 	DATA 	Keypress: t
436.4407 	INFO 	Trial m_std_cw at 432.6257318669959
437.4509 	DATA 	Keypress: lshift
437.4523 	DATA 	Keypress: t
438.4792 	INFO 	Trial m_std_cw at 434.66413738700066
439.4889 	DATA 	Keypress: lshift
439.4902 	DATA 	Keypress: t
440.5278 	INFO 	Trial m_std_cw at 436.7128026700011
441.5398 	DATA 	Keypress: lshift
441.5410 	DATA 	Keypress: t
442.6186 	INFO 	Trial m_dev at 438.8036125849976
443.0118 	INFO 	Key b was pressed with a reaction time of 0.38717711100616725 seconds!
443.6281 	DATA 	Keypress: b
443.6288 	DATA 	Keypress: lshift
443.6300 	DATA 	Keypress: t
444.5446 	INFO 	Trial m_std_ccw at 440.72957340299763
445.5538 	DATA 	Keypress: lshift
445.5557 	DATA 	Keypress: t
446.5210 	INFO 	Trial m_std_ccw at 442.70598304899613
447.5303 	DATA 	Keypress: lshift
447.5318 	DATA 	Keypress: t
448.4593 	INFO 	Trial m_dev at 444.64429403699614
449.0507 	INFO 	Key b was pressed with a reaction time of 0.5824590339980205 seconds!
449.4693 	DATA 	Keypress: lshift
449.4706 	DATA 	Keypress: t
449.4736 	DATA 	Keypress: b
450.3883 	INFO 	Trial m_std_cw at 446.57332358099666
451.3981 	DATA 	Keypress: lshift
451.4002 	DATA 	Keypress: t
452.4745 	INFO 	Trial m_std_cw at 448.65945037500205
453.2177 	INFO 	Key b was pressed with a reaction time of 0.7343073390002246 seconds!
453.4847 	DATA 	Keypress: lshift
453.4860 	DATA 	Keypress: t
453.4883 	DATA 	Keypress: b
454.5336 	INFO 	Trial m_dev at 450.7185351289954
455.3567 	INFO 	Key b was pressed with a reaction time of 0.8161166090067127 seconds!
455.5433 	DATA 	Keypress: lshift
455.5448 	DATA 	Keypress: t
455.5465 	DATA 	Keypress: b
456.6107 	INFO 	Trial m_std_ccw at 452.7956421679992
457.6202 	DATA 	Keypress: lshift
457.6219 	DATA 	Keypress: t
458.6672 	INFO 	Trial m_std_cw at 454.85222072099714
459.2008 	INFO 	Key b was pressed with a reaction time of 0.5253018180010258 seconds!
459.6766 	DATA 	Keypress: lshift
459.6781 	DATA 	Keypress: t
459.6804 	DATA 	Keypress: b
460.6255 	INFO 	End of the main block 9 at 456.81046916399646
461.0354 	DATA 	Keypress: lshift
461.0368 	DATA 	Keypress: t
463.0325 	DATA 	Keypress: lshift
463.0338 	DATA 	Keypress: t
465.0394 	DATA 	Keypress: lshift
465.0412 	DATA 	Keypress: t
467.0324 	DATA 	Keypress: lshift
467.0336 	DATA 	Keypress: t
469.0326 	DATA 	Keypress: lshift
469.0337 	DATA 	Keypress: t
470.6307 	INFO 	Start of the main block 10 at 466.81570849299897
471.0407 	DATA 	Keypress: lshift
471.0423 	DATA 	Keypress: t
472.6376 	INFO 	Trial m_std_ccw at 468.8225588599962
473.6439 	DATA 	Keypress: lshift
473.6452 	DATA 	Keypress: t
474.6329 	INFO 	Trial m_std_ccw at 470.8178487559999
475.6426 	DATA 	Keypress: lshift
475.6440 	DATA 	Keypress: t
476.5514 	INFO 	Trial m_dev at 472.7364203709949
477.0448 	INFO 	Key b was pressed with a reaction time of 0.48388059699937 seconds!
477.5620 	DATA 	Keypress: lshift
477.5634 	DATA 	Keypress: t
477.5662 	DATA 	Keypress: b
478.4710 	INFO 	Trial m_std_cw at 474.65593379799975
479.4800 	DATA 	Keypress: lshift
479.4814 	DATA 	Keypress: t
480.5374 	INFO 	Trial m_std_ccw at 476.72239869299665
480.9858 	INFO 	Key b was pressed with a reaction time of 0.439550256000075 seconds!
481.5485 	DATA 	Keypress: b
481.5500 	DATA 	Keypress: lshift
481.5512 	DATA 	Keypress: t
482.5563 	INFO 	Trial m_dev at 478.74132038099924
483.0138 	INFO 	Key b was pressed with a reaction time of 0.4514316950007924 seconds!
483.5664 	DATA 	Keypress: b
483.5677 	DATA 	Keypress: lshift
483.5689 	DATA 	Keypress: t
484.5824 	INFO 	Trial m_std_cw at 480.76740414199594
485.5914 	DATA 	Keypress: lshift
485.5930 	DATA 	Keypress: t
486.5087 	INFO 	Trial m_std_cw at 482.69372968300013
487.5188 	DATA 	Keypress: lshift
487.5201 	DATA 	Keypress: t
488.4558 	INFO 	Trial m_dev at 484.640824645001
488.9148 	INFO 	Key b was pressed with a reaction time of 0.4523434950024239 seconds!
489.4665 	DATA 	Keypress: b
489.4677 	DATA 	Keypress: lshift
489.4688 	DATA 	Keypress: t
490.3925 	INFO 	Trial m_std_ccw at 486.57750254200073
491.4023 	DATA 	Keypress: lshift
491.4038 	DATA 	Keypress: t
492.3996 	INFO 	Trial m_std_ccw at 488.58459006799967
493.4075 	DATA 	Keypress: lshift
493.4089 	DATA 	Keypress: t
494.3565 	INFO 	Trial m_dev at 490.5415128550012
494.7718 	INFO 	Key b was pressed with a reaction time of 0.4064247080023051 seconds!
495.3676 	DATA 	Keypress: b
495.3688 	DATA 	Keypress: lshift
495.3699 	DATA 	Keypress: t
496.3654 	INFO 	Trial m_std_cw at 492.5504049529991
497.3751 	DATA 	Keypress: lshift
497.3765 	DATA 	Keypress: t
498.4622 	INFO 	Trial m_std_cw at 494.6471982570001
499.4721 	DATA 	Keypress: lshift
499.4733 	DATA 	Keypress: t
500.4510 	INFO 	Trial m_std_ccw at 496.63600634699833
501.4608 	DATA 	Keypress: lshift
501.4622 	DATA 	Keypress: t
502.5297 	INFO 	Trial m_std_cw at 498.7146802310017
503.5381 	DATA 	Keypress: lshift
503.5397 	DATA 	Keypress: t
504.6158 	INFO 	Trial m_std_ccw at 500.80076404199644
505.3098 	INFO 	Key b was pressed with a reaction time of 0.6874230609973893 seconds!
505.6252 	DATA 	Keypress: lshift
505.6269 	DATA 	Keypress: t
505.6289 	DATA 	Keypress: b
506.7124 	INFO 	Trial m_std_cw at 502.8973651069973
507.7220 	DATA 	Keypress: lshift
507.7234 	DATA 	Keypress: t
508.7692 	INFO 	End of the main block 10 at 504.95413502799784
509.0375 	DATA 	Keypress: lshift
509.0391 	DATA 	Keypress: t
511.0393 	DATA 	Keypress: lshift
511.0410 	DATA 	Keypress: t
513.0395 	DATA 	Keypress: lshift
513.0412 	DATA 	Keypress: t
515.0289 	DATA 	Keypress: lshift
515.0301 	DATA 	Keypress: t
517.0332 	DATA 	Keypress: lshift
517.0352 	DATA 	Keypress: t
518.7742 	INFO 	Start of the main block 11 at 514.9592181449989
519.0386 	DATA 	Keypress: lshift
519.0401 	DATA 	Keypress: t
520.7814 	INFO 	Trial m_std_cw at 516.966358560996
521.7878 	DATA 	Keypress: lshift
521.7892 	DATA 	Keypress: t
522.7667 	INFO 	Trial m_std_ccw at 518.9516590610001
523.3118 	INFO 	Key b was pressed with a reaction time of 0.5360630590002984 seconds!
524.7457 	INFO 	Trial m_std_ccw at 520.9307136810021
524.7470 	DATA 	Keypress: lshift
524.7494 	DATA 	Keypress: t
524.7516 	DATA 	Keypress: b
525.2508 	INFO 	Key b was pressed with a reaction time of 0.4940563599957386 seconds!
525.7581 	DATA 	Keypress: lshift
525.7596 	DATA 	Keypress: t
525.7610 	DATA 	Keypress: b
526.7768 	INFO 	Trial m_dev at 522.9617576070013
527.2028 	INFO 	Key b was pressed with a reaction time of 0.4197796350053977 seconds!
527.7862 	DATA 	Keypress: lshift
527.7892 	DATA 	Keypress: t
527.7917 	DATA 	Keypress: b
528.7931 	INFO 	Trial m_std_cw at 524.9780812140016
529.8032 	DATA 	Keypress: lshift
529.8048 	DATA 	Keypress: t
530.7803 	INFO 	Trial m_std_ccw at 526.9652922239984
531.4108 	INFO 	Key b was pressed with a reaction time of 0.6210028940040502 seconds!
531.7909 	DATA 	Keypress: lshift
531.7922 	DATA 	Keypress: t
531.7943 	DATA 	Keypress: b
532.7798 	INFO 	Trial m_dev at 528.9648058469975
533.3159 	INFO 	Key b was pressed with a reaction time of 0.530149350001011 seconds!
533.7887 	DATA 	Keypress: lshift
533.7901 	DATA 	Keypress: t
533.7921 	DATA 	Keypress: b
534.7959 	INFO 	Trial m_std_ccw at 530.9808354619963
535.8052 	DATA 	Keypress: lshift
535.8071 	DATA 	Keypress: t
536.7922 	INFO 	Trial m_std_ccw at 532.9772164409951
537.3647 	INFO 	Key b was pressed with a reaction time of 0.565716994999093 seconds!
537.8018 	DATA 	Keypress: lshift
537.8031 	DATA 	Keypress: t
537.8051 	DATA 	Keypress: b
538.8791 	INFO 	Trial m_std_cw at 535.0640493909959
539.8884 	DATA 	Keypress: lshift
539.8900 	DATA 	Keypress: t
540.9158 	INFO 	Trial m_dev at 537.1007597299977
541.4218 	INFO 	Key b was pressed with a reaction time of 0.4996755110041704 seconds!
541.9248 	DATA 	Keypress: lshift
541.9266 	DATA 	Keypress: t
541.9282 	DATA 	Keypress: b
542.9321 	INFO 	Trial m_std_cw at 539.1171018269961
543.9417 	DATA 	Keypress: lshift
543.9431 	DATA 	Keypress: t
544.9287 	INFO 	Trial m_std_ccw at 541.1136935710019
545.9374 	DATA 	Keypress: lshift
545.9389 	DATA 	Keypress: t
546.9447 	INFO 	Trial m_dev at 543.1296916989959
547.4491 	INFO 	Key b was pressed with a reaction time of 0.4973995410036878 seconds!
547.9545 	DATA 	Keypress: lshift
547.9559 	DATA 	Keypress: t
547.9577 	DATA 	Keypress: b
548.9618 	INFO 	Trial m_std_cw at 545.1467427640018
549.9701 	DATA 	Keypress: lshift
549.9716 	DATA 	Keypress: t
550.9890 	INFO 	Trial m_std_cw at 547.1740047880012
551.9987 	DATA 	Keypress: lshift
551.9999 	DATA 	Keypress: t
552.9175 	INFO 	Trial m_std_cw at 549.1024438280001
553.9268 	DATA 	Keypress: lshift
553.9283 	DATA 	Keypress: t
554.9158 	INFO 	Trial m_std_ccw at 551.1007591279995
555.7419 	INFO 	Key b was pressed with a reaction time of 0.8175740649967338 seconds!
555.9257 	DATA 	Keypress: lshift
555.9270 	DATA 	Keypress: t
555.9288 	DATA 	Keypress: b
556.9144 	INFO 	End of the main block 11 at 553.099364927999
557.0334 	DATA 	Keypress: lshift
557.0348 	DATA 	Keypress: t
559.0354 	DATA 	Keypress: lshift
559.0366 	DATA 	Keypress: t
561.0327 	DATA 	Keypress: lshift
561.0340 	DATA 	Keypress: t
563.0331 	DATA 	Keypress: lshift
563.0343 	DATA 	Keypress: t
565.0385 	DATA 	Keypress: lshift
565.0400 	DATA 	Keypress: t
566.9200 	INFO 	Start of the control block 12 at 563.1049421169955
567.0375 	DATA 	Keypress: lshift
567.0389 	DATA 	Keypress: t
568.9268 	INFO 	Trial c_std_cw at 565.1117831009979
569.9328 	DATA 	Keypress: lshift
569.9342 	DATA 	Keypress: t
570.9018 	INFO 	Trial c_std_cw at 567.0868296589979
571.9111 	DATA 	Keypress: lshift
571.9125 	DATA 	Keypress: t
572.8801 	INFO 	Trial c_dev_v at 569.0651293339979
573.2828 	INFO 	Key b was pressed with a reaction time of 0.39301183199859224 seconds!
574.9798 	INFO 	Trial c_std_v at 571.1647960539995
574.9813 	DATA 	Keypress: lshift
574.9826 	DATA 	Keypress: t
574.9846 	DATA 	Keypress: b
575.9918 	DATA 	Keypress: lshift
575.9933 	DATA 	Keypress: t
577.0203 	INFO 	Trial c_std_v at 573.2052907940015
578.0305 	DATA 	Keypress: lshift
578.0324 	DATA 	Keypress: t
579.0179 	INFO 	Trial c_std_ccw at 575.2028779179964
580.0280 	DATA 	Keypress: lshift
580.0292 	DATA 	Keypress: t
581.0570 	INFO 	Trial c_std_cw at 577.2420188260003
581.0601 	DATA 	Keypress: lshift
581.0615 	DATA 	Keypress: t
582.9667 	INFO 	Trial c_std_cw at 579.1516699929998
583.9766 	DATA 	Keypress: lshift
583.9779 	DATA 	Keypress: t
584.9855 	INFO 	Trial c_dev_v at 581.1704480129993
585.4039 	INFO 	Key b was pressed with a reaction time of 0.40927345100499224 seconds!
585.9959 	DATA 	Keypress: lshift
585.9988 	DATA 	Keypress: t
586.0010 	DATA 	Keypress: b
587.0646 	INFO 	Trial c_std_v at 583.2496123480014
587.0663 	DATA 	Keypress: lshift
587.0675 	DATA 	Keypress: t
589.0640 	INFO 	Trial c_std_ccw at 585.2489345950016
589.0675 	DATA 	Keypress: lshift
589.0688 	DATA 	Keypress: t
591.0846 	INFO 	Trial c_dev_cw at 587.2696142589994
591.0877 	DATA 	Keypress: lshift
591.0892 	DATA 	Keypress: t
591.4358 	INFO 	Key b was pressed with a reaction time of 0.3400376569989021 seconds!
592.1003 	DATA 	Keypress: b
593.0059 	INFO 	Trial c_std_cw at 589.1908496179967
595.1131 	INFO 	Trial c_std_ccw at 591.2980428439987
595.1146 	DATA 	Keypress: lshift
595.1160 	DATA 	Keypress: t
595.1174 	DATA 	Keypress: lshift
595.1186 	DATA 	Keypress: t
597.2251 	INFO 	Trial c_dev_ccw at 593.4100850670002
597.2283 	DATA 	Keypress: lshift
597.2298 	DATA 	Keypress: t
597.5729 	INFO 	Key b was pressed with a reaction time of 0.33634375199471833 seconds!
598.2385 	DATA 	Keypress: b
599.3066 	INFO 	Trial c_std_ccw at 595.4915346369962
599.3097 	DATA 	Keypress: lshift
599.3112 	DATA 	Keypress: t
601.2471 	INFO 	Trial c_std_v at 597.4320926660002
601.2500 	DATA 	Keypress: lshift
601.2514 	DATA 	Keypress: t
603.1582 	INFO 	Trial c_std_ccw at 599.3432046599992
603.1596 	DATA 	Keypress: lshift
603.1610 	DATA 	Keypress: t
605.0969 	INFO 	End of the control block 12 at 601.2818347799985
605.0990 	DATA 	Keypress: lshift
605.1004 	DATA 	Keypress: t
607.0380 	DATA 	Keypress: lshift
607.0397 	DATA 	Keypress: t
609.0380 	DATA 	Keypress: lshift
609.0396 	DATA 	Keypress: t
611.0343 	DATA 	Keypress: lshift
611.0357 	DATA 	Keypress: t
613.0355 	DATA 	Keypress: lshift
613.0367 	DATA 	Keypress: t
615.0270 	DATA 	Keypress: lshift
615.0286 	DATA 	Keypress: t
615.1049 	INFO 	Start of the main block 13 at 611.2898380539991
617.0272 	DATA 	Keypress: lshift
617.0287 	DATA 	Keypress: t
617.1127 	INFO 	Trial m_std_ccw at 613.2977176439963
619.1486 	INFO 	Trial m_std_cw at 615.3335670410015
619.1500 	DATA 	Keypress: lshift
619.1514 	DATA 	Keypress: t
621.1589 	INFO 	Trial m_dev at 617.3439050699963
621.1605 	DATA 	Keypress: lshift
621.1618 	DATA 	Keypress: t
621.5778 	INFO 	Key b was pressed with a reaction time of 0.41028980299597606 seconds!
622.1713 	DATA 	Keypress: b
623.1476 	INFO 	Trial m_std_ccw at 619.3325919229974
623.1492 	DATA 	Keypress: lshift
623.1505 	DATA 	Keypress: t
625.0959 	INFO 	Trial m_std_ccw at 621.2809316679995
625.0989 	DATA 	Keypress: lshift
625.1002 	DATA 	Keypress: t
626.2569 	INFO 	Key b was pressed with a reaction time of 1.1504847530013649 seconds!
627.0765 	INFO 	Trial m_dev at 623.2615225010013
627.0808 	DATA 	Keypress: b
627.0819 	DATA 	Keypress: lshift
627.0829 	DATA 	Keypress: t
627.6909 	INFO 	Key b was pressed with a reaction time of 0.6024316309994902 seconds!
628.0907 	DATA 	Keypress: b
629.0886 	INFO 	Trial m_std_cw at 625.2735374949989
629.0901 	DATA 	Keypress: lshift
629.0914 	DATA 	Keypress: t
631.1077 	INFO 	Trial m_std_cw at 627.2926423800018
631.1105 	DATA 	Keypress: lshift
631.1121 	DATA 	Keypress: t
633.0781 	INFO 	Trial m_std_cw at 629.2630548129964
633.0794 	DATA 	Keypress: lshift
633.0809 	DATA 	Keypress: t
635.0468 	INFO 	Trial m_std_cw at 631.2318005039997
635.0481 	DATA 	Keypress: lshift
635.0498 	DATA 	Keypress: t
637.0463 	INFO 	Trial m_std_cw at 633.2312940240008
637.0491 	DATA 	Keypress: lshift
637.0505 	DATA 	Keypress: t
639.0666 	INFO 	Trial m_dev at 635.2515762729963
639.0697 	DATA 	Keypress: lshift
639.0714 	DATA 	Keypress: t
639.6399 	INFO 	Key b was pressed with a reaction time of 0.5630443940026453 seconds!
640.0792 	DATA 	Keypress: b
641.0968 	INFO 	Trial m_std_ccw at 637.2818279849962
641.1001 	DATA 	Keypress: lshift
641.1015 	DATA 	Keypress: t
641.6010 	INFO 	Key b was pressed with a reaction time of 0.49337634499534033 seconds!
642.1098 	DATA 	Keypress: b
643.0777 	INFO 	Trial m_std_ccw at 639.2626819680008
643.0810 	DATA 	Keypress: lshift
643.0824 	DATA 	Keypress: t
643.6640 	INFO 	Key b was pressed with a reaction time of 0.5762916000021505 seconds!
644.0900 	DATA 	Keypress: b
645.1278 	INFO 	Trial m_dev at 641.3127468800012
645.1293 	DATA 	Keypress: lshift
645.1316 	DATA 	Keypress: t
645.6318 	INFO 	Key b was pressed with a reaction time of 0.49344301800010726 seconds!
646.1406 	DATA 	Keypress: b
647.1984 	INFO 	Trial m_std_ccw at 643.383340964996
647.2015 	DATA 	Keypress: lshift
647.2029 	DATA 	Keypress: t
647.9748 	INFO 	Key b was pressed with a reaction time of 0.7650652509983047 seconds!
648.2120 	DATA 	Keypress: b
649.2498 	INFO 	Trial m_std_ccw at 645.4348110790015
649.2518 	DATA 	Keypress: lshift
649.2530 	DATA 	Keypress: t
649.7438 	INFO 	Key b was pressed with a reaction time of 0.48465248700085795 seconds!
650.2629 	DATA 	Keypress: b
651.2892 	INFO 	Trial m_std_cw at 647.4742208839962
651.2924 	DATA 	Keypress: lshift
651.2939 	DATA 	Keypress: t
653.2898 	INFO 	End of the main block 13 at 649.4747635550011
653.2936 	DATA 	Keypress: lshift
653.2950 	DATA 	Keypress: t
655.0385 	DATA 	Keypress: lshift
655.0402 	DATA 	Keypress: t
657.0375 	DATA 	Keypress: lshift
657.0389 	DATA 	Keypress: t
659.0335 	DATA 	Keypress: lshift
659.0347 	DATA 	Keypress: t
661.0328 	DATA 	Keypress: lshift
661.0342 	DATA 	Keypress: t
663.0330 	DATA 	Keypress: lshift
663.0343 	DATA 	Keypress: t
663.3002 	INFO 	Start of the control block 14 at 659.4851647649994
665.0322 	DATA 	Keypress: lshift
665.0335 	DATA 	Keypress: t
665.3073 	INFO 	Trial c_std_ccw at 661.4922480919995
667.2228 	INFO 	Trial c_std_cw at 663.4077352629974
667.2241 	DATA 	Keypress: lshift
667.2255 	DATA 	Keypress: t
669.2318 	INFO 	Trial c_dev_v at 665.4167952909993
669.5899 	INFO 	Key b was pressed with a reaction time of 0.35198220500024036 seconds!
670.2390 	DATA 	Keypress: lshift
670.2402 	DATA 	Keypress: t
670.2423 	DATA 	Keypress: b
671.2979 	INFO 	Trial c_std_cw at 667.4829224839996
671.2997 	DATA 	Keypress: lshift
671.3015 	DATA 	Keypress: t
673.3878 	INFO 	Trial c_std_v at 669.572774651002
674.3976 	DATA 	Keypress: lshift
674.3990 	DATA 	Keypress: t
675.3353 	INFO 	Trial c_std_v at 671.520301272998
675.3383 	DATA 	Keypress: lshift
675.3398 	DATA 	Keypress: t
677.2652 	INFO 	Trial c_dev_ccw at 673.4502158449977
677.2683 	DATA 	Keypress: lshift
677.2697 	DATA 	Keypress: t
677.6688 	INFO 	Key b was pressed with a reaction time of 0.3924241360000451 seconds!
678.2792 	DATA 	Keypress: b
679.1764 	INFO 	Trial c_std_v at 675.3613792799952
679.1796 	DATA 	Keypress: lshift
679.1809 	DATA 	Keypress: t
681.2667 	INFO 	Trial c_std_ccw at 677.4516620270006
681.2680 	DATA 	Keypress: lshift
681.2694 	DATA 	Keypress: t
683.2459 	INFO 	Trial c_dev_v at 679.4309199819982
683.2473 	DATA 	Keypress: lshift
683.2485 	DATA 	Keypress: t
683.5920 	INFO 	Key b was pressed with a reaction time of 0.3371526460032328 seconds!
684.2567 	DATA 	Keypress: b
685.3549 	INFO 	Trial c_std_ccw at 681.5398446569961
685.3578 	DATA 	Keypress: lshift
685.3592 	DATA 	Keypress: t
687.2852 	INFO 	Trial c_std_cw at 683.4702054110021
687.2884 	DATA 	Keypress: lshift
687.2899 	DATA 	Keypress: t
689.3351 	INFO 	Trial c_std_ccw at 685.5201296439991
689.3382 	DATA 	Keypress: lshift
689.3397 	DATA 	Keypress: t
691.3053 	INFO 	Trial c_std_ccw at 687.4903250439966
691.3083 	DATA 	Keypress: lshift
691.3098 	DATA 	Keypress: t
693.3462 	INFO 	Trial c_dev_cw at 689.5311799580013
693.3491 	DATA 	Keypress: lshift
693.3504 	DATA 	Keypress: t
693.6858 	INFO 	Key b was pressed with a reaction time of 0.32906591100618243 seconds!
694.3590 	DATA 	Keypress: b
695.4468 	INFO 	Trial c_std_cw at 691.6317421009953
695.4483 	DATA 	Keypress: lshift
695.4496 	DATA 	Keypress: t
697.3850 	INFO 	Trial c_std_cw at 693.5699776330002
697.3880 	DATA 	Keypress: lshift
697.3895 	DATA 	Keypress: t
699.3953 	INFO 	Trial c_std_v at 695.5802893209984
699.3983 	DATA 	Keypress: lshift
699.3998 	DATA 	Keypress: t
701.4758 	INFO 	End of the control block 14 at 697.6607406190014
701.4793 	DATA 	Keypress: lshift
701.4807 	DATA 	Keypress: t
703.0312 	DATA 	Keypress: lshift
703.0333 	DATA 	Keypress: t
705.0361 	DATA 	Keypress: lshift
705.0377 	DATA 	Keypress: t
707.0365 	DATA 	Keypress: lshift
707.0380 	DATA 	Keypress: t
709.0426 	DATA 	Keypress: lshift
709.0443 	DATA 	Keypress: t
711.0374 	DATA 	Keypress: lshift
711.0387 	DATA 	Keypress: t
711.4848 	INFO 	Start of the main block 15 at 707.6697469479986
713.0416 	DATA 	Keypress: lshift
713.0431 	DATA 	Keypress: t
713.4914 	INFO 	Trial m_std_ccw at 709.6764017009991
715.5777 	INFO 	Trial m_std_ccw at 711.762652434998
715.5789 	DATA 	Keypress: lshift
715.5802 	DATA 	Keypress: t
717.5261 	INFO 	Trial m_std_cw at 713.7110652420015
717.5277 	DATA 	Keypress: lshift
717.5291 	DATA 	Keypress: t
719.5058 	INFO 	Trial m_std_ccw at 715.6907742139956
719.5071 	DATA 	Keypress: lshift
719.5084 	DATA 	Keypress: t
720.1269 	INFO 	Key b was pressed with a reaction time of 0.6123628920031479 seconds!
720.5183 	DATA 	Keypress: b
721.5946 	INFO 	Trial m_std_cw at 717.7795604029961
721.5983 	DATA 	Keypress: lshift
721.5997 	DATA 	Keypress: t
723.6657 	INFO 	Trial m_std_ccw at 719.8506364279965
723.6687 	DATA 	Keypress: lshift
723.6703 	DATA 	Keypress: t
724.2489 	INFO 	Key b was pressed with a reaction time of 0.5720382219951716 seconds!
724.6808 	DATA 	Keypress: b
725.7369 	INFO 	Trial m_dev at 721.9218993929971
725.7387 	DATA 	Keypress: lshift
725.7400 	DATA 	Keypress: t
726.1659 	INFO 	Key b was pressed with a reaction time of 0.4200515839984291 seconds!
726.7481 	DATA 	Keypress: b
727.7760 	INFO 	Trial m_std_ccw at 723.9609375469954
727.7777 	DATA 	Keypress: lshift
727.7793 	DATA 	Keypress: t
728.5269 	INFO 	Key b was pressed with a reaction time of 0.7402227509955992 seconds!
728.7903 	DATA 	Keypress: b
729.7667 	INFO 	Trial m_std_cw at 725.951720609999
729.7683 	DATA 	Keypress: lshift
729.7702 	DATA 	Keypress: t
731.7967 	INFO 	Trial m_dev at 727.9816554339995
731.7980 	DATA 	Keypress: lshift
731.7993 	DATA 	Keypress: t
732.3049 	INFO 	Key b was pressed with a reaction time of 0.49903135399654275 seconds!
732.8097 	DATA 	Keypress: b
733.7459 	INFO 	Trial m_std_ccw at 729.9309231389998
733.7476 	DATA 	Keypress: lshift
733.7490 	DATA 	Keypress: t
734.6849 	INFO 	Key b was pressed with a reaction time of 0.9294282269984251 seconds!
734.7592 	DATA 	Keypress: b
735.8455 	INFO 	Trial m_std_cw at 732.0305073950003
735.8471 	DATA 	Keypress: lshift
735.8486 	DATA 	Keypress: t
737.9342 	INFO 	Trial m_dev at 734.1191767069977
737.9371 	DATA 	Keypress: lshift
737.9387 	DATA 	Keypress: t
738.4459 	INFO 	Key b was pressed with a reaction time of 0.5012538600058178 seconds!
738.9470 	DATA 	Keypress: b
739.8546 	INFO 	Trial m_std_ccw at 736.0396226189987
739.8577 	DATA 	Keypress: lshift
739.8591 	DATA 	Keypress: t
740.4050 	INFO 	Key b was pressed with a reaction time of 0.5398165059959865 seconds!
740.8692 	DATA 	Keypress: b
741.9552 	INFO 	Trial m_std_cw at 738.1401944449972
741.9566 	DATA 	Keypress: lshift
741.9581 	DATA 	Keypress: t
743.8861 	INFO 	Trial m_dev at 740.0711216119962
743.8878 	DATA 	Keypress: lshift
743.8891 	DATA 	Keypress: t
744.3809 	INFO 	Key b was pressed with a reaction time of 0.48562675999710336 seconds!
744.8998 	DATA 	Keypress: b
745.8053 	INFO 	Trial m_std_cw at 741.9903055069954
745.8082 	DATA 	Keypress: lshift
745.8098 	DATA 	Keypress: t
747.7358 	INFO 	Trial m_std_cw at 743.9207622920003
747.7389 	DATA 	Keypress: lshift
747.7406 	DATA 	Keypress: t
749.6660 	INFO 	End of the main block 15 at 745.8510039179964
749.6698 	DATA 	Keypress: lshift
749.6713 	DATA 	Keypress: t
751.0355 	DATA 	Keypress: lshift
751.0366 	DATA 	Keypress: t
753.0328 	DATA 	Keypress: lshift
753.0341 	DATA 	Keypress: t
755.0396 	DATA 	Keypress: lshift
755.0410 	DATA 	Keypress: t
757.0328 	DATA 	Keypress: lshift
757.0341 	DATA 	Keypress: t
759.0406 	DATA 	Keypress: lshift
759.0423 	DATA 	Keypress: t
759.6756 	INFO 	Start of the control block 16 at 755.8606207519988
761.0396 	DATA 	Keypress: lshift
761.0412 	DATA 	Keypress: t
761.6826 	INFO 	Trial c_std_v at 757.8675752060008
763.6184 	INFO 	Trial c_std_ccw at 759.8033967829979
763.6198 	DATA 	Keypress: lshift
763.6212 	DATA 	Keypress: t
765.6681 	INFO 	Trial c_dev_ccw at 761.8531107870003
765.6696 	DATA 	Keypress: lshift
765.6709 	DATA 	Keypress: t
766.0090 	INFO 	Key b was pressed with a reaction time of 0.3312470119999489 seconds!
766.6815 	DATA 	Keypress: b
767.6478 	INFO 	Trial c_std_v at 763.8327498029976
767.6498 	DATA 	Keypress: lshift
767.6511 	DATA 	Keypress: t
769.6266 	INFO 	Trial c_std_v at 765.8116077519953
769.6303 	DATA 	Keypress: lshift
769.6318 	DATA 	Keypress: t
771.6581 	INFO 	Trial c_dev_cw at 767.8430604129971
771.6611 	DATA 	Keypress: lshift
771.6629 	DATA 	Keypress: t
772.0120 	INFO 	Key b was pressed with a reaction time of 0.3425024609969114 seconds!
772.6734 	DATA 	Keypress: b
773.7595 	INFO 	Trial c_std_v at 769.944487806999
773.7610 	DATA 	Keypress: lshift
773.7629 	DATA 	Keypress: t
775.7988 	INFO 	Trial c_std_ccw at 771.9837330449955
775.8001 	DATA 	Keypress: lshift
775.8013 	DATA 	Keypress: t
777.7677 	INFO 	Trial c_dev_v at 773.9526572149989
777.7691 	DATA 	Keypress: lshift
777.7705 	DATA 	Keypress: t
778.2810 	INFO 	Key b was pressed with a reaction time of 0.5040764549994492 seconds!
778.7810 	DATA 	Keypress: b
779.8070 	INFO 	Trial c_std_ccw at 775.991970739
779.8089 	DATA 	Keypress: lshift
779.8102 	DATA 	Keypress: t
781.7864 	INFO 	Trial c_std_cw at 777.9713391260011
781.7897 	DATA 	Keypress: lshift
781.7913 	DATA 	Keypress: t
783.7086 	INFO 	Trial c_std_cw at 779.8936057269966
783.7099 	DATA 	Keypress: lshift
783.7115 	DATA 	Keypress: t
785.6877 	INFO 	Trial c_dev_v at 781.8726677939994
785.6890 	DATA 	Keypress: lshift
785.6903 	DATA 	Keypress: t
786.0838 	INFO 	Key b was pressed with a reaction time of 0.38782757599983597 seconds!
786.6998 	DATA 	Keypress: b
787.7260 	INFO 	Trial c_std_cw at 783.9109603129982
787.7277 	DATA 	Keypress: lshift
787.7293 	DATA 	Keypress: t
789.8067 	INFO 	Trial c_std_cw at 785.9916480539978
789.8079 	DATA 	Keypress: lshift
789.8094 	DATA 	Keypress: t
791.8461 	INFO 	Trial c_std_ccw at 788.0310993710009
791.8490 	DATA 	Keypress: lshift
791.8504 	DATA 	Keypress: t
793.7659 	INFO 	Trial c_std_ccw at 789.9509233720019
793.7685 	DATA 	Keypress: lshift
793.7697 	DATA 	Keypress: t
795.8667 	INFO 	Trial c_std_cw at 792.0517251860001
795.8679 	DATA 	Keypress: lshift
795.8694 	DATA 	Keypress: t
797.8552 	INFO 	End of the control block 16 at 794.0401982199983
797.8571 	DATA 	Keypress: lshift
797.8584 	DATA 	Keypress: t
799.0405 	DATA 	Keypress: lshift
799.0422 	DATA 	Keypress: t
801.0376 	DATA 	Keypress: lshift
801.0392 	DATA 	Keypress: t
803.0367 	DATA 	Keypress: lshift
803.0381 	DATA 	Keypress: t
805.0384 	DATA 	Keypress: lshift
805.0397 	DATA 	Keypress: t
807.0312 	DATA 	Keypress: lshift
807.0326 	DATA 	Keypress: t
807.8650 	INFO 	Start of the control block 17 at 804.0499844520018
809.0313 	DATA 	Keypress: lshift
809.0326 	DATA 	Keypress: t
809.8722 	INFO 	Trial c_std_cw at 806.0571715319966
811.7878 	INFO 	Trial c_std_ccw at 807.9727648459957
811.7891 	DATA 	Keypress: lshift
811.7904 	DATA 	Keypress: t
813.8581 	INFO 	Trial c_std_cw at 810.0430427960018
814.8647 	DATA 	Keypress: lshift
814.8661 	DATA 	Keypress: t
815.8436 	INFO 	Trial c_dev_cw at 812.0286242200018
815.8468 	DATA 	Keypress: lshift
815.8487 	DATA 	Keypress: t
816.2199 	INFO 	Key b was pressed with a reaction time of 0.36447244599548867 seconds!
816.8592 	DATA 	Keypress: b
817.7756 	INFO 	Trial c_std_v at 813.960592974996
817.7774 	DATA 	Keypress: lshift
817.7787 	DATA 	Keypress: t
819.8676 	INFO 	Trial c_std_v at 816.0525788259984
819.8707 	DATA 	Keypress: lshift
819.8723 	DATA 	Keypress: t
821.9582 	INFO 	Trial c_std_cw at 818.1431622960008
821.9623 	DATA 	Keypress: lshift
821.9653 	DATA 	Keypress: t
824.0611 	INFO 	Trial c_std_v at 820.2461275979949
824.0628 	DATA 	Keypress: lshift
824.0642 	DATA 	Keypress: t
825.0733 	DATA 	Keypress: lshift
825.0748 	DATA 	Keypress: t
826.0103 	INFO 	Trial c_dev_v at 822.1953294679988
826.3639 	INFO 	Key b was pressed with a reaction time of 0.34611929200036684 seconds!
827.0213 	DATA 	Keypress: b
828.1078 	INFO 	Trial c_std_v at 824.2928026219961
828.1096 	DATA 	Keypress: lshift
828.1117 	DATA 	Keypress: t
829.1217 	DATA 	Keypress: lshift
829.1230 	DATA 	Keypress: t
830.1007 	INFO 	Trial c_std_ccw at 826.2857196519981
831.1102 	DATA 	Keypress: lshift
831.1116 	DATA 	Keypress: t
832.1793 	INFO 	Trial c_std_ccw at 828.3643274259957
833.1893 	DATA 	Keypress: lshift
833.1908 	DATA 	Keypress: t
834.1181 	INFO 	Trial c_dev_v at 830.3030682649987
834.4278 	INFO 	Key b was pressed with a reaction time of 0.3014321500013466 seconds!
835.1300 	DATA 	Keypress: b
835.1311 	DATA 	Keypress: lshift
835.1322 	DATA 	Keypress: t
836.1866 	INFO 	Trial c_std_ccw at 832.3715858149953
837.1958 	DATA 	Keypress: lshift
837.1975 	DATA 	Keypress: t
838.2128 	INFO 	Trial c_std_cw at 834.3977561619977
839.2228 	DATA 	Keypress: lshift
839.2241 	DATA 	Keypress: t
840.1402 	INFO 	Trial c_dev_ccw at 836.3251365489996
840.4569 	INFO 	Key b was pressed with a reaction time of 0.3104550339994603 seconds!
841.1505 	DATA 	Keypress: b
841.1512 	DATA 	Keypress: lshift
841.1522 	DATA 	Keypress: t
842.0566 	INFO 	Trial c_std_ccw at 838.241594082996
843.0663 	DATA 	Keypress: lshift
843.0680 	DATA 	Keypress: t
844.0837 	INFO 	Trial c_std_cw at 840.2686540279974
845.0933 	DATA 	Keypress: lshift
845.0952 	DATA 	Keypress: t
846.0307 	INFO 	End of the control block 17 at 842.2157236290004
847.0385 	DATA 	Keypress: lshift
847.0398 	DATA 	Keypress: t
849.0414 	DATA 	Keypress: lshift
849.0433 	DATA 	Keypress: t
851.0385 	DATA 	Keypress: lshift
851.0400 	DATA 	Keypress: t
853.0374 	DATA 	Keypress: lshift
853.0387 	DATA 	Keypress: t
855.0374 	DATA 	Keypress: lshift
855.0386 	DATA 	Keypress: t
856.0378 	INFO 	Start of the control block 18 at 852.2227682059965
857.0380 	DATA 	Keypress: lshift
857.0393 	DATA 	Keypress: t
858.0450 	INFO 	Trial c_std_cw at 854.2299475409964
859.0515 	DATA 	Keypress: lshift
859.0529 	DATA 	Keypress: t
860.1406 	INFO 	Trial c_std_ccw at 856.3255708599972
862.1089 	INFO 	Trial c_std_ccw at 858.2938624279996
862.1100 	DATA 	Keypress: lshift
862.1115 	DATA 	Keypress: t
863.1208 	DATA 	Keypress: lshift
863.1223 	DATA 	Keypress: t
864.0778 	INFO 	Trial c_dev_v at 860.262794383998
864.4629 	INFO 	Key b was pressed with a reaction time of 0.37616980200255057 seconds!
865.0888 	DATA 	Keypress: b
865.0898 	DATA 	Keypress: lshift
865.0909 	DATA 	Keypress: t
866.0868 	INFO 	Trial c_std_ccw at 862.2717772679971
867.0976 	DATA 	Keypress: lshift
867.0991 	DATA 	Keypress: t
868.0044 	INFO 	Trial c_std_v at 864.1893489409995
869.9318 	INFO 	Trial c_std_v at 866.1167818359972
869.9332 	DATA 	Keypress: lshift
869.9345 	DATA 	Keypress: t
871.9800 	INFO 	Trial c_dev_ccw at 868.1649710619968
871.9812 	DATA 	Keypress: lshift
871.9827 	DATA 	Keypress: t
872.3101 	INFO 	Key b was pressed with a reaction time of 0.319813989000977 seconds!
872.9947 	DATA 	Keypress: b
874.0003 	INFO 	Trial c_std_v at 870.1852661599987
874.0033 	DATA 	Keypress: lshift
874.0049 	DATA 	Keypress: t
875.9211 	INFO 	Trial c_std_ccw at 872.1060768390016
875.9240 	DATA 	Keypress: lshift
875.9254 	DATA 	Keypress: t
877.9913 	INFO 	Trial c_dev_v at 874.1762966349997
877.9954 	DATA 	Keypress: lshift
877.9969 	DATA 	Keypress: t
878.3040 	INFO 	Key b was pressed with a reaction time of 0.30041276500560343 seconds!
879.0058 	DATA 	Keypress: b
880.0937 	INFO 	Trial c_std_ccw at 876.2786780409951
880.0956 	DATA 	Keypress: lshift
880.0972 	DATA 	Keypress: t
881.1054 	DATA 	Keypress: lshift
881.1070 	DATA 	Keypress: t
882.1027 	INFO 	Trial c_std_cw at 878.2877203259995
883.1147 	DATA 	Keypress: lshift
883.1164 	DATA 	Keypress: t
884.1719 	INFO 	Trial c_dev_cw at 880.3569005559984
884.4820 	INFO 	Key b was pressed with a reaction time of 0.30112326700327685 seconds!
885.1827 	DATA 	Keypress: b
885.1838 	DATA 	Keypress: lshift
885.1850 	DATA 	Keypress: t
886.2609 	INFO 	Trial c_std_cw at 882.4458545960006
887.2712 	DATA 	Keypress: lshift
887.2728 	DATA 	Keypress: t
888.3084 	INFO 	Trial c_std_cw at 884.4933397639979
889.3186 	DATA 	Keypress: lshift
889.3199 	DATA 	Keypress: t
890.2557 	INFO 	Trial c_std_cw at 886.4407100839962
891.2650 	DATA 	Keypress: lshift
891.2664 	DATA 	Keypress: t
892.2523 	INFO 	Trial c_std_v at 888.4372670500015
893.2624 	DATA 	Keypress: lshift
893.2640 	DATA 	Keypress: t
894.1996 	INFO 	End of the control block 18 at 890.3846153319973
895.0330 	DATA 	Keypress: lshift
895.0346 	DATA 	Keypress: t
897.0386 	DATA 	Keypress: lshift
897.0402 	DATA 	Keypress: t
899.0354 	DATA 	Keypress: lshift
899.0367 	DATA 	Keypress: t
901.0434 	DATA 	Keypress: lshift
901.0449 	DATA 	Keypress: t
903.0428 	DATA 	Keypress: lshift
903.0443 	DATA 	Keypress: t
904.2132 	EXP 	unnamed TextStim: height = 0.05
904.2132 	EXP 	unnamed TextStim: height = 0.05
904.2132 	EXP 	unnamed TextStim: height = 0.05
904.2132 	EXP 	unnamed TextStim: text = 'End of the Experiment!'
905.0363 	DATA 	Keypress: lshift
905.0376 	DATA 	Keypress: t
906.4927 	EXP 	window1: mouseVisible = True
