2.3509 	INFO 	Loaded monitor calibration from ['2023_03_20 18:26']
3.9626 	WARNING 	Couldn't measure a consistent frame rate!
  - Is your graphics card set to sync to vertical blank?
  - Are you running other processes on your computer?

3.9630 	EXP 	Created window1 = Window(allowGUI=False, allowStencil=False, autoLog=True, backendConf=UNKNOWN, backgroundFit=<method-wrapper '__getattribute__' of attributeSetter object at 0x7fa039bd8100>, backgroundImage=<method-wrapper '__getattribute__' of attributeSetter object at 0x7fa039bd80a0>, bitsMode=UNKNOWN, blendMode='avg', bpc=(8, 8, 8), color=array([0, 0, 0]), colorSpace='rgb', depthBits=8, fullscr=<method-wrapper '__getattribute__' of attributeSetter object at 0x7fa039bc9ee0>, gamma=None, gammaErrorPolicy='raise', lms=UNKNOWN, monitor=<psychopy.monitors.calibTools.Monitor object at 0x7f9ff8ec4220>, multiSample=False, name='window1', numSamples=2, pos=[0.0, 0.0], screen=1, size=array([1920, 1080]), stencilBits=0, stereo=False, title='PsychoPy', units='height', useFBO=True, useRetina=False, viewOri=0.0, viewPos=None, viewScale=None, waitBlanking=True, winType='pyglet')
3.9632 	EXP 	window1: mouseVisible = True
3.9632 	EXP 	window1: backgroundImage = None
3.9632 	EXP 	window1: backgroundFit = 'contain'
6.4435 	INFO 	keyboard.Keyboard is using ptb backend.
6.4443 	EXP 	window1: mouseVisible = True
6.4881 	EXP 	Created unnamed TextStim = TextStim(__class__=<class 'psychopy.visual.text.TextStim'>, alignHoriz=method-wrapper(...), alignText='center', alignVert=method-wrapper(...), anchorHoriz='center', anchorVert='center', antialias=True, autoDraw=False, autoLog=True, bold=False, color=array([1., 1., 1.]), colorSpace='rgb', contrast=1.0, depth=0, draggable=False, flipHoriz=False, flipVert=False, font='', fontFiles=[], height=0.2, italic=False, languageStyle='LTR', name='unnamed TextStim', opacity=1.0, ori=0.0, pos=array([0., 0.]), rgb=UNKNOWN, text='Waiting for the scanner triggers ...', units='height', win=Window(...), wrapWidth=1)
6.4885 	EXP 	window1: mouseVisible = True
6.5013 	EXP 	Created unnamed TextStim = TextStim(__class__=<class 'psychopy.visual.text.TextStim'>, alignHoriz=method-wrapper(...), alignText='center', alignVert=method-wrapper(...), anchorHoriz='center', anchorVert='center', antialias=True, autoDraw=False, autoLog=True, bold=False, color=array([1., 1., 1.]), colorSpace='rgb', contrast=1.0, depth=0, draggable=False, flipHoriz=False, flipVert=False, font='', fontFiles=[], height=0.2, italic=False, languageStyle='LTR', name='unnamed TextStim', opacity=1.0, ori=0.0, pos=array([0., 0.]), rgb=UNKNOWN, text='End of the block. \n (Please do not move!)', units='height', win=Window(...), wrapWidth=1)
6.5016 	EXP 	window1: mouseVisible = True
6.5105 	EXP 	Created unnamed TextStim = TextStim(__class__=<class 'psychopy.visual.text.TextStim'>, alignHoriz=method-wrapper(...), alignText='center', alignVert=method-wrapper(...), anchorHoriz='center', anchorVert='center', antialias=True, autoDraw=False, autoLog=True, bold=False, color=array([1., 1., 1.]), colorSpace='rgb', contrast=1.0, depth=0, draggable=False, flipHoriz=False, flipVert=False, font='', fontFiles=[], height=0.2, italic=False, languageStyle='LTR', name='unnamed TextStim', opacity=1.0, ori=0.0, pos=array([0., 0.]), rgb=UNKNOWN, text=str(...), units='height', win=Window(...), wrapWidth=1)
6.5109 	EXP 	window1: mouseVisible = True
6.5163 	EXP 	Created unnamed TextStim = TextStim(__class__=<class 'psychopy.visual.text.TextStim'>, alignHoriz=method-wrapper(...), alignText='center', alignVert=method-wrapper(...), anchorHoriz='center', anchorVert='center', antialias=True, autoDraw=False, autoLog=True, bold=False, color=array([1., 1., 1.]), colorSpace='rgb', contrast=1.0, depth=0, draggable=False, flipHoriz=False, flipVert=False, font='', fontFiles=[], height=0.2, italic=False, languageStyle='LTR', name='unnamed TextStim', opacity=1.0, ori=0.0, pos=array([0., 0.]), rgb=UNKNOWN, text='End of the Experiment!', units='height', win=Window(...), wrapWidth=1)
6.5165 	EXP 	window1: mouseVisible = True
6.6607 	EXP 	Created bg = ImageStim(__class__=<class 'psychopy.visual.image.ImageStim'>, anchor=('center', 'center'), autoLog=True, color=array([1., 1., 1.]), colorSpace='rgb', contrast=1.0, depth=0, draggable=False, flipHoriz=False, flipVert=False, image='./images_fMRI/grey_bg.png', interpolate=True, mask=None, maskParams=None, name='bg', opacity=1.0, ori=0.0, pos=array([0., 0.]), size=array([2., 1.]), texRes=128, units='height', win=Window(...))
6.6609 	EXP 	window1: mouseVisible = True
6.7912 	EXP 	Created ref_white = ImageStim(__class__=<class 'psychopy.visual.image.ImageStim'>, anchor=('center', 'center'), autoLog=True, color=array([1., 1., 1.]), colorSpace='rgb', contrast=1.0, depth=0, draggable=False, flipHoriz=False, flipVert=False, image='./images_fMRI/Ref_white.png', interpolate=True, mask=None, maskParams=None, name='ref_white', opacity=1.0, ori=0.0, pos=array([0., 0.]), size=array([1.43333333, 0.88148148]), texRes=128, units='height', win=Window(...))
6.7913 	EXP 	window1: mouseVisible = True
6.9145 	EXP 	Created ref_yellow = ImageStim(__class__=<class 'psychopy.visual.image.ImageStim'>, anchor=('center', 'center'), autoLog=True, color=array([1., 1., 1.]), colorSpace='rgb', contrast=1.0, depth=0, draggable=False, flipHoriz=False, flipVert=False, image='./images_fMRI/Ref_yellow.png', interpolate=True, mask=None, maskParams=None, name='ref_yellow', opacity=1.0, ori=0.0, pos=array([0., 0.]), size=array([1.43333333, 0.88148148]), texRes=128, units='height', win=Window(...))
6.9147 	EXP 	window1: mouseVisible = True
7.0383 	EXP 	Created cw_white = ImageStim(__class__=<class 'psychopy.visual.image.ImageStim'>, anchor=('center', 'center'), autoLog=True, color=array([1., 1., 1.]), colorSpace='rgb', contrast=1.0, depth=0, draggable=False, flipHoriz=False, flipVert=False, image=str(...), interpolate=True, mask=None, maskParams=None, name='cw_white', opacity=1.0, ori=0.0, pos=array([0., 0.]), size=array([1.43333333, 0.88148148]), texRes=128, units='height', win=Window(...))
7.0384 	EXP 	window1: mouseVisible = True
7.1623 	EXP 	Created cw_yellow = ImageStim(__class__=<class 'psychopy.visual.image.ImageStim'>, anchor=('center', 'center'), autoLog=True, color=array([1., 1., 1.]), colorSpace='rgb', contrast=1.0, depth=0, draggable=False, flipHoriz=False, flipVert=False, image=str(...), interpolate=True, mask=None, maskParams=None, name='cw_yellow', opacity=1.0, ori=0.0, pos=array([0., 0.]), size=array([1.43333333, 0.88148148]), texRes=128, units='height', win=Window(...))
7.1625 	EXP 	window1: mouseVisible = True
7.2874 	EXP 	Created ccw_white = ImageStim(__class__=<class 'psychopy.visual.image.ImageStim'>, anchor=('center', 'center'), autoLog=True, color=array([1., 1., 1.]), colorSpace='rgb', contrast=1.0, depth=0, draggable=False, flipHoriz=False, flipVert=False, image=str(...), interpolate=True, mask=None, maskParams=None, name='ccw_white', opacity=1.0, ori=0.0, pos=array([0., 0.]), size=array([1.43333333, 0.88148148]), texRes=128, units='height', win=Window(...))
7.2876 	EXP 	window1: mouseVisible = True
7.4091 	EXP 	Created ccw_yellow = ImageStim(__class__=<class 'psychopy.visual.image.ImageStim'>, anchor=('center', 'center'), autoLog=True, color=array([1., 1., 1.]), colorSpace='rgb', contrast=1.0, depth=0, draggable=False, flipHoriz=False, flipVert=False, image=str(...), interpolate=True, mask=None, maskParams=None, name='ccw_yellow', opacity=1.0, ori=0.0, pos=array([0., 0.]), size=array([1.43333333, 0.88148148]), texRes=128, units='height', win=Window(...))
7.4092 	EXP 	window1: mouseVisible = True
7.5267 	EXP 	Created v_white = ImageStim(__class__=<class 'psychopy.visual.image.ImageStim'>, anchor=('center', 'center'), autoLog=True, color=array([1., 1., 1.]), colorSpace='rgb', contrast=1.0, depth=0, draggable=False, flipHoriz=False, flipVert=False, image=str(...), interpolate=True, mask=None, maskParams=None, name='v_white', opacity=1.0, ori=0.0, pos=array([0., 0.]), size=array([1.43333333, 0.88148148]), texRes=128, units='height', win=Window(...))
7.5269 	EXP 	window1: mouseVisible = True
7.6469 	EXP 	Created v_yellow = ImageStim(__class__=<class 'psychopy.visual.image.ImageStim'>, anchor=('center', 'center'), autoLog=True, color=array([1., 1., 1.]), colorSpace='rgb', contrast=1.0, depth=0, draggable=False, flipHoriz=False, flipVert=False, image=str(...), interpolate=True, mask=None, maskParams=None, name='v_yellow', opacity=1.0, ori=0.0, pos=array([0., 0.]), size=array([1.43333333, 0.88148148]), texRes=128, units='height', win=Window(...))
7.6469 	INFO 	The block order is ['C', 'C', 'M', 'M', 'C', 'C', 'M', 'M', 'C', 'C', 'M', 'M', 'M', 'C', 'M', 'C', 'C', 'M']
7.6469 	INFO 	The elips tilt degree is 1.5
7.6727 	WARNING 	t of last frame was 3710.30ms (=1/0)
7.6727 	EXP 	unnamed TextStim: height = 0.05
7.6727 	EXP 	unnamed TextStim: height = 0.05
7.6727 	EXP 	unnamed TextStim: height = 0.05
7.6727 	EXP 	unnamed TextStim: height = 0.05
7.6727 	EXP 	unnamed TextStim: height = 0.05
7.6727 	EXP 	unnamed TextStim: height = 0.05
7.6727 	EXP 	unnamed TextStim: height = 0.05
7.6727 	EXP 	unnamed TextStim: text = 'Whenever you are ready\n press a button to start. '
10.7024 	DATA 	Keypress: c
11.1840 	WARNING 	t of last frame was 507.77ms (=1/1)
11.1840 	EXP 	unnamed TextStim: height = 0.05
11.1840 	EXP 	unnamed TextStim: height = 0.05
11.1840 	EXP 	unnamed TextStim: height = 0.05
11.1840 	EXP 	unnamed TextStim: text = 'Waiting for the scanner triggers ...'
11.1842 	EXP 	window1: mouseVisible = False
33.0709 	DATA 	Keypress: lshift
33.0734 	DATA 	Keypress: t
33.0740 	INFO 	Trigger 1 time: 29.103236385002674
35.0749 	DATA 	Keypress: lshift
35.0763 	DATA 	Keypress: t
35.0774 	INFO 	Trigger 2 time: 31.10662586700346
37.0711 	DATA 	Keypress: lshift
37.0733 	DATA 	Keypress: t
37.0748 	INFO 	Trigger 3 time: 33.104033833005815
39.0715 	DATA 	Keypress: lshift
39.0736 	DATA 	Keypress: t
39.0741 	INFO 	Trigger 4 time: 35.1034064129999
41.0710 	DATA 	Keypress: lshift
41.0732 	DATA 	Keypress: t
41.0746 	INFO 	Trigger 5 time: 37.1039116450047
41.0748 	INFO 	Start of the control block 1 at 37.10406790300476
41.0915 	WARNING 	t of last frame was 29907.49ms (=1/0)
43.0705 	DATA 	Keypress: lshift
43.0721 	DATA 	Keypress: t
43.0925 	INFO 	Trial c_std_cw at 39.12180167300539
43.0999 	WARNING 	t of last frame was 2008.39ms (=1/0)
44.1044 	WARNING 	Multiple dropped frames have occurred - I'll stop bothering you about them!
45.1100 	INFO 	Trial c_std_v at 41.139249188003305
45.1113 	DATA 	Keypress: lshift
45.1126 	DATA 	Keypress: t
47.1898 	INFO 	Trial c_std_v at 43.219104194002284
48.1979 	DATA 	Keypress: lshift
48.1996 	DATA 	Keypress: t
49.1868 	INFO 	Trial c_dev_cw at 45.216056595003465
49.1896 	DATA 	Keypress: lshift
49.1911 	DATA 	Keypress: t
49.6188 	INFO 	Key c was pressed with a reaction time of 0.4205205440011923 seconds!
50.2007 	DATA 	Keypress: c
51.2983 	INFO 	Trial c_std_ccw at 47.32758120300423
51.3001 	DATA 	Keypress: lshift
51.3015 	DATA 	Keypress: t
53.3485 	INFO 	Trial c_std_cw at 49.37774156300293
53.3513 	DATA 	Keypress: lshift
53.3528 	DATA 	Keypress: t
55.3089 	INFO 	Trial c_dev_v at 51.33814951200475
55.3119 	DATA 	Keypress: lshift
55.3132 	DATA 	Keypress: t
55.6609 	INFO 	Key c was pressed with a reaction time of 0.34056191999843577 seconds!
56.3242 	DATA 	Keypress: c
57.3503 	INFO 	Trial c_std_ccw at 53.37958396800241
57.3522 	DATA 	Keypress: lshift
57.3537 	DATA 	Keypress: t
59.3702 	INFO 	Trial c_std_cw at 55.39943421600037
60.3800 	DATA 	Keypress: lshift
60.3822 	DATA 	Keypress: t
61.3488 	INFO 	Trial c_std_ccw at 57.37802899200324
61.3501 	DATA 	Keypress: lshift
61.3515 	DATA 	Keypress: t
63.3189 	INFO 	Trial c_std_v at 59.34816128800594
63.3202 	DATA 	Keypress: lshift
63.3217 	DATA 	Keypress: t
65.3181 	INFO 	Trial c_dev_ccw at 61.347381671999756
65.3195 	DATA 	Keypress: lshift
65.3209 	DATA 	Keypress: t
65.6858 	INFO 	Key c was pressed with a reaction time of 0.35761531200114405 seconds!
66.3321 	DATA 	Keypress: c
67.2582 	INFO 	Trial c_std_cw at 63.28751606300648
67.2599 	DATA 	Keypress: lshift
67.2612 	DATA 	Keypress: t
69.2381 	INFO 	Trial c_std_ccw at 65.26742373100569
69.2409 	DATA 	Keypress: lshift
69.2423 	DATA 	Keypress: t
71.2783 	INFO 	Trial c_std_cw at 67.30756496300455
71.2814 	DATA 	Keypress: lshift
71.2828 	DATA 	Keypress: t
73.2592 	INFO 	Trial c_dev_v at 69.28846601600526
73.2622 	DATA 	Keypress: lshift
73.2637 	DATA 	Keypress: t
73.6019 	INFO 	Key c was pressed with a reaction time of 0.3319441350031411 seconds!
74.2722 	DATA 	Keypress: c
75.1700 	INFO 	Trial c_std_ccw at 71.19923992600525
75.1719 	DATA 	Keypress: lshift
75.1733 	DATA 	Keypress: t
77.2284 	INFO 	Trial c_std_v at 73.25762582900643
77.2315 	DATA 	Keypress: lshift
77.2330 	DATA 	Keypress: t
79.2685 	INFO 	End of the control block 1 at 75.29782358200464
79.2786 	DATA 	Keypress: lshift
79.2800 	DATA 	Keypress: t
79.2849 	EXP 	unnamed TextStim: height = 0.05
79.2849 	EXP 	unnamed TextStim: height = 0.05
79.2849 	EXP 	unnamed TextStim: height = 0.05
79.2849 	EXP 	unnamed TextStim: text = 'End of the block. \n (Please do not move!)'
81.0766 	DATA 	Keypress: lshift
81.0779 	DATA 	Keypress: t
83.0755 	DATA 	Keypress: lshift
83.0768 	DATA 	Keypress: t
85.0848 	DATA 	Keypress: lshift
85.0864 	DATA 	Keypress: t
87.0823 	DATA 	Keypress: lshift
87.0840 	DATA 	Keypress: t
89.0750 	DATA 	Keypress: lshift
89.0763 	DATA 	Keypress: t
89.2851 	INFO 	Start of the control block 2 at 85.31436209400272
91.0738 	DATA 	Keypress: lshift
91.0751 	DATA 	Keypress: t
91.2920 	INFO 	Trial c_std_v at 87.32126263800455
93.2777 	INFO 	Trial c_std_ccw at 89.306949403006
93.2791 	DATA 	Keypress: lshift
93.2804 	DATA 	Keypress: t
95.3164 	INFO 	Trial c_dev_ccw at 91.34568315700017
95.3181 	DATA 	Keypress: lshift
95.3194 	DATA 	Keypress: t
95.6318 	INFO 	Key c was pressed with a reaction time of 0.3049506209936226 seconds!
96.3309 	DATA 	Keypress: c
97.3869 	INFO 	Trial c_std_ccw at 93.4161809050056
97.3899 	DATA 	Keypress: lshift
97.3915 	DATA 	Keypress: t
99.4168 	INFO 	Trial c_std_cw at 95.44610050500341
99.4198 	DATA 	Keypress: lshift
99.4213 	DATA 	Keypress: t
101.3582 	INFO 	Trial c_dev_cw at 97.38750892400276
101.3595 	DATA 	Keypress: lshift
101.3609 	DATA 	Keypress: t
101.7329 	INFO 	Key c was pressed with a reaction time of 0.36263691799831577 seconds!
102.3742 	DATA 	Keypress: c
103.4303 	INFO 	Trial c_std_cw at 99.4595355240017
103.4322 	DATA 	Keypress: lshift
103.4334 	DATA 	Keypress: t
105.5089 	INFO 	Trial c_std_ccw at 101.53818982500525
105.5117 	DATA 	Keypress: lshift
105.5144 	DATA 	Keypress: t
107.6212 	INFO 	Trial c_std_cw at 103.6505007040032
107.6224 	DATA 	Keypress: lshift
107.6239 	DATA 	Keypress: t
109.5299 	INFO 	Trial c_dev_v at 105.55914850400586
109.9229 	INFO 	Key c was pressed with a reaction time of 0.38516703799541574 seconds!
110.5388 	DATA 	Keypress: lshift
110.5402 	DATA 	Keypress: t
110.5423 	DATA 	Keypress: c
111.5778 	INFO 	Trial c_std_ccw at 107.60702487100207
111.5792 	DATA 	Keypress: lshift
111.5811 	DATA 	Keypress: t
113.5272 	INFO 	Trial c_std_ccw at 109.5565140510007
113.5285 	DATA 	Keypress: lshift
113.5302 	DATA 	Keypress: t
115.4960 	INFO 	Trial c_std_cw at 111.52523272300459
115.4973 	DATA 	Keypress: lshift
115.4984 	DATA 	Keypress: t
117.5743 	INFO 	Trial c_std_v at 113.60356088800472
117.5757 	DATA 	Keypress: lshift
117.5772 	DATA 	Keypress: t
119.5543 	INFO 	Trial c_dev_v at 115.58359835900046
119.5558 	DATA 	Keypress: lshift
119.5571 	DATA 	Keypress: t
119.9389 	INFO 	Key c was pressed with a reaction time of 0.37472651000280166 seconds!
120.5662 	DATA 	Keypress: c
121.6642 	INFO 	Trial c_std_v at 117.69346128200414
121.6673 	DATA 	Keypress: lshift
121.6688 	DATA 	Keypress: t
123.5746 	INFO 	Trial c_std_v at 119.60383491399989
123.5777 	DATA 	Keypress: lshift
123.5792 	DATA 	Keypress: t
125.5158 	INFO 	Trial c_std_cw at 121.54506678000325
125.5172 	DATA 	Keypress: lshift
125.5185 	DATA 	Keypress: t
127.4656 	INFO 	End of the control block 2 at 123.49486835100106
127.4675 	DATA 	Keypress: lshift
127.4689 	DATA 	Keypress: t
129.0816 	DATA 	Keypress: lshift
129.0830 	DATA 	Keypress: t
131.0745 	DATA 	Keypress: lshift
131.0762 	DATA 	Keypress: t
133.0754 	DATA 	Keypress: lshift
133.0766 	DATA 	Keypress: t
135.0838 	DATA 	Keypress: lshift
135.0851 	DATA 	Keypress: t
137.0765 	DATA 	Keypress: lshift
137.0778 	DATA 	Keypress: t
137.4748 	INFO 	Start of the main block 3 at 133.5040841220034
139.0796 	DATA 	Keypress: lshift
139.0810 	DATA 	Keypress: t
139.4824 	INFO 	Trial m_std_ccw at 135.51166759700573
141.4397 	INFO 	Trial m_std_cw at 137.46894723900186
141.4410 	DATA 	Keypress: lshift
141.4423 	DATA 	Keypress: t
143.5381 	INFO 	Trial m_dev at 139.56733384400286
144.0608 	INFO 	Key c was pressed with a reaction time of 0.5172275760050979 seconds!
144.5449 	DATA 	Keypress: lshift
144.5463 	DATA 	Keypress: t
144.5483 	DATA 	Keypress: c
145.5236 	INFO 	Trial m_std_ccw at 141.5528635180017
145.5254 	DATA 	Keypress: lshift
145.5267 	DATA 	Keypress: t
147.5924 	INFO 	Trial m_std_cw at 143.62170636600058
147.5955 	DATA 	Keypress: lshift
147.5971 	DATA 	Keypress: t
149.5139 	INFO 	Trial m_dev at 145.5431365149998
149.5172 	DATA 	Keypress: lshift
149.5194 	DATA 	Keypress: t
149.9898 	INFO 	Key c was pressed with a reaction time of 0.4641391940022004 seconds!
150.5300 	DATA 	Keypress: c
151.4658 	INFO 	Trial m_std_ccw at 147.4950231860057
151.4688 	DATA 	Keypress: lshift
151.4703 	DATA 	Keypress: t
153.5660 	INFO 	Trial m_std_ccw at 149.5952950820065
153.5691 	DATA 	Keypress: lshift
153.5705 	DATA 	Keypress: t
155.6359 	INFO 	Trial m_std_ccw at 151.66513503500028
155.6388 	DATA 	Keypress: lshift
155.6403 	DATA 	Keypress: t
157.5562 	INFO 	Trial m_std_cw at 153.58548745600274
157.5590 	DATA 	Keypress: lshift
157.5605 	DATA 	Keypress: t
159.4665 	INFO 	Trial m_dev at 155.4957328849996
159.4694 	DATA 	Keypress: lshift
159.4709 	DATA 	Keypress: t
159.8928 	INFO 	Key c was pressed with a reaction time of 0.4162516330034123 seconds!
160.4789 	DATA 	Keypress: c
161.4965 	INFO 	Trial m_std_ccw at 157.52581130600447
162.5051 	DATA 	Keypress: lshift
162.5066 	DATA 	Keypress: t
163.5925 	INFO 	Trial m_std_cw at 159.6217929400009
163.5942 	DATA 	Keypress: lshift
163.5967 	DATA 	Keypress: t
165.5253 	INFO 	Trial m_dev at 161.55453236100584
165.5265 	DATA 	Keypress: lshift
165.5281 	DATA 	Keypress: t
165.9889 	INFO 	Key c was pressed with a reaction time of 0.4537006139944424 seconds!
166.5391 	DATA 	Keypress: c
167.5852 	INFO 	Trial m_std_ccw at 163.6145083770025
167.5871 	DATA 	Keypress: lshift
167.5886 	DATA 	Keypress: t
169.6944 	INFO 	Trial m_std_cw at 165.72370876600326
169.6961 	DATA 	Keypress: lshift
169.6977 	DATA 	Keypress: t
171.6455 	INFO 	Trial m_std_cw at 167.67475274000026
171.6473 	DATA 	Keypress: lshift
171.6486 	DATA 	Keypress: t
173.5646 	INFO 	Trial m_std_cw at 169.59384931200475
174.5715 	DATA 	Keypress: lshift
174.5729 	DATA 	Keypress: t
175.6503 	INFO 	End of the main block 3 at 171.67955646200426
175.6540 	DATA 	Keypress: lshift
175.6554 	DATA 	Keypress: t
177.0805 	DATA 	Keypress: lshift
177.0818 	DATA 	Keypress: t
179.0835 	DATA 	Keypress: lshift
179.0849 	DATA 	Keypress: t
181.0828 	DATA 	Keypress: lshift
181.0841 	DATA 	Keypress: t
183.0838 	DATA 	Keypress: lshift
183.0853 	DATA 	Keypress: t
185.0816 	DATA 	Keypress: lshift
185.0829 	DATA 	Keypress: t
185.6603 	INFO 	Start of the main block 4 at 181.68959200400423
187.0817 	DATA 	Keypress: lshift
187.0831 	DATA 	Keypress: t
187.6673 	INFO 	Trial m_std_cw at 183.6965882910008
189.7125 	INFO 	Trial m_std_ccw at 185.74177701900044
189.7140 	DATA 	Keypress: lshift
189.7154 	DATA 	Keypress: t
191.7023 	INFO 	Trial m_dev at 187.7315420130035
191.7039 	DATA 	Keypress: lshift
191.7053 	DATA 	Keypress: t
192.2541 	INFO 	Key c was pressed with a reaction time of 0.5413978969954769 seconds!
192.7163 	DATA 	Keypress: c
193.6528 	INFO 	Trial m_std_cw at 189.68201426400628
193.6545 	DATA 	Keypress: lshift
193.6560 	DATA 	Keypress: t
195.7615 	INFO 	Trial m_std_cw at 191.79072338700644
195.7646 	DATA 	Keypress: lshift
195.7662 	DATA 	Keypress: t
197.6724 	INFO 	Trial m_dev at 193.70166431300458
197.6736 	DATA 	Keypress: lshift
197.6753 	DATA 	Keypress: t
198.3269 	INFO 	Key c was pressed with a reaction time of 0.643547605999629 seconds!
198.6872 	DATA 	Keypress: c
199.7234 	INFO 	Trial m_std_cw at 195.75264530900313
199.7250 	DATA 	Keypress: lshift
199.7266 	DATA 	Keypress: t
201.7825 	INFO 	Trial m_std_ccw at 197.81179543300095
201.7855 	DATA 	Keypress: lshift
201.7873 	DATA 	Keypress: t
202.2698 	INFO 	Key c was pressed with a reaction time of 0.47545167499629315 seconds!
202.7982 	DATA 	Keypress: c
203.8544 	INFO 	Trial m_std_cw at 199.88364340700355
203.8562 	DATA 	Keypress: lshift
203.8578 	DATA 	Keypress: t
205.8829 	INFO 	Trial m_std_cw at 201.91221957600646
205.8861 	DATA 	Keypress: lshift
205.8894 	DATA 	Keypress: t
207.8362 	INFO 	Trial m_dev at 203.86548642900016
207.8391 	DATA 	Keypress: lshift
207.8407 	DATA 	Keypress: t
209.9162 	INFO 	Trial m_std_cw at 205.94545169000048
209.9193 	DATA 	Keypress: lshift
209.9217 	DATA 	Keypress: t
211.8581 	INFO 	Trial m_std_ccw at 207.88732934800646
211.8592 	DATA 	Keypress: lshift
211.8606 	DATA 	Keypress: t
212.2719 	INFO 	Key c was pressed with a reaction time of 0.40486256899748696 seconds!
212.8709 	DATA 	Keypress: c
213.8171 	INFO 	Trial m_std_ccw at 209.84635022200382
213.8202 	DATA 	Keypress: lshift
213.8218 	DATA 	Keypress: t
215.7869 	INFO 	Trial m_dev at 211.8162204130058
215.7899 	DATA 	Keypress: lshift
215.7915 	DATA 	Keypress: t
216.3148 	INFO 	Key c was pressed with a reaction time of 0.5166518660043948 seconds!
216.8003 	DATA 	Keypress: c
217.7982 	INFO 	Trial m_std_ccw at 213.8274764010057
217.7999 	DATA 	Keypress: lshift
217.8015 	DATA 	Keypress: t
218.2979 	INFO 	Key c was pressed with a reaction time of 0.49069274999783374 seconds!
218.8110 	DATA 	Keypress: c
219.8073 	INFO 	Trial m_std_ccw at 215.8365465260067
219.8089 	DATA 	Keypress: lshift
219.8104 	DATA 	Keypress: t
221.8761 	INFO 	Trial m_std_ccw at 217.90529297000467
221.8802 	DATA 	Keypress: lshift
221.8817 	DATA 	Keypress: t
223.8484 	INFO 	End of the main block 4 at 219.87772329700238
223.8503 	DATA 	Keypress: lshift
223.8515 	DATA 	Keypress: t
225.0799 	DATA 	Keypress: lshift
225.0813 	DATA 	Keypress: t
227.0826 	DATA 	Keypress: lshift
227.0839 	DATA 	Keypress: t
229.0837 	DATA 	Keypress: lshift
229.0850 	DATA 	Keypress: t
231.0802 	DATA 	Keypress: lshift
231.0815 	DATA 	Keypress: t
233.0759 	DATA 	Keypress: lshift
233.0772 	DATA 	Keypress: t
233.8572 	INFO 	Start of the control block 5 at 229.88644880000356
235.0806 	DATA 	Keypress: lshift
235.0818 	DATA 	Keypress: t
235.8644 	INFO 	Trial c_std_v at 231.89371719700284
237.8900 	INFO 	Trial c_std_ccw at 233.91923280900664
237.8913 	DATA 	Keypress: lshift
237.8926 	DATA 	Keypress: t
239.8586 	INFO 	Trial c_std_v at 235.88790591700672
239.8601 	DATA 	Keypress: lshift
239.8614 	DATA 	Keypress: t
241.7874 	INFO 	Trial c_std_ccw at 237.8166808560054
241.7892 	DATA 	Keypress: lshift
241.7904 	DATA 	Keypress: t
243.7775 	INFO 	Trial c_dev_cw at 239.80675566500577
243.7789 	DATA 	Keypress: lshift
243.7804 	DATA 	Keypress: t
244.1389 	INFO 	Key c was pressed with a reaction time of 0.35129732899804367 seconds!
244.7895 	DATA 	Keypress: c
245.7877 	INFO 	Trial c_std_ccw at 241.81697747900034
245.7909 	DATA 	Keypress: lshift
245.7924 	DATA 	Keypress: t
247.7891 	INFO 	Trial c_std_v at 243.81836137600476
247.7921 	DATA 	Keypress: lshift
247.7936 	DATA 	Keypress: t
249.8201 	INFO 	Trial c_dev_v at 245.84940679800638
249.8214 	DATA 	Keypress: lshift
249.8227 	DATA 	Keypress: t
250.1679 	INFO 	Key c was pressed with a reaction time of 0.3376516249991255 seconds!
250.8341 	DATA 	Keypress: c
251.8703 	INFO 	Trial c_std_cw at 247.89956560800056
251.8722 	DATA 	Keypress: lshift
251.8734 	DATA 	Keypress: t
253.8220 	INFO 	Trial c_std_ccw at 249.85128989000077
253.8250 	DATA 	Keypress: lshift
253.8265 	DATA 	Keypress: t
255.8140 	INFO 	Trial c_std_ccw at 251.8432438680029
255.8169 	DATA 	Keypress: lshift
255.8183 	DATA 	Keypress: t
257.8442 	INFO 	Trial c_dev_v at 253.87349776300107
257.8478 	DATA 	Keypress: lshift
257.8498 	DATA 	Keypress: t
258.1900 	INFO 	Key c was pressed with a reaction time of 0.33422147399687674 seconds!
258.8596 	DATA 	Keypress: c
259.9359 	INFO 	Trial c_std_cw at 255.96511924500373
259.9393 	DATA 	Keypress: lshift
259.9429 	DATA 	Keypress: t
261.9495 	INFO 	Trial c_std_cw at 257.97879306800314
261.9511 	DATA 	Keypress: lshift
261.9526 	DATA 	Keypress: t
263.9596 	INFO 	Trial c_dev_ccw at 259.9888409289997
263.9610 	DATA 	Keypress: lshift
263.9625 	DATA 	Keypress: t
264.2819 	INFO 	Key c was pressed with a reaction time of 0.31173106499772985 seconds!
264.9724 	DATA 	Keypress: c
266.0302 	INFO 	Trial c_std_cw at 262.05951375000586
266.0332 	DATA 	Keypress: lshift
266.0348 	DATA 	Keypress: t
268.0404 	INFO 	Trial c_std_v at 264.06966178200673
268.0434 	DATA 	Keypress: lshift
268.0459 	DATA 	Keypress: t
270.0625 	INFO 	Trial c_std_cw at 266.091745179001
270.0639 	DATA 	Keypress: lshift
270.0654 	DATA 	Keypress: t
272.0516 	INFO 	End of the control block 5 at 268.08084986100585
272.0536 	DATA 	Keypress: lshift
272.0551 	DATA 	Keypress: t
273.0796 	DATA 	Keypress: lshift
273.0809 	DATA 	Keypress: t
275.0826 	DATA 	Keypress: lshift
275.0840 	DATA 	Keypress: t
277.0794 	DATA 	Keypress: lshift
277.0807 	DATA 	Keypress: t
279.0807 	DATA 	Keypress: lshift
279.0820 	DATA 	Keypress: t
281.0806 	DATA 	Keypress: lshift
281.0818 	DATA 	Keypress: t
282.0608 	INFO 	Start of the control block 6 at 278.09008600600646
283.0837 	DATA 	Keypress: lshift
283.0851 	DATA 	Keypress: t
284.0678 	INFO 	Trial c_std_v at 280.0970747840038
285.0745 	DATA 	Keypress: lshift
285.0762 	DATA 	Keypress: t
286.1134 	INFO 	Trial c_std_cw at 282.14263528500305
288.2028 	INFO 	Trial c_std_v at 284.2320895610028
288.2040 	DATA 	Keypress: lshift
288.2055 	DATA 	Keypress: t
289.2143 	DATA 	Keypress: lshift
289.2158 	DATA 	Keypress: t
290.2114 	INFO 	Trial c_dev_v at 286.2406947220006
290.5589 	INFO 	Key c was pressed with a reaction time of 0.33829881800193107 seconds!
291.2226 	DATA 	Keypress: c
291.2238 	DATA 	Keypress: lshift
291.2249 	DATA 	Keypress: t
292.2006 	INFO 	Trial c_std_ccw at 288.2298706950023
293.2097 	DATA 	Keypress: lshift
293.2122 	DATA 	Keypress: t
294.1585 	INFO 	Trial c_std_ccw at 290.1878046810016
295.1680 	DATA 	Keypress: lshift
295.1694 	DATA 	Keypress: t
296.0770 	INFO 	Trial c_dev_cw at 292.1062716850065
296.4129 	INFO 	Key c was pressed with a reaction time of 0.32540373200026806 seconds!
297.0895 	DATA 	Keypress: c
297.0906 	DATA 	Keypress: lshift
297.0917 	DATA 	Keypress: t
298.0876 	INFO 	Trial c_std_ccw at 294.11682487800135
299.0969 	DATA 	Keypress: lshift
299.0989 	DATA 	Keypress: t
300.0540 	INFO 	Trial c_std_v at 296.08328702800645
301.9623 	INFO 	Trial c_dev_v at 297.99161622700194
301.9638 	DATA 	Keypress: lshift
301.9652 	DATA 	Keypress: t
302.3069 	INFO 	Key c was pressed with a reaction time of 0.33501393500046106 seconds!
302.9740 	DATA 	Keypress: c
303.8719 	INFO 	Trial c_std_cw at 299.9011743210067
303.8749 	DATA 	Keypress: lshift
303.8764 	DATA 	Keypress: t
305.8129 	INFO 	Trial c_std_cw at 301.8421391560041
305.8141 	DATA 	Keypress: lshift
305.8155 	DATA 	Keypress: t
307.8714 	INFO 	Trial c_std_cw at 303.9006370410061
307.8729 	DATA 	Keypress: lshift
307.8742 	DATA 	Keypress: t
309.8011 	INFO 	Trial c_std_v at 305.83039579100296
309.8025 	DATA 	Keypress: lshift
309.8038 	DATA 	Keypress: t
311.9094 	INFO 	Trial c_std_cw at 307.9386860779996
312.9169 	DATA 	Keypress: lshift
312.9183 	DATA 	Keypress: t
313.9358 	INFO 	Trial c_dev_ccw at 309.9651156770051
313.9392 	DATA 	Keypress: lshift
313.9406 	DATA 	Keypress: t
314.2779 	INFO 	Key c was pressed with a reaction time of 0.3289291319961194 seconds!
314.9511 	DATA 	Keypress: c
316.0190 	INFO 	Trial c_std_ccw at 312.04826185500133
316.0211 	DATA 	Keypress: lshift
316.0222 	DATA 	Keypress: t
318.1187 	INFO 	Trial c_std_ccw at 314.1478962350011
318.1217 	DATA 	Keypress: lshift
318.1233 	DATA 	Keypress: t
319.1301 	DATA 	Keypress: lshift
319.1315 	DATA 	Keypress: t
320.2288 	INFO 	End of the control block 6 at 316.25807235100365
321.0806 	DATA 	Keypress: lshift
321.0819 	DATA 	Keypress: t
323.0763 	DATA 	Keypress: lshift
323.0781 	DATA 	Keypress: t
325.0796 	DATA 	Keypress: lshift
325.0809 	DATA 	Keypress: t
327.0835 	DATA 	Keypress: lshift
327.0848 	DATA 	Keypress: t
329.0793 	DATA 	Keypress: lshift
329.0804 	DATA 	Keypress: t
330.2368 	INFO 	Start of the main block 7 at 326.26607508900634
331.0836 	DATA 	Keypress: lshift
331.0849 	DATA 	Keypress: t
332.2443 	INFO 	Trial m_std_cw at 328.2735970740032
333.2518 	DATA 	Keypress: lshift
333.2532 	DATA 	Keypress: t
334.1907 	INFO 	Trial m_std_cw at 330.219971438004
336.2290 	INFO 	Trial m_std_ccw at 332.25829091000196
336.2302 	DATA 	Keypress: lshift
336.2315 	DATA 	Keypress: t
337.2400 	DATA 	Keypress: lshift
337.2414 	DATA 	Keypress: t
338.3172 	INFO 	Trial m_dev at 334.346425102005
338.7190 	INFO 	Key c was pressed with a reaction time of 0.39123864300199784 seconds!
339.3297 	DATA 	Keypress: c
339.3307 	DATA 	Keypress: lshift
339.3321 	DATA 	Keypress: t
340.2978 	INFO 	Trial m_std_cw at 336.32702447600605
341.3079 	DATA 	Keypress: lshift
341.3094 	DATA 	Keypress: t
342.3651 	INFO 	Trial m_std_ccw at 338.39435948100436
343.3751 	DATA 	Keypress: lshift
343.3782 	DATA 	Keypress: t
344.3139 	INFO 	Trial m_dev at 340.3432217890004
344.7689 	INFO 	Key c was pressed with a reaction time of 0.4459721899984288 seconds!
345.3250 	DATA 	Keypress: c
345.3262 	DATA 	Keypress: lshift
345.3274 	DATA 	Keypress: t
346.4230 	INFO 	Trial m_std_ccw at 342.452282749
347.4320 	DATA 	Keypress: lshift
347.4334 	DATA 	Keypress: t
348.3692 	INFO 	Trial m_std_ccw at 344.39846237400343
349.2529 	INFO 	Key c was pressed with a reaction time of 0.8765721269955975 seconds!
349.3793 	DATA 	Keypress: lshift
349.3806 	DATA 	Keypress: t
349.3826 	DATA 	Keypress: c
350.2963 	INFO 	Trial m_std_cw at 346.32561541300674
351.3056 	DATA 	Keypress: lshift
351.3071 	DATA 	Keypress: t
352.3630 	INFO 	Trial m_std_cw at 348.39230111200595
353.3718 	DATA 	Keypress: lshift
353.3733 	DATA 	Keypress: t
354.2793 	INFO 	Trial m_dev at 350.3085663689999
354.7370 	INFO 	Key c was pressed with a reaction time of 0.4513256790014566 seconds!
355.2892 	DATA 	Keypress: c
355.2900 	DATA 	Keypress: lshift
355.2911 	DATA 	Keypress: t
356.3057 	INFO 	Trial m_std_cw at 352.33493213000474
356.9290 	INFO 	Key c was pressed with a reaction time of 0.6167881159999524 seconds!
357.3160 	DATA 	Keypress: c
357.3168 	DATA 	Keypress: lshift
357.3191 	DATA 	Keypress: t
358.2123 	INFO 	Trial m_std_ccw at 354.24152873300045
359.2212 	DATA 	Keypress: lshift
359.2227 	DATA 	Keypress: t
360.2783 	INFO 	Trial m_std_cw at 356.3075274560033
361.2877 	DATA 	Keypress: lshift
361.2892 	DATA 	Keypress: t
362.2750 	INFO 	Trial m_dev at 358.3043131170052
362.7349 	INFO 	Key c was pressed with a reaction time of 0.45303490800142754 seconds!
363.2854 	DATA 	Keypress: c
363.2862 	DATA 	Keypress: lshift
363.2872 	DATA 	Keypress: t
364.2618 	INFO 	Trial m_std_ccw at 360.2911159430005
365.2714 	DATA 	Keypress: lshift
365.2729 	DATA 	Keypress: t
366.3589 	INFO 	Trial m_std_ccw at 362.3881752369998
366.9450 	INFO 	Key c was pressed with a reaction time of 0.5795858040000894 seconds!
367.3693 	DATA 	Keypress: c
367.3701 	DATA 	Keypress: lshift
367.3711 	DATA 	Keypress: t
368.3755 	INFO 	End of the main block 7 at 364.4047459249996
369.0826 	DATA 	Keypress: lshift
369.0840 	DATA 	Keypress: t
371.0788 	DATA 	Keypress: lshift
371.0802 	DATA 	Keypress: t
373.0807 	DATA 	Keypress: lshift
373.0820 	DATA 	Keypress: t
375.0851 	DATA 	Keypress: lshift
375.0864 	DATA 	Keypress: t
377.0828 	DATA 	Keypress: lshift
377.0843 	DATA 	Keypress: t
378.3825 	INFO 	Start of the main block 8 at 374.4117815550053
379.0831 	DATA 	Keypress: lshift
379.0848 	DATA 	Keypress: t
380.3897 	INFO 	Trial m_std_cw at 376.41900996400364
381.3960 	DATA 	Keypress: lshift
381.3975 	DATA 	Keypress: t
382.4249 	INFO 	Trial m_std_ccw at 378.4542054220001
383.4342 	DATA 	Keypress: lshift
383.4356 	DATA 	Keypress: t
384.4632 	INFO 	Trial m_std_ccw at 380.492440343005
385.4725 	DATA 	Keypress: lshift
385.4737 	DATA 	Keypress: t
386.4415 	INFO 	Trial m_std_ccw at 382.4707369230018
388.3499 	INFO 	Trial m_dev at 384.37920580100035
388.3511 	DATA 	Keypress: lshift
388.3525 	DATA 	Keypress: t
388.7769 	INFO 	Key c was pressed with a reaction time of 0.41614301299705403 seconds!
389.3628 	DATA 	Keypress: c
389.3640 	DATA 	Keypress: lshift
389.3651 	DATA 	Keypress: t
390.4108 	INFO 	Trial m_std_ccw at 386.44010821800475
390.8110 	INFO 	Key c was pressed with a reaction time of 0.39400902500347 seconds!
391.4211 	DATA 	Keypress: c
391.4217 	DATA 	Keypress: lshift
391.4228 	DATA 	Keypress: t
392.4670 	INFO 	Trial m_std_ccw at 388.49623542100016
393.0921 	INFO 	Key c was pressed with a reaction time of 0.6183662859984906 seconds!
393.4778 	DATA 	Keypress: lshift
393.4792 	DATA 	Keypress: t
393.4814 	DATA 	Keypress: c
394.5138 	INFO 	Trial m_dev at 390.54311620000226
395.5234 	DATA 	Keypress: lshift
395.5252 	DATA 	Keypress: t
396.4805 	INFO 	Trial m_std_cw at 392.5097550490027
397.4901 	DATA 	Keypress: lshift
397.4916 	DATA 	Keypress: t
398.4490 	INFO 	Trial m_std_cw at 394.4783065340016
399.4593 	DATA 	Keypress: lshift
399.4605 	DATA 	Keypress: t
400.4380 	INFO 	Trial m_std_cw at 396.46727984900645
402.3963 	INFO 	Trial m_dev at 398.42553148400475
402.3983 	DATA 	Keypress: lshift
402.3995 	DATA 	Keypress: t
403.4107 	DATA 	Keypress: lshift
403.4122 	DATA 	Keypress: t
404.4465 	INFO 	Trial m_std_cw at 400.4757853540068
405.4558 	DATA 	Keypress: lshift
405.4572 	DATA 	Keypress: t
406.4747 	INFO 	Trial m_std_ccw at 402.5040136970056
406.8871 	INFO 	Key c was pressed with a reaction time of 0.4039520869991975 seconds!
407.4854 	DATA 	Keypress: c
407.4864 	DATA 	Keypress: lshift
407.4894 	DATA 	Keypress: t
408.5132 	INFO 	Trial m_std_ccw at 404.5424624160005
409.0309 	INFO 	Key c was pressed with a reaction time of 0.510477980998985 seconds!
409.5243 	DATA 	Keypress: c
409.5249 	DATA 	Keypress: lshift
409.5266 	DATA 	Keypress: t
410.4904 	INFO 	Trial m_dev at 406.51971773100377
411.1110 	INFO 	Key c was pressed with a reaction time of 0.6147531599999638 seconds!
411.4990 	DATA 	Keypress: lshift
411.5003 	DATA 	Keypress: t
411.5019 	DATA 	Keypress: c
412.4663 	INFO 	Trial m_std_cw at 408.49558290999994
413.4752 	DATA 	Keypress: lshift
413.4770 	DATA 	Keypress: t
414.5725 	INFO 	Trial m_std_cw at 410.6017337490048
415.5821 	DATA 	Keypress: lshift
415.5836 	DATA 	Keypress: t
416.5308 	INFO 	End of the main block 8 at 412.5600350950044
417.0778 	DATA 	Keypress: lshift
417.0791 	DATA 	Keypress: t
419.0818 	DATA 	Keypress: lshift
419.0833 	DATA 	Keypress: t
421.0810 	DATA 	Keypress: lshift
421.0822 	DATA 	Keypress: t
423.0858 	DATA 	Keypress: lshift
423.0873 	DATA 	Keypress: t
425.0856 	DATA 	Keypress: lshift
425.0872 	DATA 	Keypress: t
426.5388 	INFO 	Start of the control block 9 at 422.5680778640017
427.0838 	DATA 	Keypress: lshift
427.0852 	DATA 	Keypress: t
428.5470 	INFO 	Trial c_std_ccw at 424.5762823309997
429.5531 	DATA 	Keypress: lshift
429.5546 	DATA 	Keypress: t
430.4622 	INFO 	Trial c_std_ccw at 426.4914242720042
431.4720 	DATA 	Keypress: lshift
431.4733 	DATA 	Keypress: t
432.4107 	INFO 	Trial c_std_cw at 428.43993789600063
433.4205 	DATA 	Keypress: lshift
433.4218 	DATA 	Keypress: t
434.3995 	INFO 	Trial c_dev_v at 430.4287747020062
434.7629 	INFO 	Key c was pressed with a reaction time of 0.3540806189994328 seconds!
436.4389 	INFO 	Trial c_std_cw at 432.46814877600264
436.4412 	DATA 	Keypress: c
436.4424 	DATA 	Keypress: lshift
436.4439 	DATA 	Keypress: t
437.4523 	DATA 	Keypress: lshift
437.4535 	DATA 	Keypress: t
438.5513 	INFO 	Trial c_std_cw at 434.5805549830038
439.5608 	DATA 	Keypress: lshift
439.5621 	DATA 	Keypress: t
440.5498 	INFO 	Trial c_std_v at 436.579057105002
442.5189 	INFO 	Trial c_dev_cw at 438.54814970000007
442.5202 	DATA 	Keypress: lshift
442.5216 	DATA 	Keypress: t
442.8432 	INFO 	Key c was pressed with a reaction time of 0.3143939750007121 seconds!
443.5325 	DATA 	Keypress: c
443.5335 	DATA 	Keypress: lshift
443.5348 	DATA 	Keypress: t
444.5488 	INFO 	Trial c_std_ccw at 440.57807767000486
445.5577 	DATA 	Keypress: lshift
445.5594 	DATA 	Keypress: t
446.5649 	INFO 	Trial c_std_cw at 442.594156293002
447.5769 	DATA 	Keypress: lshift
447.5783 	DATA 	Keypress: t
448.6242 	INFO 	Trial c_std_v at 444.65349669500574
449.6341 	DATA 	Keypress: lshift
449.6353 	DATA 	Keypress: t
450.7229 	INFO 	Trial c_std_v at 446.752183223005
452.6818 	INFO 	Trial c_dev_ccw at 448.71103557000606
452.6831 	DATA 	Keypress: lshift
452.6845 	DATA 	Keypress: t
453.0180 	INFO 	Key c was pressed with a reaction time of 0.3263061980032944 seconds!
453.6957 	DATA 	Keypress: c
453.6964 	DATA 	Keypress: lshift
453.6974 	DATA 	Keypress: t
454.6617 	INFO 	Trial c_std_ccw at 450.6909825220064
455.6709 	DATA 	Keypress: lshift
455.6723 	DATA 	Keypress: t
456.7081 	INFO 	Trial c_std_cw at 452.7374152190023
457.7187 	DATA 	Keypress: lshift
457.7200 	DATA 	Keypress: t
458.7559 	INFO 	Trial c_dev_v at 454.7851335270025
459.1100 	INFO 	Key c was pressed with a reaction time of 0.3457890249992488 seconds!
459.7667 	DATA 	Keypress: lshift
459.7682 	DATA 	Keypress: t
459.7698 	DATA 	Keypress: c
460.6642 	INFO 	Trial c_std_v at 456.69348783800524
461.6735 	DATA 	Keypress: lshift
461.6765 	DATA 	Keypress: t
462.7306 	INFO 	Trial c_std_ccw at 458.7598318490054
463.7401 	DATA 	Keypress: lshift
463.7430 	DATA 	Keypress: t
464.6990 	INFO 	End of the control block 9 at 460.7282912810042
465.0807 	DATA 	Keypress: lshift
465.0819 	DATA 	Keypress: t
467.0809 	DATA 	Keypress: lshift
467.0823 	DATA 	Keypress: t
469.0805 	DATA 	Keypress: lshift
469.0818 	DATA 	Keypress: t
471.0807 	DATA 	Keypress: lshift
471.0822 	DATA 	Keypress: t
473.0849 	DATA 	Keypress: lshift
473.0870 	DATA 	Keypress: t
474.7068 	INFO 	Start of the control block 10 at 470.7360872670033
475.0870 	DATA 	Keypress: lshift
475.0888 	DATA 	Keypress: t
476.7140 	INFO 	Trial c_std_cw at 472.7432348440052
477.7201 	DATA 	Keypress: lshift
477.7215 	DATA 	Keypress: t
478.6591 	INFO 	Trial c_std_cw at 474.6883962120046
479.6688 	DATA 	Keypress: lshift
479.6702 	DATA 	Keypress: t
480.7175 	INFO 	Trial c_dev_cw at 476.7467860960023
481.1289 	INFO 	Key c was pressed with a reaction time of 0.4016232249996392 seconds!
482.7873 	INFO 	Trial c_std_ccw at 478.8165295850049
482.7885 	DATA 	Keypress: lshift
482.7899 	DATA 	Keypress: t
482.7923 	DATA 	Keypress: c
483.7992 	DATA 	Keypress: lshift
483.8005 	DATA 	Keypress: t
484.6982 	INFO 	Trial c_std_cw at 480.7275166480031
485.7094 	DATA 	Keypress: lshift
485.7108 	DATA 	Keypress: t
486.7071 	INFO 	Trial c_dev_v at 482.73638789600227
487.0360 	INFO 	Key c was pressed with a reaction time of 0.31923156699485844 seconds!
488.6969 	INFO 	Trial c_std_ccw at 484.72615009000583
488.6992 	DATA 	Keypress: c
488.7003 	DATA 	Keypress: lshift
488.7014 	DATA 	Keypress: t
489.7098 	DATA 	Keypress: lshift
489.7114 	DATA 	Keypress: t
490.7274 	INFO 	Trial c_std_v at 486.7567063040042
491.7375 	DATA 	Keypress: lshift
491.7388 	DATA 	Keypress: t
492.7364 	INFO 	Trial c_std_ccw at 488.7657112730012
493.7461 	DATA 	Keypress: lshift
493.7474 	DATA 	Keypress: t
494.8450 	INFO 	Trial c_std_ccw at 490.87424554800236
495.8552 	DATA 	Keypress: lshift
495.8565 	DATA 	Keypress: t
496.8541 	INFO 	Trial c_dev_v at 492.88339407199965
497.2230 	INFO 	Key c was pressed with a reaction time of 0.3602897500022664 seconds!
497.8640 	DATA 	Keypress: lshift
497.8653 	DATA 	Keypress: t
497.8672 	DATA 	Keypress: c
498.9128 	INFO 	Trial c_std_v at 494.942103995003
499.9221 	DATA 	Keypress: lshift
499.9239 	DATA 	Keypress: t
500.9489 	INFO 	Trial c_std_v at 496.97818533300597
501.9586 	DATA 	Keypress: lshift
501.9599 	DATA 	Keypress: t
502.9075 	INFO 	Trial c_dev_ccw at 498.9367977430011
503.2680 	INFO 	Key c was pressed with a reaction time of 0.3504585179980495 seconds!
504.9176 	INFO 	Trial c_std_cw at 500.94687924400205
504.9191 	DATA 	Keypress: lshift
504.9204 	DATA 	Keypress: t
504.9223 	DATA 	Keypress: c
505.9305 	DATA 	Keypress: lshift
505.9320 	DATA 	Keypress: t
506.8792 	INFO 	Trial c_std_cw at 502.9084786490057
507.8881 	DATA 	Keypress: lshift
507.8895 	DATA 	Keypress: t
508.8554 	INFO 	Trial c_std_ccw at 504.88465673700557
509.8648 	DATA 	Keypress: lshift
509.8665 	DATA 	Keypress: t
510.9021 	INFO 	Trial c_std_v at 506.93134251700394
511.9118 	DATA 	Keypress: lshift
511.9133 	DATA 	Keypress: t
512.8688 	INFO 	End of the control block 10 at 508.8980776450044
513.0857 	DATA 	Keypress: lshift
513.0873 	DATA 	Keypress: t
515.0859 	DATA 	Keypress: lshift
515.0874 	DATA 	Keypress: t
517.0795 	DATA 	Keypress: lshift
517.0809 	DATA 	Keypress: t
519.0857 	DATA 	Keypress: lshift
519.0870 	DATA 	Keypress: t
521.0807 	DATA 	Keypress: lshift
521.0819 	DATA 	Keypress: t
522.8758 	INFO 	Start of the main block 11 at 518.9050987610026
523.0867 	DATA 	Keypress: lshift
523.0882 	DATA 	Keypress: t
524.8833 	INFO 	Trial m_std_cw at 520.9125727280043
525.8899 	DATA 	Keypress: lshift
525.8912 	DATA 	Keypress: t
526.8589 	INFO 	Trial m_std_cw at 522.8881615280043
527.8686 	DATA 	Keypress: lshift
527.8702 	DATA 	Keypress: t
528.9176 	INFO 	Trial m_dev at 524.9468722029997
529.2950 	INFO 	Key c was pressed with a reaction time of 0.36850509500072803 seconds!
529.9277 	DATA 	Keypress: lshift
529.9290 	DATA 	Keypress: t
529.9314 	DATA 	Keypress: c
530.9465 	INFO 	Trial m_std_cw at 526.9757578260032
531.9559 	DATA 	Keypress: lshift
531.9581 	DATA 	Keypress: t
532.9831 	INFO 	Trial m_std_ccw at 529.0123392420064
533.4402 	INFO 	Key c was pressed with a reaction time of 0.44745980000152485 seconds!
533.9939 	DATA 	Keypress: lshift
533.9954 	DATA 	Keypress: t
533.9974 	DATA 	Keypress: c
534.9928 	INFO 	Trial m_std_cw at 531.0220707590051
536.0014 	DATA 	Keypress: lshift
536.0029 	DATA 	Keypress: t
536.9988 	INFO 	Trial m_std_ccw at 533.0280363340062
537.4360 	INFO 	Key c was pressed with a reaction time of 0.43121214200073155 seconds!
538.0090 	DATA 	Keypress: lshift
538.0105 	DATA 	Keypress: t
538.0126 	DATA 	Keypress: c
539.0049 	INFO 	Trial m_std_ccw at 535.0341645320004
539.5510 	INFO 	Key c was pressed with a reaction time of 0.5397377990011591 seconds!
540.0142 	DATA 	Keypress: lshift
540.0157 	DATA 	Keypress: t
540.0175 	DATA 	Keypress: c
540.9913 	INFO 	Trial m_dev at 537.0206154110056
542.0005 	DATA 	Keypress: lshift
542.0019 	DATA 	Keypress: t
543.0278 	INFO 	Trial m_std_cw at 539.0570821670044
544.0380 	DATA 	Keypress: lshift
544.0393 	DATA 	Keypress: t
545.0752 	INFO 	Trial m_std_ccw at 541.1045148890043
545.0770 	DATA 	Keypress: lshift
545.0786 	DATA 	Keypress: t
545.5822 	INFO 	Key c was pressed with a reaction time of 0.498175362998154 seconds!
546.0879 	DATA 	Keypress: c
547.0840 	INFO 	Trial m_dev at 543.1132997320019
547.0854 	DATA 	Keypress: lshift
547.0868 	DATA 	Keypress: t
547.7081 	INFO 	Key c was pressed with a reaction time of 0.6142655820003711 seconds!
548.0974 	DATA 	Keypress: c
549.0939 	INFO 	Trial m_std_ccw at 545.1231245290037
549.0953 	DATA 	Keypress: lshift
549.0966 	DATA 	Keypress: t
551.1619 	INFO 	Trial m_std_cw at 547.1911753080058
551.1652 	DATA 	Keypress: lshift
551.1666 	DATA 	Keypress: t
553.1128 	INFO 	Trial m_std_ccw at 549.1420868290006
553.1140 	DATA 	Keypress: lshift
553.1153 	DATA 	Keypress: t
555.0925 	INFO 	Trial m_dev at 551.1217360780065
555.5471 	INFO 	Key c was pressed with a reaction time of 0.44880887400358915 seconds!
556.0993 	DATA 	Keypress: lshift
556.1007 	DATA 	Keypress: t
556.1027 	DATA 	Keypress: c
557.0483 	INFO 	Trial m_std_cw at 553.0775942340042
558.0581 	DATA 	Keypress: lshift
558.0595 	DATA 	Keypress: t
559.0150 	INFO 	Trial m_std_ccw at 555.0443100440025
560.0244 	DATA 	Keypress: lshift
560.0259 	DATA 	Keypress: t
561.0214 	INFO 	End of the main block 11 at 557.0506493040011
561.0846 	DATA 	Keypress: lshift
561.0858 	DATA 	Keypress: t
563.0795 	DATA 	Keypress: lshift
563.0808 	DATA 	Keypress: t
565.0828 	DATA 	Keypress: lshift
565.0840 	DATA 	Keypress: t
567.0795 	DATA 	Keypress: lshift
567.0808 	DATA 	Keypress: t
569.0866 	DATA 	Keypress: lshift
569.0884 	DATA 	Keypress: t
571.0303 	INFO 	Start of the main block 12 at 567.0595491750064
571.0815 	DATA 	Keypress: lshift
571.0830 	DATA 	Keypress: t
573.0374 	INFO 	Trial m_std_cw at 569.0666683060044
574.0436 	DATA 	Keypress: lshift
574.0450 	DATA 	Keypress: t
575.0125 	INFO 	Trial m_std_cw at 571.0417620740045
575.8599 	INFO 	Key c was pressed with a reaction time of 0.8388386959995842 seconds!
576.0222 	DATA 	Keypress: lshift
576.0242 	DATA 	Keypress: t
576.0262 	DATA 	Keypress: c
577.0611 	INFO 	Trial m_dev at 573.0904102570057
577.6980 	INFO 	Key c was pressed with a reaction time of 0.629272727004718 seconds!
578.0721 	DATA 	Keypress: lshift
578.0750 	DATA 	Keypress: t
578.0770 	DATA 	Keypress: c
579.1489 	INFO 	Trial m_std_ccw at 575.178145758
579.1504 	DATA 	Keypress: lshift
579.1519 	DATA 	Keypress: t
581.0878 	INFO 	Trial m_std_ccw at 577.1170741070018
582.0978 	DATA 	Keypress: lshift
582.0993 	DATA 	Keypress: t
583.1166 	INFO 	Trial m_dev at 579.1458667330007
583.1202 	DATA 	Keypress: lshift
583.1218 	DATA 	Keypress: t
583.5900 	INFO 	Key c was pressed with a reaction time of 0.46244247700087726 seconds!
584.1299 	DATA 	Keypress: c
585.1676 	INFO 	Trial m_std_ccw at 581.196879742005
585.1693 	DATA 	Keypress: lshift
585.1706 	DATA 	Keypress: t
587.1563 	INFO 	Trial m_std_cw at 583.1856068180059
587.1592 	DATA 	Keypress: lshift
587.1607 	DATA 	Keypress: t
589.1774 	INFO 	Trial m_std_ccw at 585.2066302630046
589.1789 	DATA 	Keypress: lshift
589.1803 	DATA 	Keypress: t
591.1065 	INFO 	Trial m_dev at 587.1357823159997
591.1083 	DATA 	Keypress: lshift
591.1097 	DATA 	Keypress: t
593.1854 	INFO 	Trial m_std_cw at 589.214699396005
593.1868 	DATA 	Keypress: lshift
593.1882 	DATA 	Keypress: t
595.1456 	INFO 	Trial m_std_ccw at 591.1748267610019
595.1470 	DATA 	Keypress: lshift
595.1484 	DATA 	Keypress: t
596.0079 	INFO 	Key c was pressed with a reaction time of 0.8537101190013345 seconds!
596.1581 	DATA 	Keypress: c
597.0643 	INFO 	Trial m_std_ccw at 593.0934928000061
598.0749 	DATA 	Keypress: lshift
598.0763 	DATA 	Keypress: t
599.0329 	INFO 	Trial m_std_ccw at 595.0621580330044
600.0425 	DATA 	Keypress: lshift
600.0440 	DATA 	Keypress: t
601.0011 	INFO 	Trial m_std_cw at 597.0303718270006
602.0115 	DATA 	Keypress: lshift
602.0128 	DATA 	Keypress: t
603.1004 	INFO 	Trial m_dev at 599.1296620070061
603.1034 	DATA 	Keypress: lshift
603.1054 	DATA 	Keypress: t
603.4649 	INFO 	Key c was pressed with a reaction time of 0.3536479969989159 seconds!
604.1152 	DATA 	Keypress: c
605.1613 	INFO 	Trial m_std_cw at 601.1906217310025
605.1630 	DATA 	Keypress: lshift
605.1645 	DATA 	Keypress: t
607.1604 	INFO 	Trial m_std_cw at 603.1896292830061
607.1635 	DATA 	Keypress: lshift
607.1650 	DATA 	Keypress: t
609.2006 	INFO 	End of the main block 12 at 605.2298548540057
609.2040 	DATA 	Keypress: lshift
609.2056 	DATA 	Keypress: t
611.0809 	DATA 	Keypress: lshift
611.0820 	DATA 	Keypress: t
613.0870 	DATA 	Keypress: lshift
613.0883 	DATA 	Keypress: t
615.0825 	DATA 	Keypress: lshift
615.0838 	DATA 	Keypress: t
617.0857 	DATA 	Keypress: lshift
617.0872 	DATA 	Keypress: t
619.0772 	DATA 	Keypress: lshift
619.0783 	DATA 	Keypress: t
619.2111 	INFO 	Start of the main block 13 at 615.2404141460065
621.0759 	DATA 	Keypress: lshift
621.0780 	DATA 	Keypress: t
621.2189 	INFO 	Trial m_std_ccw at 617.2481954680043
623.3149 	INFO 	Trial m_std_cw at 619.3441851370007
623.3163 	DATA 	Keypress: lshift
623.3176 	DATA 	Keypress: t
625.2935 	INFO 	Trial m_dev at 621.3227837520026
625.2949 	DATA 	Keypress: lshift
625.2963 	DATA 	Keypress: t
625.7101 	INFO 	Key c was pressed with a reaction time of 0.40565061799861724 seconds!
626.3093 	DATA 	Keypress: c
627.3045 	INFO 	Trial m_std_cw at 623.3337520100031
627.3075 	DATA 	Keypress: lshift
627.3092 	DATA 	Keypress: t
627.9091 	INFO 	Key c was pressed with a reaction time of 0.5922947150029358 seconds!
628.3206 	DATA 	Keypress: c
629.3169 	INFO 	Trial m_std_cw at 625.3461724709996
629.3186 	DATA 	Keypress: lshift
629.3201 	DATA 	Keypress: t
631.3963 	INFO 	Trial m_std_cw at 627.4256238600065
631.3995 	DATA 	Keypress: lshift
631.4010 	DATA 	Keypress: t
633.4265 	INFO 	Trial m_std_ccw at 629.4558114520041
633.4297 	DATA 	Keypress: lshift
633.4326 	DATA 	Keypress: t
633.9391 	INFO 	Key c was pressed with a reaction time of 0.5000798249966465 seconds!
634.4432 	DATA 	Keypress: c
635.3391 	INFO 	Trial m_dev at 631.3683569830027
635.3410 	DATA 	Keypress: lshift
635.3424 	DATA 	Keypress: t
636.1281 	INFO 	Key c was pressed with a reaction time of 0.7794694299955154 seconds!
636.3522 	DATA 	Keypress: c
637.3288 	INFO 	Trial m_std_ccw at 633.3580656280028
637.3303 	DATA 	Keypress: lshift
637.3317 	DATA 	Keypress: t
637.8870 	INFO 	Key c was pressed with a reaction time of 0.5500180939998245 seconds!
638.3420 	DATA 	Keypress: c
639.2670 	INFO 	Trial m_std_ccw at 635.2962938240016
639.2700 	DATA 	Keypress: lshift
639.2713 	DATA 	Keypress: t
641.2774 	INFO 	Trial m_dev at 637.306634765002
641.2805 	DATA 	Keypress: lshift
641.2820 	DATA 	Keypress: t
641.9540 	INFO 	Key c was pressed with a reaction time of 0.6661776260007173 seconds!
642.2903 	DATA 	Keypress: c
643.3178 	INFO 	Trial m_std_cw at 639.3471210610005
643.3209 	DATA 	Keypress: lshift
643.3224 	DATA 	Keypress: t
645.2384 	INFO 	Trial m_std_ccw at 641.2677135430058
645.2402 	DATA 	Keypress: lshift
645.2416 	DATA 	Keypress: t
647.3390 	INFO 	Trial m_dev at 643.3682380030004
647.8421 	INFO 	Key c was pressed with a reaction time of 0.4964025919980486 seconds!
648.3468 	DATA 	Keypress: lshift
648.3483 	DATA 	Keypress: t
648.3501 	DATA 	Keypress: c
649.3457 	INFO 	Trial m_std_cw at 645.3750197920017
649.3473 	DATA 	Keypress: lshift
649.3487 	DATA 	Keypress: t
651.2643 	INFO 	Trial m_std_ccw at 647.2935797760001
651.2656 	DATA 	Keypress: lshift
651.2671 	DATA 	Keypress: t
653.3644 	INFO 	Trial m_std_ccw at 649.3936868620003
653.3658 	DATA 	Keypress: lshift
653.3671 	DATA 	Keypress: t
655.2829 	INFO 	Trial m_std_cw at 651.3122158870028
655.2843 	DATA 	Keypress: lshift
655.2857 	DATA 	Keypress: t
657.3922 	INFO 	End of the main block 13 at 653.4214756520014
657.3941 	DATA 	Keypress: lshift
657.3954 	DATA 	Keypress: t
659.0841 	DATA 	Keypress: lshift
659.0857 	DATA 	Keypress: t
661.0836 	DATA 	Keypress: lshift
661.0848 	DATA 	Keypress: t
663.0910 	DATA 	Keypress: lshift
663.0923 	DATA 	Keypress: t
665.0846 	DATA 	Keypress: lshift
665.0860 	DATA 	Keypress: t
667.0826 	DATA 	Keypress: lshift
667.0838 	DATA 	Keypress: t
667.4007 	INFO 	Start of the control block 14 at 663.429949068006
669.0782 	DATA 	Keypress: lshift
669.0794 	DATA 	Keypress: t
669.4079 	INFO 	Trial c_std_ccw at 665.4371820670058
671.5138 	INFO 	Trial c_std_v at 667.5430142780024
671.5152 	DATA 	Keypress: lshift
671.5165 	DATA 	Keypress: t
673.5143 	INFO 	Trial c_dev_cw at 669.5436083640016
673.5156 	DATA 	Keypress: lshift
673.5170 	DATA 	Keypress: t
673.8331 	INFO 	Key c was pressed with a reaction time of 0.3090226799977245 seconds!
674.5280 	DATA 	Keypress: c
675.4440 	INFO 	Trial c_std_cw at 671.4733136950017
675.4459 	DATA 	Keypress: lshift
675.4472 	DATA 	Keypress: t
677.4830 	INFO 	Trial c_std_cw at 673.5123015680001
678.4930 	DATA 	Keypress: lshift
678.4943 	DATA 	Keypress: t
679.4620 	INFO 	Trial c_std_ccw at 675.4913020530003
679.4653 	DATA 	Keypress: lshift
679.4667 	DATA 	Keypress: t
681.5433 	INFO 	Trial c_dev_ccw at 677.5725306830063
681.5462 	DATA 	Keypress: lshift
681.5477 	DATA 	Keypress: t
681.8461 	INFO 	Key c was pressed with a reaction time of 0.2914941130002262 seconds!
682.5582 	DATA 	Keypress: c
683.5647 	INFO 	Trial c_std_cw at 679.5939011370065
683.5675 	DATA 	Keypress: lshift
683.5693 	DATA 	Keypress: t
685.4752 	INFO 	Trial c_std_ccw at 681.5044753940019
685.4766 	DATA 	Keypress: lshift
685.4780 	DATA 	Keypress: t
687.4440 	INFO 	Trial c_std_cw at 683.4732400280045
687.4453 	DATA 	Keypress: lshift
687.4468 	DATA 	Keypress: t
689.5142 	INFO 	Trial c_dev_v at 685.5434241740004
689.5172 	DATA 	Keypress: lshift
689.5187 	DATA 	Keypress: t
689.8520 	INFO 	Key c was pressed with a reaction time of 0.32669156300107716 seconds!
690.5276 	DATA 	Keypress: c
691.4554 	INFO 	Trial c_std_cw at 687.4846973900057
691.4573 	DATA 	Keypress: lshift
691.4587 	DATA 	Keypress: t
693.4044 	INFO 	Trial c_std_v at 689.433643592005
693.4076 	DATA 	Keypress: lshift
693.4089 	DATA 	Keypress: t
695.4256 	INFO 	Trial c_dev_v at 691.4548240660006
695.4281 	DATA 	Keypress: lshift
695.4295 	DATA 	Keypress: t
695.8410 	INFO 	Key c was pressed with a reaction time of 0.40463739699771395 seconds!
696.4393 	DATA 	Keypress: c
697.4764 	INFO 	Trial c_std_ccw at 693.5056693170045
697.4794 	DATA 	Keypress: lshift
697.4809 	DATA 	Keypress: t
699.5574 	INFO 	Trial c_std_v at 695.5866647680014
699.5609 	DATA 	Keypress: lshift
699.5623 	DATA 	Keypress: t
701.4984 	INFO 	Trial c_std_v at 697.5277183860017
701.5014 	DATA 	Keypress: lshift
701.5029 	DATA 	Keypress: t
703.4986 	INFO 	Trial c_std_ccw at 699.5278362370009
703.5017 	DATA 	Keypress: lshift
703.5032 	DATA 	Keypress: t
705.5891 	INFO 	End of the control block 14 at 701.6183392910025
705.5930 	DATA 	Keypress: lshift
705.5944 	DATA 	Keypress: t
707.0866 	DATA 	Keypress: lshift
707.0879 	DATA 	Keypress: t
709.0878 	DATA 	Keypress: lshift
709.0900 	DATA 	Keypress: t
711.0837 	DATA 	Keypress: lshift
711.0851 	DATA 	Keypress: t
713.0815 	DATA 	Keypress: lshift
713.0829 	DATA 	Keypress: t
715.0764 	DATA 	Keypress: lshift
715.0900 	DATA 	Keypress: t
715.6004 	INFO 	Start of the main block 15 at 711.6296285890057
717.0839 	DATA 	Keypress: lshift
717.0852 	DATA 	Keypress: t
717.6078 	INFO 	Trial m_std_ccw at 713.637066467003
719.5740 	INFO 	Trial m_std_cw at 715.6032733890024
719.5754 	DATA 	Keypress: lshift
719.5768 	DATA 	Keypress: t
721.4840 	INFO 	Trial m_dev at 717.5132464270064
721.4854 	DATA 	Keypress: lshift
721.4868 	DATA 	Keypress: t
721.9121 	INFO 	Key c was pressed with a reaction time of 0.4196547199971974 seconds!
722.4962 	DATA 	Keypress: c
723.4025 	INFO 	Trial m_std_cw at 719.4317452260002
723.4043 	DATA 	Keypress: lshift
723.4059 	DATA 	Keypress: t
725.3230 	INFO 	Trial m_std_cw at 721.3522656370042
725.3243 	DATA 	Keypress: lshift
725.3257 	DATA 	Keypress: t
727.3724 	INFO 	Trial m_dev at 723.4016322740063
727.3754 	DATA 	Keypress: lshift
727.3768 	DATA 	Keypress: t
727.8760 	INFO 	Key c was pressed with a reaction time of 0.49403718899702653 seconds!
728.3843 	DATA 	Keypress: c
729.4720 	INFO 	Trial m_std_ccw at 725.5013123810058
729.4749 	DATA 	Keypress: lshift
729.4764 	DATA 	Keypress: t
731.4219 	INFO 	Trial m_std_ccw at 727.4511337370059
731.4252 	DATA 	Keypress: lshift
731.4267 	DATA 	Keypress: t
733.4328 	INFO 	Trial m_std_cw at 729.462079293
733.4357 	DATA 	Keypress: lshift
733.4372 	DATA 	Keypress: t
735.3439 	INFO 	Trial m_dev at 731.3732065420045
735.3468 	DATA 	Keypress: lshift
735.3482 	DATA 	Keypress: t
737.4552 	INFO 	Trial m_std_cw at 733.4844695830034
737.4584 	DATA 	Keypress: lshift
737.4598 	DATA 	Keypress: t
739.4658 	INFO 	Trial m_std_ccw at 735.495068354001
739.4691 	DATA 	Keypress: lshift
739.4731 	DATA 	Keypress: t
739.9721 	INFO 	Key c was pressed with a reaction time of 0.49286213500454323 seconds!
740.4832 	DATA 	Keypress: c
741.5793 	INFO 	Trial m_dev at 737.6085276530066
741.5809 	DATA 	Keypress: lshift
741.5824 	DATA 	Keypress: t
742.2871 	INFO 	Key c was pressed with a reaction time of 0.6991568199955509 seconds!
742.5922 	DATA 	Keypress: c
743.4880 	INFO 	Trial m_std_cw at 739.5172474110004
743.4901 	DATA 	Keypress: lshift
743.4913 	DATA 	Keypress: t
745.5569 	INFO 	Trial m_std_ccw at 741.5861513470009
745.5598 	DATA 	Keypress: lshift
745.5612 	DATA 	Keypress: t
747.5675 	INFO 	Trial m_std_ccw at 743.5967350780047
747.5689 	DATA 	Keypress: lshift
747.5706 	DATA 	Keypress: t
749.6778 	INFO 	Trial m_std_ccw at 745.7071118660024
749.6793 	DATA 	Keypress: lshift
749.6807 	DATA 	Keypress: t
751.7775 	INFO 	Trial m_std_cw at 747.806733382
752.7849 	DATA 	Keypress: lshift
752.7862 	DATA 	Keypress: t
753.7838 	INFO 	End of the main block 15 at 749.8129744570033
753.7874 	DATA 	Keypress: lshift
753.7889 	DATA 	Keypress: t
755.0805 	DATA 	Keypress: lshift
755.0822 	DATA 	Keypress: t
757.0835 	DATA 	Keypress: lshift
757.0849 	DATA 	Keypress: t
759.0823 	DATA 	Keypress: lshift
759.0837 	DATA 	Keypress: t
761.0780 	DATA 	Keypress: lshift
761.0908 	DATA 	Keypress: t
763.0803 	DATA 	Keypress: lshift
763.0817 	DATA 	Keypress: t
763.7946 	INFO 	Start of the control block 16 at 759.8238757979998
765.0815 	DATA 	Keypress: lshift
765.0828 	DATA 	Keypress: t
765.8019 	INFO 	Trial c_std_v at 761.8311680250044
767.7379 	INFO 	Trial c_std_cw at 763.7672148740021
767.7393 	DATA 	Keypress: lshift
767.7406 	DATA 	Keypress: t
769.7368 	INFO 	Trial c_std_ccw at 765.7661040439998
769.7381 	DATA 	Keypress: lshift
769.7394 	DATA 	Keypress: t
771.7556 	INFO 	Trial c_std_v at 767.7848426199998
771.7570 	DATA 	Keypress: lshift
771.7584 	DATA 	Keypress: t
773.8553 	INFO 	Trial c_dev_v at 769.8845612460063
773.8567 	DATA 	Keypress: lshift
773.8580 	DATA 	Keypress: t
774.1950 	INFO 	Key c was pressed with a reaction time of 0.32968746699771145 seconds!
774.8672 	DATA 	Keypress: c
775.7954 	INFO 	Trial c_std_ccw at 771.8247236420066
775.7985 	DATA 	Keypress: lshift
775.8000 	DATA 	Keypress: t
777.7958 	INFO 	Trial c_std_cw at 773.8251194590048
777.7987 	DATA 	Keypress: lshift
777.8001 	DATA 	Keypress: t
779.7964 	INFO 	Trial c_std_ccw at 775.8256565980046
779.7994 	DATA 	Keypress: lshift
779.8010 	DATA 	Keypress: t
781.7169 	INFO 	Trial c_dev_ccw at 777.746166681005
781.7199 	DATA 	Keypress: lshift
781.7224 	DATA 	Keypress: t
782.0651 	INFO 	Key c was pressed with a reaction time of 0.3355193160023191 seconds!
782.7333 	DATA 	Keypress: c
783.7396 	INFO 	Trial c_std_ccw at 779.7689022740014
783.7413 	DATA 	Keypress: lshift
783.7428 	DATA 	Keypress: t
785.6705 	INFO 	Trial c_std_v at 781.699810599006
785.6736 	DATA 	Keypress: lshift
785.6751 	DATA 	Keypress: t
787.7605 	INFO 	Trial c_dev_cw at 783.7898217750044
787.7637 	DATA 	Keypress: lshift
787.7652 	DATA 	Keypress: t
788.0841 	INFO 	Key c was pressed with a reaction time of 0.31230360599874984 seconds!
788.7741 	DATA 	Keypress: c
789.8419 	INFO 	Trial c_std_cw at 785.8711557200004
789.8435 	DATA 	Keypress: lshift
789.8449 	DATA 	Keypress: t
791.8602 	INFO 	Trial c_std_v at 787.8895141890025
791.8633 	DATA 	Keypress: lshift
791.8646 	DATA 	Keypress: t
793.8707 	INFO 	Trial c_dev_v at 789.8999217750024
793.8737 	DATA 	Keypress: lshift
793.8755 	DATA 	Keypress: t
794.2401 	INFO 	Key c was pressed with a reaction time of 0.35798289699596353 seconds!
794.8843 	DATA 	Keypress: c
795.7922 	INFO 	Trial c_std_cw at 791.8214818850029
795.7954 	DATA 	Keypress: lshift
795.7968 	DATA 	Keypress: t
797.8031 	INFO 	Trial c_std_ccw at 793.8323260600009
797.8061 	DATA 	Keypress: lshift
797.8079 	DATA 	Keypress: t
799.9042 	INFO 	Trial c_std_cw at 795.933505578003
799.9059 	DATA 	Keypress: lshift
799.9072 	DATA 	Keypress: t
801.9841 	INFO 	End of the control block 16 at 798.0133612520003
802.0018 	DATA 	Keypress: lshift
802.0037 	DATA 	Keypress: t
803.0845 	DATA 	Keypress: lshift
803.0860 	DATA 	Keypress: t
805.0807 	DATA 	Keypress: lshift
805.0821 	DATA 	Keypress: t
807.0846 	DATA 	Keypress: lshift
807.0860 	DATA 	Keypress: t
809.0890 	DATA 	Keypress: lshift
809.0903 	DATA 	Keypress: t
811.0848 	DATA 	Keypress: lshift
811.0862 	DATA 	Keypress: t
811.9903 	INFO 	Start of the control block 17 at 808.0195950930065
813.0898 	DATA 	Keypress: lshift
813.0913 	DATA 	Keypress: t
813.9972 	INFO 	Trial c_std_cw at 810.0264952750003
816.0323 	INFO 	Trial c_std_v at 812.0615569440051
816.0335 	DATA 	Keypress: lshift
816.0349 	DATA 	Keypress: t
818.0923 	INFO 	Trial c_std_v at 814.1215597130067
818.0938 	DATA 	Keypress: lshift
818.0952 	DATA 	Keypress: t
819.1039 	DATA 	Keypress: lshift
819.1052 	DATA 	Keypress: t
820.1010 	INFO 	Trial c_std_cw at 816.1302719560044
821.1107 	DATA 	Keypress: lshift
821.1123 	DATA 	Keypress: t
822.0580 	INFO 	Trial c_dev_v at 818.0873070540038
822.3893 	INFO 	Key c was pressed with a reaction time of 0.3231089359978796 seconds!
823.0697 	DATA 	Keypress: c
824.1662 	INFO 	Trial c_std_ccw at 820.1954990250015
824.1692 	DATA 	Keypress: lshift
824.1712 	DATA 	Keypress: t
825.1813 	DATA 	Keypress: lshift
825.1827 	DATA 	Keypress: t
826.1186 	INFO 	Trial c_std_cw at 822.1478242560042
827.1280 	DATA 	Keypress: lshift
827.1294 	DATA 	Keypress: t
828.0270 	INFO 	Trial c_std_ccw at 824.0562745429997
830.0060 	INFO 	Trial c_dev_v at 826.0352945390041
830.0073 	DATA 	Keypress: lshift
830.0086 	DATA 	Keypress: t
830.3451 	INFO 	Key c was pressed with a reaction time of 0.33070007099740906 seconds!
831.0184 	DATA 	Keypress: c
831.9244 	INFO 	Trial c_std_ccw at 827.9537184070068
831.9261 	DATA 	Keypress: lshift
831.9275 	DATA 	Keypress: t
833.9943 	INFO 	Trial c_std_cw at 830.0236119480032
835.0041 	DATA 	Keypress: lshift
835.0057 	DATA 	Keypress: t
835.9612 	INFO 	Trial c_std_ccw at 831.9904830850064
835.9625 	DATA 	Keypress: lshift
835.9641 	DATA 	Keypress: t
837.9718 	INFO 	Trial c_dev_ccw at 834.0011187150012
837.9731 	DATA 	Keypress: lshift
837.9743 	DATA 	Keypress: t
838.3161 	INFO 	Key c was pressed with a reaction time of 0.33392723099677823 seconds!
838.9863 	DATA 	Keypress: c
840.0823 	INFO 	Trial c_std_v at 836.1115771460027
840.0852 	DATA 	Keypress: lshift
840.0880 	DATA 	Keypress: t
841.0977 	DATA 	Keypress: lshift
841.0991 	DATA 	Keypress: t
842.1950 	INFO 	Trial c_std_cw at 838.2242244850058
843.2049 	DATA 	Keypress: lshift
843.2063 	DATA 	Keypress: t
844.1021 	INFO 	Trial c_dev_cw at 840.1313292500054
844.5172 	INFO 	Key c was pressed with a reaction time of 0.40735686600237386 seconds!
845.1136 	DATA 	Keypress: c
845.1143 	DATA 	Keypress: lshift
845.1153 	DATA 	Keypress: t
846.1999 	INFO 	Trial c_std_v at 842.2291244620064
847.2092 	DATA 	Keypress: lshift
847.2124 	DATA 	Keypress: t
848.1062 	INFO 	Trial c_std_ccw at 844.1354534950005
849.1148 	DATA 	Keypress: lshift
849.1163 	DATA 	Keypress: t
850.1539 	INFO 	End of the control block 17 at 846.1831538550032
851.0832 	DATA 	Keypress: lshift
851.0844 	DATA 	Keypress: t
853.0852 	DATA 	Keypress: lshift
853.0878 	DATA 	Keypress: t
855.0804 	DATA 	Keypress: lshift
855.0818 	DATA 	Keypress: t
857.0855 	DATA 	Keypress: lshift
857.0878 	DATA 	Keypress: t
859.0832 	DATA 	Keypress: lshift
859.0844 	DATA 	Keypress: t
860.1622 	INFO 	Start of the main block 18 at 856.1914726640025
861.0886 	DATA 	Keypress: lshift
861.0900 	DATA 	Keypress: t
862.1693 	INFO 	Trial m_std_ccw at 858.1985363940039
863.1757 	DATA 	Keypress: lshift
863.1772 	DATA 	Keypress: t
864.2247 	INFO 	Trial m_std_ccw at 860.2539347680067
865.2342 	DATA 	Keypress: lshift
865.2356 	DATA 	Keypress: t
866.2331 	INFO 	Trial m_dev at 862.2623830770026
866.7512 	INFO 	Key c was pressed with a reaction time of 0.5087332840048475 seconds!
868.1725 	INFO 	Trial m_std_ccw at 864.2017699019998
868.1747 	DATA 	Keypress: c
868.1759 	DATA 	Keypress: lshift
868.1769 	DATA 	Keypress: t
869.1841 	DATA 	Keypress: lshift
869.1855 	DATA 	Keypress: t
870.1026 	INFO 	Trial m_std_cw at 866.1318055620068
871.1136 	DATA 	Keypress: lshift
871.1151 	DATA 	Keypress: t
872.0511 	INFO 	Trial m_std_cw at 868.0803437480063
874.0573 	INFO 	Trial m_std_cw at 870.0865901030047
874.0586 	DATA 	Keypress: lshift
874.0601 	DATA 	Keypress: t
876.1058 	INFO 	Trial m_std_ccw at 872.1350909060056
876.1071 	DATA 	Keypress: lshift
876.1083 	DATA 	Keypress: t
877.1168 	DATA 	Keypress: lshift
877.1183 	DATA 	Keypress: t
878.1939 	INFO 	Trial m_dev at 874.2232020590018
878.7073 	INFO 	Key c was pressed with a reaction time of 0.5072557349994895 seconds!
879.2037 	DATA 	Keypress: c
879.2050 	DATA 	Keypress: lshift
879.2064 	DATA 	Keypress: t
880.2702 	INFO 	Trial m_std_ccw at 876.2994512870064
881.2802 	DATA 	Keypress: lshift
881.2818 	DATA 	Keypress: t
882.2273 	INFO 	Trial m_std_cw at 878.2565638160013
883.2372 	DATA 	Keypress: lshift
883.2387 	DATA 	Keypress: t
884.2843 	INFO 	Trial m_std_cw at 880.3135587970028
885.2933 	DATA 	Keypress: lshift
885.2946 	DATA 	Keypress: t
886.3506 	INFO 	Trial m_dev at 882.3798378250067
886.7761 	INFO 	Key c was pressed with a reaction time of 0.4187323779988219 seconds!
887.3612 	DATA 	Keypress: c
887.3618 	DATA 	Keypress: lshift
887.3628 	DATA 	Keypress: t
888.3074 	INFO 	Trial m_std_ccw at 884.3366940230044
889.3171 	DATA 	Keypress: lshift
889.3184 	DATA 	Keypress: t
890.2540 	INFO 	Trial m_std_cw at 886.2832970720046
891.2642 	DATA 	Keypress: lshift
891.2655 	DATA 	Keypress: t
892.2230 	INFO 	Trial m_dev at 888.2522648160011
892.7042 	INFO 	Key c was pressed with a reaction time of 0.4731380990051548 seconds!
893.2330 	DATA 	Keypress: c
893.2341 	DATA 	Keypress: lshift
893.2352 	DATA 	Keypress: t
894.2611 	INFO 	Trial m_std_cw at 890.290335206002
895.2711 	DATA 	Keypress: lshift
895.2727 	DATA 	Keypress: t
896.3283 	INFO 	Trial m_std_ccw at 892.3575578050004
897.3376 	DATA 	Keypress: lshift
897.3390 	DATA 	Keypress: t
898.3045 	INFO 	End of the main block 18 at 894.3338144670051
899.0920 	DATA 	Keypress: lshift
899.0935 	DATA 	Keypress: t
901.0805 	DATA 	Keypress: lshift
901.0937 	DATA 	Keypress: t
903.0876 	DATA 	Keypress: lshift
903.0890 	DATA 	Keypress: t
905.0791 	DATA 	Keypress: lshift
905.0919 	DATA 	Keypress: t
907.0800 	DATA 	Keypress: lshift
907.0817 	DATA 	Keypress: t
908.3170 	EXP 	unnamed TextStim: height = 0.05
908.3170 	EXP 	unnamed TextStim: height = 0.05
908.3170 	EXP 	unnamed TextStim: height = 0.05
908.3170 	EXP 	unnamed TextStim: text = 'End of the Experiment!'
909.0828 	DATA 	Keypress: lshift
909.0840 	DATA 	Keypress: t
910.5959 	EXP 	window1: mouseVisible = True
