20.5428 	EXP 	VDT: status = NOT_STARTED
21.8235 	WARNING 	Couldn't measure a consistent frame rate!
  - Is your graphics card set to sync to vertical blank?
  - Are you running other processes on your computer?

21.8239 	EXP 	Created window1 = Window(allowGUI=True, allowStencil=False, autoLog=True, backendConf=UNKNOWN, backgroundFit=<method-wrapper '__getattribute__' of attributeSetter object at 0x7f9c5975eee0>, backgroundImage=<method-wrapper '__getattribute__' of attributeSetter object at 0x7f9c5975ee80>, bitsMode=UNKNOWN, blendMode='avg', bpc=(8, 8, 8), color=array([0, 0, 0]), colorSpace='rgb', depthBits=8, fullscr=<method-wrapper '__getattribute__' of attributeSetter object at 0x7f9c5975ecd0>, gamma=None, gammaErrorPolicy='raise', lms=UNKNOWN, monitor=<psychopy.monitors.calibTools.Monitor object at 0x7f9c2b63a790>, multiSample=False, name='window1', numSamples=2, pos=[0.0, 0.0], screen=1, size=array([1920, 1080]), stencilBits=0, stereo=False, title='PsychoPy', units='height', useFBO=True, useRetina=False, viewOri=0.0, viewPos=None, viewScale=None, waitBlanking=True, winType='pyglet')
21.8241 	EXP 	window1: mouseVisible = True
21.8243 	EXP 	window1: mouseVisible = True
21.9498 	EXP 	Created unnamed ImageStim = ImageStim(__class__=<class 'psychopy.visual.image.ImageStim'>, anchor=('center', 'center'), autoLog=True, color=array([1., 1., 1.]), colorSpace='rgb', contrast=1.0, depth=0, draggable=False, flipHoriz=False, flipVert=False, image='./images_eeg/grey_bg.png', interpolate=False, mask=None, maskParams=None, name='unnamed ImageStim', opacity=1.0, ori=0.0, pos=array([0., 0.]), size=array([1.43333333, 0.88148148]), texRes=128, units='height', win=Window(...))
21.9498 	EXP 	window1: backgroundImage = './images_eeg/grey_bg.png'
21.9498 	EXP 	window1: backgroundFit = 'none'
21.9575 	EXP 	window1: Attempting to measure frame rate of screen (1) ...
21.9575 	EXP 	window1: recordFrameIntervals = False
22.0396 	EXP 	window1: recordFrameIntervals = True
22.3164 	EXP 	Screen (1) actual frame rate measured at 120.37Hz
22.3165 	EXP 	window1: recordFrameIntervals = True
22.3166 	EXP 	window1: mouseVisible = False
22.3167 	WARNING 	keyboard.Keyboard already using 'iohub' backend. Can not switch to 'psychotoolbox'
22.3168 	EXP 	VDT: status = STARTED
22.3171 	EXP 	window1: mouseVisible = True
22.4428 	EXP 	Created Vertical = ImageStim(__class__=<class 'psychopy.visual.image.ImageStim'>, anchor=('center', 'center'), autoLog=True, color=array([1., 1., 1.]), colorSpace='rgb', contrast=1.0, depth=0.0, draggable=False, flipHoriz=False, flipVert=False, image='./images_eeg/Ref_yellow.png', interpolate=True, mask=None, maskParams=None, name='Vertical', opacity=1.0, ori=0.0, pos=array([0., 0.]), size=array([1.43333333, 0.88148148]), texRes=128.0, units='height', win=Window(...))
22.4429 	EXP 	window1: mouseVisible = True
22.5619 	EXP 	Created PresentedLine1 = ImageStim(__class__=<class 'psychopy.visual.image.ImageStim'>, anchor=('center', 'center'), autoLog=True, color=array([1., 1., 1.]), colorSpace='rgb', contrast=1.0, depth=0.0, draggable=False, flipHoriz=False, flipVert=False, image='./images_eeg/grey_bg.png', interpolate=True, mask=None, maskParams=None, name='PresentedLine1', opacity=1.0, ori=0.0, pos=array([0., 0.]), size=array([1.43333333, 0.88148148]), texRes=128.0, units='height', win=Window(...))
22.5620 	EXP 	window1: mouseVisible = True
22.6781 	EXP 	Created FixDot2 = ImageStim(__class__=<class 'psychopy.visual.image.ImageStim'>, anchor=('center', 'center'), autoLog=True, color=array([1., 1., 1.]), colorSpace='rgb', contrast=1.0, depth=-0.0, draggable=False, flipHoriz=False, flipVert=False, image='./images_eeg/grey_bg.png', interpolate=True, mask=None, maskParams=None, name='FixDot2', opacity=1.0, ori=0.0, pos=array([0., 0.]), size=array([1.43333333, 0.88148148]), texRes=128.0, units='height', win=Window(...))
0.0119 	EXP 	Vertical: autoDraw = True
0.7624 	EXP 	Imported loopTemplate18.xlsx as conditions, 18 conditions, 1 params
0.7630 	EXP 	Created sequence: sequential, trialTypes=18, nReps=1, seed=None
0.7633 	EXP 	New trial (rep=0, index=0): {'image': './images_eeg/Sphere_CW-2.25_BG-grey_stim-white.png'}
0.7967 	DATA 	Keypress: s
0.8038 	WARNING 	t of last frame was 49.44ms (=1/20)
0.8038 	EXP 	Vertical: autoDraw = False
0.8038 	EXP 	PresentedLine1: image = './images_eeg/Sphere_CW-2.25_BG-grey_stim-white.png'
0.8038 	EXP 	PresentedLine1: autoDraw = True
1.5041 	EXP 	FixDot2: autoDraw = True
1.5481 	EXP 	PresentedLine1: autoDraw = False
1.6789 	EXP 	New trial (rep=0, index=1): {'image': './images_eeg/Sphere_CCW-2.25_BG-grey_stim-white.png'}
1.7188 	WARNING 	t of last frame was 41.15ms (=1/24)
1.7188 	EXP 	Vertical: autoDraw = False
1.7188 	EXP 	PresentedLine1: autoDraw = False
1.7188 	EXP 	FixDot2: autoDraw = False
1.7188 	EXP 	PresentedLine1: image = './images_eeg/Sphere_CCW-2.25_BG-grey_stim-white.png'
1.7539 	EXP 	PresentedLine1: autoDraw = True
2.4940 	EXP 	PresentedLine1: autoDraw = False
2.5039 	EXP 	FixDot2: autoDraw = True
2.6792 	EXP 	New trial (rep=0, index=2): {'image': './images_eeg/Sphere_CCW-2.25_BG-grey_stim-white.png'}
2.7189 	WARNING 	t of last frame was 40.81ms (=1/24)
2.7189 	EXP 	Vertical: autoDraw = False
2.7189 	EXP 	PresentedLine1: autoDraw = False
2.7189 	EXP 	FixDot2: autoDraw = False
2.7189 	EXP 	PresentedLine1: image = './images_eeg/Sphere_CCW-2.25_BG-grey_stim-white.png'
2.7536 	EXP 	PresentedLine1: autoDraw = True
3.4932 	EXP 	PresentedLine1: autoDraw = False
3.5040 	EXP 	FixDot2: autoDraw = True
3.6878 	EXP 	New trial (rep=0, index=3): {'image': './images_eeg/Sphere_CW-2.25_BG-grey_stim-white.png'}
3.7276 	WARNING 	t of last frame was 41.04ms (=1/24)
3.7276 	EXP 	Vertical: autoDraw = False
3.7276 	EXP 	PresentedLine1: autoDraw = False
3.7276 	EXP 	FixDot2: autoDraw = False
3.7276 	EXP 	PresentedLine1: image = './images_eeg/Sphere_CW-2.25_BG-grey_stim-white.png'
3.7535 	EXP 	PresentedLine1: autoDraw = True
4.4936 	EXP 	PresentedLine1: autoDraw = False
4.5037 	EXP 	FixDot2: autoDraw = True
4.7219 	EXP 	New trial (rep=0, index=4): {'image': './images_eeg/Sphere_Ref_BG-grey_stim-yellow.png'}
4.7674 	WARNING 	Multiple dropped frames have occurred - I'll stop bothering you about them!
4.7668 	EXP 	Vertical: autoDraw = False
4.7668 	EXP 	PresentedLine1: autoDraw = False
4.7668 	EXP 	FixDot2: autoDraw = False
4.7668 	EXP 	PresentedLine1: image = './images_eeg/Sphere_Ref_BG-grey_stim-yellow.png'
4.7668 	EXP 	PresentedLine1: autoDraw = True
5.1425 	DATA 	Keypress: space
5.5032 	EXP 	FixDot2: autoDraw = True
5.5105 	EXP 	PresentedLine1: autoDraw = False
5.6735 	EXP 	New trial (rep=0, index=5): {'image': './images_eeg/Sphere_CCW-2.25_BG-grey_stim-white.png'}
5.7179 	EXP 	Vertical: autoDraw = False
5.7179 	EXP 	PresentedLine1: autoDraw = False
5.7179 	EXP 	FixDot2: autoDraw = False
5.7179 	EXP 	PresentedLine1: image = './images_eeg/Sphere_CCW-2.25_BG-grey_stim-white.png'
5.7533 	EXP 	PresentedLine1: autoDraw = True
6.4942 	EXP 	PresentedLine1: autoDraw = False
6.5032 	EXP 	FixDot2: autoDraw = True
6.7117 	EXP 	New trial (rep=0, index=6): {'image': './images_eeg/Sphere_CW-2.25_BG-grey_stim-white.png'}
6.7534 	EXP 	Vertical: autoDraw = False
6.7534 	EXP 	PresentedLine1: autoDraw = False
6.7534 	EXP 	FixDot2: autoDraw = False
6.7534 	EXP 	PresentedLine1: image = './images_eeg/Sphere_CW-2.25_BG-grey_stim-white.png'
6.7534 	EXP 	PresentedLine1: autoDraw = True
7.4931 	EXP 	PresentedLine1: autoDraw = False
7.5029 	EXP 	FixDot2: autoDraw = True
7.7426 	EXP 	FixDot2: autoDraw = False
7.7439 	EXP 	New trial (rep=0, index=7): {'image': './images_eeg/Sphere_CCW-2.25_BG-grey_stim-yellow.png'}
7.7886 	EXP 	Vertical: autoDraw = False
7.7886 	EXP 	PresentedLine1: autoDraw = False
7.7886 	EXP 	FixDot2: autoDraw = False
7.7886 	EXP 	PresentedLine1: image = './images_eeg/Sphere_CCW-2.25_BG-grey_stim-yellow.png'
7.7886 	EXP 	PresentedLine1: autoDraw = True
8.1667 	DATA 	Keypress: space
8.5037 	EXP 	FixDot2: autoDraw = True
8.5363 	EXP 	PresentedLine1: autoDraw = False
8.6765 	EXP 	New trial (rep=0, index=8): {'image': './images_eeg/Sphere_Ref_BG-grey_stim-white.png'}
8.7122 	EXP 	Vertical: autoDraw = False
8.7122 	EXP 	PresentedLine1: autoDraw = False
8.7122 	EXP 	FixDot2: autoDraw = False
8.7122 	EXP 	PresentedLine1: image = './images_eeg/Sphere_Ref_BG-grey_stim-white.png'
8.7526 	EXP 	PresentedLine1: autoDraw = True
9.4921 	EXP 	PresentedLine1: autoDraw = False
9.5025 	EXP 	FixDot2: autoDraw = True
9.6956 	EXP 	New trial (rep=0, index=9): {'image': './images_eeg/Sphere_CW-2.25_BG-grey_stim-white.png'}
9.7384 	EXP 	Vertical: autoDraw = False
9.7384 	EXP 	PresentedLine1: autoDraw = False
9.7384 	EXP 	FixDot2: autoDraw = False
9.7384 	EXP 	PresentedLine1: image = './images_eeg/Sphere_CW-2.25_BG-grey_stim-white.png'
9.7589 	EXP 	PresentedLine1: autoDraw = True
10.5020 	EXP 	PresentedLine1: autoDraw = False
10.5020 	EXP 	FixDot2: autoDraw = True
10.7437 	EXP 	FixDot2: autoDraw = False
10.7447 	EXP 	New trial (rep=0, index=10): {'image': './images_eeg/Sphere_Ref_BG-grey_stim-yellow.png'}
10.7884 	EXP 	Vertical: autoDraw = False
10.7884 	EXP 	PresentedLine1: autoDraw = False
10.7884 	EXP 	FixDot2: autoDraw = False
10.7884 	EXP 	PresentedLine1: image = './images_eeg/Sphere_Ref_BG-grey_stim-yellow.png'
10.7884 	EXP 	PresentedLine1: autoDraw = True
11.1983 	DATA 	Keypress: space
11.5020 	EXP 	FixDot2: autoDraw = True
11.5363 	EXP 	PresentedLine1: autoDraw = False
11.7426 	EXP 	FixDot2: autoDraw = False
11.7446 	EXP 	New trial (rep=0, index=11): {'image': './images_eeg/Sphere_CCW-2.25_BG-grey_stim-white.png'}
11.7937 	EXP 	Vertical: autoDraw = False
11.7937 	EXP 	PresentedLine1: autoDraw = False
11.7937 	EXP 	FixDot2: autoDraw = False
11.7937 	EXP 	PresentedLine1: image = './images_eeg/Sphere_CCW-2.25_BG-grey_stim-white.png'
11.7937 	EXP 	PresentedLine1: autoDraw = True
12.5015 	EXP 	FixDot2: autoDraw = True
12.5348 	EXP 	PresentedLine1: autoDraw = False
12.7206 	EXP 	New trial (rep=0, index=12): {'image': './images_eeg/Sphere_CCW-2.25_BG-grey_stim-white.png'}
12.7690 	EXP 	Vertical: autoDraw = False
12.7690 	EXP 	PresentedLine1: autoDraw = False
12.7690 	EXP 	FixDot2: autoDraw = False
12.7690 	EXP 	PresentedLine1: image = './images_eeg/Sphere_CCW-2.25_BG-grey_stim-white.png'
12.7690 	EXP 	PresentedLine1: autoDraw = True
13.5013 	EXP 	FixDot2: autoDraw = True
13.5181 	EXP 	PresentedLine1: autoDraw = False
13.7030 	EXP 	New trial (rep=0, index=13): {'image': './images_eeg/Sphere_CW-2.25_BG-grey_stim-yellow.png'}
13.7504 	EXP 	Vertical: autoDraw = False
13.7504 	EXP 	PresentedLine1: autoDraw = False
13.7504 	EXP 	FixDot2: autoDraw = False
13.7504 	EXP 	PresentedLine1: image = './images_eeg/Sphere_CW-2.25_BG-grey_stim-yellow.png'
13.7591 	EXP 	PresentedLine1: autoDraw = True
14.2402 	DATA 	Keypress: space
14.5012 	EXP 	PresentedLine1: autoDraw = False
14.5012 	EXP 	FixDot2: autoDraw = True
14.6867 	EXP 	New trial (rep=0, index=14): {'image': './images_eeg/Sphere_Ref_BG-grey_stim-white.png'}
14.7359 	EXP 	Vertical: autoDraw = False
14.7359 	EXP 	PresentedLine1: autoDraw = False
14.7359 	EXP 	FixDot2: autoDraw = False
14.7359 	EXP 	PresentedLine1: image = './images_eeg/Sphere_Ref_BG-grey_stim-white.png'
14.7581 	EXP 	PresentedLine1: autoDraw = True
15.5006 	EXP 	PresentedLine1: autoDraw = False
15.5006 	EXP 	FixDot2: autoDraw = True
15.6759 	EXP 	New trial (rep=0, index=15): {'image': './images_eeg/Sphere_CW-2.25_BG-grey_stim-white.png'}
15.7183 	EXP 	Vertical: autoDraw = False
15.7183 	EXP 	PresentedLine1: autoDraw = False
15.7183 	EXP 	FixDot2: autoDraw = False
15.7183 	EXP 	PresentedLine1: image = './images_eeg/Sphere_CW-2.25_BG-grey_stim-white.png'
15.7505 	EXP 	PresentedLine1: autoDraw = True
16.4903 	EXP 	PresentedLine1: autoDraw = False
16.5004 	EXP 	FixDot2: autoDraw = True
16.6687 	EXP 	New trial (rep=0, index=16): {'image': './images_eeg/Sphere_CCW-2.25_BG-grey_stim-white.png'}
16.7130 	EXP 	Vertical: autoDraw = False
16.7130 	EXP 	PresentedLine1: autoDraw = False
16.7130 	EXP 	FixDot2: autoDraw = False
16.7130 	EXP 	PresentedLine1: image = './images_eeg/Sphere_CCW-2.25_BG-grey_stim-white.png'
16.7503 	EXP 	PresentedLine1: autoDraw = True
17.4911 	EXP 	PresentedLine1: autoDraw = False
17.4999 	EXP 	FixDot2: autoDraw = True
17.6928 	EXP 	New trial (rep=0, index=17): {'image': './images_eeg/Sphere_CW-2.25_BG-grey_stim-white.png'}
17.7439 	EXP 	Vertical: autoDraw = False
17.7439 	EXP 	PresentedLine1: autoDraw = False
17.7439 	EXP 	FixDot2: autoDraw = False
17.7439 	EXP 	PresentedLine1: image = './images_eeg/Sphere_CW-2.25_BG-grey_stim-white.png'
17.7501 	EXP 	PresentedLine1: autoDraw = True
18.4902 	EXP 	PresentedLine1: autoDraw = False
18.5024 	EXP 	FixDot2: autoDraw = True
18.6826 	EXP 	Vertical: autoDraw = False
18.6826 	EXP 	PresentedLine1: autoDraw = False
18.6826 	EXP 	FixDot2: autoDraw = False
18.6831 	EXP 	VDT: status = STOPPED
20.1143 	EXP 	VDT: status = NOT_STARTED
21.3989 	WARNING 	Couldn't measure a consistent frame rate!
  - Is your graphics card set to sync to vertical blank?
  - Are you running other processes on your computer?

21.3993 	EXP 	Created window1 = Window(allowGUI=True, allowStencil=False, autoLog=True, backendConf=UNKNOWN, backgroundFit=<method-wrapper '__getattribute__' of attributeSetter object at 0x7f9c5975eee0>, backgroundImage=<method-wrapper '__getattribute__' of attributeSetter object at 0x7f9c5975ee80>, bitsMode=UNKNOWN, blendMode='avg', bpc=(8, 8, 8), color=array([0, 0, 0]), colorSpace='rgb', depthBits=8, fullscr=<method-wrapper '__getattribute__' of attributeSetter object at 0x7f9c5975ecd0>, gamma=None, gammaErrorPolicy='raise', lms=UNKNOWN, monitor=<psychopy.monitors.calibTools.Monitor object at 0x7f9be807ea00>, multiSample=False, name='window1', numSamples=2, pos=[0.0, 0.0], screen=1, size=array([1920, 1080]), stencilBits=0, stereo=False, title='PsychoPy', units='height', useFBO=True, useRetina=False, viewOri=0.0, viewPos=None, viewScale=None, waitBlanking=True, winType='pyglet')
21.3995 	EXP 	window1: mouseVisible = True
21.3998 	EXP 	window1: mouseVisible = True
21.5237 	EXP 	Created unnamed ImageStim = ImageStim(__class__=<class 'psychopy.visual.image.ImageStim'>, anchor=('center', 'center'), autoLog=True, color=array([1., 1., 1.]), colorSpace='rgb', contrast=1.0, depth=0, draggable=False, flipHoriz=False, flipVert=False, image='./images_eeg/grey_bg.png', interpolate=False, mask=None, maskParams=None, name='unnamed ImageStim', opacity=1.0, ori=0.0, pos=array([0., 0.]), size=array([1.43333333, 0.88148148]), texRes=128, units='height', win=Window(...))
21.5237 	EXP 	window1: backgroundImage = './images_eeg/grey_bg.png'
21.5237 	EXP 	window1: backgroundFit = 'none'
21.5321 	EXP 	window1: Attempting to measure frame rate of screen (1) ...
21.5321 	EXP 	window1: recordFrameIntervals = False
21.6163 	EXP 	window1: recordFrameIntervals = True
21.6828 	EXP 	Screen (1) actual frame rate measured at 117.06Hz
21.6829 	EXP 	window1: recordFrameIntervals = True
21.6831 	EXP 	window1: mouseVisible = False
21.6832 	WARNING 	keyboard.Keyboard already using 'iohub' backend. Can not switch to 'psychotoolbox'
21.6833 	EXP 	VDT: status = STARTED
21.6839 	EXP 	window1: mouseVisible = True
21.8129 	EXP 	Created Vertical = ImageStim(__class__=<class 'psychopy.visual.image.ImageStim'>, anchor=('center', 'center'), autoLog=True, color=array([1., 1., 1.]), colorSpace='rgb', contrast=1.0, depth=0.0, draggable=False, flipHoriz=False, flipVert=False, image='./images_eeg/Ref_yellow.png', interpolate=True, mask=None, maskParams=None, name='Vertical', opacity=1.0, ori=0.0, pos=array([0., 0.]), size=array([1.43333333, 0.88148148]), texRes=128.0, units='height', win=Window(...))
21.8131 	EXP 	window1: mouseVisible = True
21.9283 	EXP 	Created PresentedLine1 = ImageStim(__class__=<class 'psychopy.visual.image.ImageStim'>, anchor=('center', 'center'), autoLog=True, color=array([1., 1., 1.]), colorSpace='rgb', contrast=1.0, depth=0.0, draggable=False, flipHoriz=False, flipVert=False, image='./images_eeg/grey_bg.png', interpolate=True, mask=None, maskParams=None, name='PresentedLine1', opacity=1.0, ori=0.0, pos=array([0., 0.]), size=array([1.43333333, 0.88148148]), texRes=128.0, units='height', win=Window(...))
21.9284 	EXP 	window1: mouseVisible = True
22.0462 	EXP 	Created FixDot2 = ImageStim(__class__=<class 'psychopy.visual.image.ImageStim'>, anchor=('center', 'center'), autoLog=True, color=array([1., 1., 1.]), colorSpace='rgb', contrast=1.0, depth=-0.0, draggable=False, flipHoriz=False, flipVert=False, image='./images_eeg/grey_bg.png', interpolate=True, mask=None, maskParams=None, name='FixDot2', opacity=1.0, ori=0.0, pos=array([0., 0.]), size=array([1.43333333, 0.88148148]), texRes=128.0, units='height', win=Window(...))
0.0198 	EXP 	Vertical: autoDraw = True
1.0182 	EXP 	Imported loopTemplate18.xlsx as conditions, 18 conditions, 1 params
1.0191 	EXP 	Created sequence: sequential, trialTypes=18, nReps=1, seed=None
1.0195 	EXP 	New trial (rep=0, index=0): {'image': './images_eeg/Sphere_Ref_BG-grey_stim-white.png'}
1.0572 	DATA 	Keypress: s
1.0646 	WARNING 	t of last frame was 53.99ms (=1/18)
1.0646 	EXP 	Vertical: autoDraw = False
1.0646 	EXP 	PresentedLine1: image = './images_eeg/Sphere_Ref_BG-grey_stim-white.png'
1.0646 	EXP 	PresentedLine1: autoDraw = True
1.7521 	EXP 	FixDot2: autoDraw = True
1.8095 	EXP 	PresentedLine1: autoDraw = False
1.9535 	EXP 	New trial (rep=0, index=1): {'image': './images_eeg/Sphere_CW-2.25_BG-grey_stim-white.png'}
1.9944 	WARNING 	t of last frame was 42.52ms (=1/23)
1.9944 	EXP 	Vertical: autoDraw = False
1.9944 	EXP 	PresentedLine1: autoDraw = False
1.9944 	EXP 	FixDot2: autoDraw = False
1.9944 	EXP 	PresentedLine1: image = './images_eeg/Sphere_CW-2.25_BG-grey_stim-white.png'
2.0015 	EXP 	PresentedLine1: autoDraw = True
2.0215 	DATA 	Keypress: space
2.7413 	EXP 	PresentedLine1: autoDraw = False
2.7583 	EXP 	FixDot2: autoDraw = True
2.9543 	EXP 	New trial (rep=0, index=2): {'image': './images_eeg/Sphere_CW-2.25_BG-grey_stim-yellow.png'}
3.0040 	WARNING 	t of last frame was 52.13ms (=1/19)
3.0040 	EXP 	Vertical: autoDraw = False
3.0040 	EXP 	PresentedLine1: autoDraw = False
3.0040 	EXP 	FixDot2: autoDraw = False
3.0040 	EXP 	PresentedLine1: image = './images_eeg/Sphere_CW-2.25_BG-grey_stim-yellow.png'
3.0183 	EXP 	PresentedLine1: autoDraw = True
3.3753 	DATA 	Keypress: space
3.7578 	EXP 	PresentedLine1: autoDraw = False
3.7578 	EXP 	FixDot2: autoDraw = True
3.9692 	EXP 	New trial (rep=0, index=3): {'image': './images_eeg/Sphere_CCW-2.25_BG-grey_stim-white.png'}
4.0170 	WARNING 	t of last frame was 49.18ms (=1/20)
4.0170 	EXP 	Vertical: autoDraw = False
4.0170 	EXP 	PresentedLine1: autoDraw = False
4.0170 	EXP 	FixDot2: autoDraw = False
4.0170 	EXP 	PresentedLine1: image = './images_eeg/Sphere_CCW-2.25_BG-grey_stim-white.png'
4.0170 	EXP 	PresentedLine1: autoDraw = True
4.7578 	EXP 	PresentedLine1: autoDraw = False
4.7578 	EXP 	FixDot2: autoDraw = True
4.9438 	EXP 	New trial (rep=0, index=4): {'image': './images_eeg/Sphere_CCW-2.25_BG-grey_stim-white.png'}
4.9883 	WARNING 	Multiple dropped frames have occurred - I'll stop bothering you about them!
4.9883 	EXP 	Vertical: autoDraw = False
4.9883 	EXP 	PresentedLine1: autoDraw = False
4.9883 	EXP 	FixDot2: autoDraw = False
4.9883 	EXP 	PresentedLine1: image = './images_eeg/Sphere_CCW-2.25_BG-grey_stim-white.png'
5.0079 	EXP 	PresentedLine1: autoDraw = True
5.7507 	EXP 	PresentedLine1: autoDraw = False
5.7576 	EXP 	FixDot2: autoDraw = True
5.9690 	EXP 	New trial (rep=0, index=5): {'image': './images_eeg/Sphere_Ref_BG-grey_stim-yellow.png'}
6.0143 	EXP 	Vertical: autoDraw = False
6.0143 	EXP 	PresentedLine1: autoDraw = False
6.0143 	EXP 	FixDot2: autoDraw = False
6.0143 	EXP 	PresentedLine1: image = './images_eeg/Sphere_Ref_BG-grey_stim-yellow.png'
6.0143 	EXP 	PresentedLine1: autoDraw = True
6.5296 	DATA 	Keypress: space
6.7566 	EXP 	PresentedLine1: autoDraw = False
6.7566 	EXP 	FixDot2: autoDraw = True
6.9860 	EXP 	New trial (rep=0, index=6): {'image': './images_eeg/Sphere_CW-2.25_BG-grey_stim-white.png'}
7.0323 	EXP 	Vertical: autoDraw = False
7.0323 	EXP 	PresentedLine1: autoDraw = False
7.0323 	EXP 	FixDot2: autoDraw = False
7.0323 	EXP 	PresentedLine1: image = './images_eeg/Sphere_CW-2.25_BG-grey_stim-white.png'
7.0323 	EXP 	PresentedLine1: autoDraw = True
7.7577 	EXP 	FixDot2: autoDraw = True
7.7742 	EXP 	PresentedLine1: autoDraw = False
7.9927 	EXP 	New trial (rep=0, index=7): {'image': './images_eeg/Sphere_CW-2.25_BG-grey_stim-white.png'}
8.0379 	EXP 	Vertical: autoDraw = False
8.0379 	EXP 	PresentedLine1: autoDraw = False
8.0379 	EXP 	FixDot2: autoDraw = False
8.0379 	EXP 	PresentedLine1: image = './images_eeg/Sphere_CW-2.25_BG-grey_stim-white.png'
8.0379 	EXP 	PresentedLine1: autoDraw = True
8.7574 	EXP 	FixDot2: autoDraw = True
8.7833 	EXP 	PresentedLine1: autoDraw = False
8.9687 	EXP 	New trial (rep=0, index=8): {'image': './images_eeg/Sphere_Ref_BG-grey_stim-yellow.png'}
9.0148 	EXP 	Vertical: autoDraw = False
9.0148 	EXP 	PresentedLine1: autoDraw = False
9.0148 	EXP 	FixDot2: autoDraw = False
9.0148 	EXP 	PresentedLine1: image = './images_eeg/Sphere_Ref_BG-grey_stim-yellow.png'
9.0148 	EXP 	PresentedLine1: autoDraw = True
9.5138 	DATA 	Keypress: space
9.7563 	EXP 	PresentedLine1: autoDraw = False
9.7563 	EXP 	FixDot2: autoDraw = True
9.9678 	EXP 	New trial (rep=0, index=9): {'image': './images_eeg/Sphere_CW-2.25_BG-grey_stim-white.png'}
10.0107 	EXP 	Vertical: autoDraw = False
10.0107 	EXP 	PresentedLine1: autoDraw = False
10.0107 	EXP 	FixDot2: autoDraw = False
10.0107 	EXP 	PresentedLine1: image = './images_eeg/Sphere_CW-2.25_BG-grey_stim-white.png'
10.0107 	EXP 	PresentedLine1: autoDraw = True
10.7562 	EXP 	PresentedLine1: autoDraw = False
10.7562 	EXP 	FixDot2: autoDraw = True
10.9511 	EXP 	New trial (rep=0, index=10): {'image': './images_eeg/Sphere_CCW-2.25_BG-grey_stim-white.png'}
10.9969 	EXP 	Vertical: autoDraw = False
10.9969 	EXP 	PresentedLine1: autoDraw = False
10.9969 	EXP 	FixDot2: autoDraw = False
10.9969 	EXP 	PresentedLine1: image = './images_eeg/Sphere_CCW-2.25_BG-grey_stim-white.png'
11.0034 	EXP 	PresentedLine1: autoDraw = True
11.7490 	EXP 	PresentedLine1: autoDraw = False
11.7559 	EXP 	FixDot2: autoDraw = True
11.9993 	EXP 	FixDot2: autoDraw = False
12.0064 	EXP 	New trial (rep=0, index=11): {'image': './images_eeg/Sphere_CCW-2.25_BG-grey_stim-white.png'}
12.0474 	EXP 	Vertical: autoDraw = False
12.0474 	EXP 	PresentedLine1: autoDraw = False
12.0474 	EXP 	FixDot2: autoDraw = False
12.0474 	EXP 	PresentedLine1: image = './images_eeg/Sphere_CCW-2.25_BG-grey_stim-white.png'
12.0474 	EXP 	PresentedLine1: autoDraw = True
12.7562 	EXP 	FixDot2: autoDraw = True
12.7903 	EXP 	PresentedLine1: autoDraw = False
12.9578 	EXP 	New trial (rep=0, index=12): {'image': './images_eeg/Sphere_CCW-2.25_BG-grey_stim-white.png'}
13.0036 	EXP 	Vertical: autoDraw = False
13.0036 	EXP 	PresentedLine1: autoDraw = False
13.0036 	EXP 	FixDot2: autoDraw = False
13.0036 	EXP 	PresentedLine1: image = './images_eeg/Sphere_CCW-2.25_BG-grey_stim-white.png'
13.0155 	EXP 	PresentedLine1: autoDraw = True
13.7559 	EXP 	PresentedLine1: autoDraw = False
13.7559 	EXP 	FixDot2: autoDraw = True
13.9499 	EXP 	New trial (rep=0, index=13): {'image': './images_eeg/Sphere_CCW-2.25_BG-grey_stim-yellow.png'}
13.9954 	EXP 	Vertical: autoDraw = False
13.9954 	EXP 	PresentedLine1: autoDraw = False
13.9954 	EXP 	FixDot2: autoDraw = False
13.9954 	EXP 	PresentedLine1: image = './images_eeg/Sphere_CCW-2.25_BG-grey_stim-yellow.png'
14.0023 	EXP 	PresentedLine1: autoDraw = True
14.5437 	DATA 	Keypress: space
14.7481 	EXP 	PresentedLine1: autoDraw = False
14.7548 	EXP 	FixDot2: autoDraw = True
14.9408 	EXP 	New trial (rep=0, index=14): {'image': './images_eeg/Sphere_CW-2.25_BG-grey_stim-white.png'}
14.9849 	EXP 	Vertical: autoDraw = False
14.9849 	EXP 	PresentedLine1: autoDraw = False
14.9849 	EXP 	FixDot2: autoDraw = False
14.9849 	EXP 	PresentedLine1: image = './images_eeg/Sphere_CW-2.25_BG-grey_stim-white.png'
15.0055 	EXP 	PresentedLine1: autoDraw = True
15.7477 	EXP 	PresentedLine1: autoDraw = False
15.7542 	EXP 	FixDot2: autoDraw = True
15.9400 	EXP 	New trial (rep=0, index=15): {'image': './images_eeg/Sphere_CCW-2.25_BG-grey_stim-white.png'}
15.9817 	EXP 	Vertical: autoDraw = False
15.9817 	EXP 	PresentedLine1: autoDraw = False
15.9817 	EXP 	FixDot2: autoDraw = False
15.9817 	EXP 	PresentedLine1: image = './images_eeg/Sphere_CCW-2.25_BG-grey_stim-white.png'
16.0045 	EXP 	PresentedLine1: autoDraw = True
16.7477 	EXP 	PresentedLine1: autoDraw = False
16.7547 	EXP 	FixDot2: autoDraw = True
16.9656 	EXP 	New trial (rep=0, index=16): {'image': './images_eeg/Sphere_CW-2.25_BG-grey_stim-white.png'}
17.0128 	EXP 	Vertical: autoDraw = False
17.0128 	EXP 	PresentedLine1: autoDraw = False
17.0128 	EXP 	FixDot2: autoDraw = False
17.0128 	EXP 	PresentedLine1: image = './images_eeg/Sphere_CW-2.25_BG-grey_stim-white.png'
17.0128 	EXP 	PresentedLine1: autoDraw = True
17.7543 	EXP 	PresentedLine1: autoDraw = False
17.7543 	EXP 	FixDot2: autoDraw = True
17.9397 	EXP 	New trial (rep=0, index=17): {'image': './images_eeg/Sphere_Ref_BG-grey_stim-white.png'}
17.9794 	EXP 	Vertical: autoDraw = False
17.9794 	EXP 	PresentedLine1: autoDraw = False
17.9794 	EXP 	FixDot2: autoDraw = False
17.9794 	EXP 	PresentedLine1: image = './images_eeg/Sphere_Ref_BG-grey_stim-white.png'
18.0048 	EXP 	PresentedLine1: autoDraw = True
18.7470 	EXP 	PresentedLine1: autoDraw = False
18.7534 	EXP 	FixDot2: autoDraw = True
18.9365 	EXP 	Vertical: autoDraw = False
18.9365 	EXP 	PresentedLine1: autoDraw = False
18.9365 	EXP 	FixDot2: autoDraw = False
18.9374 	EXP 	VDT: status = STOPPED
20.4284 	EXP 	VDT: status = NOT_STARTED
21.7137 	WARNING 	Couldn't measure a consistent frame rate!
  - Is your graphics card set to sync to vertical blank?
  - Are you running other processes on your computer?

21.7144 	EXP 	Created window1 = Window(allowGUI=True, allowStencil=False, autoLog=True, backendConf=UNKNOWN, backgroundFit=<method-wrapper '__getattribute__' of attributeSetter object at 0x7f9c5975eee0>, backgroundImage=<method-wrapper '__getattribute__' of attributeSetter object at 0x7f9c5975ee80>, bitsMode=UNKNOWN, blendMode='avg', bpc=(8, 8, 8), color=array([0, 0, 0]), colorSpace='rgb', depthBits=8, fullscr=<method-wrapper '__getattribute__' of attributeSetter object at 0x7f9c5975ecd0>, gamma=None, gammaErrorPolicy='raise', lms=UNKNOWN, monitor=<psychopy.monitors.calibTools.Monitor object at 0x7f9c2b6ba400>, multiSample=False, name='window1', numSamples=2, pos=[0.0, 0.0], screen=1, size=array([1920, 1080]), stencilBits=0, stereo=False, title='PsychoPy', units='height', useFBO=True, useRetina=False, viewOri=0.0, viewPos=None, viewScale=None, waitBlanking=True, winType='pyglet')
21.7146 	EXP 	window1: mouseVisible = True
21.7149 	EXP 	window1: mouseVisible = True
21.8360 	EXP 	Created unnamed ImageStim = ImageStim(__class__=<class 'psychopy.visual.image.ImageStim'>, anchor=('center', 'center'), autoLog=True, color=array([1., 1., 1.]), colorSpace='rgb', contrast=1.0, depth=0, draggable=False, flipHoriz=False, flipVert=False, image='./images_eeg/grey_bg.png', interpolate=False, mask=None, maskParams=None, name='unnamed ImageStim', opacity=1.0, ori=0.0, pos=array([0., 0.]), size=array([1.43333333, 0.88148148]), texRes=128, units='height', win=Window(...))
21.8360 	EXP 	window1: backgroundImage = './images_eeg/grey_bg.png'
21.8360 	EXP 	window1: backgroundFit = 'none'
21.8456 	EXP 	window1: Attempting to measure frame rate of screen (1) ...
21.8456 	EXP 	window1: recordFrameIntervals = False
21.9303 	EXP 	window1: recordFrameIntervals = True
22.4631 	WARNING 	t of last frame was 26.01ms (=1/38)
22.5637 	EXP 	Screen (1) actual frame rate measured at 120.46Hz
22.5638 	EXP 	window1: recordFrameIntervals = True
22.5639 	EXP 	window1: mouseVisible = False
22.5640 	WARNING 	keyboard.Keyboard already using 'iohub' backend. Can not switch to 'psychotoolbox'
22.5640 	EXP 	VDT: status = STARTED
22.5643 	EXP 	window1: mouseVisible = True
22.6917 	EXP 	Created Vertical = ImageStim(__class__=<class 'psychopy.visual.image.ImageStim'>, anchor=('center', 'center'), autoLog=True, color=array([1., 1., 1.]), colorSpace='rgb', contrast=1.0, depth=0.0, draggable=False, flipHoriz=False, flipVert=False, image='./images_eeg/Ref_yellow.png', interpolate=True, mask=None, maskParams=None, name='Vertical', opacity=1.0, ori=0.0, pos=array([0., 0.]), size=array([1.43333333, 0.88148148]), texRes=128.0, units='height', win=Window(...))
22.6919 	EXP 	window1: mouseVisible = True
22.8057 	EXP 	Created PresentedLine1 = ImageStim(__class__=<class 'psychopy.visual.image.ImageStim'>, anchor=('center', 'center'), autoLog=True, color=array([1., 1., 1.]), colorSpace='rgb', contrast=1.0, depth=0.0, draggable=False, flipHoriz=False, flipVert=False, image='./images_eeg/grey_bg.png', interpolate=True, mask=None, maskParams=None, name='PresentedLine1', opacity=1.0, ori=0.0, pos=array([0., 0.]), size=array([1.43333333, 0.88148148]), texRes=128.0, units='height', win=Window(...))
22.8060 	EXP 	window1: mouseVisible = True
22.9210 	EXP 	Created FixDot2 = ImageStim(__class__=<class 'psychopy.visual.image.ImageStim'>, anchor=('center', 'center'), autoLog=True, color=array([1., 1., 1.]), colorSpace='rgb', contrast=1.0, depth=-0.0, draggable=False, flipHoriz=False, flipVert=False, image='./images_eeg/grey_bg.png', interpolate=True, mask=None, maskParams=None, name='FixDot2', opacity=1.0, ori=0.0, pos=array([0., 0.]), size=array([1.43333333, 0.88148148]), texRes=128.0, units='height', win=Window(...))
0.0123 	EXP 	Vertical: autoDraw = True
0.5336 	EXP 	Imported loopTemplate18.xlsx as conditions, 18 conditions, 1 params
0.5343 	EXP 	Created sequence: sequential, trialTypes=18, nReps=1, seed=None
0.5346 	EXP 	New trial (rep=0, index=0): {'image': './images_eeg/Sphere_CCW-2.25_BG-grey_stim-white.png'}
0.5683 	DATA 	Keypress: s
0.5757 	WARNING 	t of last frame was 50.62ms (=1/19)
0.5757 	EXP 	Vertical: autoDraw = False
0.5757 	EXP 	PresentedLine1: image = './images_eeg/Sphere_CCW-2.25_BG-grey_stim-white.png'
0.5757 	EXP 	PresentedLine1: autoDraw = True
0.6078 	WARNING 	t of last frame was 24.01ms (=1/41)
1.2746 	EXP 	FixDot2: autoDraw = True
1.3156 	EXP 	PresentedLine1: autoDraw = False
1.4426 	EXP 	New trial (rep=0, index=1): {'image': './images_eeg/Sphere_Ref_BG-grey_stim-white.png'}
1.4827 	WARNING 	t of last frame was 41.40ms (=1/24)
1.4827 	EXP 	Vertical: autoDraw = False
1.4827 	EXP 	PresentedLine1: autoDraw = False
1.4827 	EXP 	FixDot2: autoDraw = False
1.4827 	EXP 	PresentedLine1: image = './images_eeg/Sphere_Ref_BG-grey_stim-white.png'
1.5245 	EXP 	PresentedLine1: autoDraw = True
2.2653 	EXP 	PresentedLine1: autoDraw = False
2.2744 	EXP 	FixDot2: autoDraw = True
2.4992 	EXP 	New trial (rep=0, index=2): {'image': './images_eeg/Sphere_Ref_BG-grey_stim-yellow.png'}
2.5455 	WARNING 	Multiple dropped frames have occurred - I'll stop bothering you about them!
2.5450 	EXP 	Vertical: autoDraw = False
2.5450 	EXP 	PresentedLine1: autoDraw = False
2.5450 	EXP 	FixDot2: autoDraw = False
2.5450 	EXP 	PresentedLine1: image = './images_eeg/Sphere_Ref_BG-grey_stim-yellow.png'
2.5450 	EXP 	PresentedLine1: autoDraw = True
3.0693 	DATA 	Keypress: space
3.2744 	EXP 	FixDot2: autoDraw = True
3.2905 	EXP 	PresentedLine1: autoDraw = False
3.4664 	EXP 	New trial (rep=0, index=3): {'image': './images_eeg/Sphere_CCW-2.25_BG-grey_stim-white.png'}
3.5054 	EXP 	Vertical: autoDraw = False
3.5054 	EXP 	PresentedLine1: autoDraw = False
3.5054 	EXP 	FixDot2: autoDraw = False
3.5054 	EXP 	PresentedLine1: image = './images_eeg/Sphere_CCW-2.25_BG-grey_stim-white.png'
3.5242 	EXP 	PresentedLine1: autoDraw = True
4.2635 	EXP 	PresentedLine1: autoDraw = False
4.2741 	EXP 	FixDot2: autoDraw = True
4.4658 	EXP 	New trial (rep=0, index=4): {'image': './images_eeg/Sphere_CW-2.25_BG-grey_stim-white.png'}
4.5116 	EXP 	Vertical: autoDraw = False
4.5116 	EXP 	PresentedLine1: autoDraw = False
4.5116 	EXP 	FixDot2: autoDraw = False
4.5116 	EXP 	PresentedLine1: image = './images_eeg/Sphere_CW-2.25_BG-grey_stim-white.png'
4.5269 	EXP 	PresentedLine1: autoDraw = True
5.2736 	EXP 	PresentedLine1: autoDraw = False
5.2736 	EXP 	FixDot2: autoDraw = True
5.4439 	EXP 	New trial (rep=0, index=5): {'image': './images_eeg/Sphere_CW-2.25_BG-grey_stim-yellow.png'}
5.4850 	EXP 	Vertical: autoDraw = False
5.4850 	EXP 	PresentedLine1: autoDraw = False
5.4850 	EXP 	FixDot2: autoDraw = False
5.4850 	EXP 	PresentedLine1: image = './images_eeg/Sphere_CW-2.25_BG-grey_stim-yellow.png'
5.5316 	EXP 	PresentedLine1: autoDraw = True
6.1032 	DATA 	Keypress: space
6.2763 	EXP 	PresentedLine1: autoDraw = False
6.2763 	EXP 	FixDot2: autoDraw = True
6.4497 	EXP 	New trial (rep=0, index=6): {'image': './images_eeg/Sphere_Ref_BG-grey_stim-white.png'}
6.5044 	EXP 	Vertical: autoDraw = False
6.5044 	EXP 	PresentedLine1: autoDraw = False
6.5044 	EXP 	FixDot2: autoDraw = False
6.5044 	EXP 	PresentedLine1: image = './images_eeg/Sphere_Ref_BG-grey_stim-white.png'
6.5234 	EXP 	PresentedLine1: autoDraw = True
7.2629 	EXP 	PresentedLine1: autoDraw = False
7.2733 	EXP 	FixDot2: autoDraw = True
7.4572 	EXP 	New trial (rep=0, index=7): {'image': './images_eeg/Sphere_CW-2.25_BG-grey_stim-white.png'}
7.5002 	EXP 	Vertical: autoDraw = False
7.5002 	EXP 	PresentedLine1: autoDraw = False
7.5002 	EXP 	FixDot2: autoDraw = False
7.5002 	EXP 	PresentedLine1: image = './images_eeg/Sphere_CW-2.25_BG-grey_stim-white.png'
7.5258 	EXP 	PresentedLine1: autoDraw = True
8.2730 	EXP 	PresentedLine1: autoDraw = False
8.2730 	EXP 	FixDot2: autoDraw = True
8.4493 	EXP 	New trial (rep=0, index=8): {'image': './images_eeg/Sphere_CCW-2.25_BG-grey_stim-white.png'}
8.4895 	EXP 	Vertical: autoDraw = False
8.4895 	EXP 	PresentedLine1: autoDraw = False
8.4895 	EXP 	FixDot2: autoDraw = False
8.4895 	EXP 	PresentedLine1: image = './images_eeg/Sphere_CCW-2.25_BG-grey_stim-white.png'
8.5229 	EXP 	PresentedLine1: autoDraw = True
9.2641 	EXP 	PresentedLine1: autoDraw = False
9.2781 	EXP 	FixDot2: autoDraw = True
9.4764 	EXP 	New trial (rep=0, index=9): {'image': './images_eeg/Sphere_CW-2.25_BG-grey_stim-white.png'}
9.5155 	EXP 	Vertical: autoDraw = False
9.5155 	EXP 	PresentedLine1: autoDraw = False
9.5155 	EXP 	FixDot2: autoDraw = False
9.5155 	EXP 	PresentedLine1: image = './images_eeg/Sphere_CW-2.25_BG-grey_stim-white.png'
9.5268 	EXP 	PresentedLine1: autoDraw = True
10.2724 	EXP 	PresentedLine1: autoDraw = False
10.2724 	EXP 	FixDot2: autoDraw = True
10.5104 	EXP 	New trial (rep=0, index=10): {'image': './images_eeg/Sphere_Ref_BG-grey_stim-yellow.png'}
10.5528 	EXP 	Vertical: autoDraw = False
10.5528 	EXP 	PresentedLine1: autoDraw = False
10.5528 	EXP 	FixDot2: autoDraw = False
10.5528 	EXP 	PresentedLine1: image = './images_eeg/Sphere_Ref_BG-grey_stim-yellow.png'
10.5528 	EXP 	PresentedLine1: autoDraw = True
11.0850 	DATA 	Keypress: space
11.2721 	EXP 	FixDot2: autoDraw = True
11.2959 	EXP 	PresentedLine1: autoDraw = False
11.4971 	EXP 	New trial (rep=0, index=11): {'image': './images_eeg/Sphere_CCW-2.25_BG-grey_stim-white.png'}
11.5421 	EXP 	Vertical: autoDraw = False
11.5421 	EXP 	PresentedLine1: autoDraw = False
11.5421 	EXP 	FixDot2: autoDraw = False
11.5421 	EXP 	PresentedLine1: image = './images_eeg/Sphere_CCW-2.25_BG-grey_stim-white.png'
11.5421 	EXP 	PresentedLine1: autoDraw = True
12.2748 	EXP 	FixDot2: autoDraw = True
12.2815 	EXP 	PresentedLine1: autoDraw = False
12.5151 	EXP 	New trial (rep=0, index=12): {'image': './images_eeg/Sphere_CW-2.25_BG-grey_stim-white.png'}
12.5709 	EXP 	Vertical: autoDraw = False
12.5709 	EXP 	PresentedLine1: autoDraw = False
12.5709 	EXP 	FixDot2: autoDraw = False
12.5709 	EXP 	PresentedLine1: image = './images_eeg/Sphere_CW-2.25_BG-grey_stim-white.png'
12.5709 	EXP 	PresentedLine1: autoDraw = True
13.2720 	EXP 	FixDot2: autoDraw = True
13.3386 	EXP 	PresentedLine1: autoDraw = False
13.4814 	EXP 	New trial (rep=0, index=13): {'image': './images_eeg/Sphere_CCW-2.25_BG-grey_stim-yellow.png'}
13.5262 	EXP 	Vertical: autoDraw = False
13.5262 	EXP 	PresentedLine1: autoDraw = False
13.5262 	EXP 	FixDot2: autoDraw = False
13.5262 	EXP 	PresentedLine1: image = './images_eeg/Sphere_CCW-2.25_BG-grey_stim-yellow.png'
13.5262 	EXP 	PresentedLine1: autoDraw = True
14.1328 	DATA 	Keypress: space
14.2716 	EXP 	PresentedLine1: autoDraw = False
14.2716 	EXP 	FixDot2: autoDraw = True
14.4972 	EXP 	New trial (rep=0, index=14): {'image': './images_eeg/Sphere_CCW-2.25_BG-grey_stim-white.png'}
14.5443 	EXP 	Vertical: autoDraw = False
14.5443 	EXP 	PresentedLine1: autoDraw = False
14.5443 	EXP 	FixDot2: autoDraw = False
14.5443 	EXP 	PresentedLine1: image = './images_eeg/Sphere_CCW-2.25_BG-grey_stim-white.png'
14.5443 	EXP 	PresentedLine1: autoDraw = True
15.2808 	EXP 	FixDot2: autoDraw = True
15.2895 	EXP 	PresentedLine1: autoDraw = False
15.5051 	EXP 	New trial (rep=0, index=15): {'image': './images_eeg/Sphere_CCW-2.25_BG-grey_stim-white.png'}
15.5527 	EXP 	Vertical: autoDraw = False
15.5527 	EXP 	PresentedLine1: autoDraw = False
15.5527 	EXP 	FixDot2: autoDraw = False
15.5527 	EXP 	PresentedLine1: image = './images_eeg/Sphere_CCW-2.25_BG-grey_stim-white.png'
15.5527 	EXP 	PresentedLine1: autoDraw = True
16.2714 	EXP 	FixDot2: autoDraw = True
16.2972 	EXP 	PresentedLine1: autoDraw = False
16.4630 	EXP 	New trial (rep=0, index=16): {'image': './images_eeg/Sphere_CW-2.25_BG-grey_stim-white.png'}
16.5056 	EXP 	Vertical: autoDraw = False
16.5056 	EXP 	PresentedLine1: autoDraw = False
16.5056 	EXP 	FixDot2: autoDraw = False
16.5056 	EXP 	PresentedLine1: image = './images_eeg/Sphere_CW-2.25_BG-grey_stim-white.png'
16.5206 	EXP 	PresentedLine1: autoDraw = True
17.2612 	EXP 	PresentedLine1: autoDraw = False
17.2707 	EXP 	FixDot2: autoDraw = True
17.4790 	EXP 	New trial (rep=0, index=17): {'image': './images_eeg/Sphere_CW-2.25_BG-grey_stim-white.png'}
17.5263 	EXP 	Vertical: autoDraw = False
17.5263 	EXP 	PresentedLine1: autoDraw = False
17.5263 	EXP 	FixDot2: autoDraw = False
17.5263 	EXP 	PresentedLine1: image = './images_eeg/Sphere_CW-2.25_BG-grey_stim-white.png'
17.5263 	EXP 	PresentedLine1: autoDraw = True
18.2703 	EXP 	PresentedLine1: autoDraw = False
18.2703 	EXP 	FixDot2: autoDraw = True
18.4871 	EXP 	Vertical: autoDraw = False
18.4871 	EXP 	PresentedLine1: autoDraw = False
18.4871 	EXP 	FixDot2: autoDraw = False
18.4879 	EXP 	VDT: status = STOPPED
19.1458 	EXP 	window1: mouseVisible = True
19.6981 	EXP 	window1: mouseVisible = True
19.7114 	EXP 	window1: mouseVisible = True
19.7236 	EXP 	window1: mouseVisible = True
19.7376 	EXP 	window1: mouseVisible = True
19.7502 	EXP 	window1: mouseVisible = True
19.7624 	EXP 	window1: mouseVisible = True
19.7763 	EXP 	window1: mouseVisible = True
19.7878 	EXP 	window1: mouseVisible = True
19.8020 	EXP 	window1: mouseVisible = True
19.8170 	EXP 	window1: mouseVisible = True
19.8298 	EXP 	window1: mouseVisible = True
19.8426 	EXP 	window1: mouseVisible = True
19.8552 	EXP 	window1: mouseVisible = True
19.8662 	EXP 	window1: mouseVisible = True
19.8828 	EXP 	window1: mouseVisible = True
19.8960 	EXP 	window1: mouseVisible = True
19.9094 	EXP 	window1: mouseVisible = True
19.9233 	EXP 	window1: mouseVisible = True
19.9386 	EXP 	window1: mouseVisible = True
19.9517 	EXP 	window1: mouseVisible = True
19.9663 	EXP 	window1: mouseVisible = True
19.9839 	EXP 	window1: mouseVisible = True
19.9959 	EXP 	window1: mouseVisible = True
20.0082 	EXP 	window1: mouseVisible = True
