4.3826 	INFO 	Loaded monitor calibration from ['2023_03_20 18:26']
6.0283 	WARNING 	Couldn't measure a consistent frame rate!
  - Is your graphics card set to sync to vertical blank?
  - Are you running other processes on your computer?

6.0286 	EXP 	Created window1 = Window(allowGUI=False, allowStencil=False, autoLog=True, backendConf=UNKNOWN, backgroundFit=<method-wrapper '__getattribute__' of attributeSetter object at 0x7fbc911000d0>, backgroundImage=<method-wrapper '__getattribute__' of attributeSetter object at 0x7fbc91100070>, bitsMode=UNKNOWN, blendMode='avg', bpc=(8, 8, 8), color=array([0, 0, 0]), colorSpace='rgb', depthBits=8, fullscr=<method-wrapper '__getattribute__' of attributeSetter object at 0x7fbca2069eb0>, gamma=None, gammaErrorPolicy='raise', lms=UNKNOWN, monitor=<psychopy.monitors.calibTools.Monitor object at 0x7fbc80c9c1f0>, multiSample=False, name='window1', numSamples=2, pos=[0.0, 0.0], screen=1, size=array([1920, 1080]), stencilBits=0, stereo=False, title='PsychoPy', units='height', useFBO=True, useRetina=False, viewOri=0.0, viewPos=None, viewScale=None, waitBlanking=True, winType='pyglet')
6.0288 	EXP 	window1: mouseVisible = True
6.0288 	EXP 	window1: backgroundImage = None
6.0289 	EXP 	window1: backgroundFit = 'contain'
8.5461 	INFO 	keyboard.Keyboard is using ptb backend.
8.5467 	EXP 	window1: mouseVisible = True
8.6019 	EXP 	Created unnamed TextStim = TextStim(__class__=<class 'psychopy.visual.text.TextStim'>, alignHoriz=method-wrapper(...), alignText='center', alignVert=method-wrapper(...), anchorHoriz='center', anchorVert='center', antialias=True, autoDraw=False, autoLog=True, bold=False, color=array([1., 1., 1.]), colorSpace='rgb', contrast=1.0, depth=0, draggable=False, flipHoriz=False, flipVert=False, font='', fontFiles=[], height=0.2, italic=False, languageStyle='LTR', name='unnamed TextStim', opacity=1.0, ori=0.0, pos=array([0., 0.]), rgb=UNKNOWN, text='Waiting for the scanner triggers ...', units='height', win=Window(...), wrapWidth=1)
8.6023 	EXP 	window1: mouseVisible = True
8.6156 	EXP 	Created unnamed TextStim = TextStim(__class__=<class 'psychopy.visual.text.TextStim'>, alignHoriz=method-wrapper(...), alignText='center', alignVert=method-wrapper(...), anchorHoriz='center', anchorVert='center', antialias=True, autoDraw=False, autoLog=True, bold=False, color=array([1., 1., 1.]), colorSpace='rgb', contrast=1.0, depth=0, draggable=False, flipHoriz=False, flipVert=False, font='', fontFiles=[], height=0.2, italic=False, languageStyle='LTR', name='unnamed TextStim', opacity=1.0, ori=0.0, pos=array([0., 0.]), rgb=UNKNOWN, text='End of the block. \n (Please do not move!)', units='height', win=Window(...), wrapWidth=1)
8.6158 	EXP 	window1: mouseVisible = True
8.6246 	EXP 	Created unnamed TextStim = TextStim(__class__=<class 'psychopy.visual.text.TextStim'>, alignHoriz=method-wrapper(...), alignText='center', alignVert=method-wrapper(...), anchorHoriz='center', anchorVert='center', antialias=True, autoDraw=False, autoLog=True, bold=False, color=array([1., 1., 1.]), colorSpace='rgb', contrast=1.0, depth=0, draggable=False, flipHoriz=False, flipVert=False, font='', fontFiles=[], height=0.2, italic=False, languageStyle='LTR', name='unnamed TextStim', opacity=1.0, ori=0.0, pos=array([0., 0.]), rgb=UNKNOWN, text=str(...), units='height', win=Window(...), wrapWidth=1)
8.6248 	EXP 	window1: mouseVisible = True
8.6298 	EXP 	Created unnamed TextStim = TextStim(__class__=<class 'psychopy.visual.text.TextStim'>, alignHoriz=method-wrapper(...), alignText='center', alignVert=method-wrapper(...), anchorHoriz='center', anchorVert='center', antialias=True, autoDraw=False, autoLog=True, bold=False, color=array([1., 1., 1.]), colorSpace='rgb', contrast=1.0, depth=0, draggable=False, flipHoriz=False, flipVert=False, font='', fontFiles=[], height=0.2, italic=False, languageStyle='LTR', name='unnamed TextStim', opacity=1.0, ori=0.0, pos=array([0., 0.]), rgb=UNKNOWN, text='End of the Experiment!', units='height', win=Window(...), wrapWidth=1)
8.6301 	EXP 	window1: mouseVisible = True
8.7920 	EXP 	Created bg = ImageStim(__class__=<class 'psychopy.visual.image.ImageStim'>, anchor=('center', 'center'), autoLog=True, color=array([1., 1., 1.]), colorSpace='rgb', contrast=1.0, depth=0, draggable=False, flipHoriz=False, flipVert=False, image='./images_fMRI/grey_bg.png', interpolate=True, mask=None, maskParams=None, name='bg', opacity=1.0, ori=0.0, pos=array([0., 0.]), size=array([2., 1.]), texRes=128, units='height', win=Window(...))
8.7922 	EXP 	window1: mouseVisible = True
8.9205 	EXP 	Created ref_white = ImageStim(__class__=<class 'psychopy.visual.image.ImageStim'>, anchor=('center', 'center'), autoLog=True, color=array([1., 1., 1.]), colorSpace='rgb', contrast=1.0, depth=0, draggable=False, flipHoriz=False, flipVert=False, image='./images_fMRI/Ref_white.png', interpolate=True, mask=None, maskParams=None, name='ref_white', opacity=1.0, ori=0.0, pos=array([0., 0.]), size=array([1.43333333, 0.88148148]), texRes=128, units='height', win=Window(...))
8.9207 	EXP 	window1: mouseVisible = True
9.0499 	EXP 	Created ref_yellow = ImageStim(__class__=<class 'psychopy.visual.image.ImageStim'>, anchor=('center', 'center'), autoLog=True, color=array([1., 1., 1.]), colorSpace='rgb', contrast=1.0, depth=0, draggable=False, flipHoriz=False, flipVert=False, image='./images_fMRI/Ref_yellow.png', interpolate=True, mask=None, maskParams=None, name='ref_yellow', opacity=1.0, ori=0.0, pos=array([0., 0.]), size=array([1.43333333, 0.88148148]), texRes=128, units='height', win=Window(...))
9.0501 	EXP 	window1: mouseVisible = True
9.1737 	EXP 	Created cw_white = ImageStim(__class__=<class 'psychopy.visual.image.ImageStim'>, anchor=('center', 'center'), autoLog=True, color=array([1., 1., 1.]), colorSpace='rgb', contrast=1.0, depth=0, draggable=False, flipHoriz=False, flipVert=False, image=str(...), interpolate=True, mask=None, maskParams=None, name='cw_white', opacity=1.0, ori=0.0, pos=array([0., 0.]), size=array([1.43333333, 0.88148148]), texRes=128, units='height', win=Window(...))
9.1740 	EXP 	window1: mouseVisible = True
9.2983 	EXP 	Created cw_yellow = ImageStim(__class__=<class 'psychopy.visual.image.ImageStim'>, anchor=('center', 'center'), autoLog=True, color=array([1., 1., 1.]), colorSpace='rgb', contrast=1.0, depth=0, draggable=False, flipHoriz=False, flipVert=False, image=str(...), interpolate=True, mask=None, maskParams=None, name='cw_yellow', opacity=1.0, ori=0.0, pos=array([0., 0.]), size=array([1.43333333, 0.88148148]), texRes=128, units='height', win=Window(...))
9.2985 	EXP 	window1: mouseVisible = True
9.4242 	EXP 	Created ccw_white = ImageStim(__class__=<class 'psychopy.visual.image.ImageStim'>, anchor=('center', 'center'), autoLog=True, color=array([1., 1., 1.]), colorSpace='rgb', contrast=1.0, depth=0, draggable=False, flipHoriz=False, flipVert=False, image=str(...), interpolate=True, mask=None, maskParams=None, name='ccw_white', opacity=1.0, ori=0.0, pos=array([0., 0.]), size=array([1.43333333, 0.88148148]), texRes=128, units='height', win=Window(...))
9.4244 	EXP 	window1: mouseVisible = True
9.5452 	EXP 	Created ccw_yellow = ImageStim(__class__=<class 'psychopy.visual.image.ImageStim'>, anchor=('center', 'center'), autoLog=True, color=array([1., 1., 1.]), colorSpace='rgb', contrast=1.0, depth=0, draggable=False, flipHoriz=False, flipVert=False, image=str(...), interpolate=True, mask=None, maskParams=None, name='ccw_yellow', opacity=1.0, ori=0.0, pos=array([0., 0.]), size=array([1.43333333, 0.88148148]), texRes=128, units='height', win=Window(...))
9.5453 	EXP 	window1: mouseVisible = True
9.6671 	EXP 	Created v_white = ImageStim(__class__=<class 'psychopy.visual.image.ImageStim'>, anchor=('center', 'center'), autoLog=True, color=array([1., 1., 1.]), colorSpace='rgb', contrast=1.0, depth=0, draggable=False, flipHoriz=False, flipVert=False, image=str(...), interpolate=True, mask=None, maskParams=None, name='v_white', opacity=1.0, ori=0.0, pos=array([0., 0.]), size=array([1.43333333, 0.88148148]), texRes=128, units='height', win=Window(...))
9.6672 	EXP 	window1: mouseVisible = True
9.7863 	EXP 	Created v_yellow = ImageStim(__class__=<class 'psychopy.visual.image.ImageStim'>, anchor=('center', 'center'), autoLog=True, color=array([1., 1., 1.]), colorSpace='rgb', contrast=1.0, depth=0, draggable=False, flipHoriz=False, flipVert=False, image=str(...), interpolate=True, mask=None, maskParams=None, name='v_yellow', opacity=1.0, ori=0.0, pos=array([0., 0.]), size=array([1.43333333, 0.88148148]), texRes=128, units='height', win=Window(...))
9.7864 	INFO 	The block order is ['M', 'C', 'M', 'C', 'C', 'M', 'C', 'C', 'M', 'M', 'C', 'M', 'M', 'C', 'C', 'C', 'M', 'M']
9.7864 	INFO 	The elips tilt degree is 1.5
9.8070 	WARNING 	t of last frame was 3778.93ms (=1/0)
9.8070 	EXP 	unnamed TextStim: height = 0.05
9.8070 	EXP 	unnamed TextStim: height = 0.05
9.8070 	EXP 	unnamed TextStim: height = 0.05
9.8070 	EXP 	unnamed TextStim: height = 0.05
9.8070 	EXP 	unnamed TextStim: height = 0.05
9.8070 	EXP 	unnamed TextStim: height = 0.05
9.8070 	EXP 	unnamed TextStim: height = 0.05
9.8070 	EXP 	unnamed TextStim: text = 'Whenever you are ready\n press a button to start. '
12.7033 	DATA 	Keypress: a
13.1857 	WARNING 	t of last frame was 508.32ms (=1/1)
13.1857 	EXP 	unnamed TextStim: height = 0.05
13.1857 	EXP 	unnamed TextStim: height = 0.05
13.1857 	EXP 	unnamed TextStim: height = 0.05
13.1857 	EXP 	unnamed TextStim: text = 'Waiting for the scanner triggers ...'
13.1859 	EXP 	window1: mouseVisible = False
44.5832 	DATA 	Keypress: lshift
44.5859 	DATA 	Keypress: t
44.5874 	INFO 	Trigger 1 time: 38.55126423600086
46.5866 	DATA 	Keypress: lshift
46.5880 	DATA 	Keypress: t
46.5889 	INFO 	Trigger 2 time: 40.55274358799943
48.5834 	DATA 	Keypress: lshift
48.5853 	DATA 	Keypress: t
48.5859 	INFO 	Trigger 3 time: 42.549718434998795
50.5834 	DATA 	Keypress: lshift
50.5856 	DATA 	Keypress: t
50.5862 	INFO 	Trigger 4 time: 44.55009331900146
52.5833 	DATA 	Keypress: lshift
52.5856 	DATA 	Keypress: t
52.5872 	INFO 	Trigger 5 time: 46.55105128200012
52.5873 	INFO 	Start of the main block 1 at 46.551206004998676
52.6035 	WARNING 	t of last frame was 39417.79ms (=1/0)
54.5829 	DATA 	Keypress: lshift
54.5848 	DATA 	Keypress: t
54.6044 	INFO 	Trial m_std_ccw at 48.56821787800072
54.6104 	WARNING 	t of last frame was 2006.93ms (=1/0)
55.6155 	WARNING 	Multiple dropped frames have occurred - I'll stop bothering you about them!
56.6006 	INFO 	Trial m_std_cw at 50.56443423699966
56.6021 	DATA 	Keypress: lshift
56.6034 	DATA 	Keypress: t
58.6007 	INFO 	Trial m_dev at 52.56454850699811
59.3241 	INFO 	Key a was pressed with a reaction time of 0.7160026620003919 seconds!
59.6091 	DATA 	Keypress: lshift
59.6108 	DATA 	Keypress: t
59.6147 	DATA 	Keypress: a
60.6181 	INFO 	Trial m_std_ccw at 54.58192318199872
60.6193 	DATA 	Keypress: lshift
60.6206 	DATA 	Keypress: t
62.5284 	INFO 	Trial m_std_cw at 56.49228972000128
63.5362 	DATA 	Keypress: lshift
63.5375 	DATA 	Keypress: t
64.6352 	INFO 	Trial m_std_ccw at 58.599034242000926
64.6379 	DATA 	Keypress: lshift
64.6401 	DATA 	Keypress: t
66.6566 	INFO 	Trial m_dev at 60.620438121000916
66.6581 	DATA 	Keypress: lshift
66.6595 	DATA 	Keypress: t
67.4340 	INFO 	Key a was pressed with a reaction time of 0.7683122330017795 seconds!
67.6695 	DATA 	Keypress: a
68.6357 	INFO 	Trial m_std_ccw at 62.59958684199955
68.6375 	DATA 	Keypress: lshift
68.6389 	DATA 	Keypress: t
70.6061 	INFO 	Trial m_std_cw at 64.56992930300112
70.6075 	DATA 	Keypress: lshift
70.6089 	DATA 	Keypress: t
72.5950 	INFO 	Trial m_std_ccw at 66.55881457899886
73.6021 	DATA 	Keypress: lshift
73.6035 	DATA 	Keypress: t
74.6211 	INFO 	Trial m_dev at 68.5849592070008
74.6246 	DATA 	Keypress: lshift
74.6272 	DATA 	Keypress: t
75.5891 	INFO 	Key a was pressed with a reaction time of 0.9556117940010154 seconds!
75.6372 	DATA 	Keypress: a
76.5835 	INFO 	Trial m_std_cw at 70.54732544999933
76.5853 	DATA 	Keypress: lshift
76.5872 	DATA 	Keypress: t
78.6339 	INFO 	Trial m_std_ccw at 72.59768939200148
78.6367 	DATA 	Keypress: lshift
78.6381 	DATA 	Keypress: t
80.6638 	INFO 	Trial m_std_cw at 74.62771354099823
80.6668 	DATA 	Keypress: lshift
80.6683 	DATA 	Keypress: t
82.7241 	INFO 	Trial m_dev at 76.68794862099821
82.7269 	DATA 	Keypress: lshift
82.7283 	DATA 	Keypress: t
83.7561 	INFO 	Key a was pressed with a reaction time of 1.0216746279984363 seconds!
84.7544 	INFO 	Trial m_std_cw at 78.71827172399935
84.7588 	DATA 	Keypress: a
84.7595 	DATA 	Keypress: lshift
84.7606 	DATA 	Keypress: t
86.7967 	INFO 	Trial m_std_cw at 80.76053929399859
86.7998 	DATA 	Keypress: lshift
86.8013 	DATA 	Keypress: t
88.7871 	INFO 	Trial m_std_ccw at 82.75096472799851
88.7910 	DATA 	Keypress: lshift
88.7925 	DATA 	Keypress: t
90.7785 	INFO 	End of the main block 1 at 84.7423329839985
90.7872 	DATA 	Keypress: lshift
90.7885 	DATA 	Keypress: t
90.7933 	EXP 	unnamed TextStim: height = 0.05
90.7933 	EXP 	unnamed TextStim: height = 0.05
90.7933 	EXP 	unnamed TextStim: height = 0.05
90.7933 	EXP 	unnamed TextStim: text = 'End of the block. \n (Please do not move!)'
92.5854 	DATA 	Keypress: lshift
92.5867 	DATA 	Keypress: t
94.5868 	DATA 	Keypress: lshift
94.5881 	DATA 	Keypress: t
96.5907 	DATA 	Keypress: lshift
96.5920 	DATA 	Keypress: t
98.5918 	DATA 	Keypress: lshift
98.5931 	DATA 	Keypress: t
100.5856 	DATA 	Keypress: lshift
100.5868 	DATA 	Keypress: t
100.7935 	INFO 	Start of the control block 2 at 94.75733406200015
102.5881 	DATA 	Keypress: lshift
102.5896 	DATA 	Keypress: t
102.8008 	INFO 	Trial c_std_ccw at 96.76467198300088
104.7563 	INFO 	Trial c_std_v at 98.72015046899833
104.7576 	DATA 	Keypress: lshift
104.7589 	DATA 	Keypress: t
106.7661 	INFO 	Trial c_dev_ccw at 100.72997270599808
107.2810 	INFO 	Key a was pressed with a reaction time of 0.5081365139994887 seconds!
107.7741 	DATA 	Keypress: lshift
107.7754 	DATA 	Keypress: t
107.7775 	DATA 	Keypress: a
108.8629 	INFO 	Trial c_std_cw at 102.82676438199996
108.8645 	DATA 	Keypress: lshift
108.8661 	DATA 	Keypress: t
110.8425 	INFO 	Trial c_std_cw at 104.8064115499983
110.8439 	DATA 	Keypress: lshift
110.8452 	DATA 	Keypress: t
112.8025 	INFO 	Trial c_std_ccw at 106.76632752500154
112.8055 	DATA 	Keypress: lshift
112.8071 	DATA 	Keypress: t
114.8031 	INFO 	Trial c_std_ccw at 108.76693229100056
114.8046 	DATA 	Keypress: lshift
114.8063 	DATA 	Keypress: t
116.7721 	INFO 	Trial c_dev_v at 110.73601350999888
117.3800 	INFO 	Key a was pressed with a reaction time of 0.6009691660001408 seconds!
117.7802 	DATA 	Keypress: lshift
117.7814 	DATA 	Keypress: t
117.7846 	DATA 	Keypress: a
118.8091 	INFO 	Trial c_std_cw at 112.77294685000015
118.8110 	DATA 	Keypress: lshift
118.8125 	DATA 	Keypress: t
120.8180 	INFO 	Trial c_std_v at 114.78181616499933
120.8207 	DATA 	Keypress: lshift
120.8221 	DATA 	Keypress: t
122.8186 	INFO 	Trial c_dev_v at 116.78250931000002
122.8215 	DATA 	Keypress: lshift
122.8227 	DATA 	Keypress: t
123.3971 	INFO 	Key a was pressed with a reaction time of 0.5689163460010604 seconds!
123.8321 	DATA 	Keypress: a
124.7382 	INFO 	Trial c_std_v at 118.70205975999852
124.7413 	DATA 	Keypress: lshift
124.7427 	DATA 	Keypress: t
126.7585 	INFO 	Trial c_std_cw at 120.72238562799976
126.7614 	DATA 	Keypress: lshift
126.7629 	DATA 	Keypress: t
128.8193 	INFO 	Trial c_std_ccw at 122.7831926430008
128.8206 	DATA 	Keypress: lshift
128.8235 	DATA 	Keypress: t
130.8704 	INFO 	Trial c_std_ccw at 124.83421840799929
130.8722 	DATA 	Keypress: lshift
130.8737 	DATA 	Keypress: t
132.7815 	INFO 	Trial c_dev_cw at 126.74538630499956
132.7845 	DATA 	Keypress: lshift
132.7859 	DATA 	Keypress: t
133.4121 	INFO 	Key a was pressed with a reaction time of 0.6194174199990812 seconds!
133.7949 	DATA 	Keypress: a
134.8427 	INFO 	Trial c_std_v at 128.8065929939985
134.8458 	DATA 	Keypress: lshift
134.8474 	DATA 	Keypress: t
136.9527 	INFO 	Trial c_std_cw at 130.9165963150008
136.9559 	DATA 	Keypress: lshift
136.9573 	DATA 	Keypress: t
138.9735 	INFO 	End of the control block 2 at 132.93737781600066
138.9771 	DATA 	Keypress: lshift
138.9785 	DATA 	Keypress: t
140.5960 	DATA 	Keypress: lshift
140.5976 	DATA 	Keypress: t
142.5905 	DATA 	Keypress: lshift
142.5922 	DATA 	Keypress: t
144.5903 	DATA 	Keypress: lshift
144.5918 	DATA 	Keypress: t
146.5901 	DATA 	Keypress: lshift
146.5913 	DATA 	Keypress: t
148.5911 	DATA 	Keypress: lshift
148.5923 	DATA 	Keypress: t
148.9835 	INFO 	Start of the main block 3 at 142.94733836700107
150.5873 	DATA 	Keypress: lshift
150.6003 	DATA 	Keypress: t
150.9904 	INFO 	Trial m_std_ccw at 144.95424029900096
153.0760 	INFO 	Trial m_std_cw at 147.03991119299826
153.0773 	DATA 	Keypress: lshift
153.0787 	DATA 	Keypress: t
155.1146 	INFO 	Trial m_dev at 149.07841972900133
155.1161 	DATA 	Keypress: lshift
155.1174 	DATA 	Keypress: t
155.7920 	INFO 	Key a was pressed with a reaction time of 0.6672164149968012 seconds!
156.1285 	DATA 	Keypress: a
157.2248 	INFO 	Trial m_std_cw at 151.18867367599887
157.2267 	DATA 	Keypress: lshift
157.2279 	DATA 	Keypress: t
159.1530 	INFO 	Trial m_std_ccw at 153.11689439900147
159.1569 	DATA 	Keypress: lshift
159.1584 	DATA 	Keypress: t
161.0744 	INFO 	Trial m_std_cw at 155.0382397579997
161.0772 	DATA 	Keypress: lshift
161.0786 	DATA 	Keypress: t
162.9848 	INFO 	Trial m_std_cw at 156.9486580949997
162.9878 	DATA 	Keypress: lshift
162.9896 	DATA 	Keypress: t
164.8954 	INFO 	Trial m_std_ccw at 158.85925338200104
164.8967 	DATA 	Keypress: lshift
164.8980 	DATA 	Keypress: t
166.9949 	INFO 	Trial m_dev at 160.95876037299968
167.7960 	INFO 	Key a was pressed with a reaction time of 0.7953978730001836 seconds!
168.0017 	DATA 	Keypress: lshift
168.0031 	DATA 	Keypress: t
168.0053 	DATA 	Keypress: a
168.9706 	INFO 	Trial m_std_cw at 162.93449809199956
168.9722 	DATA 	Keypress: lshift
168.9737 	DATA 	Keypress: t
170.9919 	INFO 	Trial m_std_ccw at 164.9557576719999
170.9948 	DATA 	Keypress: lshift
170.9963 	DATA 	Keypress: t
172.9218 	INFO 	Trial m_dev at 166.88568803999806
172.9250 	DATA 	Keypress: lshift
172.9263 	DATA 	Keypress: t
173.7471 	INFO 	Key a was pressed with a reaction time of 0.815071758999693 seconds!
173.9346 	DATA 	Keypress: a
174.9621 	INFO 	Trial m_std_ccw at 168.92591460900076
174.9653 	DATA 	Keypress: lshift
174.9667 	DATA 	Keypress: t
176.8730 	INFO 	Trial m_std_cw at 170.83686761499848
176.8742 	DATA 	Keypress: lshift
176.8755 	DATA 	Keypress: t
178.9618 	INFO 	Trial m_dev at 172.92565109800125
178.9633 	DATA 	Keypress: lshift
178.9646 	DATA 	Keypress: t
179.7761 	INFO 	Key a was pressed with a reaction time of 0.8048709779977798 seconds!
179.9733 	DATA 	Keypress: a
180.9612 	INFO 	Trial m_std_cw at 174.9250828760014
180.9644 	DATA 	Keypress: lshift
180.9664 	DATA 	Keypress: t
182.9421 	INFO 	Trial m_std_ccw at 176.9059811779989
182.9435 	DATA 	Keypress: lshift
182.9448 	DATA 	Keypress: t
185.0520 	INFO 	Trial m_std_ccw at 179.015894999
185.0533 	DATA 	Keypress: lshift
185.0560 	DATA 	Keypress: t
187.1623 	INFO 	End of the main block 3 at 181.12616901399815
187.1643 	DATA 	Keypress: lshift
187.1657 	DATA 	Keypress: t
188.5930 	DATA 	Keypress: lshift
188.5944 	DATA 	Keypress: t
190.5897 	DATA 	Keypress: lshift
190.5910 	DATA 	Keypress: t
192.5928 	DATA 	Keypress: lshift
192.5942 	DATA 	Keypress: t
194.5906 	DATA 	Keypress: lshift
194.5920 	DATA 	Keypress: t
196.5898 	DATA 	Keypress: lshift
196.5912 	DATA 	Keypress: t
197.1713 	INFO 	Start of the control block 4 at 191.13519474200075
198.5883 	DATA 	Keypress: lshift
198.5897 	DATA 	Keypress: t
199.1787 	INFO 	Trial c_std_cw at 193.14259034899806
201.1845 	INFO 	Trial c_std_ccw at 195.1483649840011
201.1858 	DATA 	Keypress: lshift
201.1871 	DATA 	Keypress: t
203.2527 	INFO 	Trial c_dev_cw at 197.21653769600016
203.2543 	DATA 	Keypress: lshift
203.2557 	DATA 	Keypress: t
203.6932 	INFO 	Key a was pressed with a reaction time of 0.43047285200009355 seconds!
204.2665 	DATA 	Keypress: a
205.2227 	INFO 	Trial c_std_v at 199.1866126419991
205.2245 	DATA 	Keypress: lshift
205.2259 	DATA 	Keypress: t
207.2350 	INFO 	Trial c_std_ccw at 201.1988859589983
207.2364 	DATA 	Keypress: lshift
207.2379 	DATA 	Keypress: t
209.2552 	INFO 	Trial c_std_v at 203.2190430599985
209.2584 	DATA 	Keypress: lshift
209.2600 	DATA 	Keypress: t
211.2663 	INFO 	Trial c_std_ccw at 205.23013342600098
211.2675 	DATA 	Keypress: lshift
211.2689 	DATA 	Keypress: t
213.2761 	INFO 	Trial c_std_v at 207.24001284599944
214.2834 	DATA 	Keypress: lshift
214.2848 	DATA 	Keypress: t
215.2824 	INFO 	Trial c_std_v at 209.24628956599918
215.2856 	DATA 	Keypress: lshift
215.2871 	DATA 	Keypress: t
217.3949 	INFO 	Trial c_dev_v at 211.3587257930012
217.3962 	DATA 	Keypress: lshift
217.3977 	DATA 	Keypress: t
217.9251 	INFO 	Key a was pressed with a reaction time of 0.519616338002379 seconds!
218.4075 	DATA 	Keypress: a
219.4055 	INFO 	Trial c_std_cw at 213.3693666149993
219.4084 	DATA 	Keypress: lshift
219.4099 	DATA 	Keypress: t
221.3167 	INFO 	Trial c_std_cw at 215.2805991230016
221.3199 	DATA 	Keypress: lshift
221.3222 	DATA 	Keypress: t
223.3681 	INFO 	Trial c_dev_ccw at 217.33198079700014
223.3693 	DATA 	Keypress: lshift
223.3708 	DATA 	Keypress: t
224.0371 	INFO 	Key a was pressed with a reaction time of 0.6595136830001138 seconds!
224.3814 	DATA 	Keypress: a
225.3676 	INFO 	Trial c_std_cw at 219.33146221399875
225.3693 	DATA 	Keypress: lshift
225.3713 	DATA 	Keypress: t
227.3886 	INFO 	Trial c_std_cw at 221.3524919699994
227.3900 	DATA 	Keypress: lshift
227.3913 	DATA 	Keypress: t
229.3875 	INFO 	Trial c_dev_v at 223.35137830999884
229.3906 	DATA 	Keypress: lshift
229.3920 	DATA 	Keypress: t
229.9400 	INFO 	Key a was pressed with a reaction time of 0.5426471650025633 seconds!
230.3997 	DATA 	Keypress: a
231.3474 	INFO 	Trial c_std_ccw at 225.31127924400062
231.3505 	DATA 	Keypress: lshift
231.3520 	DATA 	Keypress: t
233.3002 	INFO 	Trial c_std_ccw at 227.26406874199893
233.3016 	DATA 	Keypress: lshift
233.3030 	DATA 	Keypress: t
235.3590 	INFO 	End of the control block 4 at 229.32290461199955
235.3765 	DATA 	Keypress: lshift
235.3787 	DATA 	Keypress: t
236.5887 	DATA 	Keypress: lshift
236.5900 	DATA 	Keypress: t
238.5923 	DATA 	Keypress: lshift
238.5935 	DATA 	Keypress: t
240.5971 	DATA 	Keypress: lshift
240.5986 	DATA 	Keypress: t
242.5905 	DATA 	Keypress: lshift
242.5916 	DATA 	Keypress: t
244.5894 	DATA 	Keypress: lshift
244.5906 	DATA 	Keypress: t
245.3646 	INFO 	Start of the control block 5 at 239.32846332799818
246.5942 	DATA 	Keypress: lshift
246.5958 	DATA 	Keypress: t
247.3718 	INFO 	Trial c_std_cw at 241.33561067199844
249.3869 	INFO 	Trial c_std_v at 243.35074792600062
249.3883 	DATA 	Keypress: lshift
249.3897 	DATA 	Keypress: t
251.4771 	INFO 	Trial c_dev_v at 245.44091609899988
252.0561 	INFO 	Key a was pressed with a reaction time of 0.5720419009994657 seconds!
252.4852 	DATA 	Keypress: lshift
252.4866 	DATA 	Keypress: t
252.4887 	DATA 	Keypress: a
253.5141 	INFO 	Trial c_std_ccw at 247.47795501099972
253.5155 	DATA 	Keypress: lshift
253.5169 	DATA 	Keypress: t
255.5435 	INFO 	Trial c_std_cw at 249.5073434299993
255.5463 	DATA 	Keypress: lshift
255.5486 	DATA 	Keypress: t
257.5455 	INFO 	Trial c_std_cw at 251.50932280900088
257.5483 	DATA 	Keypress: lshift
257.5496 	DATA 	Keypress: t
259.6357 	INFO 	Trial c_std_ccw at 253.599526091999
259.6391 	DATA 	Keypress: lshift
259.6404 	DATA 	Keypress: t
260.6474 	DATA 	Keypress: lshift
260.6487 	DATA 	Keypress: t
261.6162 	INFO 	Trial c_std_cw at 255.58002478799972
262.6276 	DATA 	Keypress: lshift
262.6292 	DATA 	Keypress: t
263.5348 	INFO 	Trial c_dev_v at 257.4986993070015
264.0992 	INFO 	Key a was pressed with a reaction time of 0.5560863739992783 seconds!
264.5450 	DATA 	Keypress: a
265.5331 	INFO 	Trial c_std_ccw at 259.4970088839982
265.5363 	DATA 	Keypress: lshift
265.5397 	DATA 	Keypress: t
267.4467 	INFO 	Trial c_std_ccw at 261.41058723600145
267.4496 	DATA 	Keypress: lshift
267.4512 	DATA 	Keypress: t
269.5465 	INFO 	Trial c_std_v at 263.51035436500024
269.5495 	DATA 	Keypress: lshift
269.5511 	DATA 	Keypress: t
271.6580 	INFO 	Trial c_dev_ccw at 265.6218998020013
271.6610 	DATA 	Keypress: lshift
271.6626 	DATA 	Keypress: t
272.3601 	INFO 	Key a was pressed with a reaction time of 0.6910452009979053 seconds!
272.6715 	DATA 	Keypress: a
272.6726 	DATA 	Keypress: lshift
272.6738 	DATA 	Keypress: t
273.5891 	INFO 	Trial c_std_v at 267.55295603099876
274.5962 	DATA 	Keypress: lshift
274.5977 	DATA 	Keypress: t
275.5751 	INFO 	Trial c_std_ccw at 269.5390107130006
277.5937 	INFO 	Trial c_dev_cw at 271.55755563799903
277.5953 	DATA 	Keypress: lshift
277.5966 	DATA 	Keypress: t
278.2722 	INFO 	Key a was pressed with a reaction time of 0.6688204220008629 seconds!
278.6083 	DATA 	Keypress: a
278.6093 	DATA 	Keypress: lshift
278.6106 	DATA 	Keypress: t
279.5234 	INFO 	Trial c_std_cw at 273.48731229199984
281.5394 	INFO 	Trial c_std_v at 275.5032805789997
281.5407 	DATA 	Keypress: lshift
281.5422 	DATA 	Keypress: t
283.5384 	INFO 	End of the control block 5 at 277.502267044998
283.5559 	DATA 	Keypress: lshift
283.5583 	DATA 	Keypress: t
284.5970 	DATA 	Keypress: lshift
284.5984 	DATA 	Keypress: t
286.5941 	DATA 	Keypress: lshift
286.5953 	DATA 	Keypress: t
288.5929 	DATA 	Keypress: lshift
288.5944 	DATA 	Keypress: t
290.5963 	DATA 	Keypress: lshift
290.5978 	DATA 	Keypress: t
292.5968 	DATA 	Keypress: lshift
292.5984 	DATA 	Keypress: t
293.5447 	INFO 	Start of the main block 6 at 287.50856069400106
294.5959 	DATA 	Keypress: lshift
294.5977 	DATA 	Keypress: t
295.5526 	INFO 	Trial m_std_cw at 289.51643235400115
297.5381 	INFO 	Trial m_std_cw at 291.5019563290007
297.5393 	DATA 	Keypress: lshift
297.5407 	DATA 	Keypress: t
299.6063 	INFO 	Trial m_std_ccw at 293.5701303069982
299.6076 	DATA 	Keypress: lshift
299.6091 	DATA 	Keypress: t
300.6192 	DATA 	Keypress: lshift
300.6206 	DATA 	Keypress: t
301.6063 	INFO 	Trial m_dev at 295.5701980419981
302.2101 	INFO 	Key a was pressed with a reaction time of 0.597147323001991 seconds!
302.6167 	DATA 	Keypress: a
302.6176 	DATA 	Keypress: lshift
302.6188 	DATA 	Keypress: t
303.5130 	INFO 	Trial m_std_ccw at 297.47688239999843
305.6095 	INFO 	Trial m_std_ccw at 299.57332204499835
305.6107 	DATA 	Keypress: lshift
305.6122 	DATA 	Keypress: t
306.6222 	DATA 	Keypress: lshift
306.6240 	DATA 	Keypress: t
307.5286 	INFO 	Trial m_dev at 301.49242832099844
308.3122 	INFO 	Key a was pressed with a reaction time of 0.7763985689998663 seconds!
308.5394 	DATA 	Keypress: a
309.5358 	INFO 	Trial m_std_cw at 303.4996760409995
309.5377 	DATA 	Keypress: lshift
309.5388 	DATA 	Keypress: t
311.4941 	INFO 	Trial m_std_cw at 305.4579227739996
311.4969 	DATA 	Keypress: lshift
311.4983 	DATA 	Keypress: t
313.5541 	INFO 	Trial m_std_cw at 307.51793102599913
313.5554 	DATA 	Keypress: lshift
313.5567 	DATA 	Keypress: t
315.5634 	INFO 	Trial m_dev at 309.527280874001
315.5662 	DATA 	Keypress: lshift
315.5676 	DATA 	Keypress: t
317.5131 	INFO 	Trial m_std_ccw at 311.47699586700037
317.5161 	DATA 	Keypress: lshift
317.5174 	DATA 	Keypress: t
318.2061 	INFO 	Key a was pressed with a reaction time of 0.6825455360012711 seconds!
318.5258 	DATA 	Keypress: a
319.5336 	INFO 	Trial m_std_cw at 313.4974614290004
319.5354 	DATA 	Keypress: lshift
319.5368 	DATA 	Keypress: t
321.6430 	INFO 	Trial m_std_cw at 315.6068137660004
322.6513 	DATA 	Keypress: lshift
322.6540 	DATA 	Keypress: t
322.6554 	DATA 	Keypress: lshift
322.6568 	DATA 	Keypress: t
323.6301 	INFO 	Trial m_std_ccw at 317.593970908998
324.6408 	DATA 	Keypress: lshift
324.6423 	DATA 	Keypress: t
325.6575 	INFO 	Trial m_dev at 319.6213206659995
326.2932 	INFO 	Key a was pressed with a reaction time of 0.6295324960010475 seconds!
326.6675 	DATA 	Keypress: a
326.6682 	DATA 	Keypress: lshift
326.6700 	DATA 	Keypress: t
327.7237 	INFO 	Trial m_std_ccw at 321.6875476319983
328.7321 	DATA 	Keypress: lshift
328.7336 	DATA 	Keypress: t
329.7493 	INFO 	Trial m_std_ccw at 323.71317139299936
330.7583 	DATA 	Keypress: lshift
330.7598 	DATA 	Keypress: t
331.6954 	INFO 	End of the main block 6 at 325.6592976669999
332.5886 	DATA 	Keypress: lshift
332.5900 	DATA 	Keypress: t
334.5950 	DATA 	Keypress: lshift
334.5964 	DATA 	Keypress: t
336.5887 	DATA 	Keypress: lshift
336.5904 	DATA 	Keypress: t
338.5895 	DATA 	Keypress: lshift
338.5908 	DATA 	Keypress: t
340.5990 	DATA 	Keypress: lshift
340.6006 	DATA 	Keypress: t
341.7022 	INFO 	Start of the control block 7 at 335.6660436210004
342.5940 	DATA 	Keypress: lshift
342.5956 	DATA 	Keypress: t
343.7095 	INFO 	Trial c_std_cw at 337.67331497399937
344.7167 	DATA 	Keypress: lshift
344.7180 	DATA 	Keypress: t
345.7157 	INFO 	Trial c_std_ccw at 339.67959972600147
346.7252 	DATA 	Keypress: lshift
346.7265 	DATA 	Keypress: t
347.7641 	INFO 	Trial c_std_ccw at 341.7280038589997
349.7727 	INFO 	Trial c_std_v at 343.73655535999933
349.7741 	DATA 	Keypress: lshift
349.7755 	DATA 	Keypress: t
350.7862 	DATA 	Keypress: lshift
350.7876 	DATA 	Keypress: t
351.7632 	INFO 	Trial c_std_cw at 345.7270605090016
352.7736 	DATA 	Keypress: lshift
352.7750 	DATA 	Keypress: t
353.7207 	INFO 	Trial c_dev_v at 347.68456746800075
354.3261 	INFO 	Key a was pressed with a reaction time of 0.5978689450021193 seconds!
354.7318 	DATA 	Keypress: a
354.7326 	DATA 	Keypress: lshift
354.7338 	DATA 	Keypress: t
355.7783 	INFO 	Trial c_std_cw at 349.74213899299866
356.7884 	DATA 	Keypress: lshift
356.7901 	DATA 	Keypress: t
357.7451 	INFO 	Trial c_std_v at 351.7089726999984
358.7548 	DATA 	Keypress: lshift
358.7563 	DATA 	Keypress: t
359.8017 	INFO 	Trial c_std_ccw at 353.76560413100015
360.8120 	DATA 	Keypress: lshift
360.8135 	DATA 	Keypress: t
361.8092 	INFO 	Trial c_dev_v at 355.77309042400157
362.5111 	INFO 	Key a was pressed with a reaction time of 0.6950831150024896 seconds!
362.8203 	DATA 	Keypress: a
362.8223 	DATA 	Keypress: lshift
362.8237 	DATA 	Keypress: t
363.8261 	INFO 	Trial c_std_cw at 357.78994495200095
364.8357 	DATA 	Keypress: lshift
364.8373 	DATA 	Keypress: t
365.8727 	INFO 	Trial c_std_ccw at 359.83659886199894
366.8821 	DATA 	Keypress: lshift
366.8834 	DATA 	Keypress: t
367.9011 	INFO 	Trial c_dev_ccw at 361.8649368890001
368.5202 	INFO 	Key a was pressed with a reaction time of 0.6098772160003136 seconds!
368.9126 	DATA 	Keypress: a
368.9138 	DATA 	Keypress: lshift
368.9150 	DATA 	Keypress: t
369.9103 	INFO 	Trial c_std_v at 363.8741954569996
370.9207 	DATA 	Keypress: lshift
370.9222 	DATA 	Keypress: t
371.8670 	INFO 	Trial c_std_v at 365.83091051500014
372.8771 	DATA 	Keypress: lshift
372.8787 	DATA 	Keypress: t
373.8646 	INFO 	Trial c_dev_cw at 367.8284357150005
374.4891 	INFO 	Key a was pressed with a reaction time of 0.6174674149988277 seconds!
374.8754 	DATA 	Keypress: a
374.8761 	DATA 	Keypress: lshift
374.8774 	DATA 	Keypress: t
375.8317 	INFO 	Trial c_std_ccw at 369.7955611949983
376.8406 	DATA 	Keypress: lshift
376.8421 	DATA 	Keypress: t
377.8778 	INFO 	Trial c_std_cw at 371.84169644899885
378.8884 	DATA 	Keypress: lshift
378.8898 	DATA 	Keypress: t
379.8452 	INFO 	End of the control block 7 at 373.80903768999997
380.5991 	DATA 	Keypress: lshift
380.6006 	DATA 	Keypress: t
382.5919 	DATA 	Keypress: lshift
382.5931 	DATA 	Keypress: t
384.5971 	DATA 	Keypress: lshift
384.5987 	DATA 	Keypress: t
386.5979 	DATA 	Keypress: lshift
386.5996 	DATA 	Keypress: t
388.5905 	DATA 	Keypress: lshift
388.5918 	DATA 	Keypress: t
389.8515 	INFO 	Start of the control block 8 at 383.8153334769995
390.5939 	DATA 	Keypress: lshift
390.5952 	DATA 	Keypress: t
391.8591 	INFO 	Trial c_std_v at 385.8229641709986
392.8652 	DATA 	Keypress: lshift
392.8665 	DATA 	Keypress: t
393.8643 	INFO 	Trial c_std_cw at 387.82814456599954
395.8029 	INFO 	Trial c_dev_v at 389.766729873998
395.8043 	DATA 	Keypress: lshift
395.8057 	DATA 	Keypress: t
396.2423 	INFO 	Key a was pressed with a reaction time of 0.4289736129976518 seconds!
396.8171 	DATA 	Keypress: a
396.8178 	DATA 	Keypress: lshift
396.8196 	DATA 	Keypress: t
397.8933 	INFO 	Trial c_std_ccw at 391.8572076290002
398.9030 	DATA 	Keypress: lshift
398.9044 	DATA 	Keypress: t
399.9502 	INFO 	Trial c_std_v at 393.9140606309993
400.9594 	DATA 	Keypress: lshift
400.9612 	DATA 	Keypress: t
401.9567 	INFO 	Trial c_dev_cw at 395.920566539
402.6082 	INFO 	Key a was pressed with a reaction time of 0.6419839200025308 seconds!
402.9673 	DATA 	Keypress: lshift
402.9689 	DATA 	Keypress: t
402.9712 	DATA 	Keypress: a
404.0463 	INFO 	Trial c_std_ccw at 398.0101711620009
405.0553 	DATA 	Keypress: lshift
405.0567 	DATA 	Keypress: t
406.0527 	INFO 	Trial c_std_ccw at 400.01657984600024
407.0620 	DATA 	Keypress: lshift
407.0633 	DATA 	Keypress: t
408.0894 	INFO 	Trial c_std_v at 402.0532221350004
409.0983 	DATA 	Keypress: lshift
409.0997 	DATA 	Keypress: t
410.0156 	INFO 	Trial c_dev_ccw at 403.97944891500083
410.6345 	INFO 	Key a was pressed with a reaction time of 0.6108521309979551 seconds!
411.0264 	DATA 	Keypress: lshift
411.0278 	DATA 	Keypress: t
411.0296 	DATA 	Keypress: a
412.0737 	INFO 	Trial c_std_cw at 406.03751659800037
413.0834 	DATA 	Keypress: lshift
413.0862 	DATA 	Keypress: t
414.0506 	INFO 	Trial c_std_ccw at 408.0144351819981
415.0604 	DATA 	Keypress: lshift
415.0618 	DATA 	Keypress: t
416.0593 	INFO 	Trial c_std_cw at 410.023117828001
417.0686 	DATA 	Keypress: lshift
417.0699 	DATA 	Keypress: t
418.0476 	INFO 	Trial c_std_ccw at 412.01142161700045
420.0761 	INFO 	Trial c_std_cw at 414.03995788300017
420.0774 	DATA 	Keypress: lshift
420.0788 	DATA 	Keypress: t
421.0866 	DATA 	Keypress: lshift
421.0881 	DATA 	Keypress: t
422.0054 	INFO 	Trial c_dev_v at 415.9692354600011
422.4542 	INFO 	Key a was pressed with a reaction time of 0.43902392399832024 seconds!
423.0170 	DATA 	Keypress: a
423.0184 	DATA 	Keypress: lshift
423.0200 	DATA 	Keypress: t
423.9652 	INFO 	Trial c_std_cw at 417.92910665999807
424.9748 	DATA 	Keypress: lshift
424.9763 	DATA 	Keypress: t
425.9221 	INFO 	Trial c_std_v at 419.886013708001
426.9311 	DATA 	Keypress: lshift
426.9327 	DATA 	Keypress: t
427.9985 	INFO 	End of the control block 8 at 421.9623813590006
428.5903 	DATA 	Keypress: lshift
428.5916 	DATA 	Keypress: t
430.5990 	DATA 	Keypress: lshift
430.6007 	DATA 	Keypress: t
432.5916 	DATA 	Keypress: lshift
432.5927 	DATA 	Keypress: t
434.5949 	DATA 	Keypress: lshift
434.5963 	DATA 	Keypress: t
436.5961 	DATA 	Keypress: lshift
436.5976 	DATA 	Keypress: t
438.0047 	INFO 	Start of the main block 9 at 431.9685305819985
438.5960 	DATA 	Keypress: lshift
438.5976 	DATA 	Keypress: t
440.0117 	INFO 	Trial m_std_cw at 433.9755472830002
441.0179 	DATA 	Keypress: lshift
441.0195 	DATA 	Keypress: t
442.0468 	INFO 	Trial m_std_cw at 436.0106553359983
444.1062 	INFO 	Trial m_dev at 438.0700759700012
444.1073 	DATA 	Keypress: lshift
444.1087 	DATA 	Keypress: t
444.8022 	INFO 	Key a was pressed with a reaction time of 0.6877834530023392 seconds!
445.1173 	DATA 	Keypress: lshift
445.1195 	DATA 	Keypress: t
445.1214 	DATA 	Keypress: a
446.0645 	INFO 	Trial m_std_cw at 440.028337208998
447.0733 	DATA 	Keypress: lshift
447.0747 	DATA 	Keypress: t
448.0604 	INFO 	Trial m_std_ccw at 442.0242419950009
449.0709 	DATA 	Keypress: lshift
449.0723 	DATA 	Keypress: t
449.9882 	INFO 	Trial m_dev at 443.9520487830014
450.9332 	INFO 	Key a was pressed with a reaction time of 0.9383578400011174 seconds!
450.9975 	DATA 	Keypress: lshift
451.0010 	DATA 	Keypress: t
451.0033 	DATA 	Keypress: a
452.0950 	INFO 	Trial m_std_cw at 446.0588447230002
453.1041 	DATA 	Keypress: lshift
453.1058 	DATA 	Keypress: t
454.1915 	INFO 	Trial m_std_ccw at 448.15536485199846
455.2015 	DATA 	Keypress: lshift
455.2028 	DATA 	Keypress: t
456.1286 	INFO 	Trial m_std_ccw at 450.09250821800015
457.1381 	DATA 	Keypress: lshift
457.1394 	DATA 	Keypress: t
458.0470 	INFO 	Trial m_dev at 452.01089378899997
458.8583 	INFO 	Key a was pressed with a reaction time of 0.8048635970008036 seconds!
459.0560 	DATA 	Keypress: lshift
459.0574 	DATA 	Keypress: t
459.0594 	DATA 	Keypress: a
460.1335 	INFO 	Trial m_std_cw at 454.09737663099804
461.1436 	DATA 	Keypress: lshift
461.1453 	DATA 	Keypress: t
462.1706 	INFO 	Trial m_std_ccw at 456.1344193059995
463.1802 	DATA 	Keypress: lshift
463.1817 	DATA 	Keypress: t
464.1890 	INFO 	Trial m_std_cw at 458.15286250400095
466.2975 	INFO 	Trial m_std_cw at 460.2613632350003
466.2987 	DATA 	Keypress: lshift
466.3003 	DATA 	Keypress: t
467.3091 	DATA 	Keypress: lshift
467.3117 	DATA 	Keypress: t
468.3764 	INFO 	Trial m_std_ccw at 462.34027034300016
469.3856 	DATA 	Keypress: lshift
469.3872 	DATA 	Keypress: t
470.2824 	INFO 	Trial m_dev at 464.24623159100156
470.9091 	INFO 	Key a was pressed with a reaction time of 0.6205764500009536 seconds!
471.2914 	DATA 	Keypress: lshift
471.2935 	DATA 	Keypress: t
471.2960 	DATA 	Keypress: a
472.2586 	INFO 	Trial m_std_ccw at 466.22242193200145
473.2674 	DATA 	Keypress: lshift
473.2690 	DATA 	Keypress: t
474.1645 	INFO 	Trial m_std_ccw at 468.1283787350003
475.1743 	DATA 	Keypress: lshift
475.1756 	DATA 	Keypress: t
476.1431 	INFO 	End of the main block 9 at 470.1069850870008
476.5880 	DATA 	Keypress: lshift
476.6006 	DATA 	Keypress: t
478.5970 	DATA 	Keypress: lshift
478.5987 	DATA 	Keypress: t
480.5905 	DATA 	Keypress: lshift
480.5917 	DATA 	Keypress: t
482.6002 	DATA 	Keypress: lshift
482.6017 	DATA 	Keypress: t
484.5989 	DATA 	Keypress: lshift
484.6008 	DATA 	Keypress: t
486.1506 	INFO 	Start of the main block 10 at 480.11447634700016
486.5917 	DATA 	Keypress: lshift
486.5931 	DATA 	Keypress: t
488.1577 	INFO 	Trial m_std_cw at 482.12160215100084
489.1653 	DATA 	Keypress: lshift
489.1665 	DATA 	Keypress: t
490.1844 	INFO 	Trial m_std_ccw at 484.14830402000007
491.1943 	DATA 	Keypress: lshift
491.1956 	DATA 	Keypress: t
492.1632 	INFO 	Trial m_dev at 486.12706057000105
493.1741 	DATA 	Keypress: lshift
493.1754 	DATA 	Keypress: t
493.2852 	INFO 	Key a was pressed with a reaction time of 1.1123524270005873 seconds!
494.2030 	INFO 	Trial m_std_cw at 488.16689507699994
494.2073 	DATA 	Keypress: a
495.2149 	DATA 	Keypress: lshift
495.2164 	DATA 	Keypress: t
496.1434 	INFO 	Trial m_std_ccw at 490.10721818399907
497.1533 	DATA 	Keypress: lshift
497.1546 	DATA 	Keypress: t
498.0722 	INFO 	Trial m_std_ccw at 492.0361083809985
500.1507 	INFO 	Trial m_std_ccw at 494.114601336998
500.1525 	DATA 	Keypress: lshift
500.1538 	DATA 	Keypress: t
501.1627 	DATA 	Keypress: lshift
501.1643 	DATA 	Keypress: t
502.0601 	INFO 	Trial m_std_cw at 496.0239778949981
503.0693 	DATA 	Keypress: lshift
503.0707 	DATA 	Keypress: t
504.0567 	INFO 	Trial m_dev at 498.0206018120007
504.8481 	INFO 	Key a was pressed with a reaction time of 0.7845831160011585 seconds!
505.0663 	DATA 	Keypress: lshift
505.0679 	DATA 	Keypress: t
505.0710 	DATA 	Keypress: a
506.1036 	INFO 	Trial m_std_ccw at 500.06742077799936
507.1127 	DATA 	Keypress: lshift
507.1143 	DATA 	Keypress: t
508.0698 	INFO 	Trial m_std_ccw at 502.03365687100086
509.0796 	DATA 	Keypress: lshift
509.0810 	DATA 	Keypress: t
510.1768 	INFO 	Trial m_dev at 504.14064543399945
511.1870 	DATA 	Keypress: lshift
511.1884 	DATA 	Keypress: t
512.2636 	INFO 	Trial m_std_cw at 506.2274787419992
513.2733 	DATA 	Keypress: lshift
513.2747 	DATA 	Keypress: t
514.2506 	INFO 	Trial m_std_cw at 508.2145025030004
515.2606 	DATA 	Keypress: lshift
515.2623 	DATA 	Keypress: t
516.3379 	INFO 	Trial m_std_cw at 510.3017740539981
517.3475 	DATA 	Keypress: lshift
517.3510 	DATA 	Keypress: t
518.2646 	INFO 	Trial m_dev at 512.2284474389999
519.0762 	INFO 	Key a was pressed with a reaction time of 0.8032148199999938 seconds!
519.2741 	DATA 	Keypress: lshift
519.2754 	DATA 	Keypress: t
519.2775 	DATA 	Keypress: a
520.3431 	INFO 	Trial m_std_cw at 514.3069369420009
521.3522 	DATA 	Keypress: lshift
521.3536 	DATA 	Keypress: t
522.3591 	INFO 	Trial m_std_ccw at 516.3229554659993
523.3687 	DATA 	Keypress: lshift
523.3702 	DATA 	Keypress: t
524.2961 	INFO 	End of the main block 10 at 518.2599195369985
524.5979 	DATA 	Keypress: lshift
524.5997 	DATA 	Keypress: t
526.5958 	DATA 	Keypress: lshift
526.5972 	DATA 	Keypress: t
528.5888 	DATA 	Keypress: lshift
528.6021 	DATA 	Keypress: t
530.5970 	DATA 	Keypress: lshift
530.5985 	DATA 	Keypress: t
532.5981 	DATA 	Keypress: lshift
532.5997 	DATA 	Keypress: t
534.3021 	INFO 	Start of the control block 11 at 528.2660069759986
534.5939 	DATA 	Keypress: lshift
534.5952 	DATA 	Keypress: t
536.3101 	INFO 	Trial c_std_ccw at 530.2739964030006
537.3162 	DATA 	Keypress: lshift
537.3175 	DATA 	Keypress: t
538.2453 	INFO 	Trial c_std_v at 532.2091581749992
540.2542 	INFO 	Trial c_dev_v at 534.218067586
540.2554 	DATA 	Keypress: lshift
540.2568 	DATA 	Keypress: t
540.7052 	INFO 	Key a was pressed with a reaction time of 0.44136475100094685 seconds!
541.2669 	DATA 	Keypress: lshift
541.2684 	DATA 	Keypress: t
541.2703 	DATA 	Keypress: a
542.1939 	INFO 	Trial c_std_ccw at 536.1577725479983
543.2026 	DATA 	Keypress: lshift
543.2042 	DATA 	Keypress: t
544.2702 	INFO 	Trial c_std_v at 538.2340188829985
545.2794 	DATA 	Keypress: lshift
545.2811 	DATA 	Keypress: t
546.1968 	INFO 	Trial c_std_cw at 540.1606364500003
547.2067 	DATA 	Keypress: lshift
547.2082 	DATA 	Keypress: t
548.2343 	INFO 	Trial c_std_v at 542.1981500340007
549.2436 	DATA 	Keypress: lshift
549.2450 	DATA 	Keypress: t
550.2126 	INFO 	Trial c_std_cw at 544.1764906850003
551.2221 	DATA 	Keypress: lshift
551.2240 	DATA 	Keypress: t
552.2911 	INFO 	Trial c_dev_cw at 546.2549272949982
552.9234 	INFO 	Key a was pressed with a reaction time of 0.6227753549974295 seconds!
553.3017 	DATA 	Keypress: lshift
553.3030 	DATA 	Keypress: t
553.3049 	DATA 	Keypress: a
554.2006 	INFO 	Trial c_std_cw at 548.1644888839983
555.2111 	DATA 	Keypress: lshift
555.2126 	DATA 	Keypress: t
556.3083 	INFO 	Trial c_std_v at 550.2721584899991
557.3181 	DATA 	Keypress: lshift
557.3196 	DATA 	Keypress: t
558.2848 	INFO 	Trial c_std_ccw at 552.2486179920015
559.2948 	DATA 	Keypress: lshift
559.2963 	DATA 	Keypress: t
560.3722 	INFO 	Trial c_dev_v at 554.3360193379995
560.9824 	INFO 	Key a was pressed with a reaction time of 0.6041567139982362 seconds!
561.3811 	DATA 	Keypress: lshift
561.3842 	DATA 	Keypress: t
561.3862 	DATA 	Keypress: a
562.3782 	INFO 	Trial c_std_cw at 556.342107122
563.3873 	DATA 	Keypress: lshift
563.3888 	DATA 	Keypress: t
564.3847 	INFO 	Trial c_std_ccw at 558.3485536759981
565.3940 	DATA 	Keypress: lshift
565.3953 	DATA 	Keypress: t
566.3930 	INFO 	Trial c_dev_ccw at 560.3567785699997
567.0383 	INFO 	Key a was pressed with a reaction time of 0.6360302359971683 seconds!
567.4033 	DATA 	Keypress: lshift
567.4051 	DATA 	Keypress: t
567.4071 	DATA 	Keypress: a
568.3123 	INFO 	Trial c_std_cw at 562.276157657001
569.3217 	DATA 	Keypress: lshift
569.3231 	DATA 	Keypress: t
570.4088 	INFO 	Trial c_std_ccw at 564.372663443999
571.4186 	DATA 	Keypress: lshift
571.4202 	DATA 	Keypress: t
572.4457 	INFO 	End of the control block 11 at 566.4095925319998
572.5960 	DATA 	Keypress: lshift
572.5976 	DATA 	Keypress: t
574.5892 	DATA 	Keypress: lshift
574.5909 	DATA 	Keypress: t
576.5964 	DATA 	Keypress: lshift
576.5978 	DATA 	Keypress: t
578.5961 	DATA 	Keypress: lshift
578.5977 	DATA 	Keypress: t
580.5968 	DATA 	Keypress: lshift
580.5982 	DATA 	Keypress: t
582.4516 	INFO 	Start of the main block 12 at 576.4155077799987
582.5931 	DATA 	Keypress: lshift
582.5944 	DATA 	Keypress: t
584.4590 	INFO 	Trial m_std_cw at 578.4228263219993
585.4652 	DATA 	Keypress: lshift
585.4665 	DATA 	Keypress: t
586.4342 	INFO 	Trial m_std_cw at 580.3980278269992
587.4435 	DATA 	Keypress: lshift
587.4447 	DATA 	Keypress: t
588.3524 	INFO 	Trial m_dev at 582.3162789859998
589.3633 	DATA 	Keypress: lshift
589.3645 	DATA 	Keypress: t
590.2621 	INFO 	Trial m_std_cw at 584.2259260169994
591.2718 	DATA 	Keypress: lshift
591.2732 	DATA 	Keypress: t
592.3006 	INFO 	Trial m_std_ccw at 586.2644821700014
592.9553 	INFO 	Key a was pressed with a reaction time of 0.6447711970031378 seconds!
594.2206 	INFO 	Trial m_dev at 588.184470182001
594.2221 	DATA 	Keypress: lshift
594.2236 	DATA 	Keypress: t
594.2258 	DATA 	Keypress: a
595.2330 	DATA 	Keypress: lshift
595.2345 	DATA 	Keypress: t
596.3213 	INFO 	Trial m_std_ccw at 590.2852047519991
597.3311 	DATA 	Keypress: lshift
597.3327 	DATA 	Keypress: t
598.2597 	INFO 	Trial m_std_cw at 592.2235579670014
599.2692 	DATA 	Keypress: lshift
599.2705 	DATA 	Keypress: t
600.2681 	INFO 	Trial m_std_ccw at 594.232002495999
601.0803 	INFO 	Key a was pressed with a reaction time of 0.8041114219995507 seconds!
601.2774 	DATA 	Keypress: lshift
601.2789 	DATA 	Keypress: t
601.2809 	DATA 	Keypress: a
602.3763 	INFO 	Trial m_std_ccw at 596.3401658399998
603.3723 	INFO 	Key a was pressed with a reaction time of 0.9889789230001043 seconds!
603.3863 	DATA 	Keypress: lshift
603.3879 	DATA 	Keypress: t
603.3896 	DATA 	Keypress: a
604.4734 	INFO 	Trial m_dev at 598.4372191449984
605.4840 	DATA 	Keypress: lshift
605.4854 	DATA 	Keypress: t
606.5100 	INFO 	Trial m_std_cw at 600.4738791909986
607.5194 	DATA 	Keypress: lshift
607.5207 	DATA 	Keypress: t
608.5884 	INFO 	Trial m_std_ccw at 602.5522920609983
608.5919 	DATA 	Keypress: lshift
608.5932 	DATA 	Keypress: t
610.5700 	INFO 	Trial m_std_ccw at 604.5338572939982
611.2623 	INFO 	Key a was pressed with a reaction time of 0.6854849560004368 seconds!
611.5781 	DATA 	Keypress: lshift
611.5794 	DATA 	Keypress: t
611.5815 	DATA 	Keypress: a
612.5768 	INFO 	Trial m_dev at 606.5406462669998
613.5865 	DATA 	Keypress: lshift
613.5877 	DATA 	Keypress: t
614.6735 	INFO 	Trial m_std_cw at 608.6373622659994
614.6753 	DATA 	Keypress: lshift
614.6766 	DATA 	Keypress: t
616.5922 	INFO 	Trial m_std_ccw at 610.5560482949986
616.5953 	DATA 	Keypress: lshift
616.5967 	DATA 	Keypress: t
618.6421 	INFO 	Trial m_std_cw at 612.6059510939995
618.6448 	DATA 	Keypress: lshift
618.6464 	DATA 	Keypress: t
620.6117 	INFO 	End of the main block 12 at 614.5755656830006
620.6153 	DATA 	Keypress: lshift
620.6171 	DATA 	Keypress: t
622.5929 	DATA 	Keypress: lshift
622.5942 	DATA 	Keypress: t
624.5969 	DATA 	Keypress: lshift
624.5984 	DATA 	Keypress: t
626.5886 	DATA 	Keypress: lshift
626.6011 	DATA 	Keypress: t
628.5904 	DATA 	Keypress: lshift
628.5916 	DATA 	Keypress: t
630.5876 	DATA 	Keypress: lshift
630.5893 	DATA 	Keypress: t
630.6222 	INFO 	Start of the main block 13 at 624.5861088429992
632.5875 	DATA 	Keypress: lshift
632.5893 	DATA 	Keypress: t
632.6296 	INFO 	Trial m_std_cw at 626.5934623860012
634.5852 	INFO 	Trial m_std_cw at 628.5490092809996
635.5917 	DATA 	Keypress: lshift
635.5930 	DATA 	Keypress: t
636.5706 	INFO 	Trial m_dev at 630.5344902709985
637.2294 	INFO 	Key a was pressed with a reaction time of 0.6489751600020099 seconds!
638.5605 	INFO 	Trial m_std_ccw at 632.5243289030004
638.5617 	DATA 	Keypress: lshift
638.5631 	DATA 	Keypress: t
638.5657 	DATA 	Keypress: a
639.5739 	DATA 	Keypress: lshift
639.5754 	DATA 	Keypress: t
640.6325 	INFO 	Trial m_std_ccw at 634.5963178979982
640.6355 	DATA 	Keypress: lshift
640.6371 	DATA 	Keypress: t
642.6632 	INFO 	Trial m_dev at 636.6270640149996
642.6665 	DATA 	Keypress: lshift
642.6688 	DATA 	Keypress: t
644.7752 	INFO 	Trial m_std_ccw at 638.7390239199995
644.7765 	DATA 	Keypress: lshift
644.7779 	DATA 	Keypress: t
646.7245 	INFO 	Trial m_std_ccw at 640.6883691430012
646.7259 	DATA 	Keypress: lshift
646.7272 	DATA 	Keypress: t
648.8141 	INFO 	Trial m_std_cw at 642.7779254960005
648.8154 	DATA 	Keypress: lshift
648.8169 	DATA 	Keypress: t
650.9126 	INFO 	Trial m_dev at 644.8765026789988
650.9143 	DATA 	Keypress: lshift
650.9157 	DATA 	Keypress: t
651.4893 	INFO 	Key a was pressed with a reaction time of 0.5673145539985853 seconds!
651.9239 	DATA 	Keypress: a
652.9420 	INFO 	Trial m_std_cw at 646.9058879359982
652.9447 	DATA 	Keypress: lshift
652.9463 	DATA 	Keypress: t
655.0137 	INFO 	Trial m_std_ccw at 648.9776109429986
655.0170 	DATA 	Keypress: lshift
655.0185 	DATA 	Keypress: t
656.9444 	INFO 	Trial m_std_cw at 650.9082140620012
656.9472 	DATA 	Keypress: lshift
656.9498 	DATA 	Keypress: t
658.9861 	INFO 	Trial m_dev at 652.9499169689989
658.9874 	DATA 	Keypress: lshift
658.9888 	DATA 	Keypress: t
661.0448 	INFO 	Trial m_std_cw at 655.0086879320006
661.0462 	DATA 	Keypress: lshift
661.0477 	DATA 	Keypress: t
663.0246 	INFO 	Trial m_std_ccw at 656.9884662830009
663.0276 	DATA 	Keypress: lshift
663.0296 	DATA 	Keypress: t
663.5992 	INFO 	Key a was pressed with a reaction time of 0.5615584549996129 seconds!
664.0413 	DATA 	Keypress: a
664.9778 	INFO 	Trial m_std_ccw at 658.9416179170003
664.9794 	DATA 	Keypress: lshift
664.9807 	DATA 	Keypress: t
665.8923 	INFO 	Key a was pressed with a reaction time of 0.9040598560022772 seconds!
665.9919 	DATA 	Keypress: a
666.8983 	INFO 	Trial m_std_cw at 660.862136759999
666.9001 	DATA 	Keypress: lshift
666.9014 	DATA 	Keypress: t
668.8070 	INFO 	End of the main block 13 at 662.7708485299991
668.8105 	DATA 	Keypress: lshift
668.8121 	DATA 	Keypress: t
670.5948 	DATA 	Keypress: lshift
670.5960 	DATA 	Keypress: t
672.5905 	DATA 	Keypress: lshift
672.5917 	DATA 	Keypress: t
674.5979 	DATA 	Keypress: lshift
674.5994 	DATA 	Keypress: t
676.5989 	DATA 	Keypress: lshift
676.6004 	DATA 	Keypress: t
678.5960 	DATA 	Keypress: lshift
678.5976 	DATA 	Keypress: t
678.8181 	INFO 	Start of the control block 14 at 672.7819561770011
680.5926 	DATA 	Keypress: lshift
680.5939 	DATA 	Keypress: t
680.8256 	INFO 	Trial c_std_ccw at 674.789437045998
682.8611 	INFO 	Trial c_std_ccw at 676.8249719300002
682.8623 	DATA 	Keypress: lshift
682.8637 	DATA 	Keypress: t
684.9696 	INFO 	Trial c_std_v at 678.933459429998
684.9711 	DATA 	Keypress: lshift
684.9724 	DATA 	Keypress: t
687.0101 	INFO 	Trial c_dev_v at 680.9739214719993
687.6043 	INFO 	Key a was pressed with a reaction time of 0.586879983999097 seconds!
688.0184 	DATA 	Keypress: lshift
688.0197 	DATA 	Keypress: t
688.0216 	DATA 	Keypress: a
688.9974 	INFO 	Trial c_std_ccw at 682.9612741569981
688.9991 	DATA 	Keypress: lshift
689.0006 	DATA 	Keypress: t
690.9775 	INFO 	Trial c_std_v at 684.9413485820005
690.9806 	DATA 	Keypress: lshift
690.9824 	DATA 	Keypress: t
693.0890 	INFO 	Trial c_std_v at 687.052878530998
693.0903 	DATA 	Keypress: lshift
693.0916 	DATA 	Keypress: t
694.9974 	INFO 	Trial c_dev_v at 688.9612366239999
694.9988 	DATA 	Keypress: lshift
695.0000 	DATA 	Keypress: t
695.7403 	INFO 	Key a was pressed with a reaction time of 0.7336810349988809 seconds!
696.0104 	DATA 	Keypress: a
696.9867 	INFO 	Trial c_std_cw at 690.9505842770013
696.9883 	DATA 	Keypress: lshift
696.9896 	DATA 	Keypress: t
698.9063 	INFO 	Trial c_std_ccw at 692.8701605620008
698.9092 	DATA 	Keypress: lshift
698.9105 	DATA 	Keypress: t
700.9369 	INFO 	Trial c_std_cw at 694.9007552010007
700.9401 	DATA 	Keypress: lshift
700.9415 	DATA 	Keypress: t
702.9376 	INFO 	Trial c_dev_cw at 696.9014839330011
702.9409 	DATA 	Keypress: lshift
702.9423 	DATA 	Keypress: t
703.5733 	INFO 	Key a was pressed with a reaction time of 0.6236942039977293 seconds!
703.9524 	DATA 	Keypress: a
704.9697 	INFO 	Trial c_std_v at 698.9335336369986
704.9729 	DATA 	Keypress: lshift
704.9744 	DATA 	Keypress: t
706.9905 	INFO 	Trial c_std_cw at 700.9544002600014
706.9936 	DATA 	Keypress: lshift
706.9950 	DATA 	Keypress: t
708.9711 	INFO 	Trial c_std_cw at 702.934986051001
708.9742 	DATA 	Keypress: lshift
708.9756 	DATA 	Keypress: t
710.9019 	INFO 	Trial c_dev_ccw at 704.865763146001
710.9048 	DATA 	Keypress: lshift
710.9064 	DATA 	Keypress: t
711.5183 	INFO 	Key a was pressed with a reaction time of 0.6049899369972991 seconds!
711.9186 	DATA 	Keypress: a
713.0033 	INFO 	Trial c_std_ccw at 706.9671365920003
713.0064 	DATA 	Keypress: lshift
713.0077 	DATA 	Keypress: t
715.0938 	INFO 	Trial c_std_cw at 709.057701286998
715.0970 	DATA 	Keypress: lshift
715.1008 	DATA 	Keypress: t
717.0073 	INFO 	End of the control block 14 at 710.9711560379983
717.0093 	DATA 	Keypress: lshift
717.0107 	DATA 	Keypress: t
718.5958 	DATA 	Keypress: lshift
718.5973 	DATA 	Keypress: t
720.6000 	DATA 	Keypress: lshift
720.6015 	DATA 	Keypress: t
722.5976 	DATA 	Keypress: lshift
722.5991 	DATA 	Keypress: t
724.5938 	DATA 	Keypress: lshift
724.5952 	DATA 	Keypress: t
726.5960 	DATA 	Keypress: lshift
726.5976 	DATA 	Keypress: t
727.0172 	INFO 	Start of the control block 15 at 720.9810758739986
728.5936 	DATA 	Keypress: lshift
728.5949 	DATA 	Keypress: t
729.0246 	INFO 	Trial c_std_ccw at 722.9884181699999
731.1301 	INFO 	Trial c_std_cw at 725.0940106499984
731.1314 	DATA 	Keypress: lshift
731.1327 	DATA 	Keypress: t
733.0884 	INFO 	Trial c_dev_ccw at 727.0522219289996
733.0898 	DATA 	Keypress: lshift
733.0910 	DATA 	Keypress: t
733.7083 	INFO 	Key a was pressed with a reaction time of 0.6106093809976301 seconds!
734.1013 	DATA 	Keypress: a
735.0077 	INFO 	Trial c_std_ccw at 728.9716031520002
735.0093 	DATA 	Keypress: lshift
735.0111 	DATA 	Keypress: t
737.1194 	INFO 	Trial c_std_v at 731.0832322429997
737.1207 	DATA 	Keypress: lshift
737.1222 	DATA 	Keypress: t
739.0296 	INFO 	Trial c_dev_v at 732.9935075040012
739.0327 	DATA 	Keypress: lshift
739.0344 	DATA 	Keypress: t
739.7264 	INFO 	Key a was pressed with a reaction time of 0.6854079010008718 seconds!
740.0434 	DATA 	Keypress: a
740.9511 	INFO 	Trial c_std_ccw at 734.9149368729995
740.9538 	DATA 	Keypress: lshift
740.9554 	DATA 	Keypress: t
743.0111 	INFO 	Trial c_std_ccw at 736.975004240001
743.0154 	DATA 	Keypress: lshift
743.0169 	DATA 	Keypress: t
745.1131 	INFO 	Trial c_std_cw at 739.0769587649993
745.1153 	DATA 	Keypress: lshift
745.1166 	DATA 	Keypress: t
747.1928 	INFO 	Trial c_dev_v at 741.1566810889999
747.7723 	INFO 	Key a was pressed with a reaction time of 0.5727471190002689 seconds!
748.2006 	DATA 	Keypress: lshift
748.2020 	DATA 	Keypress: t
748.2040 	DATA 	Keypress: a
749.2496 	INFO 	Trial c_std_v at 743.2134892639988
749.2513 	DATA 	Keypress: lshift
749.2526 	DATA 	Keypress: t
751.1888 	INFO 	Trial c_std_v at 745.1526246479989
751.1916 	DATA 	Keypress: lshift
751.1932 	DATA 	Keypress: t
753.1995 	INFO 	Trial c_std_v at 747.1633355129998
753.2025 	DATA 	Keypress: lshift
753.2040 	DATA 	Keypress: t
755.1609 	INFO 	Trial c_std_cw at 749.1246755059983
755.1641 	DATA 	Keypress: lshift
755.1656 	DATA 	Keypress: t
757.0714 	INFO 	Trial c_dev_cw at 751.0352655839997
757.0727 	DATA 	Keypress: lshift
757.0740 	DATA 	Keypress: t
757.6163 	INFO 	Key a was pressed with a reaction time of 0.5355993719967955 seconds!
758.0846 	DATA 	Keypress: a
759.0508 	INFO 	Trial c_std_cw at 753.014663048998
759.0524 	DATA 	Keypress: lshift
759.0537 	DATA 	Keypress: t
761.0610 	INFO 	Trial c_std_ccw at 755.0249032860011
761.0623 	DATA 	Keypress: lshift
761.0638 	DATA 	Keypress: t
763.1003 	INFO 	Trial c_std_cw at 757.0641773989992
763.1017 	DATA 	Keypress: lshift
763.1030 	DATA 	Keypress: t
765.1993 	INFO 	End of the control block 15 at 759.163124308001
765.2160 	DATA 	Keypress: lshift
765.2176 	DATA 	Keypress: t
766.5958 	DATA 	Keypress: lshift
766.5971 	DATA 	Keypress: t
768.5959 	DATA 	Keypress: lshift
768.5973 	DATA 	Keypress: t
770.5937 	DATA 	Keypress: lshift
770.5951 	DATA 	Keypress: t
772.5942 	DATA 	Keypress: lshift
772.5958 	DATA 	Keypress: t
774.5961 	DATA 	Keypress: lshift
774.5975 	DATA 	Keypress: t
775.2051 	INFO 	Start of the control block 16 at 769.1689849959985
776.5976 	DATA 	Keypress: lshift
776.5990 	DATA 	Keypress: t
777.2131 	INFO 	Trial c_std_cw at 771.1769502960015
779.1893 	INFO 	Trial c_std_cw at 773.1531365929986
779.1906 	DATA 	Keypress: lshift
779.1920 	DATA 	Keypress: t
781.1996 	INFO 	Trial c_dev_v at 775.163468576
781.2010 	DATA 	Keypress: lshift
781.2023 	DATA 	Keypress: t
781.8533 	INFO 	Key a was pressed with a reaction time of 0.6443001519983227 seconds!
782.2127 	DATA 	Keypress: a
783.1791 	INFO 	Trial c_std_v at 777.1429351379993
783.1815 	DATA 	Keypress: lshift
783.1831 	DATA 	Keypress: t
785.2916 	INFO 	Trial c_std_ccw at 779.2554362330011
785.2929 	DATA 	Keypress: lshift
785.2941 	DATA 	Keypress: t
787.3416 	INFO 	Trial c_std_v at 781.305445072001
787.3445 	DATA 	Keypress: lshift
787.3459 	DATA 	Keypress: t
789.4035 	INFO 	Trial c_std_cw at 783.3674138999995
789.4049 	DATA 	Keypress: lshift
789.4062 	DATA 	Keypress: t
791.3424 	INFO 	Trial c_dev_v at 785.3062861430008
791.3437 	DATA 	Keypress: lshift
791.3451 	DATA 	Keypress: t
791.9243 	INFO 	Key a was pressed with a reaction time of 0.5727461829992535 seconds!
792.3560 	DATA 	Keypress: a
793.2515 	INFO 	Trial c_std_ccw at 787.2154135359997
793.2533 	DATA 	Keypress: lshift
793.2547 	DATA 	Keypress: t
795.2701 	INFO 	Trial c_std_ccw at 789.2339502469986
795.2736 	DATA 	Keypress: lshift
795.2751 	DATA 	Keypress: t
797.2714 	INFO 	Trial c_dev_ccw at 791.2352150830011
797.7455 	INFO 	Key a was pressed with a reaction time of 0.46682029600196984 seconds!
798.2817 	DATA 	Keypress: lshift
798.2834 	DATA 	Keypress: t
798.2851 	DATA 	Keypress: a
799.3088 	INFO 	Trial c_std_cw at 793.2726410350006
799.3104 	DATA 	Keypress: lshift
799.3118 	DATA 	Keypress: t
801.2779 	INFO 	Trial c_std_v at 795.2417127070003
802.2852 	DATA 	Keypress: lshift
802.2865 	DATA 	Keypress: t
803.3142 	INFO 	Trial c_std_ccw at 797.2780454269996
803.3173 	DATA 	Keypress: lshift
803.3187 	DATA 	Keypress: t
805.2746 	INFO 	Trial c_dev_cw at 799.2384215780003
805.2775 	DATA 	Keypress: lshift
805.2791 	DATA 	Keypress: t
805.7393 	INFO 	Key a was pressed with a reaction time of 0.45184330100164516 seconds!
806.2894 	DATA 	Keypress: a
807.3375 	INFO 	Trial c_std_v at 801.3013506200004
807.3406 	DATA 	Keypress: lshift
807.3422 	DATA 	Keypress: t
809.3498 	INFO 	Trial c_std_cw at 803.3136801340006
809.3514 	DATA 	Keypress: lshift
809.3526 	DATA 	Keypress: t
811.4290 	INFO 	Trial c_std_ccw at 805.3929093949992
811.4305 	DATA 	Keypress: lshift
811.4320 	DATA 	Keypress: t
813.3884 	INFO 	End of the control block 16 at 807.3522420119989
813.4061 	DATA 	Keypress: lshift
813.4093 	DATA 	Keypress: t
814.5996 	DATA 	Keypress: lshift
814.6012 	DATA 	Keypress: t
816.5983 	DATA 	Keypress: lshift
816.5998 	DATA 	Keypress: t
818.5913 	DATA 	Keypress: lshift
818.5925 	DATA 	Keypress: t
820.5980 	DATA 	Keypress: lshift
820.5994 	DATA 	Keypress: t
822.5948 	DATA 	Keypress: lshift
822.5963 	DATA 	Keypress: t
823.3950 	INFO 	Start of the main block 17 at 817.358814635998
824.5980 	DATA 	Keypress: lshift
824.5996 	DATA 	Keypress: t
825.4029 	INFO 	Trial m_std_cw at 819.3667331659999
827.4692 	INFO 	Trial m_std_cw at 821.4330816190013
827.4704 	DATA 	Keypress: lshift
827.4717 	DATA 	Keypress: t
829.5274 	INFO 	Trial m_std_cw at 823.4912897789982
829.5287 	DATA 	Keypress: lshift
829.5301 	DATA 	Keypress: t
831.4459 	INFO 	Trial m_std_ccw at 825.4097606479991
831.4472 	DATA 	Keypress: lshift
831.4485 	DATA 	Keypress: t
832.3264 	INFO 	Key a was pressed with a reaction time of 0.8719964000010805 seconds!
832.4582 	DATA 	Keypress: a
833.4845 	INFO 	Trial m_dev at 827.4483663239989
833.4876 	DATA 	Keypress: lshift
833.4890 	DATA 	Keypress: t
835.5865 	INFO 	Trial m_std_ccw at 829.5503695269981
835.5898 	DATA 	Keypress: lshift
835.5913 	DATA 	Keypress: t
836.5986 	DATA 	Keypress: lshift
836.5998 	DATA 	Keypress: t
837.6973 	INFO 	Trial m_std_ccw at 831.6612117760014
838.7083 	DATA 	Keypress: lshift
838.7098 	DATA 	Keypress: t
839.8056 	INFO 	Trial m_dev at 833.7694396920015
840.6444 	INFO 	Key a was pressed with a reaction time of 0.8317155340009776 seconds!
840.8160 	DATA 	Keypress: lshift
840.8179 	DATA 	Keypress: t
840.8199 	DATA 	Keypress: a
841.7127 	INFO 	Trial m_std_cw at 835.6765647840002
842.7229 	DATA 	Keypress: lshift
842.7245 	DATA 	Keypress: t
843.6202 	INFO 	Trial m_std_ccw at 837.5840258239987
844.5023 	INFO 	Key a was pressed with a reaction time of 0.8747060160021647 seconds!
844.6311 	DATA 	Keypress: a
844.6316 	DATA 	Keypress: lshift
844.6326 	DATA 	Keypress: t
845.6577 	INFO 	Trial m_dev at 839.6215653580002
846.6665 	DATA 	Keypress: lshift
846.6679 	DATA 	Keypress: t
847.6136 	INFO 	Trial m_std_cw at 841.5774291300004
848.6237 	DATA 	Keypress: lshift
848.6252 	DATA 	Keypress: t
849.6509 	INFO 	Trial m_std_cw at 843.6147397610002
850.6603 	DATA 	Keypress: lshift
850.6620 	DATA 	Keypress: t
851.6276 	INFO 	Trial m_dev at 845.5914819339996
852.4823 	INFO 	Key a was pressed with a reaction time of 0.8454198020008334 seconds!
852.6391 	DATA 	Keypress: a
852.6403 	DATA 	Keypress: lshift
852.6414 	DATA 	Keypress: t
853.6269 	INFO 	Trial m_std_ccw at 847.5907286270012
854.6383 	DATA 	Keypress: lshift
854.6398 	DATA 	Keypress: t
855.5753 	INFO 	Trial m_std_ccw at 849.5391981979992
857.5926 	INFO 	Trial m_std_cw at 851.5564269880015
857.5939 	DATA 	Keypress: lshift
857.5955 	DATA 	Keypress: t
858.6043 	DATA 	Keypress: lshift
858.6058 	DATA 	Keypress: t
859.5715 	INFO 	Trial m_std_ccw at 853.535402603
860.4935 	INFO 	Key a was pressed with a reaction time of 0.9157812509984069 seconds!
860.5818 	DATA 	Keypress: a
861.5478 	INFO 	End of the main block 17 at 855.5116574870008
861.5502 	DATA 	Keypress: lshift
861.5516 	DATA 	Keypress: t
862.5933 	DATA 	Keypress: lshift
862.5946 	DATA 	Keypress: t
864.5967 	DATA 	Keypress: lshift
864.5980 	DATA 	Keypress: t
866.5990 	DATA 	Keypress: lshift
866.6005 	DATA 	Keypress: t
868.5936 	DATA 	Keypress: lshift
868.5950 	DATA 	Keypress: t
870.6021 	DATA 	Keypress: lshift
870.6036 	DATA 	Keypress: t
871.5569 	INFO 	Start of the main block 18 at 865.5207408550013
872.6000 	DATA 	Keypress: lshift
872.6015 	DATA 	Keypress: t
873.5641 	INFO 	Trial m_std_cw at 867.5279414750003
875.5092 	INFO 	Trial m_std_cw at 869.4730960359993
875.5104 	DATA 	Keypress: lshift
875.5117 	DATA 	Keypress: t
877.5080 	INFO 	Trial m_dev at 871.4718270279991
878.3833 	INFO 	Key a was pressed with a reaction time of 0.8685536970006069 seconds!
878.5158 	DATA 	Keypress: lshift
878.5174 	DATA 	Keypress: t
878.5194 	DATA 	Keypress: a
879.4148 	INFO 	Trial m_std_ccw at 873.3786706649989
879.4165 	DATA 	Keypress: lshift
879.4180 	DATA 	Keypress: t
881.3734 	INFO 	Trial m_std_ccw at 875.3372300589981
881.3766 	DATA 	Keypress: lshift
881.3799 	DATA 	Keypress: t
883.4164 	INFO 	Trial m_dev at 877.3802596809983
883.4194 	DATA 	Keypress: lshift
883.4208 	DATA 	Keypress: t
885.3966 	INFO 	Trial m_std_ccw at 879.3604458160007
885.3995 	DATA 	Keypress: lshift
885.4009 	DATA 	Keypress: t
886.1714 	INFO 	Key a was pressed with a reaction time of 0.7653656250004133 seconds!
886.4082 	DATA 	Keypress: a
887.4161 	INFO 	Trial m_std_ccw at 881.3799341279991
887.4175 	DATA 	Keypress: lshift
887.4190 	DATA 	Keypress: t
889.3844 	INFO 	Trial m_dev at 883.3482462200009
889.3873 	DATA 	Keypress: lshift
889.3891 	DATA 	Keypress: t
891.3055 	INFO 	Trial m_std_cw at 885.269323296001
891.3067 	DATA 	Keypress: lshift
891.3081 	DATA 	Keypress: t
893.3149 	INFO 	Trial m_std_ccw at 887.2787283750004
893.3178 	DATA 	Keypress: lshift
893.3194 	DATA 	Keypress: t
894.1624 	INFO 	Key a was pressed with a reaction time of 0.837446405999799 seconds!
894.3272 	DATA 	Keypress: a
895.4150 	INFO 	Trial m_std_cw at 889.3788833159997
895.4166 	DATA 	Keypress: lshift
895.4180 	DATA 	Keypress: t
897.5235 	INFO 	Trial m_dev at 891.487353782999
897.5264 	DATA 	Keypress: lshift
897.5280 	DATA 	Keypress: t
898.6744 	INFO 	Key a was pressed with a reaction time of 1.140094914000656 seconds!
899.5343 	INFO 	Trial m_std_cw at 893.4982097409993
899.5356 	DATA 	Keypress: lshift
899.5371 	DATA 	Keypress: t
899.5392 	DATA 	Keypress: a
901.5743 	INFO 	Trial m_std_ccw at 895.5381905110007
901.5774 	DATA 	Keypress: lshift
901.5796 	DATA 	Keypress: t
902.5494 	INFO 	Key a was pressed with a reaction time of 0.9631958220015804 seconds!
902.5887 	DATA 	Keypress: a
903.6463 	INFO 	Trial m_std_cw at 897.6102014440003
903.6491 	DATA 	Keypress: lshift
903.6505 	DATA 	Keypress: t
904.6596 	DATA 	Keypress: lshift
904.6611 	DATA 	Keypress: t
905.6271 	INFO 	Trial m_std_cw at 899.5909815630002
906.6369 	DATA 	Keypress: lshift
906.6386 	DATA 	Keypress: t
907.6854 	INFO 	Trial m_std_ccw at 901.6492712010004
909.7332 	INFO 	End of the main block 18 at 903.6970571579986
909.7348 	DATA 	Keypress: lshift
909.7360 	DATA 	Keypress: t
910.5923 	DATA 	Keypress: lshift
910.5940 	DATA 	Keypress: t
912.6019 	DATA 	Keypress: lshift
912.6033 	DATA 	Keypress: t
914.5989 	DATA 	Keypress: lshift
914.6002 	DATA 	Keypress: t
916.5991 	DATA 	Keypress: lshift
916.6006 	DATA 	Keypress: t
918.6011 	DATA 	Keypress: lshift
918.6027 	DATA 	Keypress: t
919.7484 	EXP 	unnamed TextStim: height = 0.05
919.7484 	EXP 	unnamed TextStim: height = 0.05
919.7484 	EXP 	unnamed TextStim: height = 0.05
919.7484 	EXP 	unnamed TextStim: text = 'End of the Experiment!'
920.6027 	DATA 	Keypress: lshift
920.6045 	DATA 	Keypress: t
922.0289 	EXP 	window1: mouseVisible = True
