25.2843 	WARNING 	Couldn't measure a consistent frame rate!
  - Is your graphics card set to sync to vertical blank?
  - Are you running other processes on your computer?

25.2866 	EXP 	Created window1 = Window(allowGUI=True, allowStencil=False, autoLog=True, backendConf=UNKNOWN, backgroundFit=<method-wrapper '__getattribute__' of attributeSetter object at 0x7f7a5854a5b0>, backgroundImage=<method-wrapper '__getattribute__' of attributeSetter object at 0x7f7a5854a550>, bitsMode=UNKNOWN, blendMode='avg', bpc=(8, 8, 8), color=array([0, 0, 0]), colorSpace='rgb', depthBits=8, fullscr=<method-wrapper '__getattribute__' of attributeSetter object at 0x7f7a5854a3a0>, gamma=None, gammaErrorPolicy='raise', lms=UNKNOWN, monitor=<psychopy.monitors.calibTools.Monitor object at 0x7f7a6c645850>, multiSample=False, name='window1', numSamples=2, pos=[0.0, 0.0], screen=1, size=array([1920, 1080]), stencilBits=0, stereo=False, title='PsychoPy', units='height', useFBO=True, useRetina=False, viewOri=0.0, viewPos=None, viewScale=None, waitBlanking=True, winType='pyglet')
25.2868 	EXP 	window1: mouseVisible = True
25.2870 	EXP 	window1: mouseVisible = True
25.4525 	EXP 	Created unnamed ImageStim = ImageStim(__class__=<class 'psychopy.visual.image.ImageStim'>, anchor=('center', 'center'), autoLog=True, color=array([1., 1., 1.]), colorSpace='rgb', contrast=1.0, depth=0, draggable=False, flipHoriz=False, flipVert=False, image='./images/grey_bg.png', interpolate=False, mask=None, maskParams=None, name='unnamed ImageStim', opacity=1.0, ori=0.0, pos=array([0., 0.]), size=array([1.43333333, 0.88148148]), texRes=128, units='height', win=Window(...))
25.4526 	EXP 	window1: backgroundImage = './images/grey_bg.png'
25.4526 	EXP 	window1: backgroundFit = 'none'
25.4608 	EXP 	window1: Attempting to measure frame rate of screen (1) ...
25.4608 	EXP 	window1: recordFrameIntervals = False
25.5606 	EXP 	window1: recordFrameIntervals = True
25.6052 	WARNING 	t of last frame was 20.80ms (=1/48)
25.6848 	WARNING 	t of last frame was 24.53ms (=1/40)
25.7052 	WARNING 	t of last frame was 20.39ms (=1/49)
25.7515 	WARNING 	t of last frame was 24.29ms (=1/41)
25.9179 	WARNING 	Multiple dropped frames have occurred - I'll stop bothering you about them!
27.0735 	WARNING 	Couldn't measure a consistent frame rate!
  - Is your graphics card set to sync to vertical blank?
  - Are you running other processes on your computer?

27.0737 	EXP 	window1: mouseVisible = False
30.8346 	WARNING 	keyboard.Keyboard already using '' backend. Can not switch to 'psychotoolbox'
30.9113 	EXP 	VDT: status = STARTED
30.9118 	EXP 	window1: mouseVisible = True
31.0482 	EXP 	Created Vertical = ImageStim(__class__=<class 'psychopy.visual.image.ImageStim'>, anchor=('center', 'center'), autoLog=True, color=array([1., 1., 1.]), colorSpace='rgb', contrast=1.0, depth=0.0, draggable=False, flipHoriz=False, flipVert=False, image='./images/Ref_grey.png', interpolate=True, mask=None, maskParams=None, name='Vertical', opacity=1.0, ori=0.0, pos=array([0., 0.]), size=array([2., 1.]), texRes=128.0, units='height', win=Window(...))
31.0483 	EXP 	window1: mouseVisible = True
31.1680 	EXP 	Created PresentedLine1 = ImageStim(__class__=<class 'psychopy.visual.image.ImageStim'>, anchor=('center', 'center'), autoLog=True, color=array([1., 1., 1.]), colorSpace='rgb', contrast=1.0, depth=0.0, draggable=False, flipHoriz=False, flipVert=False, image='./images/grey_bg.png', interpolate=True, mask=None, maskParams=None, name='PresentedLine1', opacity=1.0, ori=0.0, pos=array([0., 0.]), size=array([2., 1.]), texRes=128.0, units='height', win=Window(...))
31.1682 	EXP 	window1: mouseVisible = True
31.2795 	EXP 	Created FixDot2 = ImageStim(__class__=<class 'psychopy.visual.image.ImageStim'>, anchor=('center', 'center'), autoLog=True, color=array([1., 1., 1.]), colorSpace='rgb', contrast=1.0, depth=-0.0, draggable=False, flipHoriz=False, flipVert=False, image='./images/grey_bg.png', interpolate=True, mask=None, maskParams=None, name='FixDot2', opacity=1.0, ori=0.0, pos=array([0., 0.]), size=array([2., 1.]), texRes=128.0, units='height', win=Window(...))
0.0150 	EXP 	Vertical: autoDraw = True
1.9082 	EXP 	Imported loopTemplate18.xlsx as conditions, 18 conditions, 1 params
1.9098 	EXP 	Created sequence: sequential, trialTypes=18, nReps=1, seed=None
1.9100 	EXP 	New trial (rep=0, index=0): {'image': './images/Sphere_CCW-3.75_BG-grey_stim-white.png'}
1.9468 	DATA 	Keypress: s
1.9551 	EXP 	Vertical: autoDraw = False
1.9551 	EXP 	PresentedLine1: image = './images/Sphere_CCW-3.75_BG-grey_stim-white.png'
1.9551 	EXP 	PresentedLine1: autoDraw = True
2.6459 	EXP 	FixDot2: autoDraw = True
2.7037 	EXP 	PresentedLine1: autoDraw = False
2.8230 	EXP 	New trial (rep=0, index=1): {'image': './images/Sphere_CCW-3.75_BG-grey_stim-white.png'}
2.8718 	EXP 	Vertical: autoDraw = False
2.8718 	EXP 	PresentedLine1: autoDraw = False
2.8718 	EXP 	FixDot2: autoDraw = False
2.8718 	EXP 	PresentedLine1: image = './images/Sphere_CCW-3.75_BG-grey_stim-white.png'
2.8927 	EXP 	PresentedLine1: autoDraw = True
3.6354 	EXP 	PresentedLine1: autoDraw = False
3.6436 	EXP 	FixDot2: autoDraw = True
3.8928 	EXP 	FixDot2: autoDraw = False
3.8943 	EXP 	New trial (rep=0, index=2): {'image': './images/Sphere_CW-3.75_BG-grey_stim-white.png'}
3.9456 	EXP 	Vertical: autoDraw = False
3.9456 	EXP 	PresentedLine1: autoDraw = False
3.9456 	EXP 	FixDot2: autoDraw = False
3.9456 	EXP 	PresentedLine1: image = './images/Sphere_CW-3.75_BG-grey_stim-white.png'
3.9456 	EXP 	PresentedLine1: autoDraw = True
4.6461 	EXP 	FixDot2: autoDraw = True
4.6943 	EXP 	PresentedLine1: autoDraw = False
4.8799 	EXP 	New trial (rep=0, index=3): {'image': './images/Sphere_Ref_BG-grey_stim-white.png'}
4.9307 	EXP 	Vertical: autoDraw = False
4.9307 	EXP 	PresentedLine1: autoDraw = False
4.9307 	EXP 	FixDot2: autoDraw = False
4.9307 	EXP 	PresentedLine1: image = './images/Sphere_Ref_BG-grey_stim-white.png'
4.9307 	EXP 	PresentedLine1: autoDraw = True
5.6456 	EXP 	FixDot2: autoDraw = True
5.6776 	EXP 	PresentedLine1: autoDraw = False
5.8556 	EXP 	New trial (rep=0, index=4): {'image': './images/Sphere_CCW-3.75_BG-grey_stim-white.png'}
5.8914 	EXP 	Vertical: autoDraw = False
5.8914 	EXP 	PresentedLine1: autoDraw = False
5.8914 	EXP 	FixDot2: autoDraw = False
5.8914 	EXP 	PresentedLine1: image = './images/Sphere_CCW-3.75_BG-grey_stim-white.png'
5.9015 	EXP 	PresentedLine1: autoDraw = True
6.6454 	EXP 	PresentedLine1: autoDraw = False
6.6454 	EXP 	FixDot2: autoDraw = True
6.8282 	EXP 	New trial (rep=0, index=5): {'image': './images/Sphere_CW-3.75_BG-grey_stim-white.png'}
6.8784 	EXP 	Vertical: autoDraw = False
6.8784 	EXP 	PresentedLine1: autoDraw = False
6.8784 	EXP 	FixDot2: autoDraw = False
6.8784 	EXP 	PresentedLine1: image = './images/Sphere_CW-3.75_BG-grey_stim-white.png'
6.8906 	EXP 	PresentedLine1: autoDraw = True
7.6341 	EXP 	PresentedLine1: autoDraw = False
7.6424 	EXP 	FixDot2: autoDraw = True
7.8194 	EXP 	New trial (rep=0, index=6): {'image': './images/Sphere_Ref_BG-grey_stim-white.png'}
7.8656 	EXP 	Vertical: autoDraw = False
7.8656 	EXP 	PresentedLine1: autoDraw = False
7.8656 	EXP 	FixDot2: autoDraw = False
7.8656 	EXP 	PresentedLine1: image = './images/Sphere_Ref_BG-grey_stim-white.png'
7.8914 	EXP 	PresentedLine1: autoDraw = True
8.6337 	EXP 	PresentedLine1: autoDraw = False
8.6421 	EXP 	FixDot2: autoDraw = True
8.8457 	EXP 	New trial (rep=0, index=7): {'image': './images/Sphere_CW-3.75_BG-grey_stim-white.png'}
8.8924 	EXP 	Vertical: autoDraw = False
8.8924 	EXP 	PresentedLine1: autoDraw = False
8.8924 	EXP 	FixDot2: autoDraw = False
8.8924 	EXP 	PresentedLine1: image = './images/Sphere_CW-3.75_BG-grey_stim-white.png'
8.9003 	EXP 	PresentedLine1: autoDraw = True
9.6670 	EXP 	PresentedLine1: autoDraw = False
9.6670 	EXP 	FixDot2: autoDraw = True
9.8446 	EXP 	New trial (rep=0, index=8): {'image': './images/Sphere_CW-3.75_BG-grey_stim-white.png'}
9.8839 	EXP 	Vertical: autoDraw = False
9.8839 	EXP 	PresentedLine1: autoDraw = False
9.8839 	EXP 	FixDot2: autoDraw = False
9.8839 	EXP 	PresentedLine1: image = './images/Sphere_CW-3.75_BG-grey_stim-white.png'
9.8920 	EXP 	PresentedLine1: autoDraw = True
10.6332 	EXP 	PresentedLine1: autoDraw = False
10.6419 	EXP 	FixDot2: autoDraw = True
10.8289 	EXP 	New trial (rep=0, index=9): {'image': './images/Sphere_CW-3.75_BG-grey_stim-white.png'}
10.8740 	EXP 	Vertical: autoDraw = False
10.8740 	EXP 	PresentedLine1: autoDraw = False
10.8740 	EXP 	FixDot2: autoDraw = False
10.8740 	EXP 	PresentedLine1: image = './images/Sphere_CW-3.75_BG-grey_stim-white.png'
10.8908 	EXP 	PresentedLine1: autoDraw = True
11.6334 	EXP 	PresentedLine1: autoDraw = False
11.6418 	EXP 	FixDot2: autoDraw = True
11.8520 	EXP 	New trial (rep=0, index=10): {'image': './images/Sphere_Ref_BG-grey_stim-white.png'}
11.8956 	EXP 	Vertical: autoDraw = False
11.8956 	EXP 	PresentedLine1: autoDraw = False
11.8956 	EXP 	FixDot2: autoDraw = False
11.8956 	EXP 	PresentedLine1: image = './images/Sphere_Ref_BG-grey_stim-white.png'
11.8956 	EXP 	PresentedLine1: autoDraw = True
12.6422 	EXP 	PresentedLine1: autoDraw = False
12.6422 	EXP 	FixDot2: autoDraw = True
12.8115 	EXP 	New trial (rep=0, index=11): {'image': './images/Sphere_CCW-3.75_BG-grey_stim-white.png'}
12.8577 	EXP 	Vertical: autoDraw = False
12.8577 	EXP 	PresentedLine1: autoDraw = False
12.8577 	EXP 	FixDot2: autoDraw = False
12.8577 	EXP 	PresentedLine1: image = './images/Sphere_CCW-3.75_BG-grey_stim-white.png'
12.8903 	EXP 	PresentedLine1: autoDraw = True
13.6324 	EXP 	PresentedLine1: autoDraw = False
13.6412 	EXP 	FixDot2: autoDraw = True
13.8682 	EXP 	New trial (rep=0, index=12): {'image': './images/Sphere_CCW-3.75_BG-grey_stim-white.png'}
13.9134 	EXP 	Vertical: autoDraw = False
13.9134 	EXP 	PresentedLine1: autoDraw = False
13.9134 	EXP 	FixDot2: autoDraw = False
13.9134 	EXP 	PresentedLine1: image = './images/Sphere_CCW-3.75_BG-grey_stim-white.png'
13.9134 	EXP 	PresentedLine1: autoDraw = True
14.6419 	EXP 	FixDot2: autoDraw = True
14.6683 	EXP 	PresentedLine1: autoDraw = False
14.8262 	EXP 	New trial (rep=0, index=13): {'image': './images/Sphere_Ref_BG-grey_stim-white.png'}
14.8726 	EXP 	Vertical: autoDraw = False
14.8726 	EXP 	PresentedLine1: autoDraw = False
14.8726 	EXP 	FixDot2: autoDraw = False
14.8726 	EXP 	PresentedLine1: image = './images/Sphere_Ref_BG-grey_stim-white.png'
14.8899 	EXP 	PresentedLine1: autoDraw = True
15.6411 	EXP 	PresentedLine1: autoDraw = False
15.6411 	EXP 	FixDot2: autoDraw = True
15.8198 	EXP 	New trial (rep=0, index=14): {'image': './images/Sphere_CW-3.75_BG-grey_stim-white.png'}
15.8675 	EXP 	Vertical: autoDraw = False
15.8675 	EXP 	PresentedLine1: autoDraw = False
15.8675 	EXP 	FixDot2: autoDraw = False
15.8675 	EXP 	PresentedLine1: image = './images/Sphere_CW-3.75_BG-grey_stim-white.png'
15.8896 	EXP 	PresentedLine1: autoDraw = True
16.6324 	EXP 	PresentedLine1: autoDraw = False
16.6402 	EXP 	FixDot2: autoDraw = True
16.8075 	EXP 	New trial (rep=0, index=15): {'image': './images/Sphere_CCW-3.75_BG-grey_stim-white.png'}
16.8551 	EXP 	Vertical: autoDraw = False
16.8551 	EXP 	PresentedLine1: autoDraw = False
16.8551 	EXP 	FixDot2: autoDraw = False
16.8551 	EXP 	PresentedLine1: image = './images/Sphere_CCW-3.75_BG-grey_stim-white.png'
16.8901 	EXP 	PresentedLine1: autoDraw = True
17.6377 	EXP 	PresentedLine1: autoDraw = False
17.6377 	EXP 	FixDot2: autoDraw = True
17.8408 	EXP 	New trial (rep=0, index=16): {'image': './images/Sphere_CCW-3.75_BG-grey_stim-white.png'}
17.8799 	EXP 	Vertical: autoDraw = False
17.8799 	EXP 	PresentedLine1: autoDraw = False
17.8799 	EXP 	FixDot2: autoDraw = False
17.8799 	EXP 	PresentedLine1: image = './images/Sphere_CCW-3.75_BG-grey_stim-white.png'
17.8883 	EXP 	PresentedLine1: autoDraw = True
18.6317 	EXP 	PresentedLine1: autoDraw = False
18.6402 	EXP 	FixDot2: autoDraw = True
18.8249 	EXP 	New trial (rep=0, index=17): {'image': './images/Sphere_CW-3.75_BG-grey_stim-white.png'}
18.8730 	EXP 	Vertical: autoDraw = False
18.8730 	EXP 	PresentedLine1: autoDraw = False
18.8730 	EXP 	FixDot2: autoDraw = False
18.8730 	EXP 	PresentedLine1: image = './images/Sphere_CW-3.75_BG-grey_stim-white.png'
18.8886 	EXP 	PresentedLine1: autoDraw = True
19.6309 	EXP 	PresentedLine1: autoDraw = False
19.6397 	EXP 	FixDot2: autoDraw = True
19.8476 	EXP 	Vertical: autoDraw = False
19.8476 	EXP 	PresentedLine1: autoDraw = False
19.8476 	EXP 	FixDot2: autoDraw = False
19.8485 	EXP 	VDT: status = STOPPED
19.8798 	EXP 	VDT: status = STARTED
19.8800 	EXP 	window1: mouseVisible = True
19.9886 	EXP 	Created Vertical = ImageStim(__class__=<class 'psychopy.visual.image.ImageStim'>, anchor=('center', 'center'), autoLog=True, color=array([1., 1., 1.]), colorSpace='rgb', contrast=1.0, depth=0.0, draggable=False, flipHoriz=False, flipVert=False, image='./images/Ref_grey.png', interpolate=True, mask=None, maskParams=None, name='Vertical', opacity=1.0, ori=0.0, pos=array([0., 0.]), size=array([2., 1.]), texRes=128.0, units='height', win=Window(...))
19.9888 	EXP 	window1: mouseVisible = True
20.1023 	EXP 	Created PresentedLine1 = ImageStim(__class__=<class 'psychopy.visual.image.ImageStim'>, anchor=('center', 'center'), autoLog=True, color=array([1., 1., 1.]), colorSpace='rgb', contrast=1.0, depth=0.0, draggable=False, flipHoriz=False, flipVert=False, image='./images/grey_bg.png', interpolate=True, mask=None, maskParams=None, name='PresentedLine1', opacity=1.0, ori=0.0, pos=array([0., 0.]), size=array([2., 1.]), texRes=128.0, units='height', win=Window(...))
20.1025 	EXP 	window1: mouseVisible = True
20.2107 	EXP 	Created FixDot2 = ImageStim(__class__=<class 'psychopy.visual.image.ImageStim'>, anchor=('center', 'center'), autoLog=True, color=array([1., 1., 1.]), colorSpace='rgb', contrast=1.0, depth=-0.0, draggable=False, flipHoriz=False, flipVert=False, image='./images/grey_bg.png', interpolate=True, mask=None, maskParams=None, name='FixDot2', opacity=1.0, ori=0.0, pos=array([0., 0.]), size=array([2., 1.]), texRes=128.0, units='height', win=Window(...))
0.0102 	EXP 	Vertical: autoDraw = True
9.2876 	EXP 	Imported loopTemplate18.xlsx as conditions, 18 conditions, 1 params
9.2882 	EXP 	Created sequence: sequential, trialTypes=18, nReps=1, seed=None
9.2884 	EXP 	New trial (rep=0, index=0): {'image': './images/Sphere_CW-3.75_BG-grey_stim-white.png'}
9.3214 	DATA 	Keypress: s
9.3271 	EXP 	Vertical: autoDraw = False
9.3271 	EXP 	PresentedLine1: image = './images/Sphere_CW-3.75_BG-grey_stim-white.png'
9.3271 	EXP 	PresentedLine1: autoDraw = True
10.0279 	EXP 	FixDot2: autoDraw = True
10.0762 	EXP 	PresentedLine1: autoDraw = False
10.2277 	EXP 	New trial (rep=0, index=1): {'image': './images/Sphere_CCW-3.75_BG-grey_stim-white.png'}
10.2689 	EXP 	Vertical: autoDraw = False
10.2689 	EXP 	PresentedLine1: autoDraw = False
10.2689 	EXP 	FixDot2: autoDraw = False
10.2689 	EXP 	PresentedLine1: image = './images/Sphere_CCW-3.75_BG-grey_stim-white.png'
10.2845 	EXP 	PresentedLine1: autoDraw = True
11.0265 	EXP 	FixDot2: autoDraw = True
11.0365 	EXP 	PresentedLine1: autoDraw = False
11.2252 	EXP 	New trial (rep=0, index=2): {'image': './images/Sphere_Ref_BG-grey_stim-white.png'}
11.2573 	EXP 	Vertical: autoDraw = False
11.2573 	EXP 	PresentedLine1: autoDraw = False
11.2573 	EXP 	FixDot2: autoDraw = False
11.2573 	EXP 	PresentedLine1: image = './images/Sphere_Ref_BG-grey_stim-white.png'
11.2734 	EXP 	PresentedLine1: autoDraw = True
12.0168 	EXP 	PresentedLine1: autoDraw = False
12.0247 	EXP 	FixDot2: autoDraw = True
12.2264 	EXP 	New trial (rep=0, index=3): {'image': './images/Sphere_CCW-3.75_BG-grey_stim-white.png'}
12.2714 	EXP 	Vertical: autoDraw = False
12.2714 	EXP 	PresentedLine1: autoDraw = False
12.2714 	EXP 	FixDot2: autoDraw = False
12.2714 	EXP 	PresentedLine1: image = './images/Sphere_CCW-3.75_BG-grey_stim-white.png'
12.2832 	EXP 	PresentedLine1: autoDraw = True
13.0244 	EXP 	PresentedLine1: autoDraw = False
13.0244 	EXP 	FixDot2: autoDraw = True
13.2194 	EXP 	New trial (rep=0, index=4): {'image': './images/Sphere_CCW-3.75_BG-grey_stim-white.png'}
13.2606 	EXP 	Vertical: autoDraw = False
13.2606 	EXP 	PresentedLine1: autoDraw = False
13.2606 	EXP 	FixDot2: autoDraw = False
13.2606 	EXP 	PresentedLine1: image = './images/Sphere_CCW-3.75_BG-grey_stim-white.png'
13.2726 	EXP 	PresentedLine1: autoDraw = True
14.0160 	EXP 	PresentedLine1: autoDraw = False
14.0251 	EXP 	FixDot2: autoDraw = True
14.2663 	EXP 	FixDot2: autoDraw = False
14.2683 	EXP 	New trial (rep=0, index=5): {'image': './images/Sphere_Ref_BG-grey_stim-white.png'}
14.3177 	EXP 	Vertical: autoDraw = False
14.3177 	EXP 	PresentedLine1: autoDraw = False
14.3177 	EXP 	FixDot2: autoDraw = False
14.3177 	EXP 	PresentedLine1: image = './images/Sphere_Ref_BG-grey_stim-white.png'
14.3177 	EXP 	PresentedLine1: autoDraw = True
15.0253 	EXP 	FixDot2: autoDraw = True
15.0600 	EXP 	PresentedLine1: autoDraw = False
15.2349 	EXP 	New trial (rep=0, index=6): {'image': './images/Sphere_CCW-3.75_BG-grey_stim-white.png'}
15.2819 	EXP 	Vertical: autoDraw = False
15.2819 	EXP 	PresentedLine1: autoDraw = False
15.2819 	EXP 	FixDot2: autoDraw = False
15.2819 	EXP 	PresentedLine1: image = './images/Sphere_CCW-3.75_BG-grey_stim-white.png'
15.2819 	EXP 	PresentedLine1: autoDraw = True
16.0238 	EXP 	PresentedLine1: autoDraw = False
16.0238 	EXP 	FixDot2: autoDraw = True
16.2658 	EXP 	FixDot2: autoDraw = False
16.2677 	EXP 	New trial (rep=0, index=7): {'image': './images/Sphere_CW-3.75_BG-grey_stim-white.png'}
16.3165 	EXP 	Vertical: autoDraw = False
16.3165 	EXP 	PresentedLine1: autoDraw = False
16.3165 	EXP 	FixDot2: autoDraw = False
16.3165 	EXP 	PresentedLine1: image = './images/Sphere_CW-3.75_BG-grey_stim-white.png'
16.3165 	EXP 	PresentedLine1: autoDraw = True
17.0254 	EXP 	FixDot2: autoDraw = True
17.0659 	EXP 	PresentedLine1: autoDraw = False
17.2241 	EXP 	New trial (rep=0, index=8): {'image': './images/Sphere_CW-3.75_BG-grey_stim-white.png'}
17.2665 	EXP 	Vertical: autoDraw = False
17.2665 	EXP 	PresentedLine1: autoDraw = False
17.2665 	EXP 	FixDot2: autoDraw = False
17.2665 	EXP 	PresentedLine1: image = './images/Sphere_CW-3.75_BG-grey_stim-white.png'
17.2818 	EXP 	PresentedLine1: autoDraw = True
18.0237 	EXP 	PresentedLine1: autoDraw = False
18.0237 	EXP 	FixDot2: autoDraw = True
18.2428 	EXP 	New trial (rep=0, index=9): {'image': './images/Sphere_CCW-3.75_BG-grey_stim-white.png'}
18.2911 	EXP 	Vertical: autoDraw = False
18.2911 	EXP 	PresentedLine1: autoDraw = False
18.2911 	EXP 	FixDot2: autoDraw = False
18.2911 	EXP 	PresentedLine1: image = './images/Sphere_CCW-3.75_BG-grey_stim-white.png'
18.2911 	EXP 	PresentedLine1: autoDraw = True
19.0326 	EXP 	FixDot2: autoDraw = True
19.0404 	EXP 	PresentedLine1: autoDraw = False
19.2190 	EXP 	New trial (rep=0, index=10): {'image': './images/Sphere_Ref_BG-grey_stim-white.png'}
19.2541 	EXP 	Vertical: autoDraw = False
19.2541 	EXP 	PresentedLine1: autoDraw = False
19.2541 	EXP 	FixDot2: autoDraw = False
19.2541 	EXP 	PresentedLine1: image = './images/Sphere_Ref_BG-grey_stim-white.png'
19.2731 	EXP 	PresentedLine1: autoDraw = True
20.0146 	EXP 	PresentedLine1: autoDraw = False
20.0221 	EXP 	FixDot2: autoDraw = True
20.2266 	EXP 	New trial (rep=0, index=11): {'image': './images/Sphere_CCW-3.75_BG-grey_stim-white.png'}
20.2701 	EXP 	Vertical: autoDraw = False
20.2701 	EXP 	PresentedLine1: autoDraw = False
20.2701 	EXP 	FixDot2: autoDraw = False
20.2701 	EXP 	PresentedLine1: image = './images/Sphere_CCW-3.75_BG-grey_stim-white.png'
20.2812 	EXP 	PresentedLine1: autoDraw = True
21.0236 	EXP 	PresentedLine1: autoDraw = False
21.0236 	EXP 	FixDot2: autoDraw = True
21.2314 	EXP 	New trial (rep=0, index=12): {'image': './images/Sphere_CW-3.75_BG-grey_stim-white.png'}
21.2658 	EXP 	Vertical: autoDraw = False
21.2658 	EXP 	PresentedLine1: autoDraw = False
21.2658 	EXP 	FixDot2: autoDraw = False
21.2658 	EXP 	PresentedLine1: image = './images/Sphere_CW-3.75_BG-grey_stim-white.png'
21.2743 	EXP 	PresentedLine1: autoDraw = True
22.0220 	EXP 	PresentedLine1: autoDraw = False
22.0220 	EXP 	FixDot2: autoDraw = True
22.2406 	EXP 	New trial (rep=0, index=13): {'image': './images/Sphere_Ref_BG-grey_stim-white.png'}
22.2893 	EXP 	Vertical: autoDraw = False
22.2893 	EXP 	PresentedLine1: autoDraw = False
22.2893 	EXP 	FixDot2: autoDraw = False
22.2893 	EXP 	PresentedLine1: image = './images/Sphere_Ref_BG-grey_stim-white.png'
22.2893 	EXP 	PresentedLine1: autoDraw = True
23.0252 	EXP 	FixDot2: autoDraw = True
23.0358 	EXP 	PresentedLine1: autoDraw = False
23.2713 	EXP 	FixDot2: autoDraw = False
23.2819 	EXP 	New trial (rep=0, index=14): {'image': './images/Sphere_CW-3.75_BG-grey_stim-white.png'}
23.3219 	EXP 	Vertical: autoDraw = False
23.3219 	EXP 	PresentedLine1: autoDraw = False
23.3219 	EXP 	FixDot2: autoDraw = False
23.3219 	EXP 	PresentedLine1: image = './images/Sphere_CW-3.75_BG-grey_stim-white.png'
23.3219 	EXP 	PresentedLine1: autoDraw = True
24.0306 	EXP 	FixDot2: autoDraw = True
24.0727 	EXP 	PresentedLine1: autoDraw = False
24.2704 	EXP 	FixDot2: autoDraw = False
24.2725 	EXP 	New trial (rep=0, index=15): {'image': './images/Sphere_CW-3.75_BG-grey_stim-white.png'}
24.3214 	EXP 	Vertical: autoDraw = False
24.3214 	EXP 	PresentedLine1: autoDraw = False
24.3214 	EXP 	FixDot2: autoDraw = False
24.3214 	EXP 	PresentedLine1: image = './images/Sphere_CW-3.75_BG-grey_stim-white.png'
24.3214 	EXP 	PresentedLine1: autoDraw = True
25.0248 	EXP 	FixDot2: autoDraw = True
25.0635 	EXP 	PresentedLine1: autoDraw = False
25.2574 	EXP 	New trial (rep=0, index=16): {'image': './images/Sphere_CCW-3.75_BG-grey_stim-white.png'}
25.3032 	EXP 	Vertical: autoDraw = False
25.3032 	EXP 	PresentedLine1: autoDraw = False
25.3032 	EXP 	FixDot2: autoDraw = False
25.3032 	EXP 	PresentedLine1: image = './images/Sphere_CCW-3.75_BG-grey_stim-white.png'
25.3032 	EXP 	PresentedLine1: autoDraw = True
26.0245 	EXP 	FixDot2: autoDraw = True
26.0536 	EXP 	PresentedLine1: autoDraw = False
26.2216 	EXP 	New trial (rep=0, index=17): {'image': './images/Sphere_CW-3.75_BG-grey_stim-white.png'}
26.2658 	EXP 	Vertical: autoDraw = False
26.2658 	EXP 	PresentedLine1: autoDraw = False
26.2658 	EXP 	FixDot2: autoDraw = False
26.2658 	EXP 	PresentedLine1: image = './images/Sphere_CW-3.75_BG-grey_stim-white.png'
26.2795 	EXP 	PresentedLine1: autoDraw = True
27.0213 	EXP 	PresentedLine1: autoDraw = False
27.0213 	EXP 	FixDot2: autoDraw = True
27.1961 	EXP 	Vertical: autoDraw = False
27.1961 	EXP 	PresentedLine1: autoDraw = False
27.1961 	EXP 	FixDot2: autoDraw = False
27.1970 	EXP 	VDT: status = STOPPED
27.2241 	EXP 	VDT: status = STARTED
27.2243 	EXP 	window1: mouseVisible = True
27.3348 	EXP 	Created Vertical = ImageStim(__class__=<class 'psychopy.visual.image.ImageStim'>, anchor=('center', 'center'), autoLog=True, color=array([1., 1., 1.]), colorSpace='rgb', contrast=1.0, depth=0.0, draggable=False, flipHoriz=False, flipVert=False, image='./images/Ref_grey.png', interpolate=True, mask=None, maskParams=None, name='Vertical', opacity=1.0, ori=0.0, pos=array([0., 0.]), size=array([2., 1.]), texRes=128.0, units='height', win=Window(...))
27.3350 	EXP 	window1: mouseVisible = True
27.4412 	EXP 	Created PresentedLine1 = ImageStim(__class__=<class 'psychopy.visual.image.ImageStim'>, anchor=('center', 'center'), autoLog=True, color=array([1., 1., 1.]), colorSpace='rgb', contrast=1.0, depth=0.0, draggable=False, flipHoriz=False, flipVert=False, image='./images/grey_bg.png', interpolate=True, mask=None, maskParams=None, name='PresentedLine1', opacity=1.0, ori=0.0, pos=array([0., 0.]), size=array([2., 1.]), texRes=128.0, units='height', win=Window(...))
27.4413 	EXP 	window1: mouseVisible = True
27.5528 	EXP 	Created FixDot2 = ImageStim(__class__=<class 'psychopy.visual.image.ImageStim'>, anchor=('center', 'center'), autoLog=True, color=array([1., 1., 1.]), colorSpace='rgb', contrast=1.0, depth=-0.0, draggable=False, flipHoriz=False, flipVert=False, image='./images/grey_bg.png', interpolate=True, mask=None, maskParams=None, name='FixDot2', opacity=1.0, ori=0.0, pos=array([0., 0.]), size=array([2., 1.]), texRes=128.0, units='height', win=Window(...))
0.0111 	EXP 	Vertical: autoDraw = True
3.0856 	EXP 	VDT: status = STOPPED
3.0929 	EXP 	Vertical: autoDraw = False
3.0933 	EXP 	VDT: status = STOPPED
3.1120 	EXP 	VDT: status = STARTED
3.1122 	EXP 	window1: mouseVisible = True
3.2297 	EXP 	Created Vertical = ImageStim(__class__=<class 'psychopy.visual.image.ImageStim'>, anchor=('center', 'center'), autoLog=True, color=array([1., 1., 1.]), colorSpace='rgb', contrast=1.0, depth=0.0, draggable=False, flipHoriz=False, flipVert=False, image='./images/Ref_grey.png', interpolate=True, mask=None, maskParams=None, name='Vertical', opacity=1.0, ori=0.0, pos=array([0., 0.]), size=array([2., 1.]), texRes=128.0, units='height', win=Window(...))
3.2299 	EXP 	window1: mouseVisible = True
3.3391 	EXP 	Created PresentedLine1 = ImageStim(__class__=<class 'psychopy.visual.image.ImageStim'>, anchor=('center', 'center'), autoLog=True, color=array([1., 1., 1.]), colorSpace='rgb', contrast=1.0, depth=0.0, draggable=False, flipHoriz=False, flipVert=False, image='./images/grey_bg.png', interpolate=True, mask=None, maskParams=None, name='PresentedLine1', opacity=1.0, ori=0.0, pos=array([0., 0.]), size=array([2., 1.]), texRes=128.0, units='height', win=Window(...))
3.3393 	EXP 	window1: mouseVisible = True
3.4413 	EXP 	Created FixDot2 = ImageStim(__class__=<class 'psychopy.visual.image.ImageStim'>, anchor=('center', 'center'), autoLog=True, color=array([1., 1., 1.]), colorSpace='rgb', contrast=1.0, depth=-0.0, draggable=False, flipHoriz=False, flipVert=False, image='./images/grey_bg.png', interpolate=True, mask=None, maskParams=None, name='FixDot2', opacity=1.0, ori=0.0, pos=array([0., 0.]), size=array([2., 1.]), texRes=128.0, units='height', win=Window(...))
0.0106 	EXP 	Vertical: autoDraw = True
1.0575 	EXP 	VDT: status = STOPPED
1.0671 	EXP 	Vertical: autoDraw = False
1.0678 	EXP 	VDT: status = STOPPED
1.0898 	EXP 	VDT: status = STARTED
1.0900 	EXP 	window1: mouseVisible = True
1.2030 	EXP 	Created Vertical = ImageStim(__class__=<class 'psychopy.visual.image.ImageStim'>, anchor=('center', 'center'), autoLog=True, color=array([1., 1., 1.]), colorSpace='rgb', contrast=1.0, depth=0.0, draggable=False, flipHoriz=False, flipVert=False, image='./images/Ref_grey.png', interpolate=True, mask=None, maskParams=None, name='Vertical', opacity=1.0, ori=0.0, pos=array([0., 0.]), size=array([2., 1.]), texRes=128.0, units='height', win=Window(...))
1.2032 	EXP 	window1: mouseVisible = True
1.3090 	EXP 	Created PresentedLine1 = ImageStim(__class__=<class 'psychopy.visual.image.ImageStim'>, anchor=('center', 'center'), autoLog=True, color=array([1., 1., 1.]), colorSpace='rgb', contrast=1.0, depth=0.0, draggable=False, flipHoriz=False, flipVert=False, image='./images/grey_bg.png', interpolate=True, mask=None, maskParams=None, name='PresentedLine1', opacity=1.0, ori=0.0, pos=array([0., 0.]), size=array([2., 1.]), texRes=128.0, units='height', win=Window(...))
1.3092 	EXP 	window1: mouseVisible = True
1.4195 	EXP 	Created FixDot2 = ImageStim(__class__=<class 'psychopy.visual.image.ImageStim'>, anchor=('center', 'center'), autoLog=True, color=array([1., 1., 1.]), colorSpace='rgb', contrast=1.0, depth=-0.0, draggable=False, flipHoriz=False, flipVert=False, image='./images/grey_bg.png', interpolate=True, mask=None, maskParams=None, name='FixDot2', opacity=1.0, ori=0.0, pos=array([0., 0.]), size=array([2., 1.]), texRes=128.0, units='height', win=Window(...))
0.0120 	EXP 	Vertical: autoDraw = True
0.9159 	EXP 	VDT: status = STOPPED
0.9203 	EXP 	Vertical: autoDraw = False
0.9211 	EXP 	VDT: status = STOPPED
0.9423 	EXP 	VDT: status = STARTED
0.9426 	EXP 	window1: mouseVisible = True
1.0530 	EXP 	Created Vertical = ImageStim(__class__=<class 'psychopy.visual.image.ImageStim'>, anchor=('center', 'center'), autoLog=True, color=array([1., 1., 1.]), colorSpace='rgb', contrast=1.0, depth=0.0, draggable=False, flipHoriz=False, flipVert=False, image='./images/Ref_grey.png', interpolate=True, mask=None, maskParams=None, name='Vertical', opacity=1.0, ori=0.0, pos=array([0., 0.]), size=array([2., 1.]), texRes=128.0, units='height', win=Window(...))
1.0532 	EXP 	window1: mouseVisible = True
1.1585 	EXP 	Created PresentedLine1 = ImageStim(__class__=<class 'psychopy.visual.image.ImageStim'>, anchor=('center', 'center'), autoLog=True, color=array([1., 1., 1.]), colorSpace='rgb', contrast=1.0, depth=0.0, draggable=False, flipHoriz=False, flipVert=False, image='./images/grey_bg.png', interpolate=True, mask=None, maskParams=None, name='PresentedLine1', opacity=1.0, ori=0.0, pos=array([0., 0.]), size=array([2., 1.]), texRes=128.0, units='height', win=Window(...))
1.1587 	EXP 	window1: mouseVisible = True
1.2625 	EXP 	Created FixDot2 = ImageStim(__class__=<class 'psychopy.visual.image.ImageStim'>, anchor=('center', 'center'), autoLog=True, color=array([1., 1., 1.]), colorSpace='rgb', contrast=1.0, depth=-0.0, draggable=False, flipHoriz=False, flipVert=False, image='./images/grey_bg.png', interpolate=True, mask=None, maskParams=None, name='FixDot2', opacity=1.0, ori=0.0, pos=array([0., 0.]), size=array([2., 1.]), texRes=128.0, units='height', win=Window(...))
0.0056 	EXP 	VDT: status = STOPPED
0.0185 	EXP 	Vertical: autoDraw = True
0.0185 	EXP 	Vertical: autoDraw = False
0.0194 	EXP 	VDT: status = STOPPED
0.0372 	EXP 	VDT: status = STARTED
0.0374 	EXP 	window1: mouseVisible = True
0.1531 	EXP 	Created Vertical = ImageStim(__class__=<class 'psychopy.visual.image.ImageStim'>, anchor=('center', 'center'), autoLog=True, color=array([1., 1., 1.]), colorSpace='rgb', contrast=1.0, depth=0.0, draggable=False, flipHoriz=False, flipVert=False, image='./images/Ref_grey.png', interpolate=True, mask=None, maskParams=None, name='Vertical', opacity=1.0, ori=0.0, pos=array([0., 0.]), size=array([2., 1.]), texRes=128.0, units='height', win=Window(...))
0.1532 	EXP 	window1: mouseVisible = True
0.2610 	EXP 	Created PresentedLine1 = ImageStim(__class__=<class 'psychopy.visual.image.ImageStim'>, anchor=('center', 'center'), autoLog=True, color=array([1., 1., 1.]), colorSpace='rgb', contrast=1.0, depth=0.0, draggable=False, flipHoriz=False, flipVert=False, image='./images/grey_bg.png', interpolate=True, mask=None, maskParams=None, name='PresentedLine1', opacity=1.0, ori=0.0, pos=array([0., 0.]), size=array([2., 1.]), texRes=128.0, units='height', win=Window(...))
0.2611 	EXP 	window1: mouseVisible = True
0.3858 	EXP 	Created FixDot2 = ImageStim(__class__=<class 'psychopy.visual.image.ImageStim'>, anchor=('center', 'center'), autoLog=True, color=array([1., 1., 1.]), colorSpace='rgb', contrast=1.0, depth=-0.0, draggable=False, flipHoriz=False, flipVert=False, image='./images/grey_bg.png', interpolate=True, mask=None, maskParams=None, name='FixDot2', opacity=1.0, ori=0.0, pos=array([0., 0.]), size=array([2., 1.]), texRes=128.0, units='height', win=Window(...))
0.0061 	EXP 	VDT: status = STOPPED
0.0145 	EXP 	Vertical: autoDraw = True
0.0145 	EXP 	Vertical: autoDraw = False
0.0161 	EXP 	VDT: status = STOPPED
0.0398 	EXP 	VDT: status = STARTED
0.0401 	EXP 	window1: mouseVisible = True
0.1666 	EXP 	Created Vertical = ImageStim(__class__=<class 'psychopy.visual.image.ImageStim'>, anchor=('center', 'center'), autoLog=True, color=array([1., 1., 1.]), colorSpace='rgb', contrast=1.0, depth=0.0, draggable=False, flipHoriz=False, flipVert=False, image='./images/Ref_grey.png', interpolate=True, mask=None, maskParams=None, name='Vertical', opacity=1.0, ori=0.0, pos=array([0., 0.]), size=array([2., 1.]), texRes=128.0, units='height', win=Window(...))
0.1668 	EXP 	window1: mouseVisible = True
0.2889 	EXP 	Created PresentedLine1 = ImageStim(__class__=<class 'psychopy.visual.image.ImageStim'>, anchor=('center', 'center'), autoLog=True, color=array([1., 1., 1.]), colorSpace='rgb', contrast=1.0, depth=0.0, draggable=False, flipHoriz=False, flipVert=False, image='./images/grey_bg.png', interpolate=True, mask=None, maskParams=None, name='PresentedLine1', opacity=1.0, ori=0.0, pos=array([0., 0.]), size=array([2., 1.]), texRes=128.0, units='height', win=Window(...))
0.2891 	EXP 	window1: mouseVisible = True
0.3972 	EXP 	Created FixDot2 = ImageStim(__class__=<class 'psychopy.visual.image.ImageStim'>, anchor=('center', 'center'), autoLog=True, color=array([1., 1., 1.]), colorSpace='rgb', contrast=1.0, depth=-0.0, draggable=False, flipHoriz=False, flipVert=False, image='./images/grey_bg.png', interpolate=True, mask=None, maskParams=None, name='FixDot2', opacity=1.0, ori=0.0, pos=array([0., 0.]), size=array([2., 1.]), texRes=128.0, units='height', win=Window(...))
0.0175 	EXP 	Vertical: autoDraw = True
1.1870 	EXP 	VDT: status = STOPPED
1.2010 	EXP 	Vertical: autoDraw = False
1.2019 	EXP 	VDT: status = STOPPED
1.2347 	EXP 	VDT: status = STARTED
1.2349 	EXP 	window1: mouseVisible = True
1.3439 	EXP 	Created Vertical = ImageStim(__class__=<class 'psychopy.visual.image.ImageStim'>, anchor=('center', 'center'), autoLog=True, color=array([1., 1., 1.]), colorSpace='rgb', contrast=1.0, depth=0.0, draggable=False, flipHoriz=False, flipVert=False, image='./images/Ref_grey.png', interpolate=True, mask=None, maskParams=None, name='Vertical', opacity=1.0, ori=0.0, pos=array([0., 0.]), size=array([2., 1.]), texRes=128.0, units='height', win=Window(...))
1.3441 	EXP 	window1: mouseVisible = True
1.4452 	EXP 	Created PresentedLine1 = ImageStim(__class__=<class 'psychopy.visual.image.ImageStim'>, anchor=('center', 'center'), autoLog=True, color=array([1., 1., 1.]), colorSpace='rgb', contrast=1.0, depth=0.0, draggable=False, flipHoriz=False, flipVert=False, image='./images/grey_bg.png', interpolate=True, mask=None, maskParams=None, name='PresentedLine1', opacity=1.0, ori=0.0, pos=array([0., 0.]), size=array([2., 1.]), texRes=128.0, units='height', win=Window(...))
1.4453 	EXP 	window1: mouseVisible = True
1.5465 	EXP 	Created FixDot2 = ImageStim(__class__=<class 'psychopy.visual.image.ImageStim'>, anchor=('center', 'center'), autoLog=True, color=array([1., 1., 1.]), colorSpace='rgb', contrast=1.0, depth=-0.0, draggable=False, flipHoriz=False, flipVert=False, image='./images/grey_bg.png', interpolate=True, mask=None, maskParams=None, name='FixDot2', opacity=1.0, ori=0.0, pos=array([0., 0.]), size=array([2., 1.]), texRes=128.0, units='height', win=Window(...))
0.0066 	EXP 	VDT: status = STOPPED
0.0121 	EXP 	Vertical: autoDraw = True
0.0121 	EXP 	Vertical: autoDraw = False
0.0128 	EXP 	VDT: status = STOPPED
0.0298 	EXP 	VDT: status = STARTED
0.0301 	EXP 	window1: mouseVisible = True
0.1364 	EXP 	Created Vertical = ImageStim(__class__=<class 'psychopy.visual.image.ImageStim'>, anchor=('center', 'center'), autoLog=True, color=array([1., 1., 1.]), colorSpace='rgb', contrast=1.0, depth=0.0, draggable=False, flipHoriz=False, flipVert=False, image='./images/Ref_grey.png', interpolate=True, mask=None, maskParams=None, name='Vertical', opacity=1.0, ori=0.0, pos=array([0., 0.]), size=array([2., 1.]), texRes=128.0, units='height', win=Window(...))
0.1366 	EXP 	window1: mouseVisible = True
0.2400 	EXP 	Created PresentedLine1 = ImageStim(__class__=<class 'psychopy.visual.image.ImageStim'>, anchor=('center', 'center'), autoLog=True, color=array([1., 1., 1.]), colorSpace='rgb', contrast=1.0, depth=0.0, draggable=False, flipHoriz=False, flipVert=False, image='./images/grey_bg.png', interpolate=True, mask=None, maskParams=None, name='PresentedLine1', opacity=1.0, ori=0.0, pos=array([0., 0.]), size=array([2., 1.]), texRes=128.0, units='height', win=Window(...))
0.2402 	EXP 	window1: mouseVisible = True
0.3502 	EXP 	Created FixDot2 = ImageStim(__class__=<class 'psychopy.visual.image.ImageStim'>, anchor=('center', 'center'), autoLog=True, color=array([1., 1., 1.]), colorSpace='rgb', contrast=1.0, depth=-0.0, draggable=False, flipHoriz=False, flipVert=False, image='./images/grey_bg.png', interpolate=True, mask=None, maskParams=None, name='FixDot2', opacity=1.0, ori=0.0, pos=array([0., 0.]), size=array([2., 1.]), texRes=128.0, units='height', win=Window(...))
0.0127 	EXP 	Vertical: autoDraw = True
