2.3091 	INFO 	Loaded monitor calibration from ['2023_03_20 18:26']
3.9047 	WARNING 	Couldn't measure a consistent frame rate!
  - Is your graphics card set to sync to vertical blank?
  - Are you running other processes on your computer?

3.9051 	EXP 	Created window1 = Window(allowGUI=False, allowStencil=False, autoLog=True, backendConf=UNKNOWN, backgroundFit=<method-wrapper '__getattribute__' of attributeSetter object at 0x7f7811029ee0>, backgroundImage=<method-wrapper '__getattribute__' of attributeSetter object at 0x7f7811029e80>, bitsMode=UNKNOWN, blendMode='avg', bpc=(8, 8, 8), color=array([0, 0, 0]), colorSpace='rgb', depthBits=8, fullscr=<method-wrapper '__getattribute__' of attributeSetter object at 0x7f7811029cd0>, gamma=None, gammaErrorPolicy='raise', lms=UNKNOWN, monitor=<psychopy.monitors.calibTools.Monitor object at 0x7f7841a2e040>, multiSample=False, name='window1', numSamples=2, pos=[0.0, 0.0], screen=1, size=array([1920, 1080]), stencilBits=0, stereo=False, title='PsychoPy', units='height', useFBO=True, useRetina=False, viewOri=0.0, viewPos=None, viewScale=None, waitBlanking=True, winType='pyglet')
3.9053 	EXP 	window1: mouseVisible = True
3.9053 	EXP 	window1: backgroundImage = None
3.9053 	EXP 	window1: backgroundFit = 'contain'
6.3442 	INFO 	keyboard.Keyboard is using ptb backend.
6.3449 	EXP 	window1: mouseVisible = True
6.3879 	EXP 	Created unnamed TextStim = TextStim(__class__=<class 'psychopy.visual.text.TextStim'>, alignHoriz=method-wrapper(...), alignText='center', alignVert=method-wrapper(...), anchorHoriz='center', anchorVert='center', antialias=True, autoDraw=False, autoLog=True, bold=False, color=array([1., 1., 1.]), colorSpace='rgb', contrast=1.0, depth=0, draggable=False, flipHoriz=False, flipVert=False, font='', fontFiles=[], height=0.2, italic=False, languageStyle='LTR', name='unnamed TextStim', opacity=1.0, ori=0.0, pos=array([0., 0.]), rgb=UNKNOWN, text='Waiting for the scanner triggers ...', units='height', win=Window(...), wrapWidth=1)
6.3885 	EXP 	window1: mouseVisible = True
6.4017 	EXP 	Created unnamed TextStim = TextStim(__class__=<class 'psychopy.visual.text.TextStim'>, alignHoriz=method-wrapper(...), alignText='center', alignVert=method-wrapper(...), anchorHoriz='center', anchorVert='center', antialias=True, autoDraw=False, autoLog=True, bold=False, color=array([1., 1., 1.]), colorSpace='rgb', contrast=1.0, depth=0, draggable=False, flipHoriz=False, flipVert=False, font='', fontFiles=[], height=0.2, italic=False, languageStyle='LTR', name='unnamed TextStim', opacity=1.0, ori=0.0, pos=array([0., 0.]), rgb=UNKNOWN, text='End of the block. \n (Please do not move!)', units='height', win=Window(...), wrapWidth=1)
6.4019 	EXP 	window1: mouseVisible = True
6.4111 	EXP 	Created unnamed TextStim = TextStim(__class__=<class 'psychopy.visual.text.TextStim'>, alignHoriz=method-wrapper(...), alignText='center', alignVert=method-wrapper(...), anchorHoriz='center', anchorVert='center', antialias=True, autoDraw=False, autoLog=True, bold=False, color=array([1., 1., 1.]), colorSpace='rgb', contrast=1.0, depth=0, draggable=False, flipHoriz=False, flipVert=False, font='', fontFiles=[], height=0.2, italic=False, languageStyle='LTR', name='unnamed TextStim', opacity=1.0, ori=0.0, pos=array([0., 0.]), rgb=UNKNOWN, text=str(...), units='height', win=Window(...), wrapWidth=1)
6.4113 	EXP 	window1: mouseVisible = True
6.4162 	EXP 	Created unnamed TextStim = TextStim(__class__=<class 'psychopy.visual.text.TextStim'>, alignHoriz=method-wrapper(...), alignText='center', alignVert=method-wrapper(...), anchorHoriz='center', anchorVert='center', antialias=True, autoDraw=False, autoLog=True, bold=False, color=array([1., 1., 1.]), colorSpace='rgb', contrast=1.0, depth=0, draggable=False, flipHoriz=False, flipVert=False, font='', fontFiles=[], height=0.2, italic=False, languageStyle='LTR', name='unnamed TextStim', opacity=1.0, ori=0.0, pos=array([0., 0.]), rgb=UNKNOWN, text='End of the Experiment!', units='height', win=Window(...), wrapWidth=1)
6.4164 	EXP 	window1: mouseVisible = True
6.5596 	EXP 	Created bg = ImageStim(__class__=<class 'psychopy.visual.image.ImageStim'>, anchor=('center', 'center'), autoLog=True, color=array([1., 1., 1.]), colorSpace='rgb', contrast=1.0, depth=0, draggable=False, flipHoriz=False, flipVert=False, image='./images_fMRI/grey_bg.png', interpolate=True, mask=None, maskParams=None, name='bg', opacity=1.0, ori=0.0, pos=array([0., 0.]), size=array([2., 1.]), texRes=128, units='height', win=Window(...))
6.5597 	EXP 	window1: mouseVisible = True
6.6878 	EXP 	Created ref_white = ImageStim(__class__=<class 'psychopy.visual.image.ImageStim'>, anchor=('center', 'center'), autoLog=True, color=array([1., 1., 1.]), colorSpace='rgb', contrast=1.0, depth=0, draggable=False, flipHoriz=False, flipVert=False, image='./images_fMRI/Ref_white.png', interpolate=True, mask=None, maskParams=None, name='ref_white', opacity=1.0, ori=0.0, pos=array([0., 0.]), size=array([1.43333333, 0.88148148]), texRes=128, units='height', win=Window(...))
6.6879 	EXP 	window1: mouseVisible = True
6.8126 	EXP 	Created ref_yellow = ImageStim(__class__=<class 'psychopy.visual.image.ImageStim'>, anchor=('center', 'center'), autoLog=True, color=array([1., 1., 1.]), colorSpace='rgb', contrast=1.0, depth=0, draggable=False, flipHoriz=False, flipVert=False, image='./images_fMRI/Ref_yellow.png', interpolate=True, mask=None, maskParams=None, name='ref_yellow', opacity=1.0, ori=0.0, pos=array([0., 0.]), size=array([1.43333333, 0.88148148]), texRes=128, units='height', win=Window(...))
6.8127 	EXP 	window1: mouseVisible = True
6.9342 	EXP 	Created cw_white = ImageStim(__class__=<class 'psychopy.visual.image.ImageStim'>, anchor=('center', 'center'), autoLog=True, color=array([1., 1., 1.]), colorSpace='rgb', contrast=1.0, depth=0, draggable=False, flipHoriz=False, flipVert=False, image=str(...), interpolate=True, mask=None, maskParams=None, name='cw_white', opacity=1.0, ori=0.0, pos=array([0., 0.]), size=array([1.43333333, 0.88148148]), texRes=128, units='height', win=Window(...))
6.9345 	EXP 	window1: mouseVisible = True
7.0573 	EXP 	Created cw_yellow = ImageStim(__class__=<class 'psychopy.visual.image.ImageStim'>, anchor=('center', 'center'), autoLog=True, color=array([1., 1., 1.]), colorSpace='rgb', contrast=1.0, depth=0, draggable=False, flipHoriz=False, flipVert=False, image=str(...), interpolate=True, mask=None, maskParams=None, name='cw_yellow', opacity=1.0, ori=0.0, pos=array([0., 0.]), size=array([1.43333333, 0.88148148]), texRes=128, units='height', win=Window(...))
7.0576 	EXP 	window1: mouseVisible = True
7.1813 	EXP 	Created ccw_white = ImageStim(__class__=<class 'psychopy.visual.image.ImageStim'>, anchor=('center', 'center'), autoLog=True, color=array([1., 1., 1.]), colorSpace='rgb', contrast=1.0, depth=0, draggable=False, flipHoriz=False, flipVert=False, image=str(...), interpolate=True, mask=None, maskParams=None, name='ccw_white', opacity=1.0, ori=0.0, pos=array([0., 0.]), size=array([1.43333333, 0.88148148]), texRes=128, units='height', win=Window(...))
7.1815 	EXP 	window1: mouseVisible = True
7.3052 	EXP 	Created ccw_yellow = ImageStim(__class__=<class 'psychopy.visual.image.ImageStim'>, anchor=('center', 'center'), autoLog=True, color=array([1., 1., 1.]), colorSpace='rgb', contrast=1.0, depth=0, draggable=False, flipHoriz=False, flipVert=False, image=str(...), interpolate=True, mask=None, maskParams=None, name='ccw_yellow', opacity=1.0, ori=0.0, pos=array([0., 0.]), size=array([1.43333333, 0.88148148]), texRes=128, units='height', win=Window(...))
7.3054 	EXP 	window1: mouseVisible = True
7.4276 	EXP 	Created v_white = ImageStim(__class__=<class 'psychopy.visual.image.ImageStim'>, anchor=('center', 'center'), autoLog=True, color=array([1., 1., 1.]), colorSpace='rgb', contrast=1.0, depth=0, draggable=False, flipHoriz=False, flipVert=False, image=str(...), interpolate=True, mask=None, maskParams=None, name='v_white', opacity=1.0, ori=0.0, pos=array([0., 0.]), size=array([1.43333333, 0.88148148]), texRes=128, units='height', win=Window(...))
7.4278 	EXP 	window1: mouseVisible = True
7.5472 	EXP 	Created v_yellow = ImageStim(__class__=<class 'psychopy.visual.image.ImageStim'>, anchor=('center', 'center'), autoLog=True, color=array([1., 1., 1.]), colorSpace='rgb', contrast=1.0, depth=0, draggable=False, flipHoriz=False, flipVert=False, image=str(...), interpolate=True, mask=None, maskParams=None, name='v_yellow', opacity=1.0, ori=0.0, pos=array([0., 0.]), size=array([1.43333333, 0.88148148]), texRes=128, units='height', win=Window(...))
7.5472 	INFO 	The block order is ['C', 'M', 'M', 'C', 'M', 'M', 'M', 'M', 'M', 'M', 'C', 'C', 'C', 'M', 'C', 'C', 'C', 'C']
7.5472 	INFO 	The elips tilt degree is 2.25
7.5681 	WARNING 	t of last frame was 3663.59ms (=1/0)
7.5681 	EXP 	unnamed TextStim: height = 0.05
7.5681 	EXP 	unnamed TextStim: height = 0.05
7.5681 	EXP 	unnamed TextStim: height = 0.05
7.5681 	EXP 	unnamed TextStim: height = 0.05
7.5681 	EXP 	unnamed TextStim: height = 0.05
7.5681 	EXP 	unnamed TextStim: height = 0.05
7.5681 	EXP 	unnamed TextStim: height = 0.05
7.5681 	EXP 	unnamed TextStim: text = 'Whenever you are ready\n press a button to start. '
14.8567 	DATA 	Keypress: d
17.0691 	DATA 	Keypress: d
22.6017 	DATA 	Keypress: d
33.7551 	DATA 	Keypress: c
34.2500 	WARNING 	t of last frame was 508.66ms (=1/1)
34.2500 	EXP 	unnamed TextStim: height = 0.05
34.2500 	EXP 	unnamed TextStim: height = 0.05
34.2500 	EXP 	unnamed TextStim: height = 0.05
34.2500 	EXP 	unnamed TextStim: text = 'Waiting for the scanner triggers ...'
34.2502 	EXP 	window1: mouseVisible = False
38.3340 	DATA 	Keypress: lshift
38.3363 	DATA 	Keypress: t
38.3379 	INFO 	Trigger 1 time: 34.42492501800007
40.3344 	DATA 	Keypress: lshift
40.3364 	DATA 	Keypress: t
40.3381 	INFO 	Trigger 2 time: 36.425121609994676
42.3339 	DATA 	Keypress: lshift
42.3361 	DATA 	Keypress: t
42.3367 	INFO 	Trigger 3 time: 38.42367487599404
44.3337 	DATA 	Keypress: lshift
44.3359 	DATA 	Keypress: t
44.3378 	INFO 	Trigger 4 time: 40.42478006499732
46.3336 	DATA 	Keypress: lshift
46.3358 	DATA 	Keypress: t
46.3364 	INFO 	Trigger 5 time: 42.423428751993924
46.3367 	INFO 	Start of the control block 1 at 42.42369235199294
46.3527 	WARNING 	t of last frame was 12102.65ms (=1/0)
48.3332 	DATA 	Keypress: lshift
48.3347 	DATA 	Keypress: t
48.3537 	INFO 	Trial c_std_cw at 44.44074895599624
48.3604 	WARNING 	t of last frame was 2007.70ms (=1/0)
48.3610 	INFO 	Key d was pressed with a reaction time of 0.0005092549981782213 seconds!
48.3610 	INFO 	Key d was pressed with a reaction time of 0.000557993000256829 seconds!
48.3611 	INFO 	Key d was pressed with a reaction time of 0.0005771610012743622 seconds!
49.3645 	WARNING 	Multiple dropped frames have occurred - I'll stop bothering you about them!
50.2905 	INFO 	Trial c_std_ccw at 46.37753115799569
51.2984 	DATA 	Keypress: lshift
51.3001 	DATA 	Keypress: t
52.3673 	INFO 	Trial c_dev_cw at 48.45432848499331
52.3706 	DATA 	Keypress: lshift
52.3721 	DATA 	Keypress: t
52.7385 	INFO 	Key c was pressed with a reaction time of 0.3589587879978353 seconds!
53.3832 	DATA 	Keypress: c
54.4195 	INFO 	Trial c_std_ccw at 50.506573431994184
54.4221 	DATA 	Keypress: lshift
54.4235 	DATA 	Keypress: t
56.3395 	INFO 	Trial c_std_cw at 52.42652969599294
57.3467 	DATA 	Keypress: lshift
57.3481 	DATA 	Keypress: t
58.3059 	INFO 	Trial c_dev_v at 54.392881798994495
58.6245 	INFO 	Key c was pressed with a reaction time of 0.3088878790003946 seconds!
59.3166 	DATA 	Keypress: lshift
59.3179 	DATA 	Keypress: t
59.3200 	DATA 	Keypress: c
60.3756 	INFO 	Trial c_std_cw at 56.462657034993754
60.3772 	DATA 	Keypress: lshift
60.3788 	DATA 	Keypress: t
62.4751 	INFO 	Trial c_std_ccw at 58.562100217997795
62.4779 	DATA 	Keypress: lshift
62.4794 	DATA 	Keypress: t
64.5659 	INFO 	Trial c_std_v at 60.652890145996935
64.5689 	DATA 	Keypress: lshift
64.5714 	DATA 	Keypress: t
66.5488 	INFO 	Trial c_std_v at 62.63583299199672
66.5505 	DATA 	Keypress: lshift
66.5518 	DATA 	Keypress: t
68.6484 	INFO 	Trial c_dev_ccw at 64.73540394499287
68.6512 	DATA 	Keypress: lshift
68.6527 	DATA 	Keypress: t
69.0065 	INFO 	Key c was pressed with a reaction time of 0.3470718740063603 seconds!
69.6618 	DATA 	Keypress: c
70.5595 	INFO 	Trial c_std_v at 66.6465414359991
70.5611 	DATA 	Keypress: lshift
70.5625 	DATA 	Keypress: t
72.4911 	INFO 	Trial c_std_v at 68.57817443199747
72.4927 	DATA 	Keypress: lshift
72.4939 	DATA 	Keypress: t
74.5009 	INFO 	Trial c_std_ccw at 70.58788360199833
74.5021 	DATA 	Keypress: lshift
74.5034 	DATA 	Keypress: t
76.6098 	INFO 	Trial c_std_cw at 72.69682264599396
76.6111 	DATA 	Keypress: lshift
76.6125 	DATA 	Keypress: t
78.6490 	INFO 	Trial c_dev_v at 74.73600547999376
78.6518 	DATA 	Keypress: lshift
78.6533 	DATA 	Keypress: t
79.0106 	INFO 	Key c was pressed with a reaction time of 0.3502959799952805 seconds!
79.6626 	DATA 	Keypress: c
80.6003 	INFO 	Trial c_std_ccw at 76.68732154399913
80.6038 	DATA 	Keypress: lshift
80.6052 	DATA 	Keypress: t
82.5222 	INFO 	Trial c_std_cw at 78.60924254499696
82.5236 	DATA 	Keypress: lshift
82.5249 	DATA 	Keypress: t
84.5320 	INFO 	End of the control block 1 at 80.61901471199963
84.5395 	DATA 	Keypress: lshift
84.5406 	DATA 	Keypress: t
84.5458 	EXP 	unnamed TextStim: height = 0.05
84.5458 	EXP 	unnamed TextStim: height = 0.05
84.5458 	EXP 	unnamed TextStim: height = 0.05
84.5458 	EXP 	unnamed TextStim: text = 'End of the block. \n (Please do not move!)'
86.3354 	DATA 	Keypress: lshift
86.3367 	DATA 	Keypress: t
88.3423 	DATA 	Keypress: lshift
88.3440 	DATA 	Keypress: t
90.3444 	DATA 	Keypress: lshift
90.3461 	DATA 	Keypress: t
92.3404 	DATA 	Keypress: lshift
92.3419 	DATA 	Keypress: t
94.3433 	DATA 	Keypress: lshift
94.3448 	DATA 	Keypress: t
94.5460 	INFO 	Start of the main block 2 at 90.63303978399927
96.3414 	DATA 	Keypress: lshift
96.3428 	DATA 	Keypress: t
96.5535 	INFO 	Trial m_std_ccw at 92.64052281799377
98.5696 	INFO 	Trial m_std_cw at 94.65660697799467
98.5709 	DATA 	Keypress: lshift
98.5723 	DATA 	Keypress: t
100.5084 	INFO 	Trial m_dev at 96.59535939799389
100.8856 	INFO 	Key c was pressed with a reaction time of 0.3700778240017826 seconds!
101.5166 	DATA 	Keypress: lshift
101.5179 	DATA 	Keypress: t
101.5214 	DATA 	Keypress: c
102.5856 	INFO 	Trial m_std_ccw at 98.67260312599683
102.5883 	DATA 	Keypress: lshift
102.5897 	DATA 	Keypress: t
104.5570 	INFO 	Trial m_std_ccw at 100.64404307699442
104.5583 	DATA 	Keypress: lshift
104.5598 	DATA 	Keypress: t
106.6659 	INFO 	Trial m_dev at 102.75297778999811
106.6690 	DATA 	Keypress: lshift
106.6728 	DATA 	Keypress: t
107.1036 	INFO 	Key c was pressed with a reaction time of 0.4251179519997095 seconds!
107.6822 	DATA 	Keypress: c
108.7185 	INFO 	Trial m_std_cw at 104.80551706499682
108.7216 	DATA 	Keypress: lshift
108.7230 	DATA 	Keypress: t
110.7400 	INFO 	Trial m_std_ccw at 106.82698652299587
110.7413 	DATA 	Keypress: lshift
110.7428 	DATA 	Keypress: t
112.6986 	INFO 	Trial m_std_cw at 108.7856652219998
112.7000 	DATA 	Keypress: lshift
112.7013 	DATA 	Keypress: t
114.6275 	INFO 	Trial m_dev at 110.71452986899385
114.9765 	INFO 	Key c was pressed with a reaction time of 0.3427301580013591 seconds!
115.6349 	DATA 	Keypress: lshift
115.6366 	DATA 	Keypress: t
115.6386 	DATA 	Keypress: c
116.6238 	INFO 	Trial m_std_ccw at 112.71083882399398
116.6254 	DATA 	Keypress: lshift
116.6268 	DATA 	Keypress: t
118.5526 	INFO 	Trial m_std_cw at 114.63960933499766
118.5560 	DATA 	Keypress: lshift
118.5573 	DATA 	Keypress: t
120.4630 	INFO 	Trial m_std_ccw at 116.55005687299854
120.4661 	DATA 	Keypress: lshift
120.4680 	DATA 	Keypress: t
122.5240 	INFO 	Trial m_std_cw at 118.61106283799745
122.5253 	DATA 	Keypress: lshift
122.5266 	DATA 	Keypress: t
124.6128 	INFO 	Trial m_std_ccw at 120.69985168799758
124.6141 	DATA 	Keypress: lshift
124.6154 	DATA 	Keypress: t
126.6124 	INFO 	Trial m_dev at 122.69938631299738
126.6153 	DATA 	Keypress: lshift
126.6225 	DATA 	Keypress: t
127.0807 	INFO 	Key c was pressed with a reaction time of 0.4499931070022285 seconds!
127.6342 	DATA 	Keypress: c
128.7107 	INFO 	Trial m_std_cw at 124.797718101996
128.7123 	DATA 	Keypress: lshift
128.7137 	DATA 	Keypress: t
130.7901 	INFO 	Trial m_std_cw at 126.87713459999941
130.7933 	DATA 	Keypress: lshift
130.7946 	DATA 	Keypress: t
132.7311 	INFO 	End of the main block 2 at 128.81812236399855
132.7348 	DATA 	Keypress: lshift
132.7369 	DATA 	Keypress: t
134.3434 	DATA 	Keypress: lshift
134.3448 	DATA 	Keypress: t
136.3389 	DATA 	Keypress: lshift
136.3407 	DATA 	Keypress: t
138.3455 	DATA 	Keypress: lshift
138.3474 	DATA 	Keypress: t
140.3353 	DATA 	Keypress: lshift
140.3368 	DATA 	Keypress: t
142.3381 	DATA 	Keypress: lshift
142.3398 	DATA 	Keypress: t
142.7417 	INFO 	Start of the main block 3 at 138.828691289993
144.3415 	DATA 	Keypress: lshift
144.3430 	DATA 	Keypress: t
144.7489 	INFO 	Trial m_std_ccw at 140.83589255499828
146.8254 	INFO 	Trial m_std_ccw at 142.91239072099415
146.8268 	DATA 	Keypress: lshift
146.8281 	DATA 	Keypress: t
148.7638 	INFO 	Trial m_std_cw at 144.85087010599818
148.7652 	DATA 	Keypress: lshift
148.7665 	DATA 	Keypress: t
149.3865 	INFO 	Key c was pressed with a reaction time of 0.6137942989953444 seconds!
149.7765 	DATA 	Keypress: c
150.8227 	INFO 	Trial m_std_ccw at 146.9097730949943
150.8260 	DATA 	Keypress: lshift
150.8277 	DATA 	Keypress: t
152.8639 	INFO 	Trial m_std_cw at 148.9509120119983
152.8651 	DATA 	Keypress: lshift
152.8665 	DATA 	Keypress: t
154.8230 	INFO 	Trial m_dev at 150.91000032099691
154.8261 	DATA 	Keypress: lshift
154.8275 	DATA 	Keypress: t
155.2536 	INFO 	Key c was pressed with a reaction time of 0.4197119300006307 seconds!
155.8365 	DATA 	Keypress: c
156.8039 	INFO 	Trial m_std_ccw at 152.89093777800008
156.8069 	DATA 	Keypress: lshift
156.8089 	DATA 	Keypress: t
158.8053 	INFO 	Trial m_std_ccw at 154.89228996899328
158.8068 	DATA 	Keypress: lshift
158.8083 	DATA 	Keypress: t
160.7545 	INFO 	Trial m_dev at 156.84153623899329
160.7558 	DATA 	Keypress: lshift
160.7572 	DATA 	Keypress: t
161.2545 	INFO 	Key c was pressed with a reaction time of 0.49172411100153113 seconds!
161.7667 	DATA 	Keypress: c
162.6928 	INFO 	Trial m_std_cw at 158.77985054199962
162.6946 	DATA 	Keypress: lshift
162.6959 	DATA 	Keypress: t
164.7421 	INFO 	Trial m_std_cw at 160.8291568479981
164.7437 	DATA 	Keypress: lshift
164.7450 	DATA 	Keypress: t
166.8112 	INFO 	Trial m_dev at 162.89826862699556
166.8127 	DATA 	Keypress: lshift
166.8141 	DATA 	Keypress: t
167.2096 	INFO 	Key c was pressed with a reaction time of 0.38909349599998677 seconds!
167.8242 	DATA 	Keypress: c
168.8305 	INFO 	Trial m_std_cw at 164.91751054499764
168.8322 	DATA 	Keypress: lshift
168.8334 	DATA 	Keypress: t
170.8292 	INFO 	Trial m_std_ccw at 166.91626708599506
170.8322 	DATA 	Keypress: lshift
170.8336 	DATA 	Keypress: t
172.8492 	INFO 	Trial m_std_cw at 168.9362079969942
172.8521 	DATA 	Keypress: lshift
172.8541 	DATA 	Keypress: t
174.8605 	INFO 	Trial m_dev at 170.94753549499728
174.8632 	DATA 	Keypress: lshift
174.8648 	DATA 	Keypress: t
175.2575 	INFO 	Key c was pressed with a reaction time of 0.38660622799943667 seconds!
175.8735 	DATA 	Keypress: c
176.8709 	INFO 	Trial m_std_ccw at 172.95795798199833
176.8728 	DATA 	Keypress: lshift
176.8741 	DATA 	Keypress: t
178.8399 	INFO 	Trial m_std_cw at 174.92689467799937
178.8427 	DATA 	Keypress: lshift
178.8442 	DATA 	Keypress: t
180.9201 	INFO 	End of the main block 3 at 177.00715001799836
180.9233 	DATA 	Keypress: lshift
180.9248 	DATA 	Keypress: t
182.3455 	DATA 	Keypress: lshift
182.3472 	DATA 	Keypress: t
184.3368 	DATA 	Keypress: lshift
184.3495 	DATA 	Keypress: t
186.3440 	DATA 	Keypress: lshift
186.3456 	DATA 	Keypress: t
188.3445 	DATA 	Keypress: lshift
188.3463 	DATA 	Keypress: t
190.3401 	DATA 	Keypress: lshift
190.3413 	DATA 	Keypress: t
190.9292 	INFO 	Start of the control block 4 at 187.0161843809983
192.3402 	DATA 	Keypress: lshift
192.3414 	DATA 	Keypress: t
192.9364 	INFO 	Trial c_std_cw at 189.023428100998
195.0220 	INFO 	Trial c_std_v at 191.10902603099385
195.0233 	DATA 	Keypress: lshift
195.0248 	DATA 	Keypress: t
196.9506 	INFO 	Trial c_std_cw at 193.03761370199936
196.9519 	DATA 	Keypress: lshift
196.9533 	DATA 	Keypress: t
199.0295 	INFO 	Trial c_dev_v at 195.11650270299288
199.3506 	INFO 	Key c was pressed with a reaction time of 0.31342806499742437 seconds!
200.0384 	DATA 	Keypress: lshift
200.0400 	DATA 	Keypress: t
200.0421 	DATA 	Keypress: c
200.9373 	INFO 	Trial c_std_ccw at 197.02426990899403
200.9388 	DATA 	Keypress: lshift
200.9401 	DATA 	Keypress: t
202.9765 	INFO 	Trial c_std_ccw at 199.0635527879931
202.9793 	DATA 	Keypress: lshift
202.9810 	DATA 	Keypress: t
204.9174 	INFO 	Trial c_std_cw at 201.0043844479951
204.9200 	DATA 	Keypress: lshift
204.9214 	DATA 	Keypress: t
207.0177 	INFO 	Trial c_dev_cw at 203.1047146609999
207.0200 	DATA 	Keypress: lshift
207.0215 	DATA 	Keypress: t
207.3377 	INFO 	Key c was pressed with a reaction time of 0.30941917000018293 seconds!
208.0322 	DATA 	Keypress: c
208.9883 	INFO 	Trial c_std_ccw at 205.07531092999852
208.9900 	DATA 	Keypress: lshift
208.9915 	DATA 	Keypress: t
210.9669 	INFO 	Trial c_std_v at 207.05397803599772
210.9701 	DATA 	Keypress: lshift
210.9716 	DATA 	Keypress: t
213.0175 	INFO 	Trial c_std_ccw at 209.10457629499433
213.0200 	DATA 	Keypress: lshift
213.0215 	DATA 	Keypress: t
214.9501 	INFO 	Trial c_dev_v at 211.03708975399786
214.9516 	DATA 	Keypress: lshift
214.9531 	DATA 	Keypress: t
215.2796 	INFO 	Key c was pressed with a reaction time of 0.3201766130005126 seconds!
215.9636 	DATA 	Keypress: c
217.0395 	INFO 	Trial c_std_cw at 213.1265201149945
217.0410 	DATA 	Keypress: lshift
217.0425 	DATA 	Keypress: t
219.1496 	INFO 	Trial c_std_v at 215.23665432699636
219.1510 	DATA 	Keypress: lshift
219.1530 	DATA 	Keypress: t
221.1794 	INFO 	Trial c_dev_ccw at 217.2664007200001
221.5096 	INFO 	Key c was pressed with a reaction time of 0.32399976199667435 seconds!
222.1871 	DATA 	Keypress: lshift
222.1887 	DATA 	Keypress: t
222.1909 	DATA 	Keypress: c
223.0956 	INFO 	Trial c_std_ccw at 219.18263856699923
223.0972 	DATA 	Keypress: lshift
223.0986 	DATA 	Keypress: t
225.0640 	INFO 	Trial c_std_v at 221.1509888359942
225.0671 	DATA 	Keypress: lshift
225.0692 	DATA 	Keypress: t
227.1156 	INFO 	Trial c_std_cw at 223.2026562569954
227.1169 	DATA 	Keypress: lshift
227.1196 	DATA 	Keypress: t
229.1058 	INFO 	End of the control block 4 at 225.19279808199644
229.1077 	DATA 	Keypress: lshift
229.1091 	DATA 	Keypress: t
230.3455 	DATA 	Keypress: lshift
230.3471 	DATA 	Keypress: t
232.3445 	DATA 	Keypress: lshift
232.3462 	DATA 	Keypress: t
234.3444 	DATA 	Keypress: lshift
234.3457 	DATA 	Keypress: t
236.3445 	DATA 	Keypress: lshift
236.3462 	DATA 	Keypress: t
238.3422 	DATA 	Keypress: lshift
238.3436 	DATA 	Keypress: t
239.1136 	INFO 	Start of the main block 5 at 235.20058032399538
240.3398 	DATA 	Keypress: lshift
240.3410 	DATA 	Keypress: t
241.1210 	INFO 	Trial m_std_cw at 237.20798340599868
243.0261 	INFO 	Trial m_std_ccw at 239.11311063899484
243.0275 	DATA 	Keypress: lshift
243.0288 	DATA 	Keypress: t
245.0068 	INFO 	Trial m_std_cw at 241.09379360399907
245.0081 	DATA 	Keypress: lshift
245.0094 	DATA 	Keypress: t
246.9757 	INFO 	Trial m_dev at 243.06273219499417
246.9769 	DATA 	Keypress: lshift
246.9786 	DATA 	Keypress: t
247.3337 	INFO 	Key c was pressed with a reaction time of 0.34788559500157135 seconds!
247.9900 	DATA 	Keypress: c
249.0859 	INFO 	Trial m_std_ccw at 245.17290244899777
249.0878 	DATA 	Keypress: lshift
249.0890 	DATA 	Keypress: t
251.0249 	INFO 	Trial m_std_cw at 247.11191685499944
251.0277 	DATA 	Keypress: lshift
251.0292 	DATA 	Keypress: t
253.0350 	INFO 	Trial m_dev at 249.12206980599876
253.0381 	DATA 	Keypress: lshift
253.0397 	DATA 	Keypress: t
253.5536 	INFO 	Key c was pressed with a reaction time of 0.5078686550041311 seconds!
254.0481 	DATA 	Keypress: c
254.9457 	INFO 	Trial m_std_ccw at 251.03276384299534
254.9489 	DATA 	Keypress: lshift
254.9512 	DATA 	Keypress: t
256.8795 	INFO 	Trial m_std_ccw at 252.9665469409956
256.8808 	DATA 	Keypress: lshift
256.8821 	DATA 	Keypress: t
258.9283 	INFO 	Trial m_std_ccw at 255.01528652599518
259.9360 	DATA 	Keypress: lshift
259.9375 	DATA 	Keypress: t
261.0349 	INFO 	Trial m_dev at 257.12197116899915
261.0362 	DATA 	Keypress: lshift
261.0379 	DATA 	Keypress: t
261.4286 	INFO 	Key c was pressed with a reaction time of 0.38265523099835264 seconds!
262.0497 	DATA 	Keypress: c
262.9460 	INFO 	Trial m_std_cw at 259.03300914299325
262.9490 	DATA 	Keypress: lshift
262.9505 	DATA 	Keypress: t
264.9766 	INFO 	Trial m_std_ccw at 261.0635826949947
264.9778 	DATA 	Keypress: lshift
264.9791 	DATA 	Keypress: t
265.4616 	INFO 	Key c was pressed with a reaction time of 0.47545405400160234 seconds!
265.9901 	DATA 	Keypress: c
267.0562 	INFO 	Trial m_std_cw at 263.14322609699593
267.0578 	DATA 	Keypress: lshift
267.0592 	DATA 	Keypress: t
269.0955 	INFO 	Trial m_dev at 265.1825528939953
269.0985 	DATA 	Keypress: lshift
269.0998 	DATA 	Keypress: t
269.5806 	INFO 	Key c was pressed with a reaction time of 0.4742207859962946 seconds!
270.1089 	DATA 	Keypress: c
271.1865 	INFO 	Trial m_std_cw at 267.2734975459971
271.1880 	DATA 	Keypress: lshift
271.1896 	DATA 	Keypress: t
273.1750 	INFO 	Trial m_std_ccw at 269.2619796079962
273.1779 	DATA 	Keypress: lshift
273.1808 	DATA 	Keypress: t
275.2876 	INFO 	Trial m_std_cw at 271.3745963449983
275.2888 	DATA 	Keypress: lshift
275.2902 	DATA 	Keypress: t
277.2974 	INFO 	End of the main block 5 at 273.3843900869979
277.3141 	DATA 	Keypress: lshift
277.3159 	DATA 	Keypress: t
278.3464 	DATA 	Keypress: lshift
278.3479 	DATA 	Keypress: t
280.3434 	DATA 	Keypress: lshift
280.3452 	DATA 	Keypress: t
282.3466 	DATA 	Keypress: lshift
282.3481 	DATA 	Keypress: t
284.3496 	DATA 	Keypress: lshift
284.3524 	DATA 	Keypress: t
286.3436 	DATA 	Keypress: lshift
286.3454 	DATA 	Keypress: t
287.3027 	INFO 	Start of the main block 6 at 283.38970161799807
288.3371 	DATA 	Keypress: lshift
288.3386 	DATA 	Keypress: t
289.3100 	INFO 	Trial m_std_cw at 285.39705633599806
291.3456 	INFO 	Trial m_std_ccw at 287.432590614997
291.3468 	DATA 	Keypress: lshift
291.3482 	DATA 	Keypress: t
292.3564 	DATA 	Keypress: lshift
292.3582 	DATA 	Keypress: t
293.3240 	INFO 	Trial m_dev at 289.4110299629974
293.9046 	INFO 	Key c was pressed with a reaction time of 0.571120284999779 seconds!
294.3360 	DATA 	Keypress: c
294.3373 	DATA 	Keypress: lshift
294.3385 	DATA 	Keypress: t
295.3635 	INFO 	Trial m_std_cw at 291.450571081994
296.3738 	DATA 	Keypress: lshift
296.3755 	DATA 	Keypress: t
297.4611 	INFO 	Trial m_std_ccw at 293.54816743499396
298.4705 	DATA 	Keypress: lshift
298.4721 	DATA 	Keypress: t
299.5080 	INFO 	Trial m_std_ccw at 295.59497975299746
300.5189 	DATA 	Keypress: lshift
300.5205 	DATA 	Keypress: t
301.4367 	INFO 	Trial m_dev at 297.52376769299735
301.9817 	INFO 	Key c was pressed with a reaction time of 0.536403568003152 seconds!
302.4473 	DATA 	Keypress: c
302.4483 	DATA 	Keypress: lshift
302.4495 	DATA 	Keypress: t
303.5453 	INFO 	Trial m_std_cw at 299.63232594099827
304.5542 	DATA 	Keypress: lshift
304.5558 	DATA 	Keypress: t
305.5212 	INFO 	Trial m_std_ccw at 301.60818808899785
306.5307 	DATA 	Keypress: lshift
306.5320 	DATA 	Keypress: t
307.4797 	INFO 	Trial m_dev at 303.56670298899553
307.8967 	INFO 	Key c was pressed with a reaction time of 0.40815285200369544 seconds!
308.4906 	DATA 	Keypress: c
308.4918 	DATA 	Keypress: lshift
308.4929 	DATA 	Keypress: t
309.5886 	INFO 	Trial m_std_cw at 305.67560588399647
310.5981 	DATA 	Keypress: lshift
310.5996 	DATA 	Keypress: t
311.6454 	INFO 	Trial m_std_cw at 307.7323861279947
312.6551 	DATA 	Keypress: lshift
312.6566 	DATA 	Keypress: t
313.7021 	INFO 	Trial m_std_ccw at 309.789160040993
314.7121 	DATA 	Keypress: lshift
314.7135 	DATA 	Keypress: t
315.6192 	INFO 	Trial m_dev at 311.70623508399876
316.1006 	INFO 	Key c was pressed with a reaction time of 0.4745178540033521 seconds!
316.6296 	DATA 	Keypress: c
316.6303 	DATA 	Keypress: lshift
316.6313 	DATA 	Keypress: t
317.7061 	INFO 	Trial m_std_cw at 313.7931099829948
318.7151 	DATA 	Keypress: lshift
318.7167 	DATA 	Keypress: t
319.6726 	INFO 	Trial m_std_ccw at 315.7596193569989
320.6817 	DATA 	Keypress: lshift
320.6830 	DATA 	Keypress: t
321.5808 	INFO 	Trial m_std_cw at 317.66787184899295
323.5393 	INFO 	Trial m_std_ccw at 319.62629004699556
323.5405 	DATA 	Keypress: lshift
323.5418 	DATA 	Keypress: t
324.0977 	INFO 	Key c was pressed with a reaction time of 0.5492909570020856 seconds!
324.5532 	DATA 	Keypress: c
324.5540 	DATA 	Keypress: lshift
324.5552 	DATA 	Keypress: t
325.4485 	INFO 	End of the main block 6 at 321.5355117129948
326.3454 	DATA 	Keypress: lshift
326.3467 	DATA 	Keypress: t
328.3454 	DATA 	Keypress: lshift
328.3468 	DATA 	Keypress: t
330.3414 	DATA 	Keypress: lshift
330.3428 	DATA 	Keypress: t
332.3432 	DATA 	Keypress: lshift
332.3445 	DATA 	Keypress: t
334.3444 	DATA 	Keypress: lshift
334.3458 	DATA 	Keypress: t
335.4537 	INFO 	Start of the main block 7 at 331.54068717799964
336.3479 	DATA 	Keypress: lshift
336.3496 	DATA 	Keypress: t
337.4610 	INFO 	Trial m_std_ccw at 333.54805170999316
338.4673 	DATA 	Keypress: lshift
338.4688 	DATA 	Keypress: t
339.4963 	INFO 	Trial m_std_ccw at 335.5832931759942
341.4650 	INFO 	Trial m_dev at 337.55207305899967
341.4663 	DATA 	Keypress: lshift
341.4677 	DATA 	Keypress: t
342.0377 	INFO 	Key c was pressed with a reaction time of 0.5631285720010055 seconds!
342.4782 	DATA 	Keypress: c
342.4795 	DATA 	Keypress: lshift
342.4809 	DATA 	Keypress: t
343.5146 	INFO 	Trial m_std_ccw at 339.60158668799704
344.5231 	DATA 	Keypress: lshift
344.5245 	DATA 	Keypress: t
345.5201 	INFO 	Trial m_std_cw at 341.6071005929989
346.5313 	DATA 	Keypress: lshift
346.5327 	DATA 	Keypress: t
347.6290 	INFO 	Trial m_dev at 343.716059210994
348.0787 	INFO 	Key c was pressed with a reaction time of 0.44293941000069026 seconds!
348.6396 	DATA 	Keypress: c
348.6405 	DATA 	Keypress: lshift
348.6415 	DATA 	Keypress: t
349.6358 	INFO 	Trial m_std_cw at 345.7228663209971
350.6453 	DATA 	Keypress: lshift
350.6467 	DATA 	Keypress: t
351.5527 	INFO 	Trial m_std_ccw at 347.6397120279944
352.5621 	DATA 	Keypress: lshift
352.5635 	DATA 	Keypress: t
353.5995 	INFO 	Trial m_std_ccw at 349.6865464059956
354.6092 	DATA 	Keypress: lshift
354.6106 	DATA 	Keypress: t
355.6165 	INFO 	Trial m_std_ccw at 351.7035453639983
356.6268 	DATA 	Keypress: lshift
356.6281 	DATA 	Keypress: t
357.6259 	INFO 	Trial m_std_cw at 353.7129129609966
358.2186 	INFO 	Key c was pressed with a reaction time of 0.5842021630014642 seconds!
358.6365 	DATA 	Keypress: c
358.6377 	DATA 	Keypress: lshift
358.6389 	DATA 	Keypress: t
359.6345 	INFO 	Trial m_dev at 355.72149016199546
360.1927 	INFO 	Key c was pressed with a reaction time of 0.5521256689971779 seconds!
360.6444 	DATA 	Keypress: c
360.6450 	DATA 	Keypress: lshift
360.6461 	DATA 	Keypress: t
361.7306 	INFO 	Trial m_std_ccw at 357.81767431099433
362.7399 	DATA 	Keypress: lshift
362.7416 	DATA 	Keypress: t
363.6371 	INFO 	Trial m_std_cw at 359.7241140909973
364.6465 	DATA 	Keypress: lshift
364.6481 	DATA 	Keypress: t
365.6055 	INFO 	Trial m_dev at 361.6925189209942
366.1547 	INFO 	Key c was pressed with a reaction time of 0.5401837769968552 seconds!
366.6179 	DATA 	Keypress: c
366.6191 	DATA 	Keypress: lshift
366.6204 	DATA 	Keypress: t
367.6046 	INFO 	Trial m_std_cw at 363.6916191239943
368.6138 	DATA 	Keypress: lshift
368.6153 	DATA 	Keypress: t
369.5807 	INFO 	Trial m_std_cw at 365.66768415499973
370.5902 	DATA 	Keypress: lshift
370.5919 	DATA 	Keypress: t
371.6175 	INFO 	Trial m_std_cw at 367.7045757559972
372.6281 	DATA 	Keypress: lshift
372.6295 	DATA 	Keypress: t
373.5955 	INFO 	End of the main block 7 at 369.68250775499473
374.3406 	DATA 	Keypress: lshift
374.3419 	DATA 	Keypress: t
376.3421 	DATA 	Keypress: lshift
376.3433 	DATA 	Keypress: t
378.3463 	DATA 	Keypress: lshift
378.3478 	DATA 	Keypress: t
380.3454 	DATA 	Keypress: lshift
380.3472 	DATA 	Keypress: t
382.3422 	DATA 	Keypress: lshift
382.3436 	DATA 	Keypress: t
383.6010 	INFO 	Start of the main block 8 at 379.68799948800006
384.3419 	DATA 	Keypress: lshift
384.3434 	DATA 	Keypress: t
385.6080 	INFO 	Trial m_std_ccw at 381.6950486509959
386.6155 	DATA 	Keypress: lshift
386.6169 	DATA 	Keypress: t
387.5345 	INFO 	Trial m_std_ccw at 383.6215674799969
389.5529 	INFO 	Trial m_dev at 385.63996268299525
389.5542 	DATA 	Keypress: lshift
389.5555 	DATA 	Keypress: t
390.1377 	INFO 	Key c was pressed with a reaction time of 0.5751902349948068 seconds!
390.5676 	DATA 	Keypress: c
390.5691 	DATA 	Keypress: lshift
390.5707 	DATA 	Keypress: t
391.6425 	INFO 	Trial m_std_cw at 387.72954938999465
392.6519 	DATA 	Keypress: lshift
392.6535 	DATA 	Keypress: t
393.7286 	INFO 	Trial m_std_cw at 389.81565267799306
394.7378 	DATA 	Keypress: lshift
394.7391 	DATA 	Keypress: t
395.7350 	INFO 	Trial m_std_cw at 391.8220691339957
396.7451 	DATA 	Keypress: lshift
396.7465 	DATA 	Keypress: t
397.6922 	INFO 	Trial m_dev at 393.7792016989988
398.1648 	INFO 	Key c was pressed with a reaction time of 0.4652429510024376 seconds!
398.7032 	DATA 	Keypress: c
398.7039 	DATA 	Keypress: lshift
398.7049 	DATA 	Keypress: t
399.6896 	INFO 	Trial m_std_ccw at 395.7766132129982
400.6989 	DATA 	Keypress: lshift
400.7006 	DATA 	Keypress: t
401.6859 	INFO 	Trial m_std_cw at 397.7728805269944
402.6956 	DATA 	Keypress: lshift
402.6970 	DATA 	Keypress: t
403.7045 	INFO 	Trial m_std_cw at 399.79150739199395
404.7141 	DATA 	Keypress: lshift
404.7154 	DATA 	Keypress: t
405.6330 	INFO 	Trial m_std_ccw at 401.72006206999504
407.5819 	INFO 	Trial m_std_cw at 403.6688972099946
407.5840 	DATA 	Keypress: lshift
407.5853 	DATA 	Keypress: t
408.5946 	DATA 	Keypress: lshift
408.5961 	DATA 	Keypress: t
409.6516 	INFO 	Trial m_dev at 405.7386281739964
410.1456 	INFO 	Key c was pressed with a reaction time of 0.48549024800013285 seconds!
410.6634 	DATA 	Keypress: c
410.6646 	DATA 	Keypress: lshift
410.6674 	DATA 	Keypress: t
411.6202 	INFO 	Trial m_std_ccw at 407.707191468995
412.6292 	DATA 	Keypress: lshift
412.6307 	DATA 	Keypress: t
413.6264 	INFO 	Trial m_std_ccw at 409.7133912279969
414.6365 	DATA 	Keypress: lshift
414.6378 	DATA 	Keypress: t
415.6638 	INFO 	Trial m_dev at 411.75082334899344
416.1196 	INFO 	Key c was pressed with a reaction time of 0.44928443200478796 seconds!
416.6742 	DATA 	Keypress: c
416.6750 	DATA 	Keypress: lshift
416.6760 	DATA 	Keypress: t
417.6404 	INFO 	Trial m_std_ccw at 413.7273982689949
418.6509 	DATA 	Keypress: lshift
418.6526 	DATA 	Keypress: t
419.6975 	INFO 	Trial m_std_cw at 415.7845357459955
420.7070 	DATA 	Keypress: lshift
420.7084 	DATA 	Keypress: t
421.7444 	INFO 	End of the main block 8 at 417.83140438899864
422.3412 	DATA 	Keypress: lshift
422.3425 	DATA 	Keypress: t
424.3404 	DATA 	Keypress: lshift
424.3419 	DATA 	Keypress: t
426.3386 	DATA 	Keypress: lshift
426.3401 	DATA 	Keypress: t
428.3513 	DATA 	Keypress: lshift
428.3529 	DATA 	Keypress: t
430.3443 	DATA 	Keypress: lshift
430.3457 	DATA 	Keypress: t
431.7523 	INFO 	Start of the main block 9 at 427.83927658599714
432.3453 	DATA 	Keypress: lshift
432.3469 	DATA 	Keypress: t
433.7596 	INFO 	Trial m_std_ccw at 429.84659022799315
434.7667 	DATA 	Keypress: lshift
434.7680 	DATA 	Keypress: t
435.8156 	INFO 	Trial m_std_cw at 431.9026080479962
436.8256 	DATA 	Keypress: lshift
436.8269 	DATA 	Keypress: t
437.8046 	INFO 	Trial m_dev at 433.8916420099995
438.4248 	INFO 	Key c was pressed with a reaction time of 0.6112831200007349 seconds!
439.8335 	INFO 	Trial m_std_ccw at 435.9205281849936
439.8348 	DATA 	Keypress: lshift
439.8363 	DATA 	Keypress: t
439.8396 	DATA 	Keypress: c
440.8467 	DATA 	Keypress: lshift
440.8482 	DATA 	Keypress: t
441.8157 	INFO 	Trial m_std_ccw at 437.9026818449929
442.8254 	DATA 	Keypress: lshift
442.8268 	DATA 	Keypress: t
443.9243 	INFO 	Trial m_dev at 440.01130812899646
444.5887 	INFO 	Key c was pressed with a reaction time of 0.6559506999983569 seconds!
444.9340 	DATA 	Keypress: lshift
444.9354 	DATA 	Keypress: t
444.9388 	DATA 	Keypress: c
446.0229 	INFO 	Trial m_std_cw at 442.109880238997
447.0313 	DATA 	Keypress: lshift
447.0330 	DATA 	Keypress: t
448.0385 	INFO 	Trial m_std_cw at 444.1255501689957
449.0479 	DATA 	Keypress: lshift
449.0500 	DATA 	Keypress: t
449.9969 	INFO 	Trial m_std_ccw at 446.08392866399663
451.0068 	DATA 	Keypress: lshift
451.0081 	DATA 	Keypress: t
451.9057 	INFO 	Trial m_std_cw at 447.99270433499623
452.9169 	DATA 	Keypress: lshift
452.9182 	DATA 	Keypress: t
453.9148 	INFO 	Trial m_std_cw at 450.0018311609965
454.9247 	DATA 	Keypress: lshift
454.9260 	DATA 	Keypress: t
455.8937 	INFO 	Trial m_std_cw at 451.98071908599377
457.9021 	INFO 	Trial m_dev at 453.98915599299653
457.9036 	DATA 	Keypress: lshift
457.9049 	DATA 	Keypress: t
458.3567 	INFO 	Key c was pressed with a reaction time of 0.446102695997979 seconds!
458.9136 	DATA 	Keypress: lshift
458.9166 	DATA 	Keypress: t
458.9201 	DATA 	Keypress: c
460.0106 	INFO 	Trial m_std_ccw at 456.0976156319957
461.0198 	DATA 	Keypress: lshift
461.0212 	DATA 	Keypress: t
462.0469 	INFO 	Trial m_std_ccw at 458.1339142589932
463.0579 	DATA 	Keypress: lshift
463.0593 	DATA 	Keypress: t
464.0868 	INFO 	Trial m_dev at 460.173796062998
464.6347 	INFO 	Key c was pressed with a reaction time of 0.5395501689999946 seconds!
465.0963 	DATA 	Keypress: lshift
465.0976 	DATA 	Keypress: t
465.0998 	DATA 	Keypress: c
466.0852 	INFO 	Trial m_std_ccw at 462.172207107993
467.0942 	DATA 	Keypress: lshift
467.0956 	DATA 	Keypress: t
468.0015 	INFO 	Trial m_std_cw at 464.088502544997
469.0109 	DATA 	Keypress: lshift
469.0124 	DATA 	Keypress: t
469.9084 	INFO 	End of the main block 9 at 465.9953987589979
470.3378 	DATA 	Keypress: lshift
470.3393 	DATA 	Keypress: t
472.3401 	DATA 	Keypress: lshift
472.3414 	DATA 	Keypress: t
474.3501 	DATA 	Keypress: lshift
474.3517 	DATA 	Keypress: t
476.3456 	DATA 	Keypress: lshift
476.3473 	DATA 	Keypress: t
478.3405 	DATA 	Keypress: lshift
478.3417 	DATA 	Keypress: t
479.9141 	INFO 	Start of the main block 10 at 476.0011092529967
480.3399 	DATA 	Keypress: lshift
480.3411 	DATA 	Keypress: t
481.9214 	INFO 	Trial m_std_cw at 478.00842005299637
482.9287 	DATA 	Keypress: lshift
482.9301 	DATA 	Keypress: t
483.9078 	INFO 	Trial m_std_ccw at 479.9948387799959
484.9176 	DATA 	Keypress: lshift
484.9190 	DATA 	Keypress: t
484.9986 	INFO 	Key c was pressed with a reaction time of 1.0822566830029245 seconds!
485.9864 	INFO 	Trial m_dev at 482.07339229599893
485.9912 	DATA 	Keypress: c
486.8388 	INFO 	Key c was pressed with a reaction time of 0.8402197819959838 seconds!
487.0000 	DATA 	Keypress: lshift
487.0016 	DATA 	Keypress: t
487.0030 	DATA 	Keypress: c
487.9986 	INFO 	Trial m_std_cw at 484.0856340829996
489.9373 	INFO 	Trial m_std_ccw at 486.02428464999684
489.9403 	DATA 	Keypress: lshift
489.9417 	DATA 	Keypress: t
490.9497 	DATA 	Keypress: lshift
490.9512 	DATA 	Keypress: t
491.9482 	INFO 	Trial m_std_ccw at 488.03520008799387
492.9579 	DATA 	Keypress: lshift
492.9592 	DATA 	Keypress: t
494.0169 	INFO 	Trial m_dev at 490.10391991899814
494.6048 	INFO 	Key c was pressed with a reaction time of 0.5794742220023181 seconds!
495.0265 	DATA 	Keypress: lshift
495.0279 	DATA 	Keypress: t
495.0300 	DATA 	Keypress: c
496.1254 	INFO 	Trial m_std_ccw at 492.212382726997
497.1351 	DATA 	Keypress: lshift
497.1368 	DATA 	Keypress: t
498.0324 	INFO 	Trial m_std_cw at 494.1193855709935
499.0420 	DATA 	Keypress: lshift
499.0434 	DATA 	Keypress: t
500.0892 	INFO 	Trial m_std_cw at 496.1762192249953
501.0993 	DATA 	Keypress: lshift
501.1014 	DATA 	Keypress: t
502.0362 	INFO 	Trial m_dev at 498.1231864089932
502.5798 	INFO 	Key c was pressed with a reaction time of 0.5364326139970217 seconds!
503.0461 	DATA 	Keypress: lshift
503.0477 	DATA 	Keypress: t
503.0501 	DATA 	Keypress: c
503.9935 	INFO 	Trial m_std_ccw at 500.0804318189985
505.0029 	DATA 	Keypress: lshift
505.0045 	DATA 	Keypress: t
506.0201 	INFO 	Trial m_std_cw at 502.1070810509991
507.0296 	DATA 	Keypress: lshift
507.0312 	DATA 	Keypress: t
508.1086 	INFO 	Trial m_std_ccw at 504.1955871549944
510.0870 	INFO 	Trial m_std_ccw at 506.1740025399995
510.0881 	DATA 	Keypress: lshift
510.0895 	DATA 	Keypress: t
511.1000 	DATA 	Keypress: lshift
511.1015 	DATA 	Keypress: t
512.0767 	INFO 	Trial m_dev at 508.1637538139985
512.5287 	INFO 	Key c was pressed with a reaction time of 0.4453072100004647 seconds!
513.0861 	DATA 	Keypress: lshift
513.0877 	DATA 	Keypress: t
513.0897 	DATA 	Keypress: c
514.0035 	INFO 	Trial m_std_cw at 510.0905525019989
515.0131 	DATA 	Keypress: lshift
515.0160 	DATA 	Keypress: t
516.0403 	INFO 	Trial m_std_cw at 512.127324396999
517.0501 	DATA 	Keypress: lshift
517.0515 	DATA 	Keypress: t
518.0688 	INFO 	End of the main block 10 at 514.1558453999969
518.3418 	DATA 	Keypress: lshift
518.3430 	DATA 	Keypress: t
520.3453 	DATA 	Keypress: lshift
520.3468 	DATA 	Keypress: t
522.3495 	DATA 	Keypress: lshift
522.3508 	DATA 	Keypress: t
524.3463 	DATA 	Keypress: lshift
524.3491 	DATA 	Keypress: t
526.3493 	DATA 	Keypress: lshift
526.3505 	DATA 	Keypress: t
528.0758 	INFO 	Start of the control block 11 at 524.1627895859929
528.3392 	DATA 	Keypress: lshift
528.3406 	DATA 	Keypress: t
530.0832 	INFO 	Trial c_std_ccw at 526.1701928519979
531.0895 	DATA 	Keypress: lshift
531.0910 	DATA 	Keypress: t
531.9884 	INFO 	Trial c_std_ccw at 528.0753984619951
532.9979 	DATA 	Keypress: lshift
532.9993 	DATA 	Keypress: t
534.0968 	INFO 	Trial c_std_v at 530.1838609549959
535.1076 	DATA 	Keypress: lshift
535.1089 	DATA 	Keypress: t
536.0965 	INFO 	Trial c_std_ccw at 532.1835024989996
537.1059 	DATA 	Keypress: lshift
537.1071 	DATA 	Keypress: t
538.1148 	INFO 	Trial c_std_v at 534.2018633739935
539.1250 	DATA 	Keypress: lshift
539.1264 	DATA 	Keypress: t
540.1138 	INFO 	Trial c_dev_ccw at 536.2008736849966
540.4581 	INFO 	Key c was pressed with a reaction time of 0.3354192099941429 seconds!
541.1239 	DATA 	Keypress: lshift
541.1252 	DATA 	Keypress: t
541.1279 	DATA 	Keypress: c
542.1127 	INFO 	Trial c_std_cw at 538.1997741219966
543.1231 	DATA 	Keypress: lshift
543.1248 	DATA 	Keypress: t
544.1803 	INFO 	Trial c_std_v at 540.2672957109971
545.1901 	DATA 	Keypress: lshift
545.1916 	DATA 	Keypress: t
546.2376 	INFO 	Trial c_dev_cw at 542.3246119229952
546.6087 	INFO 	Key c was pressed with a reaction time of 0.36336348099575844 seconds!
547.2492 	DATA 	Keypress: lshift
547.2507 	DATA 	Keypress: t
547.2531 	DATA 	Keypress: c
548.2554 	INFO 	Trial c_std_v at 544.3424296629964
549.2661 	DATA 	Keypress: lshift
549.2677 	DATA 	Keypress: t
550.2431 	INFO 	Trial c_std_cw at 546.3300915319996
551.2526 	DATA 	Keypress: lshift
551.2539 	DATA 	Keypress: t
552.2599 	INFO 	Trial c_dev_v at 548.3469036339957
552.6527 	INFO 	Key c was pressed with a reaction time of 0.38530425100179855 seconds!
553.2701 	DATA 	Keypress: lshift
553.2716 	DATA 	Keypress: t
553.2731 	DATA 	Keypress: c
554.3274 	INFO 	Trial c_std_ccw at 550.4143997789943
555.3369 	DATA 	Keypress: lshift
555.3387 	DATA 	Keypress: t
556.2839 	INFO 	Trial c_std_cw at 552.3709405209956
557.2931 	DATA 	Keypress: lshift
557.2947 	DATA 	Keypress: t
558.3204 	INFO 	Trial c_dev_v at 554.4074038759936
558.6697 	INFO 	Key c was pressed with a reaction time of 0.3414731910015689 seconds!
559.3315 	DATA 	Keypress: lshift
559.3331 	DATA 	Keypress: t
559.3362 	DATA 	Keypress: c
560.2683 	INFO 	Trial c_std_cw at 556.3552997649967
561.2793 	DATA 	Keypress: lshift
561.2820 	DATA 	Keypress: t
562.2461 	INFO 	Trial c_std_ccw at 558.3331412769985
563.2552 	DATA 	Keypress: lshift
563.2566 	DATA 	Keypress: t
564.2741 	INFO 	Trial c_std_cw at 560.3611704279974
566.2228 	INFO 	End of the control block 11 at 562.3098317009935
566.2247 	DATA 	Keypress: lshift
566.2261 	DATA 	Keypress: t
566.3397 	DATA 	Keypress: lshift
566.3409 	DATA 	Keypress: t
568.3490 	DATA 	Keypress: lshift
568.3502 	DATA 	Keypress: t
570.3465 	DATA 	Keypress: lshift
570.3484 	DATA 	Keypress: t
572.3487 	DATA 	Keypress: lshift
572.3500 	DATA 	Keypress: t
574.3491 	DATA 	Keypress: lshift
574.3505 	DATA 	Keypress: t
576.2307 	INFO 	Start of the control block 12 at 572.3177013869936
576.3494 	DATA 	Keypress: lshift
576.3508 	DATA 	Keypress: t
578.2381 	INFO 	Trial c_std_cw at 574.3251302199933
579.2444 	DATA 	Keypress: lshift
579.2457 	DATA 	Keypress: t
580.3034 	INFO 	Trial c_std_cw at 576.3903984179997
582.3117 	INFO 	Trial c_dev_ccw at 578.3986857349955
582.3129 	DATA 	Keypress: lshift
582.3142 	DATA 	Keypress: t
582.7487 	INFO 	Key c was pressed with a reaction time of 0.4275445099992794 seconds!
583.3239 	DATA 	Keypress: lshift
583.3254 	DATA 	Keypress: t
583.3270 	DATA 	Keypress: c
584.2512 	INFO 	Trial c_std_ccw at 580.338221592996
585.2621 	DATA 	Keypress: lshift
585.2644 	DATA 	Keypress: t
586.3294 	INFO 	Trial c_std_ccw at 582.4163980939993
587.3389 	DATA 	Keypress: lshift
587.3403 	DATA 	Keypress: t
588.3178 	INFO 	Trial c_std_v at 584.4048336449996
590.3975 	INFO 	Trial c_std_cw at 586.4845683309977
590.3987 	DATA 	Keypress: lshift
590.4001 	DATA 	Keypress: t
590.4012 	DATA 	Keypress: lshift
590.4023 	DATA 	Keypress: t
592.3977 	INFO 	Trial c_dev_v at 588.4847019879962
592.4007 	DATA 	Keypress: lshift
592.4023 	DATA 	Keypress: t
592.8139 	INFO 	Key c was pressed with a reaction time of 0.404901134003012 seconds!
593.4115 	DATA 	Keypress: c
594.4889 	INFO 	Trial c_std_cw at 590.5759643419951
594.4919 	DATA 	Keypress: lshift
594.4935 	DATA 	Keypress: t
596.4315 	INFO 	Trial c_std_ccw at 592.5185707239943
596.4343 	DATA 	Keypress: lshift
596.4359 	DATA 	Keypress: t
598.4518 	INFO 	Trial c_dev_cw at 594.5388320279962
598.4548 	DATA 	Keypress: lshift
598.4563 	DATA 	Keypress: t
598.8087 	INFO 	Key c was pressed with a reaction time of 0.34548833000008017 seconds!
599.4656 	DATA 	Keypress: c
600.4033 	INFO 	Trial c_std_ccw at 596.4902935229984
600.4065 	DATA 	Keypress: lshift
600.4079 	DATA 	Keypress: t
602.3136 	INFO 	Trial c_std_cw at 598.4006473959962
603.3238 	DATA 	Keypress: lshift
603.3252 	DATA 	Keypress: t
604.2426 	INFO 	Trial c_std_v at 600.329643017998
605.2526 	DATA 	Keypress: lshift
605.2540 	DATA 	Keypress: t
606.2816 	INFO 	Trial c_dev_v at 602.368588942998
606.6158 	INFO 	Key c was pressed with a reaction time of 0.3257493479977711 seconds!
608.3101 	INFO 	Trial c_std_ccw at 604.3971402769967
608.3115 	DATA 	Keypress: lshift
608.3144 	DATA 	Keypress: t
608.3169 	DATA 	Keypress: c
609.3237 	DATA 	Keypress: lshift
609.3253 	DATA 	Keypress: t
610.2922 	INFO 	Trial c_std_v at 606.37918335
611.3020 	DATA 	Keypress: lshift
611.3036 	DATA 	Keypress: t
612.3995 	INFO 	Trial c_std_v at 608.4865473719983
612.4011 	DATA 	Keypress: lshift
612.4025 	DATA 	Keypress: t
614.4077 	INFO 	End of the control block 12 at 610.4947534569947
614.4120 	DATA 	Keypress: lshift
614.4146 	DATA 	Keypress: t
616.3481 	DATA 	Keypress: lshift
616.3495 	DATA 	Keypress: t
618.3513 	DATA 	Keypress: lshift
618.3527 	DATA 	Keypress: t
620.3486 	DATA 	Keypress: lshift
620.3499 	DATA 	Keypress: t
622.3493 	DATA 	Keypress: lshift
622.3507 	DATA 	Keypress: t
624.3372 	DATA 	Keypress: lshift
624.3388 	DATA 	Keypress: t
624.4192 	INFO 	Start of the control block 13 at 620.506266833996
626.3371 	DATA 	Keypress: lshift
626.3388 	DATA 	Keypress: t
626.4265 	INFO 	Trial c_std_ccw at 622.5135415679979
628.3716 	INFO 	Trial c_std_cw at 624.4586420379928
628.3728 	DATA 	Keypress: lshift
628.3742 	DATA 	Keypress: t
630.3916 	INFO 	Trial c_dev_cw at 626.4785794099953
630.7448 	INFO 	Key c was pressed with a reaction time of 0.3455795100016985 seconds!
631.4004 	DATA 	Keypress: lshift
631.4018 	DATA 	Keypress: t
631.4037 	DATA 	Keypress: c
632.3793 	INFO 	Trial c_std_cw at 628.4663173079971
632.3812 	DATA 	Keypress: lshift
632.3825 	DATA 	Keypress: t
634.4582 	INFO 	Trial c_std_v at 630.5451840199967
634.4610 	DATA 	Keypress: lshift
634.4636 	DATA 	Keypress: t
636.5315 	INFO 	Trial c_std_v at 632.6185568669971
636.5345 	DATA 	Keypress: lshift
636.5359 	DATA 	Keypress: t
638.5027 	INFO 	Trial c_std_cw at 634.5897483589943
638.5058 	DATA 	Keypress: lshift
638.5072 	DATA 	Keypress: t
640.5526 	INFO 	Trial c_std_v at 636.6396627959984
640.5559 	DATA 	Keypress: lshift
640.5574 	DATA 	Keypress: t
642.5229 	INFO 	Trial c_std_ccw at 638.6098965789934
642.5261 	DATA 	Keypress: lshift
642.5276 	DATA 	Keypress: t
644.5947 	INFO 	Trial c_dev_v at 640.6817634289982
644.5978 	DATA 	Keypress: lshift
644.5992 	DATA 	Keypress: t
644.9868 	INFO 	Key c was pressed with a reaction time of 0.3788628680049442 seconds!
645.6103 	DATA 	Keypress: c
646.6080 	INFO 	Trial c_std_cw at 642.694993956
646.6098 	DATA 	Keypress: lshift
646.6113 	DATA 	Keypress: t
648.6170 	INFO 	Trial c_std_ccw at 644.7040743819962
648.6200 	DATA 	Keypress: lshift
648.6215 	DATA 	Keypress: t
650.6470 	INFO 	Trial c_dev_ccw at 646.7339908579961
650.6501 	DATA 	Keypress: lshift
650.6515 	DATA 	Keypress: t
651.0108 	INFO 	Key c was pressed with a reaction time of 0.3511764970025979 seconds!
651.6638 	DATA 	Keypress: c
652.5897 	INFO 	Trial c_std_ccw at 648.6767031029958
652.5928 	DATA 	Keypress: lshift
652.5942 	DATA 	Keypress: t
654.4996 	INFO 	Trial c_std_ccw at 650.5865924309983
654.5028 	DATA 	Keypress: lshift
654.5043 	DATA 	Keypress: t
656.5507 	INFO 	Trial c_dev_v at 652.6377178059993
656.5519 	DATA 	Keypress: lshift
656.5535 	DATA 	Keypress: t
656.9047 	INFO 	Key c was pressed with a reaction time of 0.34383532399806427 seconds!
657.5649 	DATA 	Keypress: c
658.5509 	INFO 	Trial c_std_cw at 654.6379109959962
658.5527 	DATA 	Keypress: lshift
658.5541 	DATA 	Keypress: t
660.6600 	INFO 	Trial c_std_v at 656.7470528229969
660.6633 	DATA 	Keypress: lshift
660.6648 	DATA 	Keypress: t
662.6119 	INFO 	End of the control block 13 at 658.6989372279932
662.6140 	DATA 	Keypress: lshift
662.6153 	DATA 	Keypress: t
664.3495 	DATA 	Keypress: lshift
664.3510 	DATA 	Keypress: t
666.3424 	DATA 	Keypress: lshift
666.3440 	DATA 	Keypress: t
668.3479 	DATA 	Keypress: lshift
668.3492 	DATA 	Keypress: t
670.3479 	DATA 	Keypress: lshift
670.3492 	DATA 	Keypress: t
672.3506 	DATA 	Keypress: lshift
672.3520 	DATA 	Keypress: t
672.6201 	INFO 	Start of the main block 14 at 668.7070974449962
674.3472 	DATA 	Keypress: lshift
674.3485 	DATA 	Keypress: t
674.6279 	INFO 	Trial m_std_ccw at 670.7149084749981
676.5329 	INFO 	Trial m_std_cw at 672.6199702929953
676.5346 	DATA 	Keypress: lshift
676.5360 	DATA 	Keypress: t
678.6318 	INFO 	Trial m_std_ccw at 674.7188055579973
678.6331 	DATA 	Keypress: lshift
678.6344 	DATA 	Keypress: t
680.5802 	INFO 	Trial m_dev at 676.667271803999
681.0258 	INFO 	Key c was pressed with a reaction time of 0.43926855199970305 seconds!
681.5877 	DATA 	Keypress: lshift
681.5890 	DATA 	Keypress: t
681.5910 	DATA 	Keypress: c
682.5165 	INFO 	Trial m_std_cw at 678.6035594839996
682.5180 	DATA 	Keypress: lshift
682.5196 	DATA 	Keypress: t
684.5261 	INFO 	Trial m_std_cw at 680.6130913489978
684.5274 	DATA 	Keypress: lshift
684.5290 	DATA 	Keypress: t
686.5967 	INFO 	Trial m_dev at 682.6837107369938
686.5980 	DATA 	Keypress: lshift
686.5992 	DATA 	Keypress: t
687.0207 	INFO 	Key c was pressed with a reaction time of 0.4151704579999205 seconds!
687.6097 	DATA 	Keypress: c
688.6057 	INFO 	Trial m_std_ccw at 684.6926931109992
688.6085 	DATA 	Keypress: lshift
688.6101 	DATA 	Keypress: t
690.6859 	INFO 	Trial m_std_ccw at 686.772924400997
690.6872 	DATA 	Keypress: lshift
690.6886 	DATA 	Keypress: t
692.6947 	INFO 	Trial m_dev at 688.7816924259969
692.6961 	DATA 	Keypress: lshift
692.6975 	DATA 	Keypress: t
693.2419 	INFO 	Key c was pressed with a reaction time of 0.5378054510001675 seconds!
693.7061 	DATA 	Keypress: c
694.6141 	INFO 	Trial m_std_ccw at 690.701127384993
694.6171 	DATA 	Keypress: lshift
694.6185 	DATA 	Keypress: t
696.6045 	INFO 	Trial m_std_cw at 692.6915161819998
696.6076 	DATA 	Keypress: lshift
696.6088 	DATA 	Keypress: t
698.6147 	INFO 	Trial m_std_cw at 694.7017197499954
698.6178 	DATA 	Keypress: lshift
698.6193 	DATA 	Keypress: t
700.6758 	INFO 	Trial m_dev at 696.7628759949948
700.6802 	DATA 	Keypress: lshift
700.6817 	DATA 	Keypress: t
701.2809 	INFO 	Key c was pressed with a reaction time of 0.5925539460004074 seconds!
701.6924 	DATA 	Keypress: c
702.7084 	INFO 	Trial m_std_ccw at 698.7954090819985
702.7101 	DATA 	Keypress: lshift
702.7114 	DATA 	Keypress: t
704.6679 	INFO 	Trial m_std_ccw at 700.7549530219985
704.6708 	DATA 	Keypress: lshift
704.6725 	DATA 	Keypress: t
706.6785 	INFO 	Trial m_std_cw at 702.7655290519979
706.6800 	DATA 	Keypress: lshift
706.6816 	DATA 	Keypress: t
708.6879 	INFO 	Trial m_std_cw at 704.7749514869938
708.6893 	DATA 	Keypress: lshift
708.6908 	DATA 	Keypress: t
710.7969 	INFO 	End of the main block 14 at 706.8838850059983
710.7988 	DATA 	Keypress: lshift
710.8001 	DATA 	Keypress: t
712.3484 	DATA 	Keypress: lshift
712.3497 	DATA 	Keypress: t
714.3393 	DATA 	Keypress: lshift
714.3526 	DATA 	Keypress: t
716.3466 	DATA 	Keypress: lshift
716.3478 	DATA 	Keypress: t
718.3494 	DATA 	Keypress: lshift
718.3510 	DATA 	Keypress: t
720.3477 	DATA 	Keypress: lshift
720.3489 	DATA 	Keypress: t
720.8049 	INFO 	Start of the control block 15 at 716.8918841999985
722.3512 	DATA 	Keypress: lshift
722.3525 	DATA 	Keypress: t
722.8121 	INFO 	Trial c_std_cw at 718.8991720309932
724.7375 	INFO 	Trial c_std_cw at 720.8245179229998
724.7389 	DATA 	Keypress: lshift
724.7401 	DATA 	Keypress: t
726.6565 	INFO 	Trial c_std_cw at 722.7435021959973
727.6636 	DATA 	Keypress: lshift
727.6650 	DATA 	Keypress: t
728.7125 	INFO 	Trial c_std_v at 724.799549325995
728.7155 	DATA 	Keypress: lshift
728.7171 	DATA 	Keypress: t
730.7748 	INFO 	Trial c_std_cw at 726.8617886049979
730.7761 	DATA 	Keypress: lshift
730.7774 	DATA 	Keypress: t
732.8041 	INFO 	Trial c_dev_v at 728.8911534429935
732.8070 	DATA 	Keypress: lshift
732.8086 	DATA 	Keypress: t
733.1408 	INFO 	Key c was pressed with a reaction time of 0.32477954600472003 seconds!
733.8187 	DATA 	Keypress: c
734.8060 	INFO 	Trial c_std_ccw at 730.8930230899932
734.8078 	DATA 	Keypress: lshift
734.8091 	DATA 	Keypress: t
736.8960 	INFO 	Trial c_std_v at 732.9830077359948
737.9046 	DATA 	Keypress: lshift
737.9060 	DATA 	Keypress: t
738.8536 	INFO 	Trial c_dev_cw at 734.9406665959978
738.8566 	DATA 	Keypress: lshift
738.8579 	DATA 	Keypress: t
739.1817 	INFO 	Key c was pressed with a reaction time of 0.3171876870037522 seconds!
739.8668 	DATA 	Keypress: c
740.8446 	INFO 	Trial c_std_ccw at 736.9316221199988
740.8468 	DATA 	Keypress: lshift
740.8481 	DATA 	Keypress: t
742.8441 	INFO 	Trial c_std_v at 738.9310880689955
742.8471 	DATA 	Keypress: lshift
742.8489 	DATA 	Keypress: t
744.8146 	INFO 	Trial c_dev_v at 740.9016193959978
745.1928 	INFO 	Key c was pressed with a reaction time of 0.370093988996814 seconds!
745.8240 	DATA 	Keypress: lshift
745.8255 	DATA 	Keypress: t
745.8289 	DATA 	Keypress: c
746.8627 	INFO 	Trial c_std_ccw at 742.9497749189977
746.8640 	DATA 	Keypress: lshift
746.8655 	DATA 	Keypress: t
748.7827 	INFO 	Trial c_std_ccw at 744.869706958998
748.7840 	DATA 	Keypress: lshift
748.7853 	DATA 	Keypress: t
750.8020 	INFO 	Trial c_std_cw at 746.8889799039971
750.8033 	DATA 	Keypress: lshift
750.8046 	DATA 	Keypress: t
752.8208 	INFO 	Trial c_dev_ccw at 748.9078538639951
752.8239 	DATA 	Keypress: lshift
752.8256 	DATA 	Keypress: t
753.1798 	INFO 	Key c was pressed with a reaction time of 0.3472863420029171 seconds!
753.8361 	DATA 	Keypress: c
754.9226 	INFO 	Trial c_std_ccw at 751.0096014239971
754.9241 	DATA 	Keypress: lshift
754.9255 	DATA 	Keypress: t
757.0219 	INFO 	Trial c_std_v at 753.1089134759968
757.0232 	DATA 	Keypress: lshift
757.0246 	DATA 	Keypress: t
758.9810 	INFO 	End of the control block 15 at 755.0680477839996
758.9829 	DATA 	Keypress: lshift
758.9843 	DATA 	Keypress: t
760.3507 	DATA 	Keypress: lshift
760.3522 	DATA 	Keypress: t
762.3509 	DATA 	Keypress: lshift
762.3525 	DATA 	Keypress: t
764.3413 	DATA 	Keypress: lshift
764.3436 	DATA 	Keypress: t
766.3514 	DATA 	Keypress: lshift
766.3529 	DATA 	Keypress: t
768.3464 	DATA 	Keypress: lshift
768.3475 	DATA 	Keypress: t
768.9890 	INFO 	Start of the control block 16 at 765.0760510809996
770.3506 	DATA 	Keypress: lshift
770.3524 	DATA 	Keypress: t
770.9963 	INFO 	Trial c_std_v at 767.0833074829934
772.9518 	INFO 	Trial c_std_cw at 769.0388196789936
772.9530 	DATA 	Keypress: lshift
772.9544 	DATA 	Keypress: t
775.0130 	INFO 	Trial c_std_cw at 771.1000611179988
775.0146 	DATA 	Keypress: lshift
775.0160 	DATA 	Keypress: t
777.0019 	INFO 	Trial c_dev_cw at 773.0888991799948
777.3389 	INFO 	Key c was pressed with a reaction time of 0.32953555200219853 seconds!
778.0105 	DATA 	Keypress: lshift
778.0122 	DATA 	Keypress: t
778.0143 	DATA 	Keypress: c
778.9094 	INFO 	Trial c_std_ccw at 774.9963798479948
778.9122 	DATA 	Keypress: lshift
778.9139 	DATA 	Keypress: t
780.9720 	INFO 	Trial c_std_ccw at 777.0590339039991
780.9752 	DATA 	Keypress: lshift
780.9768 	DATA 	Keypress: t
783.0326 	INFO 	Trial c_dev_v at 779.1196636159948
783.0357 	DATA 	Keypress: lshift
783.0373 	DATA 	Keypress: t
783.3689 	INFO 	Key c was pressed with a reaction time of 0.3242041209960007 seconds!
784.0487 	DATA 	Keypress: c
785.1047 	INFO 	Trial c_std_v at 781.1917474039947
785.1066 	DATA 	Keypress: lshift
785.1082 	DATA 	Keypress: t
787.0642 	INFO 	Trial c_std_v at 783.1512286349971
787.0671 	DATA 	Keypress: lshift
787.0692 	DATA 	Keypress: t
789.0761 	INFO 	Trial c_std_ccw at 785.1631373909986
789.0793 	DATA 	Keypress: lshift
789.0807 	DATA 	Keypress: t
790.9876 	INFO 	Trial c_dev_v at 787.0746527119991
791.3199 	INFO 	Key c was pressed with a reaction time of 0.32596625899896026 seconds!
791.9950 	DATA 	Keypress: lshift
791.9965 	DATA 	Keypress: t
791.9986 	DATA 	Keypress: c
793.0940 	INFO 	Trial c_std_cw at 789.1810093429958
793.0958 	DATA 	Keypress: lshift
793.0971 	DATA 	Keypress: t
795.2028 	INFO 	Trial c_std_cw at 791.2898631489952
795.2057 	DATA 	Keypress: lshift
795.2070 	DATA 	Keypress: t
797.1626 	INFO 	Trial c_std_ccw at 793.2496127149934
797.1654 	DATA 	Keypress: lshift
797.1673 	DATA 	Keypress: t
799.1141 	INFO 	Trial c_std_v at 795.2011089969965
799.1154 	DATA 	Keypress: lshift
799.1168 	DATA 	Keypress: t
801.0925 	INFO 	Trial c_dev_ccw at 797.1795648639963
801.0941 	DATA 	Keypress: lshift
801.0954 	DATA 	Keypress: t
801.4919 	INFO 	Key c was pressed with a reaction time of 0.38968367600318743 seconds!
802.1060 	DATA 	Keypress: c
803.1323 	INFO 	Trial c_std_ccw at 799.2193223279974
803.1338 	DATA 	Keypress: lshift
803.1355 	DATA 	Keypress: t
805.1408 	INFO 	Trial c_std_cw at 801.2278763389986
805.1439 	DATA 	Keypress: lshift
805.1457 	DATA 	Keypress: t
807.1716 	INFO 	End of the control block 16 at 803.2586212519964
807.1751 	DATA 	Keypress: lshift
807.1770 	DATA 	Keypress: t
808.3399 	DATA 	Keypress: lshift
808.3524 	DATA 	Keypress: t
810.3483 	DATA 	Keypress: lshift
810.3496 	DATA 	Keypress: t
812.3493 	DATA 	Keypress: lshift
812.3505 	DATA 	Keypress: t
814.3483 	DATA 	Keypress: lshift
814.3496 	DATA 	Keypress: t
816.3486 	DATA 	Keypress: lshift
816.3498 	DATA 	Keypress: t
817.1818 	INFO 	Start of the control block 17 at 813.2688476039984
818.3463 	DATA 	Keypress: lshift
818.3477 	DATA 	Keypress: t
819.1897 	INFO 	Trial c_std_cw at 815.2767162149976
821.2359 	INFO 	Trial c_std_cw at 817.3229026939953
821.2371 	DATA 	Keypress: lshift
821.2385 	DATA 	Keypress: t
823.2059 	INFO 	Trial c_std_v at 819.2929010469961
823.2072 	DATA 	Keypress: lshift
823.2086 	DATA 	Keypress: t
825.2355 	INFO 	Trial c_std_ccw at 821.3225682269986
826.2446 	DATA 	Keypress: lshift
826.2460 	DATA 	Keypress: t
827.2335 	INFO 	Trial c_dev_v at 823.3205516999951
827.2367 	DATA 	Keypress: lshift
827.2383 	DATA 	Keypress: t
827.6537 	INFO 	Key c was pressed with a reaction time of 0.40676755100139417 seconds!
828.2488 	DATA 	Keypress: c
829.3270 	INFO 	Trial c_std_v at 825.4140338409998
829.3303 	DATA 	Keypress: lshift
829.3318 	DATA 	Keypress: t
831.2477 	INFO 	Trial c_std_v at 827.3347316339932
831.2507 	DATA 	Keypress: lshift
831.2522 	DATA 	Keypress: t
833.2387 	INFO 	Trial c_dev_ccw at 829.3257117799949
833.2417 	DATA 	Keypress: lshift
833.2430 	DATA 	Keypress: t
833.6451 	INFO 	Key c was pressed with a reaction time of 0.39489343400055077 seconds!
834.2542 	DATA 	Keypress: c
835.2302 	INFO 	Trial c_std_cw at 831.3172785829956
835.2319 	DATA 	Keypress: lshift
835.2333 	DATA 	Keypress: t
837.2488 	INFO 	Trial c_std_cw at 833.335782917995
837.2517 	DATA 	Keypress: lshift
837.2532 	DATA 	Keypress: t
839.1801 	INFO 	Trial c_std_cw at 835.2670803589936
839.1831 	DATA 	Keypress: lshift
839.1847 	DATA 	Keypress: t
841.1215 	INFO 	Trial c_dev_v at 837.2085260369931
841.1241 	DATA 	Keypress: lshift
841.1256 	DATA 	Keypress: t
841.4898 	INFO 	Key c was pressed with a reaction time of 0.3585651549947215 seconds!
842.1338 	DATA 	Keypress: c
843.2014 	INFO 	Trial c_std_ccw at 839.2883973849966
843.2031 	DATA 	Keypress: lshift
843.2057 	DATA 	Keypress: t
845.1329 	INFO 	Trial c_std_v at 841.2199762679957
845.1343 	DATA 	Keypress: lshift
845.1356 	DATA 	Keypress: t
847.2315 	INFO 	Trial c_std_ccw at 843.3185591009969
847.2327 	DATA 	Keypress: lshift
847.2341 	DATA 	Keypress: t
849.3218 	INFO 	Trial c_dev_cw at 845.408814000999
849.3249 	DATA 	Keypress: lshift
849.3274 	DATA 	Keypress: t
849.7458 	INFO 	Key c was pressed with a reaction time of 0.4116360249972786 seconds!
850.3384 	DATA 	Keypress: c
850.3396 	DATA 	Keypress: lshift
851.2543 	INFO 	Trial c_std_ccw at 847.3413424729952
851.2569 	DATA 	Keypress: t
853.3425 	INFO 	Trial c_std_ccw at 849.4295564379936
853.3455 	DATA 	Keypress: lshift
853.3474 	DATA 	Keypress: t
854.3561 	DATA 	Keypress: lshift
854.3572 	DATA 	Keypress: t
855.3750 	INFO 	End of the control block 17 at 851.4620615049935
856.3514 	DATA 	Keypress: lshift
856.3532 	DATA 	Keypress: t
858.3462 	DATA 	Keypress: lshift
858.3475 	DATA 	Keypress: t
860.3422 	DATA 	Keypress: lshift
860.3444 	DATA 	Keypress: t
862.3496 	DATA 	Keypress: lshift
862.3510 	DATA 	Keypress: t
864.3421 	DATA 	Keypress: lshift
864.3442 	DATA 	Keypress: t
865.3820 	INFO 	Start of the control block 18 at 861.4690460339989
866.3422 	DATA 	Keypress: lshift
866.3436 	DATA 	Keypress: t
867.3891 	INFO 	Trial c_std_v at 863.4761122409982
868.3967 	DATA 	Keypress: lshift
868.3983 	DATA 	Keypress: t
869.3957 	INFO 	Trial c_std_ccw at 865.4826847229997
870.4052 	DATA 	Keypress: lshift
870.4067 	DATA 	Keypress: t
871.4641 	INFO 	Trial c_std_v at 867.551113800997
873.4926 	INFO 	Trial c_std_cw at 869.5796737139972
873.4939 	DATA 	Keypress: lshift
873.4952 	DATA 	Keypress: t
874.5055 	DATA 	Keypress: lshift
874.5074 	DATA 	Keypress: t
875.4724 	INFO 	Trial c_dev_v at 871.5593950229959
875.8649 	INFO 	Key c was pressed with a reaction time of 0.3822964709979715 seconds!
876.4849 	DATA 	Keypress: c
876.4861 	DATA 	Keypress: lshift
876.4874 	DATA 	Keypress: t
877.5027 	INFO 	Trial c_std_ccw at 873.5896918999933
878.5110 	DATA 	Keypress: lshift
878.5124 	DATA 	Keypress: t
879.4793 	INFO 	Trial c_std_ccw at 875.566309777998
880.4887 	DATA 	Keypress: lshift
880.4901 	DATA 	Keypress: t
881.4478 	INFO 	Trial c_dev_v at 877.5348690039973
881.7780 	INFO 	Key c was pressed with a reaction time of 0.32190934799291426 seconds!
883.4961 	INFO 	Trial c_std_ccw at 879.5831513219964
883.4985 	DATA 	Keypress: c
883.4997 	DATA 	Keypress: lshift
883.5008 	DATA 	Keypress: t
884.5079 	DATA 	Keypress: lshift
884.5092 	DATA 	Keypress: t
885.5065 	INFO 	Trial c_std_v at 881.593578658998
887.4559 	INFO 	Trial c_dev_ccw at 883.5429641909941
887.4572 	DATA 	Keypress: lshift
887.4587 	DATA 	Keypress: t
887.7899 	INFO 	Key c was pressed with a reaction time of 0.3244314539988409 seconds!
888.4692 	DATA 	Keypress: c
888.4699 	DATA 	Keypress: lshift
888.4710 	DATA 	Keypress: t
889.4956 	INFO 	Trial c_std_v at 885.5826108769979
890.5052 	DATA 	Keypress: lshift
890.5069 	DATA 	Keypress: t
891.6025 	INFO 	Trial c_std_cw at 887.6895758729952
892.6117 	DATA 	Keypress: lshift
892.6131 	DATA 	Keypress: t
893.5887 	INFO 	Trial c_std_cw at 889.6757457679996
894.5984 	DATA 	Keypress: lshift
894.5998 	DATA 	Keypress: t
895.6459 	INFO 	Trial c_std_cw at 891.7329757969928
896.6562 	DATA 	Keypress: lshift
896.6583 	DATA 	Keypress: t
897.6333 	INFO 	Trial c_dev_cw at 893.7202921959979
897.9868 	INFO 	Key c was pressed with a reaction time of 0.34336499499477213 seconds!
898.6456 	DATA 	Keypress: c
898.6468 	DATA 	Keypress: lshift
898.6478 	DATA 	Keypress: t
899.5435 	INFO 	Trial c_std_ccw at 895.6305545969954
900.5528 	DATA 	Keypress: lshift
900.5543 	DATA 	Keypress: t
901.5796 	INFO 	Trial c_std_cw at 897.6666658189934
902.5884 	DATA 	Keypress: lshift
902.5904 	DATA 	Keypress: t
903.5355 	INFO 	End of the control block 18 at 899.6225592329938
904.3474 	DATA 	Keypress: lshift
904.3487 	DATA 	Keypress: t
906.3485 	DATA 	Keypress: lshift
906.3499 	DATA 	Keypress: t
908.3517 	DATA 	Keypress: lshift
908.3533 	DATA 	Keypress: t
910.3440 	DATA 	Keypress: lshift
910.3455 	DATA 	Keypress: t
912.3494 	DATA 	Keypress: lshift
912.3508 	DATA 	Keypress: t
913.5501 	EXP 	unnamed TextStim: height = 0.05
913.5501 	EXP 	unnamed TextStim: height = 0.05
913.5501 	EXP 	unnamed TextStim: height = 0.05
913.5501 	EXP 	unnamed TextStim: text = 'End of the Experiment!'
914.3506 	DATA 	Keypress: lshift
914.3526 	DATA 	Keypress: t
915.8307 	EXP 	window1: mouseVisible = True
