3.7086 	INFO 	Loaded monitor calibration from ['2023_03_20 18:26']
4.5886 	DATA 	Keypress: b
5.3319 	WARNING 	Couldn't measure a consistent frame rate!
  - Is your graphics card set to sync to vertical blank?
  - Are you running other processes on your computer?

5.3323 	EXP 	Created window1 = Window(allowGUI=False, allowStencil=False, autoLog=True, backendConf=UNKNOWN, backgroundFit=<method-wrapper '__getattribute__' of attributeSetter object at 0x7ff42a6551c0>, backgroundImage=<method-wrapper '__getattribute__' of attributeSetter object at 0x7ff42a655160>, bitsMode=UNKNOWN, blendMode='avg', bpc=(8, 8, 8), color=array([0, 0, 0]), colorSpace='rgb', depthBits=8, fullscr=<method-wrapper '__getattribute__' of attributeSetter object at 0x7ff42a649fa0>, gamma=None, gammaErrorPolicy='raise', lms=UNKNOWN, monitor=<psychopy.monitors.calibTools.Monitor object at 0x7ff408e242e0>, multiSample=False, name='window1', numSamples=2, pos=[0.0, 0.0], screen=1, size=array([1920, 1080]), stencilBits=0, stereo=False, title='PsychoPy', units='height', useFBO=True, useRetina=False, viewOri=0.0, viewPos=None, viewScale=None, waitBlanking=True, winType='pyglet')
5.3325 	EXP 	window1: mouseVisible = True
5.3325 	EXP 	window1: backgroundImage = None
5.3325 	EXP 	window1: backgroundFit = 'contain'
7.8378 	INFO 	keyboard.Keyboard is using ptb backend.
7.8384 	EXP 	window1: mouseVisible = True
7.8916 	EXP 	Created unnamed TextStim = TextStim(__class__=<class 'psychopy.visual.text.TextStim'>, alignHoriz=method-wrapper(...), alignText='center', alignVert=method-wrapper(...), anchorHoriz='center', anchorVert='center', antialias=True, autoDraw=False, autoLog=True, bold=False, color=array([1., 1., 1.]), colorSpace='rgb', contrast=1.0, depth=0, draggable=False, flipHoriz=False, flipVert=False, font='', fontFiles=[], height=0.2, italic=False, languageStyle='LTR', name='unnamed TextStim', opacity=1.0, ori=0.0, pos=array([0., 0.]), rgb=UNKNOWN, text='Waiting for the scanner triggers ...', units='height', win=Window(...), wrapWidth=1)
7.8920 	EXP 	window1: mouseVisible = True
7.9046 	EXP 	Created unnamed TextStim = TextStim(__class__=<class 'psychopy.visual.text.TextStim'>, alignHoriz=method-wrapper(...), alignText='center', alignVert=method-wrapper(...), anchorHoriz='center', anchorVert='center', antialias=True, autoDraw=False, autoLog=True, bold=False, color=array([1., 1., 1.]), colorSpace='rgb', contrast=1.0, depth=0, draggable=False, flipHoriz=False, flipVert=False, font='', fontFiles=[], height=0.2, italic=False, languageStyle='LTR', name='unnamed TextStim', opacity=1.0, ori=0.0, pos=array([0., 0.]), rgb=UNKNOWN, text='End of the block. \n (Please do not move!)', units='height', win=Window(...), wrapWidth=1)
7.9048 	EXP 	window1: mouseVisible = True
7.9141 	EXP 	Created unnamed TextStim = TextStim(__class__=<class 'psychopy.visual.text.TextStim'>, alignHoriz=method-wrapper(...), alignText='center', alignVert=method-wrapper(...), anchorHoriz='center', anchorVert='center', antialias=True, autoDraw=False, autoLog=True, bold=False, color=array([1., 1., 1.]), colorSpace='rgb', contrast=1.0, depth=0, draggable=False, flipHoriz=False, flipVert=False, font='', fontFiles=[], height=0.2, italic=False, languageStyle='LTR', name='unnamed TextStim', opacity=1.0, ori=0.0, pos=array([0., 0.]), rgb=UNKNOWN, text=str(...), units='height', win=Window(...), wrapWidth=1)
7.9144 	EXP 	window1: mouseVisible = True
7.9200 	EXP 	Created unnamed TextStim = TextStim(__class__=<class 'psychopy.visual.text.TextStim'>, alignHoriz=method-wrapper(...), alignText='center', alignVert=method-wrapper(...), anchorHoriz='center', anchorVert='center', antialias=True, autoDraw=False, autoLog=True, bold=False, color=array([1., 1., 1.]), colorSpace='rgb', contrast=1.0, depth=0, draggable=False, flipHoriz=False, flipVert=False, font='', fontFiles=[], height=0.2, italic=False, languageStyle='LTR', name='unnamed TextStim', opacity=1.0, ori=0.0, pos=array([0., 0.]), rgb=UNKNOWN, text='End of the Experiment!', units='height', win=Window(...), wrapWidth=1)
7.9202 	EXP 	window1: mouseVisible = True
8.0781 	EXP 	Created bg = ImageStim(__class__=<class 'psychopy.visual.image.ImageStim'>, anchor=('center', 'center'), autoLog=True, color=array([1., 1., 1.]), colorSpace='rgb', contrast=1.0, depth=0, draggable=False, flipHoriz=False, flipVert=False, image='./images_fMRI/grey_bg.png', interpolate=True, mask=None, maskParams=None, name='bg', opacity=1.0, ori=0.0, pos=array([0., 0.]), size=array([2., 1.]), texRes=128, units='height', win=Window(...))
8.0782 	EXP 	window1: mouseVisible = True
8.2146 	EXP 	Created ref_white = ImageStim(__class__=<class 'psychopy.visual.image.ImageStim'>, anchor=('center', 'center'), autoLog=True, color=array([1., 1., 1.]), colorSpace='rgb', contrast=1.0, depth=0, draggable=False, flipHoriz=False, flipVert=False, image='./images_fMRI/Ref_white.png', interpolate=True, mask=None, maskParams=None, name='ref_white', opacity=1.0, ori=0.0, pos=array([0., 0.]), size=array([1.43333333, 0.88148148]), texRes=128, units='height', win=Window(...))
8.2148 	EXP 	window1: mouseVisible = True
8.3363 	EXP 	Created ref_yellow = ImageStim(__class__=<class 'psychopy.visual.image.ImageStim'>, anchor=('center', 'center'), autoLog=True, color=array([1., 1., 1.]), colorSpace='rgb', contrast=1.0, depth=0, draggable=False, flipHoriz=False, flipVert=False, image='./images_fMRI/Ref_yellow.png', interpolate=True, mask=None, maskParams=None, name='ref_yellow', opacity=1.0, ori=0.0, pos=array([0., 0.]), size=array([1.43333333, 0.88148148]), texRes=128, units='height', win=Window(...))
8.3366 	EXP 	window1: mouseVisible = True
8.4620 	EXP 	Created cw_white = ImageStim(__class__=<class 'psychopy.visual.image.ImageStim'>, anchor=('center', 'center'), autoLog=True, color=array([1., 1., 1.]), colorSpace='rgb', contrast=1.0, depth=0, draggable=False, flipHoriz=False, flipVert=False, image=str(...), interpolate=True, mask=None, maskParams=None, name='cw_white', opacity=1.0, ori=0.0, pos=array([0., 0.]), size=array([1.43333333, 0.88148148]), texRes=128, units='height', win=Window(...))
8.4622 	EXP 	window1: mouseVisible = True
8.5838 	EXP 	Created cw_yellow = ImageStim(__class__=<class 'psychopy.visual.image.ImageStim'>, anchor=('center', 'center'), autoLog=True, color=array([1., 1., 1.]), colorSpace='rgb', contrast=1.0, depth=0, draggable=False, flipHoriz=False, flipVert=False, image=str(...), interpolate=True, mask=None, maskParams=None, name='cw_yellow', opacity=1.0, ori=0.0, pos=array([0., 0.]), size=array([1.43333333, 0.88148148]), texRes=128, units='height', win=Window(...))
8.5840 	EXP 	window1: mouseVisible = True
8.7135 	EXP 	Created ccw_white = ImageStim(__class__=<class 'psychopy.visual.image.ImageStim'>, anchor=('center', 'center'), autoLog=True, color=array([1., 1., 1.]), colorSpace='rgb', contrast=1.0, depth=0, draggable=False, flipHoriz=False, flipVert=False, image=str(...), interpolate=True, mask=None, maskParams=None, name='ccw_white', opacity=1.0, ori=0.0, pos=array([0., 0.]), size=array([1.43333333, 0.88148148]), texRes=128, units='height', win=Window(...))
8.7137 	EXP 	window1: mouseVisible = True
8.8353 	EXP 	Created ccw_yellow = ImageStim(__class__=<class 'psychopy.visual.image.ImageStim'>, anchor=('center', 'center'), autoLog=True, color=array([1., 1., 1.]), colorSpace='rgb', contrast=1.0, depth=0, draggable=False, flipHoriz=False, flipVert=False, image=str(...), interpolate=True, mask=None, maskParams=None, name='ccw_yellow', opacity=1.0, ori=0.0, pos=array([0., 0.]), size=array([1.43333333, 0.88148148]), texRes=128, units='height', win=Window(...))
8.8356 	EXP 	window1: mouseVisible = True
8.9539 	EXP 	Created v_white = ImageStim(__class__=<class 'psychopy.visual.image.ImageStim'>, anchor=('center', 'center'), autoLog=True, color=array([1., 1., 1.]), colorSpace='rgb', contrast=1.0, depth=0, draggable=False, flipHoriz=False, flipVert=False, image=str(...), interpolate=True, mask=None, maskParams=None, name='v_white', opacity=1.0, ori=0.0, pos=array([0., 0.]), size=array([1.43333333, 0.88148148]), texRes=128, units='height', win=Window(...))
8.9541 	EXP 	window1: mouseVisible = True
9.0750 	EXP 	Created v_yellow = ImageStim(__class__=<class 'psychopy.visual.image.ImageStim'>, anchor=('center', 'center'), autoLog=True, color=array([1., 1., 1.]), colorSpace='rgb', contrast=1.0, depth=0, draggable=False, flipHoriz=False, flipVert=False, image=str(...), interpolate=True, mask=None, maskParams=None, name='v_yellow', opacity=1.0, ori=0.0, pos=array([0., 0.]), size=array([1.43333333, 0.88148148]), texRes=128, units='height', win=Window(...))
9.0750 	INFO 	The block order is ['C', 'M', 'M', 'M', 'M', 'C', 'M', 'M', 'M', 'C', 'C', 'C', 'C', 'C', 'C', 'C', 'M', 'M']
9.0750 	INFO 	The elips tilt degree is 1.5
9.0945 	WARNING 	t of last frame was 3762.74ms (=1/0)
9.0945 	EXP 	unnamed TextStim: height = 0.05
9.0945 	EXP 	unnamed TextStim: height = 0.05
9.0945 	EXP 	unnamed TextStim: height = 0.05
9.0945 	EXP 	unnamed TextStim: height = 0.05
9.0945 	EXP 	unnamed TextStim: height = 0.05
9.0945 	EXP 	unnamed TextStim: height = 0.05
9.0945 	EXP 	unnamed TextStim: height = 0.05
9.0945 	EXP 	unnamed TextStim: text = 'Whenever you are ready\n press a button to start. '
12.1256 	DATA 	Keypress: b
12.6160 	WARNING 	t of last frame was 509.05ms (=1/1)
12.6160 	EXP 	unnamed TextStim: height = 0.05
12.6160 	EXP 	unnamed TextStim: height = 0.05
12.6160 	EXP 	unnamed TextStim: height = 0.05
12.6160 	EXP 	unnamed TextStim: text = 'Waiting for the scanner triggers ...'
12.6162 	EXP 	window1: mouseVisible = False
33.0156 	DATA 	Keypress: lshift
33.0174 	DATA 	Keypress: t
33.0180 	INFO 	Trigger 1 time: 27.680090392001148
35.0154 	DATA 	Keypress: lshift
35.0173 	DATA 	Keypress: t
35.0180 	INFO 	Trigger 2 time: 29.68009552500007
37.0146 	DATA 	Keypress: lshift
37.0165 	DATA 	Keypress: t
37.0172 	INFO 	Trigger 3 time: 31.679313048996846
39.0146 	DATA 	Keypress: lshift
39.0167 	DATA 	Keypress: t
39.0183 	INFO 	Trigger 4 time: 33.68042573899584
41.0150 	DATA 	Keypress: lshift
41.0169 	DATA 	Keypress: t
41.0175 	INFO 	Trigger 5 time: 35.67957493799622
41.0176 	INFO 	Start of the control block 1 at 35.67973831299605
41.0352 	WARNING 	t of last frame was 28419.20ms (=1/0)
43.0141 	DATA 	Keypress: lshift
43.0157 	DATA 	Keypress: t
43.0360 	INFO 	Trial c_std_ccw at 37.69818140799907
43.0423 	WARNING 	t of last frame was 2007.04ms (=1/0)
44.0463 	WARNING 	Multiple dropped frames have occurred - I'll stop bothering you about them!
44.9725 	INFO 	Trial c_std_cw at 39.63459147899994
45.9808 	DATA 	Keypress: lshift
45.9823 	DATA 	Keypress: t
47.0199 	INFO 	Trial c_std_v at 41.682000050997885
47.0226 	DATA 	Keypress: lshift
47.0245 	DATA 	Keypress: t
49.0914 	INFO 	Trial c_dev_cw at 43.75349857399851
49.0927 	DATA 	Keypress: lshift
49.0940 	DATA 	Keypress: t
49.5015 	INFO 	Key b was pressed with a reaction time of 0.40080066799419 seconds!
50.1043 	DATA 	Keypress: b
51.1707 	INFO 	Trial c_std_cw at 45.83282311000221
51.1725 	DATA 	Keypress: lshift
51.1754 	DATA 	Keypress: t
53.1147 	INFO 	Trial c_std_ccw at 47.77678564199596
53.1159 	DATA 	Keypress: lshift
53.1174 	DATA 	Keypress: t
55.0636 	INFO 	Trial c_std_v at 49.725776533996395
55.0649 	DATA 	Keypress: lshift
55.0662 	DATA 	Keypress: t
57.0624 	INFO 	Trial c_dev_v at 51.7245543589961
57.5075 	INFO 	Key b was pressed with a reaction time of 0.438211617001798 seconds!
58.0705 	DATA 	Keypress: lshift
58.0720 	DATA 	Keypress: t
58.0749 	DATA 	Keypress: b
59.0293 	INFO 	Trial c_std_ccw at 53.69142001400178
59.0305 	DATA 	Keypress: lshift
59.0319 	DATA 	Keypress: t
61.0389 	INFO 	Trial c_std_v at 55.701039751998906
61.0402 	DATA 	Keypress: lshift
61.0419 	DATA 	Keypress: t
63.1185 	INFO 	Trial c_dev_v at 57.780649414002255
63.1217 	DATA 	Keypress: lshift
63.1243 	DATA 	Keypress: t
63.6385 	INFO 	Key b was pressed with a reaction time of 0.5060038230003556 seconds!
64.1364 	DATA 	Keypress: b
65.2025 	INFO 	Trial c_std_ccw at 59.864621802997135
65.2041 	DATA 	Keypress: lshift
65.2055 	DATA 	Keypress: t
67.1426 	INFO 	Trial c_std_cw at 61.80469799599814
67.1453 	DATA 	Keypress: lshift
67.1469 	DATA 	Keypress: t
69.0825 	INFO 	Trial c_std_ccw at 63.74462761399627
69.0853 	DATA 	Keypress: lshift
69.0868 	DATA 	Keypress: t
71.1632 	INFO 	Trial c_dev_ccw at 65.82530204499926
71.1662 	DATA 	Keypress: lshift
71.1677 	DATA 	Keypress: t
71.5825 	INFO 	Key b was pressed with a reaction time of 0.40728884899726836 seconds!
72.1777 	DATA 	Keypress: b
73.1752 	INFO 	Trial c_std_v at 67.83736341400072
73.1771 	DATA 	Keypress: lshift
73.1785 	DATA 	Keypress: t
75.2741 	INFO 	Trial c_std_cw at 69.93627797700174
75.2770 	DATA 	Keypress: lshift
75.2786 	DATA 	Keypress: t
77.1947 	INFO 	Trial c_std_cw at 71.8568330709968
77.1975 	DATA 	Keypress: lshift
77.1989 	DATA 	Keypress: t
79.2147 	INFO 	End of the control block 1 at 73.87679663600284
79.2240 	DATA 	Keypress: lshift
79.2254 	DATA 	Keypress: t
79.2294 	EXP 	unnamed TextStim: height = 0.05
79.2294 	EXP 	unnamed TextStim: height = 0.05
79.2294 	EXP 	unnamed TextStim: height = 0.05
79.2294 	EXP 	unnamed TextStim: text = 'End of the block. \n (Please do not move!)'
81.0243 	DATA 	Keypress: lshift
81.0259 	DATA 	Keypress: t
83.0256 	DATA 	Keypress: lshift
83.0272 	DATA 	Keypress: t
85.0166 	DATA 	Keypress: lshift
85.0178 	DATA 	Keypress: t
87.0192 	DATA 	Keypress: lshift
87.0204 	DATA 	Keypress: t
89.0226 	DATA 	Keypress: lshift
89.0241 	DATA 	Keypress: t
89.2297 	INFO 	Start of the main block 2 at 83.89178554499813
91.0233 	DATA 	Keypress: lshift
91.0247 	DATA 	Keypress: t
91.2366 	INFO 	Trial m_std_cw at 85.89877273800084
93.1622 	INFO 	Trial m_std_ccw at 87.82436887900258
93.1637 	DATA 	Keypress: lshift
93.1650 	DATA 	Keypress: t
95.2526 	INFO 	Trial m_std_cw at 89.91474414199911
96.2593 	DATA 	Keypress: lshift
96.2606 	DATA 	Keypress: t
97.3383 	INFO 	Trial m_dev at 92.00040620999789
97.3413 	DATA 	Keypress: lshift
97.3428 	DATA 	Keypress: t
98.0405 	INFO 	Key b was pressed with a reaction time of 0.69074108699715 seconds!
98.3519 	DATA 	Keypress: b
99.4398 	INFO 	Trial m_std_cw at 94.10189874999924
99.4430 	DATA 	Keypress: lshift
99.4445 	DATA 	Keypress: t
101.4414 	INFO 	Trial m_std_cw at 96.1034826249961
101.4448 	DATA 	Keypress: lshift
101.4463 	DATA 	Keypress: t
103.4830 	INFO 	Trial m_dev at 98.14516764700238
103.4861 	DATA 	Keypress: lshift
103.4876 	DATA 	Keypress: t
104.0944 	INFO 	Key b was pressed with a reaction time of 0.6009200929984218 seconds!
104.4955 	DATA 	Keypress: b
105.5735 	INFO 	Trial m_std_cw at 100.23567334400286
105.5757 	DATA 	Keypress: lshift
105.5769 	DATA 	Keypress: t
107.5928 	INFO 	Trial m_std_cw at 102.25490839900158
107.5957 	DATA 	Keypress: lshift
107.5974 	DATA 	Keypress: t
109.6842 	INFO 	Trial m_std_ccw at 104.34630821299652
109.6857 	DATA 	Keypress: lshift
109.6870 	DATA 	Keypress: t
111.6835 	INFO 	Trial m_dev at 106.34560190999764
111.6863 	DATA 	Keypress: lshift
111.6877 	DATA 	Keypress: t
112.2926 	INFO 	Key b was pressed with a reaction time of 0.5990493729987065 seconds!
112.6956 	DATA 	Keypress: b
113.6035 	INFO 	Trial m_std_ccw at 108.26566867999645
113.6052 	DATA 	Keypress: lshift
113.6077 	DATA 	Keypress: t
115.5355 	INFO 	Trial m_std_cw at 110.19768167300208
115.5369 	DATA 	Keypress: lshift
115.5383 	DATA 	Keypress: t
117.5145 	INFO 	Trial m_std_ccw at 112.17662958300207
118.5215 	DATA 	Keypress: lshift
118.5231 	DATA 	Keypress: t
119.5305 	INFO 	Trial m_dev at 114.1926756210014
119.5337 	DATA 	Keypress: lshift
119.5351 	DATA 	Keypress: t
120.1646 	INFO 	Key b was pressed with a reaction time of 0.622900281996408 seconds!
120.5439 	DATA 	Keypress: b
121.4617 	INFO 	Trial m_std_ccw at 116.1238396530025
121.4631 	DATA 	Keypress: lshift
121.4644 	DATA 	Keypress: t
123.3796 	INFO 	Trial m_std_ccw at 118.04168593799841
123.3823 	DATA 	Keypress: lshift
123.3838 	DATA 	Keypress: t
125.3091 	INFO 	Trial m_std_ccw at 119.97126759799721
125.3121 	DATA 	Keypress: lshift
125.3136 	DATA 	Keypress: t
127.4095 	INFO 	End of the main block 2 at 122.07163696499629
127.4132 	DATA 	Keypress: lshift
127.4147 	DATA 	Keypress: t
129.0263 	DATA 	Keypress: lshift
129.0277 	DATA 	Keypress: t
131.0214 	DATA 	Keypress: lshift
131.0228 	DATA 	Keypress: t
133.0243 	DATA 	Keypress: lshift
133.0257 	DATA 	Keypress: t
135.0191 	DATA 	Keypress: lshift
135.0205 	DATA 	Keypress: t
137.0254 	DATA 	Keypress: lshift
137.0267 	DATA 	Keypress: t
137.4195 	INFO 	Start of the main block 3 at 132.0816329829977
139.0235 	DATA 	Keypress: lshift
139.0254 	DATA 	Keypress: t
139.4264 	INFO 	Trial m_std_cw at 134.088579053001
141.3329 	INFO 	Trial m_std_ccw at 135.99507286299922
141.3343 	DATA 	Keypress: lshift
141.3359 	DATA 	Keypress: t
143.3218 	INFO 	Trial m_std_ccw at 137.98392199799855
143.3232 	DATA 	Keypress: lshift
143.3247 	DATA 	Keypress: t
145.4308 	INFO 	Trial m_dev at 140.09297082600096
145.4322 	DATA 	Keypress: lshift
145.4336 	DATA 	Keypress: t
146.0695 	INFO 	Key b was pressed with a reaction time of 0.628619417999289 seconds!
146.4447 	DATA 	Keypress: b
147.4509 	INFO 	Trial m_std_cw at 142.1130742059977
147.4526 	DATA 	Keypress: lshift
147.4539 	DATA 	Keypress: t
149.3797 	INFO 	Trial m_std_ccw at 144.0418030159999
149.3828 	DATA 	Keypress: lshift
149.3843 	DATA 	Keypress: t
151.4304 	INFO 	Trial m_dev at 146.092543302002
152.1296 	INFO 	Key b was pressed with a reaction time of 0.689939099996991 seconds!
152.4409 	DATA 	Keypress: lshift
152.4421 	DATA 	Keypress: t
152.4444 	DATA 	Keypress: b
153.4497 	INFO 	Trial m_std_cw at 148.1117981790012
153.4513 	DATA 	Keypress: lshift
153.4527 	DATA 	Keypress: t
155.4783 	INFO 	Trial m_std_ccw at 150.14042032499856
156.4856 	DATA 	Keypress: lshift
156.4870 	DATA 	Keypress: t
157.4846 	INFO 	Trial m_std_cw at 152.14675478400022
157.4877 	DATA 	Keypress: lshift
157.4897 	DATA 	Keypress: t
159.4864 	INFO 	Trial m_std_ccw at 154.14858275000006
159.4900 	DATA 	Keypress: lshift
159.4918 	DATA 	Keypress: t
161.4877 	INFO 	Trial m_std_ccw at 156.14982384099858
161.4909 	DATA 	Keypress: lshift
161.4923 	DATA 	Keypress: t
163.5485 	INFO 	Trial m_dev at 158.2106198879992
163.5514 	DATA 	Keypress: lshift
163.5528 	DATA 	Keypress: t
164.5385 	INFO 	Key b was pressed with a reaction time of 0.9797906599997077 seconds!
164.5627 	DATA 	Keypress: b
165.6388 	INFO 	Trial m_std_cw at 160.30089933300042
165.6407 	DATA 	Keypress: lshift
165.6423 	DATA 	Keypress: t
167.6280 	INFO 	Trial m_std_ccw at 162.29012188399793
167.6310 	DATA 	Keypress: lshift
167.6325 	DATA 	Keypress: t
169.5996 	INFO 	Trial m_dev at 164.26175040900125
169.6025 	DATA 	Keypress: lshift
169.6040 	DATA 	Keypress: t
170.3627 	INFO 	Key b was pressed with a reaction time of 0.7532563029963057 seconds!
170.6119 	DATA 	Keypress: b
171.5594 	INFO 	Trial m_std_cw at 166.22156494599767
171.5610 	DATA 	Keypress: lshift
171.5624 	DATA 	Keypress: t
173.5679 	INFO 	Trial m_std_cw at 168.23003330700158
173.5709 	DATA 	Keypress: lshift
173.5735 	DATA 	Keypress: t
175.5998 	INFO 	End of the main block 3 at 170.2619016230019
175.6017 	DATA 	Keypress: lshift
175.6031 	DATA 	Keypress: t
177.0178 	DATA 	Keypress: lshift
177.0311 	DATA 	Keypress: t
179.0201 	DATA 	Keypress: lshift
179.0217 	DATA 	Keypress: t
181.0246 	DATA 	Keypress: lshift
181.0262 	DATA 	Keypress: t
183.0201 	DATA 	Keypress: lshift
183.0216 	DATA 	Keypress: t
185.0237 	DATA 	Keypress: lshift
185.0250 	DATA 	Keypress: t
185.6090 	INFO 	Start of the main block 4 at 180.27108642299572
187.0263 	DATA 	Keypress: lshift
187.0278 	DATA 	Keypress: t
187.6156 	INFO 	Trial m_std_cw at 182.27773182700184
189.6207 	INFO 	Trial m_std_cw at 184.28283368799748
189.6221 	DATA 	Keypress: lshift
189.6235 	DATA 	Keypress: t
191.6295 	INFO 	Trial m_dev at 186.29166334200272
191.6308 	DATA 	Keypress: lshift
191.6323 	DATA 	Keypress: t
192.2086 	INFO 	Key b was pressed with a reaction time of 0.5693719600021723 seconds!
192.6431 	DATA 	Keypress: b
193.6993 	INFO 	Trial m_std_ccw at 188.36144780500035
193.7010 	DATA 	Keypress: lshift
193.7024 	DATA 	Keypress: t
195.6895 	INFO 	Trial m_std_ccw at 190.35159282899986
195.6923 	DATA 	Keypress: lshift
195.6943 	DATA 	Keypress: t
197.6210 	INFO 	Trial m_dev at 192.2831059960008
197.6242 	DATA 	Keypress: lshift
197.6262 	DATA 	Keypress: t
198.3496 	INFO 	Key b was pressed with a reaction time of 0.716687323001679 seconds!
198.6367 	DATA 	Keypress: b
199.5729 	INFO 	Trial m_std_ccw at 194.2350352909998
199.5747 	DATA 	Keypress: lshift
199.5761 	DATA 	Keypress: t
201.6444 	INFO 	Trial m_std_cw at 196.30656954299775
201.6457 	DATA 	Keypress: lshift
201.6470 	DATA 	Keypress: t
203.6832 	INFO 	Trial m_std_ccw at 198.34529435700097
204.6901 	DATA 	Keypress: lshift
204.6915 	DATA 	Keypress: t
205.7391 	INFO 	Trial m_dev at 200.401246014997
205.7425 	DATA 	Keypress: lshift
205.7439 	DATA 	Keypress: t
206.3506 	INFO 	Key b was pressed with a reaction time of 0.5999404219983262 seconds!
206.7529 	DATA 	Keypress: b
207.6506 	INFO 	Trial m_std_ccw at 202.31276617800177
207.6522 	DATA 	Keypress: lshift
207.6536 	DATA 	Keypress: t
209.5894 	INFO 	Trial m_std_cw at 204.2514926090007
209.5922 	DATA 	Keypress: lshift
209.5937 	DATA 	Keypress: t
211.6695 	INFO 	Trial m_std_cw at 206.33158750800067
211.6733 	DATA 	Keypress: lshift
211.6751 	DATA 	Keypress: t
213.6209 	INFO 	Trial m_std_cw at 208.28299306899862
213.6222 	DATA 	Keypress: lshift
213.6236 	DATA 	Keypress: t
215.6497 	INFO 	Trial m_dev at 210.31182013299986
215.6511 	DATA 	Keypress: lshift
215.6525 	DATA 	Keypress: t
216.1506 	INFO 	Key b was pressed with a reaction time of 0.4914852769943536 seconds!
216.6629 	DATA 	Keypress: b
217.6091 	INFO 	Trial m_std_ccw at 212.2712578999999
217.6107 	DATA 	Keypress: lshift
217.6121 	DATA 	Keypress: t
219.5876 	INFO 	Trial m_std_ccw at 214.2497387330004
219.5907 	DATA 	Keypress: lshift
219.5924 	DATA 	Keypress: t
221.6979 	INFO 	Trial m_std_cw at 216.36002505700162
221.7009 	DATA 	Keypress: lshift
221.7024 	DATA 	Keypress: t
223.7895 	INFO 	End of the main block 4 at 218.45161939699756
223.7914 	DATA 	Keypress: lshift
223.7929 	DATA 	Keypress: t
225.0214 	DATA 	Keypress: lshift
225.0229 	DATA 	Keypress: t
227.0217 	DATA 	Keypress: lshift
227.0230 	DATA 	Keypress: t
229.0254 	DATA 	Keypress: lshift
229.0267 	DATA 	Keypress: t
231.0197 	DATA 	Keypress: lshift
231.0339 	DATA 	Keypress: t
233.0263 	DATA 	Keypress: lshift
233.0280 	DATA 	Keypress: t
233.7975 	INFO 	Start of the main block 5 at 228.45964163100143
235.0209 	DATA 	Keypress: lshift
235.0223 	DATA 	Keypress: t
235.8047 	INFO 	Trial m_std_ccw at 230.46684741799982
237.8300 	INFO 	Trial m_std_cw at 232.4920955130001
237.8312 	DATA 	Keypress: lshift
237.8325 	DATA 	Keypress: t
239.7499 	INFO 	Trial m_dev at 234.41203106899775
239.7513 	DATA 	Keypress: lshift
239.7528 	DATA 	Keypress: t
240.3676 	INFO 	Key b was pressed with a reaction time of 0.6082185580016812 seconds!
240.7632 	DATA 	Keypress: b
241.7194 	INFO 	Trial m_std_ccw at 236.3815808060026
241.7211 	DATA 	Keypress: lshift
241.7225 	DATA 	Keypress: t
243.6907 	INFO 	Trial m_std_cw at 238.3528515040016
243.6920 	DATA 	Keypress: lshift
243.6932 	DATA 	Keypress: t
245.6197 	INFO 	Trial m_dev at 240.2818348410001
246.1586 	INFO 	Key b was pressed with a reaction time of 0.5323658470006194 seconds!
246.6272 	DATA 	Keypress: lshift
246.6285 	DATA 	Keypress: t
246.6323 	DATA 	Keypress: b
247.6062 	INFO 	Trial m_std_ccw at 242.26834035100183
247.6078 	DATA 	Keypress: lshift
247.6093 	DATA 	Keypress: t
249.5168 	INFO 	Trial m_std_cw at 244.1789322429977
249.5181 	DATA 	Keypress: lshift
249.5195 	DATA 	Keypress: t
251.5657 	INFO 	Trial m_std_ccw at 246.22781545799808
252.5730 	DATA 	Keypress: lshift
252.5744 	DATA 	Keypress: t
253.6118 	INFO 	Trial m_std_cw at 248.2739500509997
253.6151 	DATA 	Keypress: lshift
253.6165 	DATA 	Keypress: t
255.6220 	INFO 	Trial m_dev at 250.28411639499973
255.6251 	DATA 	Keypress: lshift
255.6267 	DATA 	Keypress: t
256.2956 	INFO 	Key b was pressed with a reaction time of 0.661690542998258 seconds!
256.6390 	DATA 	Keypress: b
257.6339 	INFO 	Trial m_std_cw at 252.29607529899658
257.6372 	DATA 	Keypress: lshift
257.6388 	DATA 	Keypress: t
259.7446 	INFO 	Trial m_std_ccw at 254.40677101899928
259.7458 	DATA 	Keypress: lshift
259.7472 	DATA 	Keypress: t
261.7931 	INFO 	Trial m_dev at 256.45526254799915
262.3666 	INFO 	Key b was pressed with a reaction time of 0.5678198680034257 seconds!
262.7998 	DATA 	Keypress: lshift
262.8011 	DATA 	Keypress: t
262.8033 	DATA 	Keypress: b
263.8887 	INFO 	Trial m_std_cw at 258.55086967399984
263.8908 	DATA 	Keypress: lshift
263.8923 	DATA 	Keypress: t
265.8701 	INFO 	Trial m_std_ccw at 260.5322267869997
265.8735 	DATA 	Keypress: lshift
265.8751 	DATA 	Keypress: t
267.9620 	INFO 	Trial m_std_cw at 262.62410897800146
267.9633 	DATA 	Keypress: lshift
267.9646 	DATA 	Keypress: t
269.9309 	INFO 	Trial m_std_ccw at 264.5929920330018
269.9322 	DATA 	Keypress: lshift
269.9338 	DATA 	Keypress: t
271.9702 	INFO 	End of the main block 5 at 266.6322964619976
271.9875 	DATA 	Keypress: lshift
271.9889 	DATA 	Keypress: t
273.0264 	DATA 	Keypress: lshift
273.0278 	DATA 	Keypress: t
275.0243 	DATA 	Keypress: lshift
275.0257 	DATA 	Keypress: t
277.0222 	DATA 	Keypress: lshift
277.0235 	DATA 	Keypress: t
279.0275 	DATA 	Keypress: lshift
279.0289 	DATA 	Keypress: t
281.0255 	DATA 	Keypress: lshift
281.0269 	DATA 	Keypress: t
281.9757 	INFO 	Start of the control block 6 at 276.63783096399857
283.0233 	DATA 	Keypress: lshift
283.0250 	DATA 	Keypress: t
283.9831 	INFO 	Trial c_std_ccw at 278.6451858049986
286.0583 	INFO 	Trial c_std_ccw at 280.7203984500011
286.0597 	DATA 	Keypress: lshift
286.0611 	DATA 	Keypress: t
287.0697 	DATA 	Keypress: lshift
287.0714 	DATA 	Keypress: t
287.9969 	INFO 	Trial c_dev_cw at 282.659026153
288.4966 	INFO 	Key b was pressed with a reaction time of 0.49061089199676644 seconds!
289.0080 	DATA 	Keypress: b
289.9760 	INFO 	Trial c_std_v at 284.63811426900065
289.9772 	DATA 	Keypress: lshift
289.9787 	DATA 	Keypress: t
291.9073 	INFO 	Trial c_std_v at 286.56942340800015
291.9086 	DATA 	Keypress: lshift
291.9101 	DATA 	Keypress: t
293.9266 	INFO 	Trial c_std_cw at 288.5887696630016
293.9298 	DATA 	Keypress: lshift
293.9314 	DATA 	Keypress: t
295.9382 	INFO 	Trial c_std_cw at 290.60029022300296
295.9412 	DATA 	Keypress: lshift
295.9427 	DATA 	Keypress: t
298.0388 	INFO 	Trial c_dev_v at 292.70095213499735
298.0418 	DATA 	Keypress: lshift
298.0434 	DATA 	Keypress: t
298.5275 	INFO 	Key b was pressed with a reaction time of 0.4772792770017986 seconds!
299.0526 	DATA 	Keypress: b
299.0532 	DATA 	Keypress: lshift
299.0545 	DATA 	Keypress: t
299.9603 	INFO 	Trial c_std_v at 294.6224160819984
302.0057 	INFO 	Trial c_std_v at 296.6678035389996
303.0129 	DATA 	Keypress: lshift
303.0146 	DATA 	Keypress: t
303.0186 	DATA 	Keypress: lshift
303.0203 	DATA 	Keypress: t
304.0019 	INFO 	Trial c_dev_ccw at 298.6640678600015
304.4237 	INFO 	Key b was pressed with a reaction time of 0.41430118399875937 seconds!
305.0131 	DATA 	Keypress: b
306.0095 	INFO 	Trial c_std_ccw at 300.6716017419967
306.0110 	DATA 	Keypress: lshift
306.0125 	DATA 	Keypress: t
307.0206 	DATA 	Keypress: lshift
307.0219 	DATA 	Keypress: t
307.9780 	INFO 	Trial c_std_cw at 302.6401140270027
309.9961 	INFO 	Trial c_std_ccw at 304.65821877500275
309.9975 	DATA 	Keypress: lshift
309.9989 	DATA 	Keypress: t
312.0847 	INFO 	Trial c_std_ccw at 306.7468506119985
312.0860 	DATA 	Keypress: lshift
312.0874 	DATA 	Keypress: t
313.0955 	DATA 	Keypress: lshift
313.0969 	DATA 	Keypress: t
314.0845 	INFO 	Trial c_dev_v at 308.7465869700027
314.5566 	INFO 	Key b was pressed with a reaction time of 0.46313227000064217 seconds!
315.0956 	DATA 	Keypress: b
315.0967 	DATA 	Keypress: lshift
315.0978 	DATA 	Keypress: t
316.1236 	INFO 	Trial c_std_cw at 310.78567725399625
317.1322 	DATA 	Keypress: lshift
317.1336 	DATA 	Keypress: t
318.1495 	INFO 	Trial c_std_cw at 312.81164675400214
319.1589 	DATA 	Keypress: lshift
319.1604 	DATA 	Keypress: t
320.1358 	INFO 	End of the control block 6 at 314.7979008559996
321.0185 	DATA 	Keypress: lshift
321.0200 	DATA 	Keypress: t
323.0207 	DATA 	Keypress: lshift
323.0221 	DATA 	Keypress: t
325.0208 	DATA 	Keypress: lshift
325.0221 	DATA 	Keypress: t
327.0284 	DATA 	Keypress: lshift
327.0298 	DATA 	Keypress: t
329.0285 	DATA 	Keypress: lshift
329.0300 	DATA 	Keypress: t
330.1414 	INFO 	Start of the main block 7 at 324.8035390610021
331.0254 	DATA 	Keypress: lshift
331.0269 	DATA 	Keypress: t
332.1480 	INFO 	Trial m_std_cw at 326.8101410340023
333.1546 	DATA 	Keypress: lshift
333.1560 	DATA 	Keypress: t
334.1833 	INFO 	Trial m_std_cw at 328.8454178699976
335.1933 	DATA 	Keypress: lshift
335.1947 	DATA 	Keypress: t
336.2722 	INFO 	Trial m_dev at 330.9343148229964
336.9257 	INFO 	Key b was pressed with a reaction time of 0.6437643479948747 seconds!
337.2840 	DATA 	Keypress: b
337.2851 	DATA 	Keypress: lshift
337.2881 	DATA 	Keypress: t
338.2820 	INFO 	Trial m_std_cw at 332.94412086699595
339.2919 	DATA 	Keypress: lshift
339.2934 	DATA 	Keypress: t
340.3589 	INFO 	Trial m_std_ccw at 335.0210115059963
341.3693 	DATA 	Keypress: lshift
341.3711 	DATA 	Keypress: t
342.2967 	INFO 	Trial m_dev at 336.95886794800026
342.9656 	INFO 	Key b was pressed with a reaction time of 0.6603795179980807 seconds!
343.3072 	DATA 	Keypress: b
343.3086 	DATA 	Keypress: lshift
343.3099 	DATA 	Keypress: t
344.3952 	INFO 	Trial m_std_ccw at 339.0573674740008
345.4058 	DATA 	Keypress: lshift
345.4073 	DATA 	Keypress: t
346.3722 	INFO 	Trial m_std_cw at 341.0343624550005
347.3816 	DATA 	Keypress: lshift
347.3832 	DATA 	Keypress: t
348.3005 	INFO 	Trial m_dev at 342.962658329001
349.0395 	INFO 	Key b was pressed with a reaction time of 0.7307414969982347 seconds!
349.3098 	DATA 	Keypress: lshift
349.3113 	DATA 	Keypress: t
349.3138 	DATA 	Keypress: b
350.2688 	INFO 	Trial m_std_ccw at 344.9309513039989
351.2789 	DATA 	Keypress: lshift
351.2805 	DATA 	Keypress: t
352.2659 	INFO 	Trial m_std_ccw at 346.9280750120015
353.2766 	DATA 	Keypress: lshift
353.2779 	DATA 	Keypress: t
354.3037 	INFO 	Trial m_dev at 348.96586555700196
355.3137 	DATA 	Keypress: lshift
355.3152 	DATA 	Keypress: t
356.3211 	INFO 	Trial m_std_cw at 350.9831894910021
357.3309 	DATA 	Keypress: lshift
357.3324 	DATA 	Keypress: t
358.3680 	INFO 	Trial m_std_cw at 353.0300911449958
359.3772 	DATA 	Keypress: lshift
359.3786 	DATA 	Keypress: t
360.2946 	INFO 	Trial m_std_cw at 354.9567803969985
361.3048 	DATA 	Keypress: lshift
361.3062 	DATA 	Keypress: t
362.3820 	INFO 	Trial m_std_ccw at 357.0441774339997
363.3910 	DATA 	Keypress: lshift
363.3924 	DATA 	Keypress: t
364.3882 	INFO 	Trial m_std_ccw at 359.05033703299705
365.3972 	DATA 	Keypress: lshift
365.3987 	DATA 	Keypress: t
366.3646 	INFO 	Trial m_std_ccw at 361.02673036699707
367.3737 	DATA 	Keypress: lshift
367.3750 	DATA 	Keypress: t
368.2808 	INFO 	End of the main block 7 at 362.9428857649982
369.0242 	DATA 	Keypress: lshift
369.0254 	DATA 	Keypress: t
371.0210 	DATA 	Keypress: lshift
371.0223 	DATA 	Keypress: t
373.0263 	DATA 	Keypress: lshift
373.0276 	DATA 	Keypress: t
375.0243 	DATA 	Keypress: lshift
375.0257 	DATA 	Keypress: t
377.0218 	DATA 	Keypress: lshift
377.0230 	DATA 	Keypress: t
378.2862 	INFO 	Start of the main block 8 at 372.9483113640017
379.0249 	DATA 	Keypress: lshift
379.0265 	DATA 	Keypress: t
380.2930 	INFO 	Trial m_std_cw at 374.95512547499675
381.2993 	DATA 	Keypress: lshift
381.3008 	DATA 	Keypress: t
382.2682 	INFO 	Trial m_std_ccw at 376.93036649799615
384.2367 	INFO 	Trial m_std_cw at 378.8987965560009
384.2379 	DATA 	Keypress: lshift
384.2392 	DATA 	Keypress: t
385.2482 	DATA 	Keypress: lshift
385.2500 	DATA 	Keypress: t
386.1652 	INFO 	Trial m_std_cw at 380.827320067001
387.1751 	DATA 	Keypress: lshift
387.1766 	DATA 	Keypress: t
388.2241 	INFO 	Trial m_dev at 382.8861959459973
388.8996 	INFO 	Key b was pressed with a reaction time of 0.6648800900002243 seconds!
390.1648 	INFO 	Trial m_std_ccw at 384.8269518849993
390.1672 	DATA 	Keypress: b
390.1683 	DATA 	Keypress: lshift
390.1704 	DATA 	Keypress: t
391.1772 	DATA 	Keypress: lshift
391.1787 	DATA 	Keypress: t
392.1062 	INFO 	Trial m_std_ccw at 386.7683336629998
393.1161 	DATA 	Keypress: lshift
393.1174 	DATA 	Keypress: t
394.1451 	INFO 	Trial m_dev at 388.8072266309973
394.8027 	INFO 	Key b was pressed with a reaction time of 0.6490567330038175 seconds!
395.1555 	DATA 	Keypress: b
395.1567 	DATA 	Keypress: lshift
395.1578 	DATA 	Keypress: t
396.2237 	INFO 	Trial m_std_ccw at 390.88584923800227
397.2309 	DATA 	Keypress: lshift
397.2324 	DATA 	Keypress: t
398.3199 	INFO 	Trial m_std_ccw at 392.98202689799655
399.3299 	DATA 	Keypress: lshift
399.3313 	DATA 	Keypress: t
400.2289 	INFO 	Trial m_std_ccw at 394.890990382999
401.2387 	DATA 	Keypress: lshift
401.2403 	DATA 	Keypress: t
402.3174 	INFO 	Trial m_dev at 396.9794944640016
403.0436 	INFO 	Key b was pressed with a reaction time of 0.7171649079973577 seconds!
403.3276 	DATA 	Keypress: lshift
403.3289 	DATA 	Keypress: t
403.3311 	DATA 	Keypress: b
404.4265 	INFO 	Trial m_std_cw at 399.0886163940013
405.4354 	DATA 	Keypress: lshift
405.4370 	DATA 	Keypress: t
406.5027 	INFO 	Trial m_std_cw at 401.1648021250003
407.5130 	DATA 	Keypress: lshift
407.5141 	DATA 	Keypress: t
408.4119 	INFO 	Trial m_std_cw at 403.0740828220005
409.4219 	DATA 	Keypress: lshift
409.4234 	DATA 	Keypress: t
410.4608 	INFO 	Trial m_dev at 405.1228914079984
411.1906 	INFO 	Key b was pressed with a reaction time of 0.721474115998717 seconds!
411.4708 	DATA 	Keypress: lshift
411.4721 	DATA 	Keypress: t
411.4742 	DATA 	Keypress: b
412.5692 	INFO 	Trial m_std_cw at 407.23131206400285
413.5796 	DATA 	Keypress: lshift
413.5811 	DATA 	Keypress: t
414.5265 	INFO 	Trial m_std_ccw at 409.1886506390001
415.5372 	DATA 	Keypress: lshift
415.5389 	DATA 	Keypress: t
416.4432 	INFO 	End of the main block 8 at 411.1053757970003
417.0223 	DATA 	Keypress: lshift
417.0240 	DATA 	Keypress: t
419.0220 	DATA 	Keypress: lshift
419.0235 	DATA 	Keypress: t
421.0242 	DATA 	Keypress: lshift
421.0257 	DATA 	Keypress: t
423.0306 	DATA 	Keypress: lshift
423.0323 	DATA 	Keypress: t
425.0221 	DATA 	Keypress: lshift
425.0235 	DATA 	Keypress: t
426.4512 	INFO 	Start of the main block 9 at 421.1132907610008
427.0285 	DATA 	Keypress: lshift
427.0301 	DATA 	Keypress: t
428.4585 	INFO 	Trial m_std_ccw at 423.120591480998
429.4647 	DATA 	Keypress: lshift
429.4660 	DATA 	Keypress: t
430.5536 	INFO 	Trial m_std_cw at 425.2157772599967
432.6221 	INFO 	Trial m_dev at 427.28420450499834
432.6233 	DATA 	Keypress: lshift
432.6248 	DATA 	Keypress: t
433.2777 	INFO 	Key b was pressed with a reaction time of 0.6460254959965823 seconds!
433.6350 	DATA 	Keypress: lshift
433.6371 	DATA 	Keypress: t
433.6392 	DATA 	Keypress: b
434.5717 	INFO 	Trial m_std_cw at 429.233794521002
435.5811 	DATA 	Keypress: lshift
435.5835 	DATA 	Keypress: t
436.5884 	INFO 	Trial m_std_ccw at 431.2505108330006
437.5987 	DATA 	Keypress: lshift
437.6001 	DATA 	Keypress: t
438.5275 	INFO 	Trial m_std_cw at 433.18966876299964
440.4565 	INFO 	Trial m_std_cw at 435.1186506000013
440.4577 	DATA 	Keypress: lshift
440.4590 	DATA 	Keypress: t
441.4681 	DATA 	Keypress: lshift
441.4700 	DATA 	Keypress: t
442.4052 	INFO 	Trial m_dev at 437.06733004499984
443.0235 	INFO 	Key b was pressed with a reaction time of 0.610014093996142 seconds!
443.4146 	DATA 	Keypress: lshift
443.4160 	DATA 	Keypress: t
443.4192 	DATA 	Keypress: b
444.4036 	INFO 	Trial m_std_ccw at 439.06572372699884
445.4128 	DATA 	Keypress: lshift
445.4149 	DATA 	Keypress: t
446.4099 	INFO 	Trial m_std_cw at 441.071984299997
447.4201 	DATA 	Keypress: lshift
447.4215 	DATA 	Keypress: t
448.4191 	INFO 	Trial m_dev at 443.08122260699747
449.1817 	INFO 	Key b was pressed with a reaction time of 0.7542117569973925 seconds!
449.4288 	DATA 	Keypress: lshift
449.4302 	DATA 	Keypress: t
449.4323 	DATA 	Keypress: b
450.4976 	INFO 	Trial m_std_cw at 445.15970456099603
451.5072 	DATA 	Keypress: lshift
451.5087 	DATA 	Keypress: t
452.5045 	INFO 	Trial m_std_cw at 447.16665208299673
453.5141 	DATA 	Keypress: lshift
453.5157 	DATA 	Keypress: t
454.5115 	INFO 	Trial m_dev at 449.1736268129971
455.2728 	INFO 	Key b was pressed with a reaction time of 0.7546519349998562 seconds!
455.5211 	DATA 	Keypress: lshift
455.5227 	DATA 	Keypress: t
455.5243 	DATA 	Keypress: b
456.5982 	INFO 	Trial m_std_ccw at 451.26031876100024
457.6081 	DATA 	Keypress: lshift
457.6097 	DATA 	Keypress: t
458.5153 	INFO 	Trial m_std_ccw at 453.17739806300233
459.5254 	DATA 	Keypress: lshift
459.5268 	DATA 	Keypress: t
460.5742 	INFO 	Trial m_std_ccw at 455.23634801899607
462.5327 	INFO 	Trial m_std_ccw at 457.19483273399965
462.5339 	DATA 	Keypress: lshift
462.5360 	DATA 	Keypress: t
463.5453 	DATA 	Keypress: lshift
463.5468 	DATA 	Keypress: t
464.6026 	INFO 	End of the main block 9 at 459.2646900710024
465.0323 	DATA 	Keypress: lshift
465.0341 	DATA 	Keypress: t
467.0294 	DATA 	Keypress: lshift
467.0310 	DATA 	Keypress: t
469.0294 	DATA 	Keypress: lshift
469.0311 	DATA 	Keypress: t
471.0305 	DATA 	Keypress: lshift
471.0320 	DATA 	Keypress: t
473.0274 	DATA 	Keypress: lshift
473.0285 	DATA 	Keypress: t
474.6081 	INFO 	Start of the control block 10 at 469.270216429999
475.0224 	DATA 	Keypress: lshift
475.0237 	DATA 	Keypress: t
476.6150 	INFO 	Trial c_std_cw at 471.27717511099763
477.6228 	DATA 	Keypress: lshift
477.6243 	DATA 	Keypress: t
478.6017 	INFO 	Trial c_std_ccw at 473.2637848899976
479.6116 	DATA 	Keypress: lshift
479.6129 	DATA 	Keypress: t
480.6403 	INFO 	Trial c_std_cw at 475.302468019996
481.6504 	DATA 	Keypress: lshift
481.6518 	DATA 	Keypress: t
482.7394 	INFO 	Trial c_std_v at 477.4015278680017
483.7498 	DATA 	Keypress: lshift
483.7511 	DATA 	Keypress: t
484.6487 	INFO 	Trial c_std_v at 479.31081629599794
485.6578 	DATA 	Keypress: lshift
485.6594 	DATA 	Keypress: t
486.6749 	INFO 	Trial c_dev_ccw at 481.3370556209993
487.1407 	INFO 	Key b was pressed with a reaction time of 0.45788757600530516 seconds!
487.6857 	DATA 	Keypress: lshift
487.6890 	DATA 	Keypress: t
487.6913 	DATA 	Keypress: b
488.6228 	INFO 	Trial c_std_ccw at 483.2849545229983
489.6316 	DATA 	Keypress: lshift
489.6330 	DATA 	Keypress: t
490.6887 	INFO 	Trial c_std_cw at 485.3508166269967
491.6983 	DATA 	Keypress: lshift
491.6998 	DATA 	Keypress: t
492.6656 	INFO 	Trial c_dev_v at 487.3277339749984
493.0887 	INFO 	Key b was pressed with a reaction time of 0.4159943020058563 seconds!
493.6755 	DATA 	Keypress: lshift
493.6772 	DATA 	Keypress: t
493.6787 	DATA 	Keypress: b
494.5827 	INFO 	Trial c_std_ccw at 489.24488174499857
495.5937 	DATA 	Keypress: lshift
495.5954 	DATA 	Keypress: t
496.6808 	INFO 	Trial c_std_ccw at 491.34292541899777
497.6906 	DATA 	Keypress: lshift
497.6922 	DATA 	Keypress: t
498.6979 	INFO 	Trial c_dev_cw at 493.36007514000084
499.2207 	INFO 	Key b was pressed with a reaction time of 0.5158266740036197 seconds!
499.7077 	DATA 	Keypress: lshift
499.7090 	DATA 	Keypress: t
499.7108 	DATA 	Keypress: b
500.6849 	INFO 	Trial c_std_ccw at 495.3470163739985
501.6947 	DATA 	Keypress: lshift
501.6961 	DATA 	Keypress: t
502.7417 	INFO 	Trial c_std_cw at 497.403815120997
503.7508 	DATA 	Keypress: lshift
503.7526 	DATA 	Keypress: t
504.7381 	INFO 	Trial c_dev_v at 499.40020787600224
505.3107 	INFO 	Key b was pressed with a reaction time of 0.5658002530035446 seconds!
505.7477 	DATA 	Keypress: lshift
505.7494 	DATA 	Keypress: t
505.7519 	DATA 	Keypress: b
506.7650 	INFO 	Trial c_std_cw at 501.42709746299806
507.7741 	DATA 	Keypress: lshift
507.7756 	DATA 	Keypress: t
508.6811 	INFO 	Trial c_std_v at 503.34327358599694
509.6912 	DATA 	Keypress: lshift
509.6928 	DATA 	Keypress: t
510.6383 	INFO 	Trial c_std_v at 505.3004480000018
511.6476 	DATA 	Keypress: lshift
511.6490 	DATA 	Keypress: t
512.7449 	INFO 	End of the control block 10 at 507.4070627850015
513.0284 	DATA 	Keypress: lshift
513.0296 	DATA 	Keypress: t
515.0284 	DATA 	Keypress: lshift
515.0300 	DATA 	Keypress: t
517.0219 	DATA 	Keypress: lshift
517.0236 	DATA 	Keypress: t
519.0274 	DATA 	Keypress: lshift
519.0289 	DATA 	Keypress: t
521.0285 	DATA 	Keypress: lshift
521.0299 	DATA 	Keypress: t
522.7526 	INFO 	Start of the control block 11 at 517.4147568999979
523.0294 	DATA 	Keypress: lshift
523.0308 	DATA 	Keypress: t
524.7601 	INFO 	Trial c_std_v at 519.4222526919984
525.7664 	DATA 	Keypress: lshift
525.7677 	DATA 	Keypress: t
526.7655 	INFO 	Trial c_std_cw at 521.4275920509972
527.7749 	DATA 	Keypress: lshift
527.7762 	DATA 	Keypress: t
528.7139 	INFO 	Trial c_std_ccw at 523.3760309380013
529.7248 	DATA 	Keypress: lshift
529.7261 	DATA 	Keypress: t
530.7536 	INFO 	Trial c_std_v at 525.415757761999
531.7637 	DATA 	Keypress: lshift
531.7651 	DATA 	Keypress: t
532.7725 	INFO 	Trial c_dev_cw at 527.434637462
533.3118 	INFO 	Key b was pressed with a reaction time of 0.5296005519994651 seconds!
533.7837 	DATA 	Keypress: lshift
533.7850 	DATA 	Keypress: t
533.7872 	DATA 	Keypress: b
534.7523 	INFO 	Trial c_std_cw at 529.414384937998
535.7618 	DATA 	Keypress: lshift
535.7634 	DATA 	Keypress: t
536.8388 	INFO 	Trial c_std_v at 531.5009400029958
537.8491 	DATA 	Keypress: lshift
537.8513 	DATA 	Keypress: t
538.7662 	INFO 	Trial c_dev_ccw at 533.4283469099973
539.1807 	INFO 	Key b was pressed with a reaction time of 0.40460278199316235 seconds!
539.7771 	DATA 	Keypress: lshift
539.7785 	DATA 	Keypress: t
539.7807 	DATA 	Keypress: b
540.8261 	INFO 	Trial c_std_cw at 535.4882440959991
541.8359 	DATA 	Keypress: lshift
541.8374 	DATA 	Keypress: t
542.9027 	INFO 	Trial c_std_ccw at 537.5648262359973
543.9134 	DATA 	Keypress: lshift
543.9149 	DATA 	Keypress: t
544.8405 	INFO 	Trial c_dev_v at 539.5026790510019
545.2977 	INFO 	Key b was pressed with a reaction time of 0.44941197199659655 seconds!
545.8513 	DATA 	Keypress: lshift
545.8527 	DATA 	Keypress: t
545.8548 	DATA 	Keypress: b
546.8483 	INFO 	Trial c_std_ccw at 541.5104566079972
547.8571 	DATA 	Keypress: lshift
547.8586 	DATA 	Keypress: t
548.8842 	INFO 	Trial c_std_v at 543.5463718149986
549.8947 	DATA 	Keypress: lshift
549.8961 	DATA 	Keypress: t
550.8220 	INFO 	Trial c_std_cw at 545.4840935999964
551.8311 	DATA 	Keypress: lshift
551.8326 	DATA 	Keypress: t
552.8884 	INFO 	Trial c_dev_v at 547.5504423599996
553.2829 	INFO 	Key b was pressed with a reaction time of 0.3872965379996458 seconds!
553.8983 	DATA 	Keypress: lshift
553.8998 	DATA 	Keypress: t
553.9022 	DATA 	Keypress: b
554.8856 	INFO 	Trial c_std_ccw at 549.5477602839965
555.8927 	DATA 	Keypress: lshift
555.8942 	DATA 	Keypress: t
556.9615 	INFO 	Trial c_std_ccw at 551.6236120579997
557.9707 	DATA 	Keypress: lshift
557.9721 	DATA 	Keypress: t
558.9397 	INFO 	Trial c_std_cw at 553.6018534800023
559.9491 	DATA 	Keypress: lshift
559.9507 	DATA 	Keypress: t
560.8981 	INFO 	End of the control block 11 at 555.5602332400013
561.0262 	DATA 	Keypress: lshift
561.0277 	DATA 	Keypress: t
563.0267 	DATA 	Keypress: lshift
563.0281 	DATA 	Keypress: t
565.0202 	DATA 	Keypress: lshift
565.0216 	DATA 	Keypress: t
567.0300 	DATA 	Keypress: lshift
567.0316 	DATA 	Keypress: t
569.0263 	DATA 	Keypress: lshift
569.0276 	DATA 	Keypress: t
570.9057 	INFO 	Start of the control block 12 at 565.5677861250006
571.0240 	DATA 	Keypress: lshift
571.0255 	DATA 	Keypress: t
572.9126 	INFO 	Trial c_std_ccw at 567.5747767040011
573.9195 	DATA 	Keypress: lshift
573.9208 	DATA 	Keypress: t
574.8784 	INFO 	Trial c_std_v at 569.5405291439965
575.8887 	DATA 	Keypress: lshift
575.8901 	DATA 	Keypress: t
576.8576 	INFO 	Trial c_std_cw at 571.5197839429966
577.8680 	DATA 	Keypress: lshift
577.8694 	DATA 	Keypress: t
578.8766 	INFO 	Trial c_std_cw at 573.5387218519973
580.8657 	INFO 	Trial c_std_v at 575.527829065999
580.8669 	DATA 	Keypress: lshift
580.8682 	DATA 	Keypress: t
581.8759 	DATA 	Keypress: lshift
581.8775 	DATA 	Keypress: t
582.8950 	INFO 	Trial c_std_ccw at 577.5571469470015
583.9043 	DATA 	Keypress: lshift
583.9058 	DATA 	Keypress: t
584.8633 	INFO 	Trial c_dev_v at 579.5254154169961
585.3667 	INFO 	Key b was pressed with a reaction time of 0.4939278019955964 seconds!
586.7828 	INFO 	Trial c_std_cw at 581.4449537309993
586.7841 	DATA 	Keypress: lshift
586.7855 	DATA 	Keypress: t
586.7875 	DATA 	Keypress: b
587.7948 	DATA 	Keypress: lshift
587.7961 	DATA 	Keypress: t
588.8534 	INFO 	Trial c_std_cw at 583.5154920560017
589.8630 	DATA 	Keypress: lshift
589.8643 	DATA 	Keypress: t
590.8919 	INFO 	Trial c_dev_v at 585.5539887990017
591.4306 	INFO 	Key b was pressed with a reaction time of 0.5297555600045598 seconds!
592.8409 	INFO 	Trial c_std_ccw at 587.5030663579964
592.8422 	DATA 	Keypress: lshift
592.8435 	DATA 	Keypress: t
592.8454 	DATA 	Keypress: b
593.8518 	DATA 	Keypress: lshift
593.8532 	DATA 	Keypress: t
594.7906 	INFO 	Trial c_std_ccw at 589.4527033170016
595.8017 	DATA 	Keypress: lshift
595.8033 	DATA 	Keypress: t
596.8877 	INFO 	Trial c_dev_ccw at 591.549869540002
597.3167 	INFO 	Key b was pressed with a reaction time of 0.42000848499446874 seconds!
597.8980 	DATA 	Keypress: lshift
597.8994 	DATA 	Keypress: t
597.9021 	DATA 	Keypress: b
598.9168 	INFO 	Trial c_std_ccw at 593.5789168949996
599.9256 	DATA 	Keypress: lshift
599.9271 	DATA 	Keypress: t
600.9128 	INFO 	Trial c_std_v at 595.5748888800008
601.9223 	DATA 	Keypress: lshift
601.9240 	DATA 	Keypress: t
602.9795 	INFO 	Trial c_dev_cw at 597.6416536120014
603.5317 	INFO 	Key b was pressed with a reaction time of 0.5445311919975211 seconds!
603.9901 	DATA 	Keypress: lshift
603.9919 	DATA 	Keypress: t
603.9940 	DATA 	Keypress: b
605.0272 	INFO 	Trial c_std_cw at 599.6893526150016
605.0288 	DATA 	Keypress: lshift
605.0302 	DATA 	Keypress: t
607.0157 	INFO 	Trial c_std_v at 601.6777872309976
608.0252 	DATA 	Keypress: lshift
608.0269 	DATA 	Keypress: t
609.0641 	INFO 	End of the control block 12 at 603.7262651150013
609.0682 	DATA 	Keypress: lshift
609.0698 	DATA 	Keypress: t
611.0241 	DATA 	Keypress: lshift
611.0254 	DATA 	Keypress: t
613.0252 	DATA 	Keypress: lshift
613.0264 	DATA 	Keypress: t
615.0252 	DATA 	Keypress: lshift
615.0266 	DATA 	Keypress: t
617.0218 	DATA 	Keypress: lshift
617.0356 	DATA 	Keypress: t
619.0191 	DATA 	Keypress: lshift
619.0208 	DATA 	Keypress: t
619.0742 	INFO 	Start of the control block 13 at 613.7363407390003
621.0192 	DATA 	Keypress: lshift
621.0208 	DATA 	Keypress: t
621.0811 	INFO 	Trial c_std_ccw at 615.7431977849992
623.0577 	INFO 	Trial c_std_v at 617.7198391049969
623.0590 	DATA 	Keypress: lshift
623.0604 	DATA 	Keypress: t
625.0067 	INFO 	Trial c_std_ccw at 619.6688826169993
626.0149 	DATA 	Keypress: lshift
626.0162 	DATA 	Keypress: t
627.0936 	INFO 	Trial c_dev_v at 621.7557513380016
627.0968 	DATA 	Keypress: lshift
627.0981 	DATA 	Keypress: t
627.5757 	INFO 	Key b was pressed with a reaction time of 0.47002145199803635 seconds!
628.1078 	DATA 	Keypress: b
629.1158 	INFO 	Trial c_std_cw at 623.7779277410009
629.1176 	DATA 	Keypress: lshift
629.1192 	DATA 	Keypress: t
631.1069 	INFO 	Trial c_std_v at 625.7690059439992
631.1098 	DATA 	Keypress: lshift
631.1113 	DATA 	Keypress: t
633.0576 	INFO 	Trial c_std_v at 627.7197508809986
633.0605 	DATA 	Keypress: lshift
633.0620 	DATA 	Keypress: t
635.0979 	INFO 	Trial c_dev_v at 629.760009368998
635.1015 	DATA 	Keypress: lshift
635.1028 	DATA 	Keypress: t
635.4969 	INFO 	Key b was pressed with a reaction time of 0.3882216880010674 seconds!
636.1110 	DATA 	Keypress: b
637.1287 	INFO 	Trial c_std_ccw at 631.7908813419999
637.1319 	DATA 	Keypress: lshift
637.1340 	DATA 	Keypress: t
639.1216 	INFO 	Trial c_std_ccw at 633.7836948100012
639.1228 	DATA 	Keypress: lshift
639.1242 	DATA 	Keypress: t
641.1208 	INFO 	Trial c_std_v at 635.7828913449994
641.1235 	DATA 	Keypress: lshift
641.1252 	DATA 	Keypress: t
643.1910 	INFO 	Trial c_dev_cw at 637.8531316860026
643.1941 	DATA 	Keypress: lshift
643.1955 	DATA 	Keypress: t
643.6637 	INFO 	Key b was pressed with a reaction time of 0.46047402400290594 seconds!
644.2055 	DATA 	Keypress: b
645.1233 	INFO 	Trial c_std_cw at 639.7853990220028
645.1251 	DATA 	Keypress: lshift
645.1264 	DATA 	Keypress: t
647.0619 	INFO 	Trial c_std_cw at 641.724036863001
647.0652 	DATA 	Keypress: lshift
647.0671 	DATA 	Keypress: t
649.1436 	INFO 	Trial c_dev_ccw at 643.8057183950004
649.1448 	DATA 	Keypress: lshift
649.1463 	DATA 	Keypress: t
649.5797 	INFO 	Key b was pressed with a reaction time of 0.4257612119981786 seconds!
650.1558 	DATA 	Keypress: b
651.0540 	INFO 	Trial c_std_ccw at 645.7161370460017
651.0571 	DATA 	Keypress: lshift
651.0586 	DATA 	Keypress: t
653.0852 	INFO 	Trial c_std_cw at 647.7473091430002
653.0884 	DATA 	Keypress: lshift
653.0897 	DATA 	Keypress: t
655.1950 	INFO 	Trial c_std_cw at 649.8571641419985
655.1979 	DATA 	Keypress: lshift
655.2002 	DATA 	Keypress: t
657.2665 	INFO 	End of the control block 13 at 651.9286165329977
657.2686 	DATA 	Keypress: lshift
657.2701 	DATA 	Keypress: t
659.0252 	DATA 	Keypress: lshift
659.0266 	DATA 	Keypress: t
661.0317 	DATA 	Keypress: lshift
661.0336 	DATA 	Keypress: t
663.0222 	DATA 	Keypress: lshift
663.0238 	DATA 	Keypress: t
665.0241 	DATA 	Keypress: lshift
665.0254 	DATA 	Keypress: t
667.0293 	DATA 	Keypress: lshift
667.0310 	DATA 	Keypress: t
667.2748 	INFO 	Start of the control block 14 at 661.9368790209992
669.0273 	DATA 	Keypress: lshift
669.0286 	DATA 	Keypress: t
669.2820 	INFO 	Trial c_std_ccw at 663.9441188630008
671.3676 	INFO 	Trial c_std_v at 666.0297076240022
671.3690 	DATA 	Keypress: lshift
671.3702 	DATA 	Keypress: t
673.4275 	INFO 	Trial c_std_cw at 668.0895968780023
674.4343 	DATA 	Keypress: lshift
674.4359 	DATA 	Keypress: t
675.4132 	INFO 	Trial c_std_v at 670.075306220002
675.4163 	DATA 	Keypress: lshift
675.4177 	DATA 	Keypress: t
677.4835 	INFO 	Trial c_dev_cw at 672.1456567659989
677.4868 	DATA 	Keypress: lshift
677.4881 	DATA 	Keypress: t
677.9497 	INFO 	Key b was pressed with a reaction time of 0.4543283570019412 seconds!
678.4972 	DATA 	Keypress: b
679.4155 	INFO 	Trial c_std_ccw at 674.0776098220012
679.4186 	DATA 	Keypress: lshift
679.4199 	DATA 	Keypress: t
681.4466 	INFO 	Trial c_std_v at 676.1087540379958
681.4501 	DATA 	Keypress: lshift
681.4516 	DATA 	Keypress: t
683.4985 	INFO 	Trial c_std_cw at 678.1606599270017
683.5021 	DATA 	Keypress: lshift
683.5037 	DATA 	Keypress: t
685.4597 	INFO 	Trial c_dev_v at 680.1218712109985
685.4610 	DATA 	Keypress: lshift
685.4623 	DATA 	Keypress: t
685.9196 	INFO 	Key b was pressed with a reaction time of 0.45012548299564514 seconds!
686.4734 	DATA 	Keypress: b
687.5496 	INFO 	Trial c_std_v at 682.2117355549999
687.5513 	DATA 	Keypress: lshift
687.5528 	DATA 	Keypress: t
689.5016 	INFO 	Trial c_std_ccw at 684.1636863509993
689.5044 	DATA 	Keypress: lshift
689.5058 	DATA 	Keypress: t
691.4915 	INFO 	Trial c_dev_v at 686.1536337399957
691.4947 	DATA 	Keypress: lshift
691.4961 	DATA 	Keypress: t
691.9488 	INFO 	Key b was pressed with a reaction time of 0.44683619100396754 seconds!
692.5043 	DATA 	Keypress: b
693.4920 	INFO 	Trial c_std_cw at 688.1541089800012
693.4938 	DATA 	Keypress: lshift
693.4951 	DATA 	Keypress: t
695.5010 	INFO 	Trial c_std_ccw at 690.1631599819957
695.5040 	DATA 	Keypress: lshift
695.5057 	DATA 	Keypress: t
697.4314 	INFO 	Trial c_std_cw at 692.0933550010013
697.4348 	DATA 	Keypress: lshift
697.4365 	DATA 	Keypress: t
699.4625 	INFO 	Trial c_dev_ccw at 694.1245983229965
699.4666 	DATA 	Keypress: lshift
699.4689 	DATA 	Keypress: t
699.9337 	INFO 	Key b was pressed with a reaction time of 0.4577092379986425 seconds!
700.4800 	DATA 	Keypress: b
701.4361 	INFO 	Trial c_std_ccw at 696.0982111729973
701.4379 	DATA 	Keypress: lshift
701.4392 	DATA 	Keypress: t
703.4550 	INFO 	Trial c_std_cw at 698.1170938959986
703.4579 	DATA 	Keypress: lshift
703.4595 	DATA 	Keypress: t
705.4661 	INFO 	End of the control block 14 at 700.1281666520008
705.4698 	DATA 	Keypress: lshift
705.4714 	DATA 	Keypress: t
707.0283 	DATA 	Keypress: lshift
707.0297 	DATA 	Keypress: t
709.0260 	DATA 	Keypress: lshift
709.0274 	DATA 	Keypress: t
711.0336 	DATA 	Keypress: lshift
711.0351 	DATA 	Keypress: t
713.0284 	DATA 	Keypress: lshift
713.0297 	DATA 	Keypress: t
715.0282 	DATA 	Keypress: lshift
715.0295 	DATA 	Keypress: t
715.4759 	INFO 	Start of the control block 15 at 710.1380347669983
717.0229 	DATA 	Keypress: lshift
717.0352 	DATA 	Keypress: t
717.4832 	INFO 	Trial c_std_cw at 712.1452829389964
719.4087 	INFO 	Trial c_std_cw at 714.0708003300024
719.4101 	DATA 	Keypress: lshift
719.4116 	DATA 	Keypress: t
721.3778 	INFO 	Trial c_std_v at 716.0399081689975
721.3790 	DATA 	Keypress: lshift
721.3805 	DATA 	Keypress: t
723.4273 	INFO 	Trial c_dev_cw at 718.0894382210026
723.9238 	INFO 	Key b was pressed with a reaction time of 0.48939365300611826 seconds!
724.4356 	DATA 	Keypress: lshift
724.4370 	DATA 	Keypress: t
724.4390 	DATA 	Keypress: b
725.4945 	INFO 	Trial c_std_cw at 720.156667629999
725.4962 	DATA 	Keypress: lshift
725.4994 	DATA 	Keypress: t
727.5861 	INFO 	Trial c_std_ccw at 722.2482806010012
727.5892 	DATA 	Keypress: lshift
727.5908 	DATA 	Keypress: t
729.5581 	INFO 	Trial c_dev_v at 724.2202666779995
729.5612 	DATA 	Keypress: lshift
729.5628 	DATA 	Keypress: t
729.9398 	INFO 	Key b was pressed with a reaction time of 0.3700156249979045 seconds!
730.5719 	DATA 	Keypress: b
731.5598 	INFO 	Trial c_std_v at 726.2219625310026
731.5617 	DATA 	Keypress: lshift
731.5631 	DATA 	Keypress: t
733.4985 	INFO 	Trial c_std_cw at 728.1606612179967
733.5017 	DATA 	Keypress: lshift
733.5031 	DATA 	Keypress: t
735.5186 	INFO 	Trial c_std_ccw at 730.1807512099986
735.5217 	DATA 	Keypress: lshift
735.5233 	DATA 	Keypress: t
737.5694 	INFO 	Trial c_dev_ccw at 732.2315615159969
737.9288 	INFO 	Key b was pressed with a reaction time of 0.35148757500428474 seconds!
738.5803 	DATA 	Keypress: lshift
738.5820 	DATA 	Keypress: t
738.5841 	DATA 	Keypress: b
739.6474 	INFO 	Trial c_std_v at 734.3094971009996
739.6490 	DATA 	Keypress: lshift
739.6503 	DATA 	Keypress: t
741.5659 	INFO 	Trial c_std_v at 736.2280259170002
741.5689 	DATA 	Keypress: lshift
741.5704 	DATA 	Keypress: t
743.5160 	INFO 	Trial c_std_ccw at 738.1780870630027
743.5189 	DATA 	Keypress: lshift
743.5204 	DATA 	Keypress: t
745.5260 	INFO 	Trial c_dev_v at 740.1881234219982
745.5290 	DATA 	Keypress: lshift
745.5307 	DATA 	Keypress: t
746.0087 	INFO 	Key b was pressed with a reaction time of 0.47053922500344925 seconds!
746.5403 	DATA 	Keypress: b
747.6282 	INFO 	Trial c_std_ccw at 742.2903320710029
747.6325 	DATA 	Keypress: lshift
747.6338 	DATA 	Keypress: t
749.7406 	INFO 	Trial c_std_ccw at 744.4027133540003
749.7421 	DATA 	Keypress: lshift
749.7435 	DATA 	Keypress: t
751.7497 	INFO 	Trial c_std_cw at 746.4118452379989
752.7578 	DATA 	Keypress: lshift
752.7591 	DATA 	Keypress: t
753.6566 	INFO 	End of the control block 15 at 748.3187400320021
753.6606 	DATA 	Keypress: lshift
753.6621 	DATA 	Keypress: t
755.0281 	DATA 	Keypress: lshift
755.0294 	DATA 	Keypress: t
757.0241 	DATA 	Keypress: lshift
757.0255 	DATA 	Keypress: t
759.0333 	DATA 	Keypress: lshift
759.0349 	DATA 	Keypress: t
761.0242 	DATA 	Keypress: lshift
761.0256 	DATA 	Keypress: t
763.0237 	DATA 	Keypress: lshift
763.0361 	DATA 	Keypress: t
763.6679 	INFO 	Start of the control block 16 at 758.3300216740026
765.0210 	DATA 	Keypress: lshift
765.0338 	DATA 	Keypress: t
765.6749 	INFO 	Trial c_std_ccw at 760.337075401003
767.6604 	INFO 	Trial c_std_v at 762.3225832519965
767.6617 	DATA 	Keypress: lshift
767.6632 	DATA 	Keypress: t
769.6604 	INFO 	Trial c_std_ccw at 764.3225513819998
770.6677 	DATA 	Keypress: lshift
770.6691 	DATA 	Keypress: t
771.7565 	INFO 	Trial c_dev_ccw at 766.4186332730023
771.7596 	DATA 	Keypress: lshift
771.7611 	DATA 	Keypress: t
772.3559 	INFO 	Key b was pressed with a reaction time of 0.5875248439988354 seconds!
772.7722 	DATA 	Keypress: b
773.7885 	INFO 	Trial c_std_v at 768.4506147389984
773.7901 	DATA 	Keypress: lshift
773.7917 	DATA 	Keypress: t
775.8070 	INFO 	Trial c_std_cw at 770.469165192997
775.8099 	DATA 	Keypress: lshift
775.8113 	DATA 	Keypress: t
777.8284 	INFO 	Trial c_std_v at 772.4905402489967
777.8325 	DATA 	Keypress: lshift
777.8339 	DATA 	Keypress: t
779.8299 	INFO 	Trial c_dev_v at 774.4920057069976
779.8321 	DATA 	Keypress: lshift
779.8335 	DATA 	Keypress: t
780.3088 	INFO 	Key b was pressed with a reaction time of 0.4684185290025198 seconds!
780.8443 	DATA 	Keypress: b
781.8405 	INFO 	Trial c_std_cw at 776.5025636860009
781.8419 	DATA 	Keypress: lshift
781.8434 	DATA 	Keypress: t
783.7889 	INFO 	Trial c_std_cw at 778.4510627199998
784.7988 	DATA 	Keypress: lshift
784.8001 	DATA 	Keypress: t
785.7775 	INFO 	Trial c_std_cw at 780.4396566930009
785.7807 	DATA 	Keypress: lshift
785.7821 	DATA 	Keypress: t
787.7885 	INFO 	Trial c_std_ccw at 782.4506272669969
787.7899 	DATA 	Keypress: lshift
787.7912 	DATA 	Keypress: t
789.8581 	INFO 	Trial c_dev_cw at 784.520185319001
790.2287 	INFO 	Key b was pressed with a reaction time of 0.36404170799505664 seconds!
790.8662 	DATA 	Keypress: lshift
790.8675 	DATA 	Keypress: t
790.8696 	DATA 	Keypress: b
791.9347 	INFO 	Trial c_std_cw at 786.5968520379975
791.9367 	DATA 	Keypress: lshift
791.9380 	DATA 	Keypress: t
793.8534 	INFO 	Trial c_std_ccw at 788.5155349720008
793.8562 	DATA 	Keypress: lshift
793.8577 	DATA 	Keypress: t
795.8042 	INFO 	Trial c_dev_v at 790.4663048619987
795.8070 	DATA 	Keypress: lshift
795.8085 	DATA 	Keypress: t
796.3218 	INFO 	Key b was pressed with a reaction time of 0.5073663059956743 seconds!
796.8182 	DATA 	Keypress: b
797.7445 	INFO 	Trial c_std_ccw at 792.4066334419986
797.7461 	DATA 	Keypress: lshift
797.7482 	DATA 	Keypress: t
799.7755 	INFO 	Trial c_std_v at 794.4376265329993
799.7768 	DATA 	Keypress: lshift
799.7781 	DATA 	Keypress: t
801.8456 	INFO 	End of the control block 16 at 796.5076883259972
801.8486 	DATA 	Keypress: lshift
801.8500 	DATA 	Keypress: t
803.0247 	DATA 	Keypress: lshift
803.0259 	DATA 	Keypress: t
805.0306 	DATA 	Keypress: lshift
805.0319 	DATA 	Keypress: t
807.0296 	DATA 	Keypress: lshift
807.0310 	DATA 	Keypress: t
809.0282 	DATA 	Keypress: lshift
809.0297 	DATA 	Keypress: t
811.0336 	DATA 	Keypress: lshift
811.0353 	DATA 	Keypress: t
811.8545 	INFO 	Start of the main block 17 at 806.5166733840015
813.0335 	DATA 	Keypress: lshift
813.0349 	DATA 	Keypress: t
813.8618 	INFO 	Trial m_std_cw at 808.5239503869961
815.8883 	INFO 	Trial m_std_ccw at 810.5503882549965
815.8898 	DATA 	Keypress: lshift
815.8912 	DATA 	Keypress: t
817.8671 	INFO 	Trial m_std_ccw at 812.529278506001
817.8686 	DATA 	Keypress: lshift
817.8699 	DATA 	Keypress: t
819.8556 	INFO 	Trial m_dev at 814.5177341340022
820.5517 	INFO 	Key b was pressed with a reaction time of 0.6895696290011983 seconds!
820.8633 	DATA 	Keypress: lshift
820.8648 	DATA 	Keypress: t
820.8668 	DATA 	Keypress: b
821.9622 	INFO 	Trial m_std_cw at 816.6243357670028
821.9641 	DATA 	Keypress: lshift
821.9657 	DATA 	Keypress: t
823.9131 	INFO 	Trial m_std_ccw at 818.5752126969965
823.9162 	DATA 	Keypress: lshift
823.9177 	DATA 	Keypress: t
825.8744 	INFO 	Trial m_dev at 820.5364729139983
825.8774 	DATA 	Keypress: lshift
825.8788 	DATA 	Keypress: t
827.9848 	INFO 	Trial m_std_ccw at 822.6468898710009
827.9878 	DATA 	Keypress: lshift
827.9893 	DATA 	Keypress: t
829.9248 	INFO 	Trial m_std_cw at 824.5869624690022
829.9278 	DATA 	Keypress: lshift
829.9294 	DATA 	Keypress: t
831.9465 	INFO 	Trial m_std_cw at 826.608682070997
831.9478 	DATA 	Keypress: lshift
831.9492 	DATA 	Keypress: t
833.9858 	INFO 	Trial m_std_cw at 828.6479191300023
833.9889 	DATA 	Keypress: lshift
833.9904 	DATA 	Keypress: t
836.0659 	INFO 	Trial m_std_cw at 830.728028518999
836.0690 	DATA 	Keypress: lshift
836.0705 	DATA 	Keypress: t
837.0779 	DATA 	Keypress: lshift
837.0793 	DATA 	Keypress: t
838.0265 	INFO 	Trial m_dev at 832.6886601790029
838.6178 	INFO 	Key b was pressed with a reaction time of 0.5823103520015138 seconds!
839.0392 	DATA 	Keypress: b
839.0399 	DATA 	Keypress: lshift
839.0411 	DATA 	Keypress: t
839.9356 	INFO 	Trial m_std_ccw at 834.5977563470005
840.6427 	INFO 	Key b was pressed with a reaction time of 0.7009670260013081 seconds!
840.9455 	DATA 	Keypress: b
842.0018 	INFO 	Trial m_std_ccw at 836.6639706010028
842.0036 	DATA 	Keypress: lshift
842.0051 	DATA 	Keypress: t
844.0613 	INFO 	Trial m_dev at 838.7233835939987
844.0628 	DATA 	Keypress: lshift
844.0643 	DATA 	Keypress: t
844.7478 	INFO 	Key b was pressed with a reaction time of 0.6753562340018107 seconds!
845.0763 	DATA 	Keypress: b
845.0770 	DATA 	Keypress: lshift
845.0781 	DATA 	Keypress: t
846.1225 	INFO 	Trial m_std_ccw at 840.7846050770022
847.1299 	DATA 	Keypress: lshift
847.1312 	DATA 	Keypress: t
848.0286 	INFO 	Trial m_std_cw at 842.6907583450011
849.0380 	DATA 	Keypress: lshift
849.0395 	DATA 	Keypress: t
850.0273 	INFO 	End of the main block 17 at 844.6893846429957
851.0283 	DATA 	Keypress: lshift
851.0297 	DATA 	Keypress: t
853.0354 	DATA 	Keypress: lshift
853.0372 	DATA 	Keypress: t
855.0324 	DATA 	Keypress: lshift
855.0340 	DATA 	Keypress: t
857.0246 	DATA 	Keypress: lshift
857.0264 	DATA 	Keypress: t
859.0256 	DATA 	Keypress: lshift
859.0274 	DATA 	Keypress: t
860.0348 	INFO 	Start of the main block 18 at 854.6969253040006
861.0278 	DATA 	Keypress: lshift
861.0291 	DATA 	Keypress: t
862.0429 	INFO 	Trial m_std_cw at 856.7050559729978
863.0492 	DATA 	Keypress: lshift
863.0505 	DATA 	Keypress: t
864.0382 	INFO 	Trial m_std_cw at 858.7003151719982
866.0870 	INFO 	Trial m_std_ccw at 860.7491524220022
866.0885 	DATA 	Keypress: lshift
866.0899 	DATA 	Keypress: t
867.0987 	DATA 	Keypress: lshift
867.1003 	DATA 	Keypress: t
868.1859 	INFO 	Trial m_dev at 862.8480072640014
869.1977 	DATA 	Keypress: lshift
869.1999 	DATA 	Keypress: t
870.1444 	INFO 	Trial m_std_cw at 864.8065365829971
871.1539 	DATA 	Keypress: lshift
871.1554 	DATA 	Keypress: t
872.0510 	INFO 	Trial m_std_ccw at 866.713138621999
873.0614 	DATA 	Keypress: lshift
873.0629 	DATA 	Keypress: t
874.0702 	INFO 	Trial m_std_cw at 868.7323430960023
875.0801 	DATA 	Keypress: lshift
875.0816 	DATA 	Keypress: t
876.1590 	INFO 	Trial m_dev at 870.8210907730027
876.6388 	INFO 	Key b was pressed with a reaction time of 0.47103658199921483 seconds!
878.2679 	INFO 	Trial m_std_cw at 872.9300111350021
878.2701 	DATA 	Keypress: b
878.2714 	DATA 	Keypress: lshift
878.2743 	DATA 	Keypress: t
879.2820 	DATA 	Keypress: lshift
879.2834 	DATA 	Keypress: t
880.1909 	INFO 	Trial m_std_ccw at 874.8530352739981
881.2007 	DATA 	Keypress: lshift
881.2021 	DATA 	Keypress: t
882.1298 	INFO 	Trial m_std_ccw at 876.7918901919984
883.1396 	DATA 	Keypress: lshift
883.1410 	DATA 	Keypress: t
884.1883 	INFO 	Trial m_dev at 878.8504147580024
884.7429 	INFO 	Key b was pressed with a reaction time of 0.5462807870062534 seconds!
885.1985 	DATA 	Keypress: b
885.1996 	DATA 	Keypress: lshift
885.2009 	DATA 	Keypress: t
886.2067 	INFO 	Trial m_std_ccw at 880.8688669269977
887.2159 	DATA 	Keypress: lshift
887.2174 	DATA 	Keypress: t
888.2830 	INFO 	Trial m_std_cw at 882.9451008460019
889.2917 	DATA 	Keypress: lshift
889.2933 	DATA 	Keypress: t
890.2492 	INFO 	Trial m_dev at 884.9112949510018
891.2599 	DATA 	Keypress: lshift
891.2615 	DATA 	Keypress: t
892.2472 	INFO 	Trial m_std_ccw at 886.9093160709963
893.2560 	DATA 	Keypress: lshift
893.2573 	DATA 	Keypress: t
894.1751 	INFO 	Trial m_std_cw at 888.8372239780001
894.8621 	INFO 	Key b was pressed with a reaction time of 0.6786303219996626 seconds!
895.1854 	DATA 	Keypress: b
895.1867 	DATA 	Keypress: lshift
895.1880 	DATA 	Keypress: t
896.2835 	INFO 	Trial m_std_ccw at 890.9456043850005
897.2928 	DATA 	Keypress: lshift
897.2951 	DATA 	Keypress: t
898.1896 	INFO 	End of the main block 18 at 892.851711133997
899.0259 	DATA 	Keypress: lshift
899.0271 	DATA 	Keypress: t
901.0248 	DATA 	Keypress: lshift
901.0375 	DATA 	Keypress: t
903.0344 	DATA 	Keypress: lshift
903.0359 	DATA 	Keypress: t
905.0275 	DATA 	Keypress: lshift
905.0291 	DATA 	Keypress: t
907.0252 	DATA 	Keypress: lshift
907.0265 	DATA 	Keypress: t
908.2049 	EXP 	unnamed TextStim: height = 0.05
908.2049 	EXP 	unnamed TextStim: height = 0.05
908.2049 	EXP 	unnamed TextStim: height = 0.05
908.2049 	EXP 	unnamed TextStim: text = 'End of the Experiment!'
909.0305 	DATA 	Keypress: lshift
909.0320 	DATA 	Keypress: t
910.4812 	EXP 	window1: mouseVisible = True
